{"C:\\Users\\Maria Luiza\\Desktop\\portfolio\\portfolio\\frontend\\src\\App.jsx": {"path":"C:\\Users\\Maria Luiza\\Desktop\\portfolio\\portfolio\\frontend\\src\\App.jsx","statementMap":{"0":{"start":{"line":28,"column":2},"end":{"line":127,"column":null}},"1":{"start":{"line":37,"column":10},"end":{"line":66,"column":null}},"2":{"start":{"line":39,"column":14},"end":{"line":64,"column":null}},"3":{"start":{"line":44,"column":35},"end":{"line":44,"column":null}}},"fnMap":{"0":{"name":"App","decl":{"start":{"line":27,"column":9},"end":{"line":27,"column":15}},"loc":{"start":{"line":27,"column":15},"end":{"line":129,"column":null}},"line":27},"1":{"name":"(anonymous_1)","decl":{"start":{"line":36,"column":9},"end":{"line":36,"column":10}},"loc":{"start":{"line":37,"column":10},"end":{"line":66,"column":null}},"line":37},"2":{"name":"(anonymous_2)","decl":{"start":{"line":38,"column":13},"end":{"line":38,"column":14}},"loc":{"start":{"line":39,"column":14},"end":{"line":64,"column":null}},"line":39},"3":{"name":"(anonymous_3)","decl":{"start":{"line":44,"column":29},"end":{"line":44,"column":35}},"loc":{"start":{"line":44,"column":35},"end":{"line":44,"column":null}},"line":44}},"branchMap":{"0":{"loc":{"start":{"line":42,"column":17},"end":{"line":62,"column":null}},"type":"binary-expr","locations":[{"start":{"line":42,"column":17},"end":{"line":42,"column":null}},{"start":{"line":43,"column":18},"end":{"line":62,"column":null}}],"line":42}},"s":{"0":0,"1":0,"2":0,"3":0},"f":{"0":0,"1":0,"2":0,"3":0},"b":{"0":[0,0]},"meta":{"lastBranch":1,"lastFunction":4,"lastStatement":4,"seen":{"f:27:9:27:15":0,"s:28:2:127:Infinity":0,"f:36:9:36:10":1,"s:37:10:66:Infinity":1,"f:38:13:38:14":2,"s:39:14:64:Infinity":2,"b:42:17:42:Infinity:43:18:62:Infinity":0,"f:44:29:44:35":3,"s:44:35:44:Infinity":3}}}
,"C:\\Users\\Maria Luiza\\Desktop\\portfolio\\portfolio\\frontend\\src\\components\\ActionsDropdown.jsx": {"path":"C:\\Users\\Maria Luiza\\Desktop\\portfolio\\portfolio\\frontend\\src\\components\\ActionsDropdown.jsx","statementMap":{"0":{"start":{"line":5,"column":26},"end":{"line":5,"column":null}},"1":{"start":{"line":6,"column":50},"end":{"line":6,"column":null}},"2":{"start":{"line":7,"column":8},"end":{"line":7,"column":null}},"3":{"start":{"line":8,"column":8},"end":{"line":8,"column":null}},"4":{"start":{"line":11,"column":28},"end":{"line":42,"column":null}},"5":{"start":{"line":12,"column":4},"end":{"line":41,"column":null}},"6":{"start":{"line":13,"column":19},"end":{"line":13,"column":null}},"7":{"start":{"line":14,"column":25},"end":{"line":14,"column":null}},"8":{"start":{"line":15,"column":25},"end":{"line":15,"column":null}},"9":{"start":{"line":16,"column":33},"end":{"line":16,"column":null}},"10":{"start":{"line":22,"column":6},"end":{"line":30,"column":null}},"11":{"start":{"line":24,"column":8},"end":{"line":24,"column":null}},"12":{"start":{"line":25,"column":8},"end":{"line":25,"column":null}},"13":{"start":{"line":28,"column":8},"end":{"line":28,"column":null}},"14":{"start":{"line":29,"column":8},"end":{"line":29,"column":null}},"15":{"start":{"line":33,"column":6},"end":{"line":40,"column":null}},"16":{"start":{"line":44,"column":25},"end":{"line":49,"column":null}},"17":{"start":{"line":45,"column":4},"end":{"line":47,"column":null}},"18":{"start":{"line":46,"column":6},"end":{"line":46,"column":null}},"19":{"start":{"line":48,"column":4},"end":{"line":48,"column":null}},"20":{"start":{"line":52,"column":2},"end":{"line":58,"column":null}},"21":{"start":{"line":53,"column":4},"end":{"line":57,"column":null}},"22":{"start":{"line":54,"column":27},"end":{"line":54,"column":null}},"23":{"start":{"line":54,"column":33},"end":{"line":54,"column":null}},"24":{"start":{"line":55,"column":6},"end":{"line":55,"column":null}},"25":{"start":{"line":56,"column":6},"end":{"line":56,"column":null}},"26":{"start":{"line":56,"column":19},"end":{"line":56,"column":null}},"27":{"start":{"line":61,"column":2},"end":{"line":73,"column":null}},"28":{"start":{"line":62,"column":31},"end":{"line":66,"column":null}},"29":{"start":{"line":63,"column":6},"end":{"line":65,"column":null}},"30":{"start":{"line":64,"column":8},"end":{"line":64,"column":null}},"31":{"start":{"line":67,"column":4},"end":{"line":69,"column":null}},"32":{"start":{"line":68,"column":6},"end":{"line":68,"column":null}},"33":{"start":{"line":70,"column":4},"end":{"line":72,"column":null}},"34":{"start":{"line":71,"column":6},"end":{"line":71,"column":null}},"35":{"start":{"line":75,"column":2},"end":{"line":99,"column":null}},"36":{"start":{"line":76,"column":4},"end":{"line":97,"column":null}},"37":{"start":{"line":101,"column":23},"end":{"line":126,"column":null}},"38":{"start":{"line":102,"column":4},"end":{"line":126,"column":null}},"39":{"start":{"line":111,"column":10},"end":{"line":123,"column":null}},"40":{"start":{"line":114,"column":14},"end":{"line":114,"column":null}},"41":{"start":{"line":115,"column":14},"end":{"line":115,"column":null}},"42":{"start":{"line":129,"column":2},"end":{"line":182,"column":null}},"43":{"start":{"line":165,"column":14},"end":{"line":177,"column":null}},"44":{"start":{"line":168,"column":18},"end":{"line":168,"column":null}},"45":{"start":{"line":169,"column":18},"end":{"line":169,"column":null}}},"fnMap":{"0":{"name":"ActionsDropdown","decl":{"start":{"line":4,"column":24},"end":{"line":4,"column":40}},"loc":{"start":{"line":4,"column":53},"end":{"line":184,"column":null}},"line":4},"1":{"name":"(anonymous_1)","decl":{"start":{"line":11,"column":28},"end":{"line":11,"column":34}},"loc":{"start":{"line":11,"column":34},"end":{"line":42,"column":null}},"line":11},"2":{"name":"(anonymous_2)","decl":{"start":{"line":44,"column":25},"end":{"line":44,"column":31}},"loc":{"start":{"line":44,"column":31},"end":{"line":49,"column":null}},"line":44},"3":{"name":"(anonymous_3)","decl":{"start":{"line":52,"column":12},"end":{"line":52,"column":18}},"loc":{"start":{"line":52,"column":18},"end":{"line":58,"column":5}},"line":52},"4":{"name":"(anonymous_4)","decl":{"start":{"line":54,"column":27},"end":{"line":54,"column":33}},"loc":{"start":{"line":54,"column":33},"end":{"line":54,"column":null}},"line":54},"5":{"name":"(anonymous_5)","decl":{"start":{"line":56,"column":13},"end":{"line":56,"column":19}},"loc":{"start":{"line":56,"column":19},"end":{"line":56,"column":null}},"line":56},"6":{"name":"(anonymous_6)","decl":{"start":{"line":61,"column":12},"end":{"line":61,"column":18}},"loc":{"start":{"line":61,"column":18},"end":{"line":73,"column":5}},"line":61},"7":{"name":"(anonymous_7)","decl":{"start":{"line":62,"column":31},"end":{"line":62,"column":32}},"loc":{"start":{"line":62,"column":42},"end":{"line":66,"column":null}},"line":62},"8":{"name":"(anonymous_8)","decl":{"start":{"line":70,"column":11},"end":{"line":70,"column":17}},"loc":{"start":{"line":70,"column":17},"end":{"line":72,"column":null}},"line":70},"9":{"name":"(anonymous_9)","decl":{"start":{"line":101,"column":23},"end":{"line":101,"column":null}},"loc":{"start":{"line":102,"column":4},"end":{"line":126,"column":null}},"line":102},"10":{"name":"(anonymous_10)","decl":{"start":{"line":110,"column":21},"end":{"line":110,"column":22}},"loc":{"start":{"line":111,"column":10},"end":{"line":123,"column":null}},"line":111},"11":{"name":"(anonymous_11)","decl":{"start":{"line":113,"column":21},"end":{"line":113,"column":27}},"loc":{"start":{"line":113,"column":27},"end":{"line":116,"column":null}},"line":113},"12":{"name":"(anonymous_12)","decl":{"start":{"line":164,"column":25},"end":{"line":164,"column":26}},"loc":{"start":{"line":165,"column":14},"end":{"line":177,"column":null}},"line":165},"13":{"name":"(anonymous_13)","decl":{"start":{"line":167,"column":25},"end":{"line":167,"column":31}},"loc":{"start":{"line":167,"column":31},"end":{"line":170,"column":null}},"line":167}},"branchMap":{"0":{"loc":{"start":{"line":12,"column":4},"end":{"line":41,"column":null}},"type":"if","locations":[{"start":{"line":12,"column":4},"end":{"line":41,"column":null}},{"start":{},"end":{}}],"line":12},"1":{"loc":{"start":{"line":22,"column":6},"end":{"line":30,"column":null}},"type":"if","locations":[{"start":{"line":22,"column":6},"end":{"line":30,"column":null}},{"start":{"line":26,"column":13},"end":{"line":30,"column":null}}],"line":22},"2":{"loc":{"start":{"line":22,"column":10},"end":{"line":22,"column":70}},"type":"binary-expr","locations":[{"start":{"line":22,"column":10},"end":{"line":22,"column":45}},{"start":{"line":22,"column":45},"end":{"line":22,"column":70}}],"line":22},"3":{"loc":{"start":{"line":35,"column":13},"end":{"line":35,"column":null}},"type":"cond-expr","locations":[{"start":{"line":35,"column":33},"end":{"line":35,"column":46}},{"start":{"line":35,"column":46},"end":{"line":35,"column":null}}],"line":35},"4":{"loc":{"start":{"line":36,"column":16},"end":{"line":36,"column":null}},"type":"cond-expr","locations":[{"start":{"line":36,"column":39},"end":{"line":36,"column":55}},{"start":{"line":36,"column":55},"end":{"line":36,"column":null}}],"line":36},"5":{"loc":{"start":{"line":45,"column":4},"end":{"line":47,"column":null}},"type":"if","locations":[{"start":{"line":45,"column":4},"end":{"line":47,"column":null}},{"start":{},"end":{}}],"line":45},"6":{"loc":{"start":{"line":53,"column":4},"end":{"line":57,"column":null}},"type":"if","locations":[{"start":{"line":53,"column":4},"end":{"line":57,"column":null}},{"start":{},"end":{}}],"line":53},"7":{"loc":{"start":{"line":63,"column":6},"end":{"line":65,"column":null}},"type":"if","locations":[{"start":{"line":63,"column":6},"end":{"line":65,"column":null}},{"start":{},"end":{}}],"line":63},"8":{"loc":{"start":{"line":63,"column":10},"end":{"line":63,"column":78}},"type":"binary-expr","locations":[{"start":{"line":63,"column":10},"end":{"line":63,"column":33}},{"start":{"line":63,"column":33},"end":{"line":63,"column":78}}],"line":63},"9":{"loc":{"start":{"line":67,"column":4},"end":{"line":69,"column":null}},"type":"if","locations":[{"start":{"line":67,"column":4},"end":{"line":69,"column":null}},{"start":{},"end":{}}],"line":67},"10":{"loc":{"start":{"line":75,"column":2},"end":{"line":99,"column":null}},"type":"if","locations":[{"start":{"line":75,"column":2},"end":{"line":99,"column":null}},{"start":{},"end":{}}],"line":75},"11":{"loc":{"start":{"line":75,"column":6},"end":{"line":75,"column":40}},"type":"binary-expr","locations":[{"start":{"line":75,"column":6},"end":{"line":75,"column":18}},{"start":{"line":75,"column":18},"end":{"line":75,"column":40}}],"line":75},"12":{"loc":{"start":{"line":118,"column":14},"end":{"line":118,"column":null}},"type":"binary-expr","locations":[{"start":{"line":118,"column":14},"end":{"line":118,"column":34}},{"start":{"line":118,"column":34},"end":{"line":118,"column":null}}],"line":118},"13":{"loc":{"start":{"line":154,"column":7},"end":{"line":180,"column":null}},"type":"binary-expr","locations":[{"start":{"line":154,"column":7},"end":{"line":154,"column":null}},{"start":{"line":155,"column":8},"end":{"line":180,"column":null}}],"line":154},"14":{"loc":{"start":{"line":172,"column":18},"end":{"line":172,"column":null}},"type":"binary-expr","locations":[{"start":{"line":172,"column":18},"end":{"line":172,"column":38}},{"start":{"line":172,"column":38},"end":{"line":172,"column":null}}],"line":172}},"s":{"0":13,"1":13,"2":13,"3":13,"4":13,"5":4,"6":4,"7":4,"8":4,"9":4,"10":4,"11":0,"12":0,"13":4,"14":4,"15":4,"16":13,"17":4,"18":4,"19":4,"20":13,"21":12,"22":4,"23":0,"24":4,"25":4,"26":4,"27":13,"28":12,"29":1,"30":1,"31":12,"32":4,"33":12,"34":12,"35":13,"36":2,"37":11,"38":0,"39":0,"40":0,"41":0,"42":11,"43":8,"44":1,"45":1},"f":{"0":13,"1":4,"2":4,"3":12,"4":0,"5":4,"6":12,"7":1,"8":12,"9":0,"10":0,"11":0,"12":8,"13":1},"b":{"0":[4,0],"1":[0,4],"2":[4,0],"3":[4,0],"4":[0,4],"5":[4,0],"6":[4,8],"7":[1,0],"8":[1,1],"9":[4,8],"10":[2,11],"11":[13,12],"12":[0,0],"13":[11,4],"14":[8,4]},"meta":{"lastBranch":15,"lastFunction":14,"lastStatement":46,"seen":{"f:4:24:4:40":0,"s:5:26:5:Infinity":0,"s:6:50:6:Infinity":1,"s:7:8:7:Infinity":2,"s:8:8:8:Infinity":3,"s:11:28:42:Infinity":4,"f:11:28:11:34":1,"b:12:4:41:Infinity:undefined:undefined:undefined:undefined":0,"s:12:4:41:Infinity":5,"s:13:19:13:Infinity":6,"s:14:25:14:Infinity":7,"s:15:25:15:Infinity":8,"s:16:33:16:Infinity":9,"b:22:6:30:Infinity:26:13:30:Infinity":1,"s:22:6:30:Infinity":10,"b:22:10:22:45:22:45:22:70":2,"s:24:8:24:Infinity":11,"s:25:8:25:Infinity":12,"s:28:8:28:Infinity":13,"s:29:8:29:Infinity":14,"s:33:6:40:Infinity":15,"b:35:33:35:46:35:46:35:Infinity":3,"b:36:39:36:55:36:55:36:Infinity":4,"s:44:25:49:Infinity":16,"f:44:25:44:31":2,"b:45:4:47:Infinity:undefined:undefined:undefined:undefined":5,"s:45:4:47:Infinity":17,"s:46:6:46:Infinity":18,"s:48:4:48:Infinity":19,"s:52:2:58:Infinity":20,"f:52:12:52:18":3,"b:53:4:57:Infinity:undefined:undefined:undefined:undefined":6,"s:53:4:57:Infinity":21,"s:54:27:54:Infinity":22,"f:54:27:54:33":4,"s:54:33:54:Infinity":23,"s:55:6:55:Infinity":24,"s:56:6:56:Infinity":25,"f:56:13:56:19":5,"s:56:19:56:Infinity":26,"s:61:2:73:Infinity":27,"f:61:12:61:18":6,"s:62:31:66:Infinity":28,"f:62:31:62:32":7,"b:63:6:65:Infinity:undefined:undefined:undefined:undefined":7,"s:63:6:65:Infinity":29,"b:63:10:63:33:63:33:63:78":8,"s:64:8:64:Infinity":30,"b:67:4:69:Infinity:undefined:undefined:undefined:undefined":9,"s:67:4:69:Infinity":31,"s:68:6:68:Infinity":32,"s:70:4:72:Infinity":33,"f:70:11:70:17":8,"s:71:6:71:Infinity":34,"b:75:2:99:Infinity:undefined:undefined:undefined:undefined":10,"s:75:2:99:Infinity":35,"b:75:6:75:18:75:18:75:40":11,"s:76:4:97:Infinity":36,"s:101:23:126:Infinity":37,"f:101:23:101:Infinity":9,"s:102:4:126:Infinity":38,"f:110:21:110:22":10,"s:111:10:123:Infinity":39,"f:113:21:113:27":11,"s:114:14:114:Infinity":40,"s:115:14:115:Infinity":41,"b:118:14:118:34:118:34:118:Infinity":12,"s:129:2:182:Infinity":42,"b:154:7:154:Infinity:155:8:180:Infinity":13,"f:164:25:164:26":12,"s:165:14:177:Infinity":43,"f:167:25:167:31":13,"s:168:18:168:Infinity":44,"s:169:18:169:Infinity":45,"b:172:18:172:38:172:38:172:Infinity":14}}}
,"C:\\Users\\Maria Luiza\\Desktop\\portfolio\\portfolio\\frontend\\src\\components\\ConfirmModal.jsx": {"path":"C:\\Users\\Maria Luiza\\Desktop\\portfolio\\portfolio\\frontend\\src\\components\\ConfirmModal.jsx","statementMap":{"0":{"start":{"line":10,"column":2},"end":{"line":10,"column":null}},"1":{"start":{"line":10,"column":15},"end":{"line":10,"column":null}},"2":{"start":{"line":12,"column":2},"end":{"line":31,"column":null}}},"fnMap":{"0":{"name":"ConfirmModal","decl":{"start":{"line":3,"column":24},"end":{"line":3,"column":37}},"loc":{"start":{"line":9,"column":3},"end":{"line":33,"column":null}},"line":9}},"branchMap":{"0":{"loc":{"start":{"line":10,"column":2},"end":{"line":10,"column":null}},"type":"if","locations":[{"start":{"line":10,"column":2},"end":{"line":10,"column":null}},{"start":{},"end":{}}],"line":10}},"s":{"0":5,"1":1,"2":4},"f":{"0":5},"b":{"0":[1,4]},"meta":{"lastBranch":1,"lastFunction":1,"lastStatement":3,"seen":{"f:3:24:3:37":0,"b:10:2:10:Infinity:undefined:undefined:undefined:undefined":0,"s:10:2:10:Infinity":0,"s:10:15:10:Infinity":1,"s:12:2:31:Infinity":2}}}
,"C:\\Users\\Maria Luiza\\Desktop\\portfolio\\portfolio\\frontend\\src\\components\\DatePicker.jsx": {"path":"C:\\Users\\Maria Luiza\\Desktop\\portfolio\\portfolio\\frontend\\src\\components\\DatePicker.jsx","statementMap":{"0":{"start":{"line":6,"column":26},"end":{"line":6,"column":null}},"1":{"start":{"line":7,"column":8},"end":{"line":7,"column":null}},"2":{"start":{"line":9,"column":27},"end":{"line":12,"column":null}},"3":{"start":{"line":10,"column":4},"end":{"line":10,"column":null}},"4":{"start":{"line":11,"column":4},"end":{"line":11,"column":null}},"5":{"start":{"line":14,"column":2},"end":{"line":25,"column":null}},"6":{"start":{"line":15,"column":31},"end":{"line":22,"column":null}},"7":{"start":{"line":16,"column":6},"end":{"line":21,"column":null}},"8":{"start":{"line":20,"column":8},"end":{"line":20,"column":null}},"9":{"start":{"line":23,"column":4},"end":{"line":23,"column":null}},"10":{"start":{"line":24,"column":4},"end":{"line":24,"column":null}},"11":{"start":{"line":24,"column":17},"end":{"line":24,"column":null}},"12":{"start":{"line":27,"column":22},"end":{"line":27,"column":null}},"13":{"start":{"line":29,"column":2},"end":{"line":52,"column":null}},"14":{"start":{"line":39,"column":23},"end":{"line":39,"column":null}}},"fnMap":{"0":{"name":"DatePicker","decl":{"start":{"line":5,"column":24},"end":{"line":5,"column":35}},"loc":{"start":{"line":5,"column":56},"end":{"line":54,"column":null}},"line":5},"1":{"name":"(anonymous_1)","decl":{"start":{"line":9,"column":27},"end":{"line":9,"column":28}},"loc":{"start":{"line":9,"column":37},"end":{"line":12,"column":null}},"line":9},"2":{"name":"(anonymous_2)","decl":{"start":{"line":14,"column":12},"end":{"line":14,"column":18}},"loc":{"start":{"line":14,"column":18},"end":{"line":25,"column":5}},"line":14},"3":{"name":"(anonymous_3)","decl":{"start":{"line":15,"column":31},"end":{"line":15,"column":32}},"loc":{"start":{"line":15,"column":42},"end":{"line":22,"column":null}},"line":15},"4":{"name":"(anonymous_4)","decl":{"start":{"line":24,"column":11},"end":{"line":24,"column":17}},"loc":{"start":{"line":24,"column":17},"end":{"line":24,"column":null}},"line":24},"5":{"name":"(anonymous_5)","decl":{"start":{"line":39,"column":17},"end":{"line":39,"column":23}},"loc":{"start":{"line":39,"column":23},"end":{"line":39,"column":null}},"line":39}},"branchMap":{"0":{"loc":{"start":{"line":16,"column":6},"end":{"line":21,"column":null}},"type":"if","locations":[{"start":{"line":16,"column":6},"end":{"line":21,"column":null}},{"start":{},"end":{}}],"line":16},"1":{"loc":{"start":{"line":17,"column":8},"end":{"line":18,"column":null}},"type":"binary-expr","locations":[{"start":{"line":17,"column":8},"end":{"line":17,"column":null}},{"start":{"line":18,"column":8},"end":{"line":18,"column":null}}],"line":17},"2":{"loc":{"start":{"line":27,"column":22},"end":{"line":27,"column":null}},"type":"cond-expr","locations":[{"start":{"line":27,"column":30},"end":{"line":27,"column":62}},{"start":{"line":27,"column":62},"end":{"line":27,"column":null}}],"line":27},"3":{"loc":{"start":{"line":35,"column":10},"end":{"line":37,"column":null}},"type":"cond-expr","locations":[{"start":{"line":36,"column":14},"end":{"line":36,"column":null}},{"start":{"line":37,"column":14},"end":{"line":37,"column":null}}],"line":35},"4":{"loc":{"start":{"line":43,"column":7},"end":{"line":50,"column":null}},"type":"binary-expr","locations":[{"start":{"line":43,"column":7},"end":{"line":43,"column":null}},{"start":{"line":44,"column":8},"end":{"line":50,"column":null}}],"line":43}},"s":{"0":10,"1":10,"2":10,"3":1,"4":1,"5":10,"6":5,"7":1,"8":1,"9":5,"10":5,"11":5,"12":10,"13":10,"14":3},"f":{"0":10,"1":1,"2":5,"3":1,"4":5,"5":3},"b":{"0":[1,0],"1":[1,1],"2":[1,9],"3":[1,9],"4":[10,3]},"meta":{"lastBranch":5,"lastFunction":6,"lastStatement":15,"seen":{"f:5:24:5:35":0,"s:6:26:6:Infinity":0,"s:7:8:7:Infinity":1,"s:9:27:12:Infinity":2,"f:9:27:9:28":1,"s:10:4:10:Infinity":3,"s:11:4:11:Infinity":4,"s:14:2:25:Infinity":5,"f:14:12:14:18":2,"s:15:31:22:Infinity":6,"f:15:31:15:32":3,"b:16:6:21:Infinity:undefined:undefined:undefined:undefined":0,"s:16:6:21:Infinity":7,"b:17:8:17:Infinity:18:8:18:Infinity":1,"s:20:8:20:Infinity":8,"s:23:4:23:Infinity":9,"s:24:4:24:Infinity":10,"f:24:11:24:17":4,"s:24:17:24:Infinity":11,"s:27:22:27:Infinity":12,"b:27:30:27:62:27:62:27:Infinity":2,"s:29:2:52:Infinity":13,"b:36:14:36:Infinity:37:14:37:Infinity":3,"f:39:17:39:23":5,"s:39:23:39:Infinity":14,"b:43:7:43:Infinity:44:8:50:Infinity":4}}}
,"C:\\Users\\Maria Luiza\\Desktop\\portfolio\\portfolio\\frontend\\src\\components\\Header.jsx": {"path":"C:\\Users\\Maria Luiza\\Desktop\\portfolio\\portfolio\\frontend\\src\\components\\Header.jsx","statementMap":{"0":{"start":{"line":4,"column":23},"end":{"line":4,"column":null}},"1":{"start":{"line":6,"column":2},"end":{"line":39,"column":null}}},"fnMap":{"0":{"name":"Header","decl":{"start":{"line":3,"column":24},"end":{"line":3,"column":31}},"loc":{"start":{"line":3,"column":61},"end":{"line":41,"column":null}},"line":3}},"branchMap":{"0":{"loc":{"start":{"line":31,"column":32},"end":{"line":31,"column":56}},"type":"binary-expr","locations":[{"start":{"line":31,"column":32},"end":{"line":31,"column":46}},{"start":{"line":31,"column":46},"end":{"line":31,"column":56}}],"line":31}},"s":{"0":5,"1":5},"f":{"0":5},"b":{"0":[5,1]},"meta":{"lastBranch":1,"lastFunction":1,"lastStatement":2,"seen":{"f:3:24:3:31":0,"s:4:23:4:Infinity":0,"s:6:2:39:Infinity":1,"b:31:32:31:46:31:46:31:56":0}}}
,"C:\\Users\\Maria Luiza\\Desktop\\portfolio\\portfolio\\frontend\\src\\components\\MainLayout.jsx": {"path":"C:\\Users\\Maria Luiza\\Desktop\\portfolio\\portfolio\\frontend\\src\\components\\MainLayout.jsx","statementMap":{"0":{"start":{"line":7,"column":46},"end":{"line":7,"column":null}},"1":{"start":{"line":8,"column":32},"end":{"line":8,"column":null}},"2":{"start":{"line":10,"column":27},"end":{"line":12,"column":null}},"3":{"start":{"line":11,"column":4},"end":{"line":11,"column":null}},"4":{"start":{"line":14,"column":2},"end":{"line":32,"column":null}}},"fnMap":{"0":{"name":"MainLayout","decl":{"start":{"line":6,"column":24},"end":{"line":6,"column":37}},"loc":{"start":{"line":6,"column":37},"end":{"line":34,"column":null}},"line":6},"1":{"name":"(anonymous_1)","decl":{"start":{"line":10,"column":27},"end":{"line":10,"column":33}},"loc":{"start":{"line":10,"column":33},"end":{"line":12,"column":null}},"line":10}},"branchMap":{"0":{"loc":{"start":{"line":26,"column":7},"end":{"line":30,"column":null}},"type":"binary-expr","locations":[{"start":{"line":26,"column":7},"end":{"line":26,"column":null}},{"start":{"line":27,"column":8},"end":{"line":30,"column":null}}],"line":26}},"s":{"0":7,"1":7,"2":7,"3":2,"4":7},"f":{"0":7,"1":2},"b":{"0":[7,1]},"meta":{"lastBranch":1,"lastFunction":2,"lastStatement":5,"seen":{"f:6:24:6:37":0,"s:7:46:7:Infinity":0,"s:8:32:8:Infinity":1,"s:10:27:12:Infinity":2,"f:10:27:10:33":1,"s:11:4:11:Infinity":3,"s:14:2:32:Infinity":4,"b:26:7:26:Infinity:27:8:30:Infinity":0}}}
,"C:\\Users\\Maria Luiza\\Desktop\\portfolio\\portfolio\\frontend\\src\\components\\Modal.jsx": {"path":"C:\\Users\\Maria Luiza\\Desktop\\portfolio\\portfolio\\frontend\\src\\components\\Modal.jsx","statementMap":{"0":{"start":{"line":2,"column":2},"end":{"line":2,"column":null}},"1":{"start":{"line":2,"column":15},"end":{"line":2,"column":null}},"2":{"start":{"line":4,"column":2},"end":{"line":23,"column":null}}},"fnMap":{"0":{"name":"Modal","decl":{"start":{"line":1,"column":24},"end":{"line":1,"column":30}},"loc":{"start":{"line":1,"column":68},"end":{"line":25,"column":null}},"line":1}},"branchMap":{"0":{"loc":{"start":{"line":2,"column":2},"end":{"line":2,"column":null}},"type":"if","locations":[{"start":{"line":2,"column":2},"end":{"line":2,"column":null}},{"start":{},"end":{}}],"line":2}},"s":{"0":7,"1":1,"2":6},"f":{"0":7},"b":{"0":[1,6]},"meta":{"lastBranch":1,"lastFunction":1,"lastStatement":3,"seen":{"f:1:24:1:30":0,"b:2:2:2:Infinity:undefined:undefined:undefined:undefined":0,"s:2:2:2:Infinity":0,"s:2:15:2:Infinity":1,"s:4:2:23:Infinity":2}}}
,"C:\\Users\\Maria Luiza\\Desktop\\portfolio\\portfolio\\frontend\\src\\components\\Pagination.jsx": {"path":"C:\\Users\\Maria Luiza\\Desktop\\portfolio\\portfolio\\frontend\\src\\components\\Pagination.jsx","statementMap":{"0":{"start":{"line":8,"column":25},"end":{"line":12,"column":null}},"1":{"start":{"line":9,"column":4},"end":{"line":11,"column":null}},"2":{"start":{"line":10,"column":6},"end":{"line":10,"column":null}},"3":{"start":{"line":14,"column":21},"end":{"line":18,"column":null}},"4":{"start":{"line":15,"column":4},"end":{"line":17,"column":null}},"5":{"start":{"line":16,"column":6},"end":{"line":16,"column":null}},"6":{"start":{"line":21,"column":2},"end":{"line":23,"column":null}},"7":{"start":{"line":22,"column":4},"end":{"line":22,"column":null}},"8":{"start":{"line":25,"column":2},"end":{"line":56,"column":null}}},"fnMap":{"0":{"name":"Pagination","decl":{"start":{"line":3,"column":24},"end":{"line":3,"column":35}},"loc":{"start":{"line":7,"column":3},"end":{"line":58,"column":null}},"line":7},"1":{"name":"(anonymous_1)","decl":{"start":{"line":8,"column":25},"end":{"line":8,"column":31}},"loc":{"start":{"line":8,"column":31},"end":{"line":12,"column":null}},"line":8},"2":{"name":"(anonymous_2)","decl":{"start":{"line":14,"column":21},"end":{"line":14,"column":27}},"loc":{"start":{"line":14,"column":27},"end":{"line":18,"column":null}},"line":14}},"branchMap":{"0":{"loc":{"start":{"line":9,"column":4},"end":{"line":11,"column":null}},"type":"if","locations":[{"start":{"line":9,"column":4},"end":{"line":11,"column":null}},{"start":{},"end":{}}],"line":9},"1":{"loc":{"start":{"line":15,"column":4},"end":{"line":17,"column":null}},"type":"if","locations":[{"start":{"line":15,"column":4},"end":{"line":17,"column":null}},{"start":{},"end":{}}],"line":15},"2":{"loc":{"start":{"line":21,"column":2},"end":{"line":23,"column":null}},"type":"if","locations":[{"start":{"line":21,"column":2},"end":{"line":23,"column":null}},{"start":{},"end":{}}],"line":21}},"s":{"0":3,"1":0,"2":0,"3":3,"4":1,"5":1,"6":3,"7":0,"8":3},"f":{"0":3,"1":0,"2":1},"b":{"0":[0,0],"1":[1,0],"2":[0,3]},"meta":{"lastBranch":3,"lastFunction":3,"lastStatement":9,"seen":{"f:3:24:3:35":0,"s:8:25:12:Infinity":0,"f:8:25:8:31":1,"b:9:4:11:Infinity:undefined:undefined:undefined:undefined":0,"s:9:4:11:Infinity":1,"s:10:6:10:Infinity":2,"s:14:21:18:Infinity":3,"f:14:21:14:27":2,"b:15:4:17:Infinity:undefined:undefined:undefined:undefined":1,"s:15:4:17:Infinity":4,"s:16:6:16:Infinity":5,"b:21:2:23:Infinity:undefined:undefined:undefined:undefined":2,"s:21:2:23:Infinity":6,"s:22:4:22:Infinity":7,"s:25:2:56:Infinity":8}}}
,"C:\\Users\\Maria Luiza\\Desktop\\portfolio\\portfolio\\frontend\\src\\components\\ProtectedRoute.jsx": {"path":"C:\\Users\\Maria Luiza\\Desktop\\portfolio\\portfolio\\frontend\\src\\components\\ProtectedRoute.jsx","statementMap":{"0":{"start":{"line":5,"column":16},"end":{"line":5,"column":null}},"1":{"start":{"line":7,"column":2},"end":{"line":10,"column":null}},"2":{"start":{"line":9,"column":4},"end":{"line":9,"column":null}},"3":{"start":{"line":13,"column":2},"end":{"line":13,"column":null}}},"fnMap":{"0":{"name":"ProtectedRoute","decl":{"start":{"line":4,"column":24},"end":{"line":4,"column":39}},"loc":{"start":{"line":4,"column":53},"end":{"line":14,"column":null}},"line":4}},"branchMap":{"0":{"loc":{"start":{"line":7,"column":2},"end":{"line":10,"column":null}},"type":"if","locations":[{"start":{"line":7,"column":2},"end":{"line":10,"column":null}},{"start":{},"end":{}}],"line":7}},"s":{"0":2,"1":2,"2":1,"3":1},"f":{"0":2},"b":{"0":[1,1]},"meta":{"lastBranch":1,"lastFunction":1,"lastStatement":4,"seen":{"f:4:24:4:39":0,"s:5:16:5:Infinity":0,"b:7:2:10:Infinity:undefined:undefined:undefined:undefined":0,"s:7:2:10:Infinity":1,"s:9:4:9:Infinity":2,"s:13:2:13:Infinity":3}}}
,"C:\\Users\\Maria Luiza\\Desktop\\portfolio\\portfolio\\frontend\\src\\components\\Sidebar.jsx": {"path":"C:\\Users\\Maria Luiza\\Desktop\\portfolio\\portfolio\\frontend\\src\\components\\Sidebar.jsx","statementMap":{"0":{"start":{"line":5,"column":17},"end":{"line":37,"column":null}},"1":{"start":{"line":40,"column":24},"end":{"line":43,"column":null}},"2":{"start":{"line":46,"column":15},"end":{"line":46,"column":null}},"3":{"start":{"line":47,"column":16},"end":{"line":47,"column":null}},"4":{"start":{"line":50,"column":25},"end":{"line":54,"column":null}},"5":{"start":{"line":58,"column":2},"end":{"line":107,"column":null}},"6":{"start":{"line":66,"column":14},"end":{"line":82,"column":null}},"7":{"start":{"line":67,"column":16},"end":{"line":72,"column":null}},"8":{"start":{"line":68,"column":18},"end":{"line":72,"column":null}},"9":{"start":{"line":74,"column":16},"end":{"line":80,"column":null}},"10":{"start":{"line":83,"column":14},"end":{"line":94,"column":null}},"11":{"start":{"line":88,"column":22},"end":{"line":88,"column":null}}},"fnMap":{"0":{"name":"Sidebar","decl":{"start":{"line":45,"column":24},"end":{"line":45,"column":32}},"loc":{"start":{"line":45,"column":54},"end":{"line":109,"column":null}},"line":45},"1":{"name":"(anonymous_1)","decl":{"start":{"line":65,"column":23},"end":{"line":65,"column":24}},"loc":{"start":{"line":65,"column":40},"end":{"line":96,"column":13}},"line":65},"2":{"name":"(anonymous_2)","decl":{"start":{"line":87,"column":27},"end":{"line":87,"column":28}},"loc":{"start":{"line":88,"column":22},"end":{"line":88,"column":null}},"line":88}},"branchMap":{"0":{"loc":{"start":{"line":47,"column":16},"end":{"line":47,"column":null}},"type":"cond-expr","locations":[{"start":{"line":47,"column":31},"end":{"line":47,"column":55}},{"start":{"line":47,"column":55},"end":{"line":47,"column":null}}],"line":47},"1":{"loc":{"start":{"line":54,"column":6},"end":{"line":54,"column":62}},"type":"cond-expr","locations":[{"start":{"line":54,"column":25},"end":{"line":54,"column":43}},{"start":{"line":54,"column":43},"end":{"line":54,"column":62}}],"line":54},"2":{"loc":{"start":{"line":66,"column":14},"end":{"line":82,"column":null}},"type":"if","locations":[{"start":{"line":66,"column":14},"end":{"line":82,"column":null}},{"start":{},"end":{}}],"line":66},"3":{"loc":{"start":{"line":67,"column":16},"end":{"line":72,"column":null}},"type":"if","locations":[{"start":{"line":67,"column":16},"end":{"line":72,"column":null}},{"start":{},"end":{}}],"line":67},"4":{"loc":{"start":{"line":84,"column":51},"end":{"line":84,"column":76}},"type":"cond-expr","locations":[{"start":{"line":84,"column":65},"end":{"line":84,"column":74}},{"start":{"line":84,"column":74},"end":{"line":84,"column":76}}],"line":84},"5":{"loc":{"start":{"line":88,"column":22},"end":{"line":88,"column":null}},"type":"cond-expr","locations":[{"start":{"line":88,"column":33},"end":{"line":88,"column":51}},{"start":{"line":88,"column":51},"end":{"line":88,"column":null}}],"line":88}},"s":{"0":1,"1":1,"2":8,"3":8,"4":8,"5":8,"6":54,"7":13,"8":1,"9":12,"10":41,"11":41},"f":{"0":8,"1":54,"2":41},"b":{"0":[8,0],"1":[1,7],"2":[13,41],"3":[1,12],"4":[25,16],"5":[1,40]},"meta":{"lastBranch":6,"lastFunction":3,"lastStatement":12,"seen":{"s:5:17:37:Infinity":0,"s:40:24:43:Infinity":1,"f:45:24:45:32":0,"s:46:15:46:Infinity":2,"s:47:16:47:Infinity":3,"b:47:31:47:55:47:55:47:Infinity":0,"s:50:25:54:Infinity":4,"b:54:25:54:43:54:43:54:62":1,"s:58:2:107:Infinity":5,"f:65:23:65:24":1,"b:66:14:82:Infinity:undefined:undefined:undefined:undefined":2,"s:66:14:82:Infinity":6,"b:67:16:72:Infinity:undefined:undefined:undefined:undefined":3,"s:67:16:72:Infinity":7,"s:68:18:72:Infinity":8,"s:74:16:80:Infinity":9,"s:83:14:94:Infinity":10,"b:84:65:84:74:84:74:84:76":4,"f:87:27:87:28":2,"s:88:22:88:Infinity":11,"b:88:33:88:51:88:51:88:Infinity":5}}}
,"C:\\Users\\Maria Luiza\\Desktop\\portfolio\\portfolio\\frontend\\src\\components\\auxiliar\\AddAuxiliarForm.jsx": {"path":"C:\\Users\\Maria Luiza\\Desktop\\portfolio\\portfolio\\frontend\\src\\components\\auxiliar\\AddAuxiliarForm.jsx","statementMap":{"0":{"start":{"line":7,"column":30},"end":{"line":12,"column":null}},"1":{"start":{"line":13,"column":32},"end":{"line":13,"column":null}},"2":{"start":{"line":15,"column":23},"end":{"line":18,"column":null}},"3":{"start":{"line":16,"column":28},"end":{"line":16,"column":null}},"4":{"start":{"line":17,"column":4},"end":{"line":17,"column":null}},"5":{"start":{"line":17,"column":27},"end":{"line":17,"column":54}},"6":{"start":{"line":20,"column":23},"end":{"line":35,"column":null}},"7":{"start":{"line":21,"column":4},"end":{"line":21,"column":null}},"8":{"start":{"line":22,"column":4},"end":{"line":22,"column":null}},"9":{"start":{"line":23,"column":4},"end":{"line":34,"column":null}},"10":{"start":{"line":24,"column":6},"end":{"line":24,"column":null}},"11":{"start":{"line":25,"column":6},"end":{"line":25,"column":null}},"12":{"start":{"line":26,"column":6},"end":{"line":26,"column":null}},"13":{"start":{"line":27,"column":6},"end":{"line":27,"column":null}},"14":{"start":{"line":30,"column":8},"end":{"line":30,"column":null}},"15":{"start":{"line":31,"column":6},"end":{"line":31,"column":null}},"16":{"start":{"line":33,"column":6},"end":{"line":33,"column":null}},"17":{"start":{"line":37,"column":2},"end":{"line":127,"column":null}}},"fnMap":{"0":{"name":"AddAuxiliarForm","decl":{"start":{"line":6,"column":24},"end":{"line":6,"column":40}},"loc":{"start":{"line":6,"column":64},"end":{"line":129,"column":null}},"line":6},"1":{"name":"(anonymous_1)","decl":{"start":{"line":15,"column":23},"end":{"line":15,"column":24}},"loc":{"start":{"line":15,"column":30},"end":{"line":18,"column":null}},"line":15},"2":{"name":"(anonymous_2)","decl":{"start":{"line":17,"column":16},"end":{"line":17,"column":17}},"loc":{"start":{"line":17,"column":27},"end":{"line":17,"column":54}},"line":17},"3":{"name":"(anonymous_3)","decl":{"start":{"line":20,"column":23},"end":{"line":20,"column":30}},"loc":{"start":{"line":20,"column":36},"end":{"line":35,"column":null}},"line":20}},"branchMap":{"0":{"loc":{"start":{"line":30,"column":8},"end":{"line":30,"column":null}},"type":"binary-expr","locations":[{"start":{"line":30,"column":8},"end":{"line":30,"column":39}},{"start":{"line":30,"column":39},"end":{"line":30,"column":null}}],"line":30},"1":{"loc":{"start":{"line":124,"column":11},"end":{"line":124,"column":null}},"type":"cond-expr","locations":[{"start":{"line":124,"column":23},"end":{"line":124,"column":39}},{"start":{"line":124,"column":39},"end":{"line":124,"column":null}}],"line":124}},"s":{"0":18,"1":18,"2":18,"3":9,"4":9,"5":9,"6":18,"7":2,"8":2,"9":2,"10":2,"11":1,"12":1,"13":1,"14":1,"15":1,"16":2,"17":18},"f":{"0":18,"1":9,"2":9,"3":2},"b":{"0":[1,0],"1":[2,16]},"meta":{"lastBranch":2,"lastFunction":4,"lastStatement":18,"seen":{"f:6:24:6:40":0,"s:7:30:12:Infinity":0,"s:13:32:13:Infinity":1,"s:15:23:18:Infinity":2,"f:15:23:15:24":1,"s:16:28:16:Infinity":3,"s:17:4:17:Infinity":4,"f:17:16:17:17":2,"s:17:27:17:54":5,"s:20:23:35:Infinity":6,"f:20:23:20:30":3,"s:21:4:21:Infinity":7,"s:22:4:22:Infinity":8,"s:23:4:34:Infinity":9,"s:24:6:24:Infinity":10,"s:25:6:25:Infinity":11,"s:26:6:26:Infinity":12,"s:27:6:27:Infinity":13,"s:30:8:30:Infinity":14,"b:30:8:30:39:30:39:30:Infinity":0,"s:31:6:31:Infinity":15,"s:33:6:33:Infinity":16,"s:37:2:127:Infinity":17,"b:124:23:124:39:124:39:124:Infinity":1}}}
,"C:\\Users\\Maria Luiza\\Desktop\\portfolio\\portfolio\\frontend\\src\\components\\consulta\\AgendaLegenda.jsx": {"path":"C:\\Users\\Maria Luiza\\Desktop\\portfolio\\portfolio\\frontend\\src\\components\\consulta\\AgendaLegenda.jsx","statementMap":{"0":{"start":{"line":2,"column":19},"end":{"line":8,"column":null}},"1":{"start":{"line":10,"column":2},"end":{"line":21,"column":null}},"2":{"start":{"line":14,"column":8},"end":{"line":19,"column":null}}},"fnMap":{"0":{"name":"AgendaLegenda","decl":{"start":{"line":1,"column":24},"end":{"line":1,"column":40}},"loc":{"start":{"line":1,"column":40},"end":{"line":23,"column":null}},"line":1},"1":{"name":"(anonymous_1)","decl":{"start":{"line":13,"column":20},"end":{"line":13,"column":21}},"loc":{"start":{"line":14,"column":8},"end":{"line":19,"column":null}},"line":14}},"branchMap":{},"s":{"0":3,"1":3,"2":15},"f":{"0":3,"1":15},"b":{},"meta":{"lastBranch":0,"lastFunction":2,"lastStatement":3,"seen":{"f:1:24:1:40":0,"s:2:19:8:Infinity":0,"s:10:2:21:Infinity":1,"f:13:20:13:21":1,"s:14:8:19:Infinity":2}}}
,"C:\\Users\\Maria Luiza\\Desktop\\portfolio\\portfolio\\frontend\\src\\components\\consulta\\AgendamentoForm.jsx": {"path":"C:\\Users\\Maria Luiza\\Desktop\\portfolio\\portfolio\\frontend\\src\\components\\consulta\\AgendamentoForm.jsx","statementMap":{"0":{"start":{"line":17,"column":32},"end":{"line":17,"column":null}},"1":{"start":{"line":18,"column":32},"end":{"line":18,"column":null}},"2":{"start":{"line":19,"column":30},"end":{"line":24,"column":null}},"3":{"start":{"line":25,"column":42},"end":{"line":25,"column":null}},"4":{"start":{"line":26,"column":8},"end":{"line":26,"column":null}},"5":{"start":{"line":28,"column":2},"end":{"line":55,"column":null}},"6":{"start":{"line":30,"column":6},"end":{"line":30,"column":null}},"7":{"start":{"line":31,"column":6},"end":{"line":51,"column":null}},"8":{"start":{"line":33,"column":8},"end":{"line":44,"column":null}},"9":{"start":{"line":34,"column":10},"end":{"line":37,"column":null}},"10":{"start":{"line":39,"column":10},"end":{"line":43,"column":null}},"11":{"start":{"line":45,"column":8},"end":{"line":45,"column":null}},"12":{"start":{"line":47,"column":8},"end":{"line":47,"column":null}},"13":{"start":{"line":48,"column":8},"end":{"line":48,"column":null}},"14":{"start":{"line":50,"column":8},"end":{"line":50,"column":null}},"15":{"start":{"line":54,"column":4},"end":{"line":54,"column":null}},"16":{"start":{"line":57,"column":2},"end":{"line":65,"column":null}},"17":{"start":{"line":58,"column":31},"end":{"line":62,"column":null}},"18":{"start":{"line":59,"column":6},"end":{"line":61,"column":null}},"19":{"start":{"line":60,"column":8},"end":{"line":60,"column":null}},"20":{"start":{"line":63,"column":4},"end":{"line":63,"column":null}},"21":{"start":{"line":64,"column":4},"end":{"line":64,"column":null}},"22":{"start":{"line":64,"column":17},"end":{"line":64,"column":null}},"23":{"start":{"line":67,"column":23},"end":{"line":70,"column":null}},"24":{"start":{"line":68,"column":28},"end":{"line":68,"column":null}},"25":{"start":{"line":69,"column":4},"end":{"line":69,"column":null}},"26":{"start":{"line":69,"column":27},"end":{"line":69,"column":54}},"27":{"start":{"line":72,"column":27},"end":{"line":76,"column":null}},"28":{"start":{"line":73,"column":10},"end":{"line":73,"column":null}},"29":{"start":{"line":74,"column":4},"end":{"line":74,"column":null}},"30":{"start":{"line":74,"column":27},"end":{"line":74,"column":60}},"31":{"start":{"line":75,"column":4},"end":{"line":75,"column":null}},"32":{"start":{"line":78,"column":23},"end":{"line":94,"column":null}},"33":{"start":{"line":79,"column":4},"end":{"line":79,"column":null}},"34":{"start":{"line":80,"column":4},"end":{"line":80,"column":null}},"35":{"start":{"line":82,"column":4},"end":{"line":93,"column":null}},"36":{"start":{"line":83,"column":6},"end":{"line":83,"column":null}},"37":{"start":{"line":84,"column":6},"end":{"line":84,"column":null}},"38":{"start":{"line":85,"column":6},"end":{"line":85,"column":null}},"39":{"start":{"line":86,"column":6},"end":{"line":86,"column":null}},"40":{"start":{"line":88,"column":6},"end":{"line":90,"column":null}},"41":{"start":{"line":92,"column":6},"end":{"line":92,"column":null}},"42":{"start":{"line":96,"column":2},"end":{"line":204,"column":null}},"43":{"start":{"line":166,"column":12},"end":{"line":168,"column":null}}},"fnMap":{"0":{"name":"AgendamentoForm","decl":{"start":{"line":11,"column":24},"end":{"line":11,"column":40}},"loc":{"start":{"line":16,"column":3},"end":{"line":206,"column":null}},"line":16},"1":{"name":"(anonymous_1)","decl":{"start":{"line":28,"column":12},"end":{"line":28,"column":18}},"loc":{"start":{"line":28,"column":18},"end":{"line":55,"column":5}},"line":28},"2":{"name":"fetchPacientes","decl":{"start":{"line":29,"column":19},"end":{"line":29,"column":36}},"loc":{"start":{"line":29,"column":36},"end":{"line":52,"column":null}},"line":29},"3":{"name":"(anonymous_3)","decl":{"start":{"line":57,"column":12},"end":{"line":57,"column":18}},"loc":{"start":{"line":57,"column":18},"end":{"line":65,"column":5}},"line":57},"4":{"name":"(anonymous_4)","decl":{"start":{"line":58,"column":31},"end":{"line":58,"column":32}},"loc":{"start":{"line":58,"column":42},"end":{"line":62,"column":null}},"line":58},"5":{"name":"(anonymous_5)","decl":{"start":{"line":64,"column":11},"end":{"line":64,"column":17}},"loc":{"start":{"line":64,"column":17},"end":{"line":64,"column":null}},"line":64},"6":{"name":"(anonymous_6)","decl":{"start":{"line":67,"column":23},"end":{"line":67,"column":24}},"loc":{"start":{"line":67,"column":30},"end":{"line":70,"column":null}},"line":67},"7":{"name":"(anonymous_7)","decl":{"start":{"line":69,"column":16},"end":{"line":69,"column":17}},"loc":{"start":{"line":69,"column":27},"end":{"line":69,"column":54}},"line":69},"8":{"name":"(anonymous_8)","decl":{"start":{"line":72,"column":27},"end":{"line":72,"column":28}},"loc":{"start":{"line":72,"column":37},"end":{"line":76,"column":null}},"line":72},"9":{"name":"(anonymous_9)","decl":{"start":{"line":74,"column":16},"end":{"line":74,"column":17}},"loc":{"start":{"line":74,"column":27},"end":{"line":74,"column":60}},"line":74},"10":{"name":"(anonymous_10)","decl":{"start":{"line":78,"column":23},"end":{"line":78,"column":30}},"loc":{"start":{"line":78,"column":36},"end":{"line":94,"column":null}},"line":78},"11":{"name":"(anonymous_11)","decl":{"start":{"line":165,"column":25},"end":{"line":165,"column":26}},"loc":{"start":{"line":166,"column":12},"end":{"line":168,"column":null}},"line":166}},"branchMap":{"0":{"loc":{"start":{"line":21,"column":10},"end":{"line":21,"column":null}},"type":"binary-expr","locations":[{"start":{"line":21,"column":10},"end":{"line":21,"column":31}},{"start":{"line":21,"column":31},"end":{"line":21,"column":null}}],"line":21},"1":{"loc":{"start":{"line":22,"column":10},"end":{"line":22,"column":null}},"type":"binary-expr","locations":[{"start":{"line":22,"column":10},"end":{"line":22,"column":31}},{"start":{"line":22,"column":31},"end":{"line":22,"column":null}}],"line":22},"2":{"loc":{"start":{"line":33,"column":8},"end":{"line":44,"column":null}},"type":"if","locations":[{"start":{"line":33,"column":8},"end":{"line":44,"column":null}},{"start":{"line":38,"column":15},"end":{"line":44,"column":null}}],"line":33},"3":{"loc":{"start":{"line":45,"column":21},"end":{"line":45,"column":51}},"type":"binary-expr","locations":[{"start":{"line":45,"column":21},"end":{"line":45,"column":49}},{"start":{"line":45,"column":49},"end":{"line":45,"column":51}}],"line":45},"4":{"loc":{"start":{"line":59,"column":6},"end":{"line":61,"column":null}},"type":"if","locations":[{"start":{"line":59,"column":6},"end":{"line":61,"column":null}},{"start":{},"end":{}}],"line":59},"5":{"loc":{"start":{"line":59,"column":10},"end":{"line":59,"column":78}},"type":"binary-expr","locations":[{"start":{"line":59,"column":10},"end":{"line":59,"column":33}},{"start":{"line":59,"column":33},"end":{"line":59,"column":78}}],"line":59},"6":{"loc":{"start":{"line":89,"column":8},"end":{"line":89,"column":null}},"type":"binary-expr","locations":[{"start":{"line":89,"column":8},"end":{"line":89,"column":39}},{"start":{"line":89,"column":39},"end":{"line":89,"column":null}}],"line":89},"7":{"loc":{"start":{"line":106,"column":11},"end":{"line":121,"column":null}},"type":"cond-expr","locations":[{"start":{"line":107,"column":12},"end":{"line":111,"column":null}},{"start":{"line":113,"column":12},"end":{"line":121,"column":null}}],"line":106},"8":{"loc":{"start":{"line":131,"column":11},"end":{"line":142,"column":null}},"type":"cond-expr","locations":[{"start":{"line":132,"column":12},"end":{"line":132,"column":null}},{"start":{"line":134,"column":12},"end":{"line":142,"column":null}}],"line":131},"9":{"loc":{"start":{"line":163,"column":13},"end":{"line":163,"column":null}},"type":"cond-expr","locations":[{"start":{"line":163,"column":25},"end":{"line":163,"column":43}},{"start":{"line":163,"column":43},"end":{"line":163,"column":null}}],"line":163},"10":{"loc":{"start":{"line":201,"column":11},"end":{"line":201,"column":null}},"type":"cond-expr","locations":[{"start":{"line":201,"column":23},"end":{"line":201,"column":40}},{"start":{"line":201,"column":40},"end":{"line":201,"column":null}}],"line":201}},"s":{"0":21,"1":21,"2":21,"3":21,"4":21,"5":21,"6":5,"7":5,"8":5,"9":1,"10":4,"11":4,"12":1,"13":1,"14":5,"15":5,"16":21,"17":5,"18":0,"19":0,"20":5,"21":5,"22":5,"23":21,"24":4,"25":4,"26":4,"27":21,"28":0,"29":0,"30":0,"31":0,"32":21,"33":1,"34":1,"35":1,"36":1,"37":1,"38":1,"39":1,"40":0,"41":1,"42":21,"43":20},"f":{"0":21,"1":5,"2":5,"3":5,"4":0,"5":5,"6":4,"7":4,"8":0,"9":0,"10":1,"11":20},"b":{"0":[21,18],"1":[21,18],"2":[1,4],"3":[4,0],"4":[0,0],"5":[0,0],"6":[0,0],"7":[3,18],"8":[3,18],"9":[6,15],"10":[6,15]},"meta":{"lastBranch":11,"lastFunction":12,"lastStatement":44,"seen":{"f:11:24:11:40":0,"s:17:32:17:Infinity":0,"s:18:32:18:Infinity":1,"s:19:30:24:Infinity":2,"b:21:10:21:31:21:31:21:Infinity":0,"b:22:10:22:31:22:31:22:Infinity":1,"s:25:42:25:Infinity":3,"s:26:8:26:Infinity":4,"s:28:2:55:Infinity":5,"f:28:12:28:18":1,"f:29:19:29:36":2,"s:30:6:30:Infinity":6,"s:31:6:51:Infinity":7,"b:33:8:44:Infinity:38:15:44:Infinity":2,"s:33:8:44:Infinity":8,"s:34:10:37:Infinity":9,"s:39:10:43:Infinity":10,"s:45:8:45:Infinity":11,"b:45:21:45:49:45:49:45:51":3,"s:47:8:47:Infinity":12,"s:48:8:48:Infinity":13,"s:50:8:50:Infinity":14,"s:54:4:54:Infinity":15,"s:57:2:65:Infinity":16,"f:57:12:57:18":3,"s:58:31:62:Infinity":17,"f:58:31:58:32":4,"b:59:6:61:Infinity:undefined:undefined:undefined:undefined":4,"s:59:6:61:Infinity":18,"b:59:10:59:33:59:33:59:78":5,"s:60:8:60:Infinity":19,"s:63:4:63:Infinity":20,"s:64:4:64:Infinity":21,"f:64:11:64:17":5,"s:64:17:64:Infinity":22,"s:67:23:70:Infinity":23,"f:67:23:67:24":6,"s:68:28:68:Infinity":24,"s:69:4:69:Infinity":25,"f:69:16:69:17":7,"s:69:27:69:54":26,"s:72:27:76:Infinity":27,"f:72:27:72:28":8,"s:73:10:73:Infinity":28,"s:74:4:74:Infinity":29,"f:74:16:74:17":9,"s:74:27:74:60":30,"s:75:4:75:Infinity":31,"s:78:23:94:Infinity":32,"f:78:23:78:30":10,"s:79:4:79:Infinity":33,"s:80:4:80:Infinity":34,"s:82:4:93:Infinity":35,"s:83:6:83:Infinity":36,"s:84:6:84:Infinity":37,"s:85:6:85:Infinity":38,"s:86:6:86:Infinity":39,"s:88:6:90:Infinity":40,"b:89:8:89:39:89:39:89:Infinity":6,"s:92:6:92:Infinity":41,"s:96:2:204:Infinity":42,"b:107:12:111:Infinity:113:12:121:Infinity":7,"b:132:12:132:Infinity:134:12:142:Infinity":8,"b:163:25:163:43:163:43:163:Infinity":9,"f:165:25:165:26":11,"s:166:12:168:Infinity":43,"b:201:23:201:40:201:40:201:Infinity":10}}}
,"C:\\Users\\Maria Luiza\\Desktop\\portfolio\\portfolio\\frontend\\src\\components\\consulta\\DetalhesConsulta.jsx": {"path":"C:\\Users\\Maria Luiza\\Desktop\\portfolio\\portfolio\\frontend\\src\\components\\consulta\\DetalhesConsulta.jsx","statementMap":{"0":{"start":{"line":17,"column":26},"end":{"line":27,"column":null}},"1":{"start":{"line":18,"column":4},"end":{"line":26,"column":null}},"2":{"start":{"line":19,"column":6},"end":{"line":19,"column":null}},"3":{"start":{"line":20,"column":6},"end":{"line":20,"column":null}},"4":{"start":{"line":21,"column":6},"end":{"line":21,"column":null}},"5":{"start":{"line":23,"column":6},"end":{"line":25,"column":null}},"6":{"start":{"line":29,"column":25},"end":{"line":31,"column":null}},"7":{"start":{"line":30,"column":4},"end":{"line":30,"column":null}},"8":{"start":{"line":33,"column":25},"end":{"line":43,"column":null}},"9":{"start":{"line":34,"column":4},"end":{"line":42,"column":null}},"10":{"start":{"line":35,"column":6},"end":{"line":35,"column":null}},"11":{"start":{"line":36,"column":6},"end":{"line":36,"column":null}},"12":{"start":{"line":37,"column":6},"end":{"line":37,"column":null}},"13":{"start":{"line":39,"column":6},"end":{"line":41,"column":null}},"14":{"start":{"line":45,"column":26},"end":{"line":128,"column":null}},"15":{"start":{"line":46,"column":19},"end":{"line":46,"column":null}},"16":{"start":{"line":47,"column":29},"end":{"line":47,"column":null}},"17":{"start":{"line":48,"column":18},"end":{"line":48,"column":null}},"18":{"start":{"line":50,"column":4},"end":{"line":64,"column":null}},"19":{"start":{"line":56,"column":6},"end":{"line":62,"column":null}},"20":{"start":{"line":66,"column":4},"end":{"line":83,"column":null}},"21":{"start":{"line":67,"column":6},"end":{"line":81,"column":null}},"22":{"start":{"line":85,"column":4},"end":{"line":102,"column":null}},"23":{"start":{"line":86,"column":6},"end":{"line":100,"column":null}},"24":{"start":{"line":104,"column":4},"end":{"line":121,"column":null}},"25":{"start":{"line":105,"column":6},"end":{"line":119,"column":null}},"26":{"start":{"line":108,"column":27},"end":{"line":108,"column":null}},"27":{"start":{"line":114,"column":27},"end":{"line":114,"column":null}},"28":{"start":{"line":123,"column":4},"end":{"line":126,"column":null}},"29":{"start":{"line":130,"column":2},"end":{"line":163,"column":null}}},"fnMap":{"0":{"name":"DetalhesConsulta","decl":{"start":{"line":8,"column":24},"end":{"line":8,"column":41}},"loc":{"start":{"line":16,"column":3},"end":{"line":165,"column":null}},"line":16},"1":{"name":"(anonymous_1)","decl":{"start":{"line":17,"column":26},"end":{"line":17,"column":38}},"loc":{"start":{"line":17,"column":38},"end":{"line":27,"column":null}},"line":17},"2":{"name":"(anonymous_2)","decl":{"start":{"line":29,"column":25},"end":{"line":29,"column":31}},"loc":{"start":{"line":29,"column":31},"end":{"line":31,"column":null}},"line":29},"3":{"name":"(anonymous_3)","decl":{"start":{"line":33,"column":25},"end":{"line":33,"column":37}},"loc":{"start":{"line":33,"column":37},"end":{"line":43,"column":null}},"line":33},"4":{"name":"(anonymous_4)","decl":{"start":{"line":45,"column":26},"end":{"line":45,"column":32}},"loc":{"start":{"line":45,"column":32},"end":{"line":128,"column":null}},"line":45},"5":{"name":"(anonymous_5)","decl":{"start":{"line":108,"column":21},"end":{"line":108,"column":27}},"loc":{"start":{"line":108,"column":27},"end":{"line":108,"column":null}},"line":108},"6":{"name":"(anonymous_6)","decl":{"start":{"line":114,"column":21},"end":{"line":114,"column":27}},"loc":{"start":{"line":114,"column":27},"end":{"line":114,"column":null}},"line":114}},"branchMap":{"0":{"loc":{"start":{"line":24,"column":8},"end":{"line":24,"column":null}},"type":"binary-expr","locations":[{"start":{"line":24,"column":8},"end":{"line":24,"column":39}},{"start":{"line":24,"column":39},"end":{"line":24,"column":null}}],"line":24},"1":{"loc":{"start":{"line":40,"column":8},"end":{"line":40,"column":null}},"type":"binary-expr","locations":[{"start":{"line":40,"column":8},"end":{"line":40,"column":39}},{"start":{"line":40,"column":39},"end":{"line":40,"column":null}}],"line":40},"2":{"loc":{"start":{"line":50,"column":4},"end":{"line":64,"column":null}},"type":"if","locations":[{"start":{"line":50,"column":4},"end":{"line":64,"column":null}},{"start":{},"end":{}}],"line":50},"3":{"loc":{"start":{"line":51,"column":6},"end":{"line":54,"column":null}},"type":"binary-expr","locations":[{"start":{"line":51,"column":6},"end":{"line":51,"column":null}},{"start":{"line":52,"column":6},"end":{"line":52,"column":null}},{"start":{"line":53,"column":6},"end":{"line":53,"column":null}},{"start":{"line":54,"column":6},"end":{"line":54,"column":null}}],"line":51},"4":{"loc":{"start":{"line":66,"column":4},"end":{"line":83,"column":null}},"type":"if","locations":[{"start":{"line":66,"column":4},"end":{"line":83,"column":null}},{"start":{},"end":{}}],"line":66},"5":{"loc":{"start":{"line":85,"column":4},"end":{"line":102,"column":null}},"type":"if","locations":[{"start":{"line":85,"column":4},"end":{"line":102,"column":null}},{"start":{},"end":{}}],"line":85},"6":{"loc":{"start":{"line":104,"column":4},"end":{"line":121,"column":null}},"type":"if","locations":[{"start":{"line":104,"column":4},"end":{"line":121,"column":null}},{"start":{},"end":{}}],"line":104}},"s":{"0":9,"1":1,"2":1,"3":1,"4":1,"5":0,"6":9,"7":1,"8":9,"9":1,"10":1,"11":1,"12":1,"13":0,"14":9,"15":9,"16":9,"17":9,"18":9,"19":2,"20":7,"21":3,"22":4,"23":2,"24":2,"25":1,"26":1,"27":1,"28":1,"29":9},"f":{"0":9,"1":1,"2":1,"3":1,"4":9,"5":1,"6":1},"b":{"0":[0,0],"1":[0,0],"2":[2,7],"3":[9,2,2,2],"4":[3,4],"5":[2,2],"6":[1,1]},"meta":{"lastBranch":7,"lastFunction":7,"lastStatement":30,"seen":{"f:8:24:8:41":0,"s:17:26:27:Infinity":0,"f:17:26:17:38":1,"s:18:4:26:Infinity":1,"s:19:6:19:Infinity":2,"s:20:6:20:Infinity":3,"s:21:6:21:Infinity":4,"s:23:6:25:Infinity":5,"b:24:8:24:39:24:39:24:Infinity":0,"s:29:25:31:Infinity":6,"f:29:25:29:31":2,"s:30:4:30:Infinity":7,"s:33:25:43:Infinity":8,"f:33:25:33:37":3,"s:34:4:42:Infinity":9,"s:35:6:35:Infinity":10,"s:36:6:36:Infinity":11,"s:37:6:37:Infinity":12,"s:39:6:41:Infinity":13,"b:40:8:40:39:40:39:40:Infinity":1,"s:45:26:128:Infinity":14,"f:45:26:45:32":4,"s:46:19:46:Infinity":15,"s:47:29:47:Infinity":16,"s:48:18:48:Infinity":17,"b:50:4:64:Infinity:undefined:undefined:undefined:undefined":2,"s:50:4:64:Infinity":18,"b:51:6:51:Infinity:52:6:52:Infinity:53:6:53:Infinity:54:6:54:Infinity":3,"s:56:6:62:Infinity":19,"b:66:4:83:Infinity:undefined:undefined:undefined:undefined":4,"s:66:4:83:Infinity":20,"s:67:6:81:Infinity":21,"b:85:4:102:Infinity:undefined:undefined:undefined:undefined":5,"s:85:4:102:Infinity":22,"s:86:6:100:Infinity":23,"b:104:4:121:Infinity:undefined:undefined:undefined:undefined":6,"s:104:4:121:Infinity":24,"s:105:6:119:Infinity":25,"f:108:21:108:27":5,"s:108:27:108:Infinity":26,"f:114:21:114:27":6,"s:114:27:114:Infinity":27,"s:123:4:126:Infinity":28,"s:130:2:163:Infinity":29}}}
,"C:\\Users\\Maria Luiza\\Desktop\\portfolio\\portfolio\\frontend\\src\\components\\consulta\\RemarcacaoForm.jsx": {"path":"C:\\Users\\Maria Luiza\\Desktop\\portfolio\\portfolio\\frontend\\src\\components\\consulta\\RemarcacaoForm.jsx","statementMap":{"0":{"start":{"line":8,"column":30},"end":{"line":8,"column":null}},"1":{"start":{"line":9,"column":30},"end":{"line":9,"column":null}},"2":{"start":{"line":10,"column":32},"end":{"line":10,"column":null}},"3":{"start":{"line":12,"column":27},"end":{"line":14,"column":null}},"4":{"start":{"line":13,"column":4},"end":{"line":13,"column":null}},"5":{"start":{"line":16,"column":23},"end":{"line":31,"column":null}},"6":{"start":{"line":17,"column":4},"end":{"line":17,"column":null}},"7":{"start":{"line":18,"column":4},"end":{"line":18,"column":null}},"8":{"start":{"line":19,"column":4},"end":{"line":30,"column":null}},"9":{"start":{"line":20,"column":6},"end":{"line":20,"column":null}},"10":{"start":{"line":21,"column":6},"end":{"line":21,"column":null}},"11":{"start":{"line":22,"column":6},"end":{"line":22,"column":null}},"12":{"start":{"line":24,"column":6},"end":{"line":27,"column":null}},"13":{"start":{"line":29,"column":6},"end":{"line":29,"column":null}},"14":{"start":{"line":33,"column":2},"end":{"line":82,"column":null}},"15":{"start":{"line":60,"column":29},"end":{"line":60,"column":null}}},"fnMap":{"0":{"name":"RemarcacaoForm","decl":{"start":{"line":7,"column":24},"end":{"line":7,"column":39}},"loc":{"start":{"line":7,"column":73},"end":{"line":84,"column":null}},"line":7},"1":{"name":"(anonymous_1)","decl":{"start":{"line":12,"column":27},"end":{"line":12,"column":28}},"loc":{"start":{"line":12,"column":37},"end":{"line":14,"column":null}},"line":12},"2":{"name":"(anonymous_2)","decl":{"start":{"line":16,"column":23},"end":{"line":16,"column":30}},"loc":{"start":{"line":16,"column":36},"end":{"line":31,"column":null}},"line":16},"3":{"name":"(anonymous_3)","decl":{"start":{"line":60,"column":22},"end":{"line":60,"column":23}},"loc":{"start":{"line":60,"column":29},"end":{"line":60,"column":null}},"line":60}},"branchMap":{"0":{"loc":{"start":{"line":25,"column":8},"end":{"line":26,"column":null}},"type":"binary-expr","locations":[{"start":{"line":25,"column":8},"end":{"line":25,"column":null}},{"start":{"line":26,"column":10},"end":{"line":26,"column":null}}],"line":25},"1":{"loc":{"start":{"line":79,"column":11},"end":{"line":79,"column":null}},"type":"cond-expr","locations":[{"start":{"line":79,"column":23},"end":{"line":79,"column":39}},{"start":{"line":79,"column":39},"end":{"line":79,"column":null}}],"line":79}},"s":{"0":12,"1":12,"2":12,"3":12,"4":2,"5":12,"6":2,"7":2,"8":2,"9":2,"10":1,"11":1,"12":1,"13":2,"14":12,"15":2},"f":{"0":12,"1":2,"2":2,"3":2},"b":{"0":[1,0],"1":[2,10]},"meta":{"lastBranch":2,"lastFunction":4,"lastStatement":16,"seen":{"f:7:24:7:39":0,"s:8:30:8:Infinity":0,"s:9:30:9:Infinity":1,"s:10:32:10:Infinity":2,"s:12:27:14:Infinity":3,"f:12:27:12:28":1,"s:13:4:13:Infinity":4,"s:16:23:31:Infinity":5,"f:16:23:16:30":2,"s:17:4:17:Infinity":6,"s:18:4:18:Infinity":7,"s:19:4:30:Infinity":8,"s:20:6:20:Infinity":9,"s:21:6:21:Infinity":10,"s:22:6:22:Infinity":11,"s:24:6:27:Infinity":12,"b:25:8:25:Infinity:26:10:26:Infinity":0,"s:29:6:29:Infinity":13,"s:33:2:82:Infinity":14,"f:60:22:60:23":3,"s:60:29:60:Infinity":15,"b:79:23:79:39:79:39:79:Infinity":1}}}
,"C:\\Users\\Maria Luiza\\Desktop\\portfolio\\portfolio\\frontend\\src\\components\\medico\\AddMedicoForm.jsx": {"path":"C:\\Users\\Maria Luiza\\Desktop\\portfolio\\portfolio\\frontend\\src\\components\\medico\\AddMedicoForm.jsx","statementMap":{"0":{"start":{"line":7,"column":30},"end":{"line":14,"column":null}},"1":{"start":{"line":15,"column":32},"end":{"line":15,"column":null}},"2":{"start":{"line":16,"column":38},"end":{"line":16,"column":null}},"3":{"start":{"line":18,"column":23},"end":{"line":21,"column":null}},"4":{"start":{"line":19,"column":28},"end":{"line":19,"column":null}},"5":{"start":{"line":20,"column":4},"end":{"line":20,"column":null}},"6":{"start":{"line":20,"column":27},"end":{"line":20,"column":54}},"7":{"start":{"line":23,"column":23},"end":{"line":40,"column":null}},"8":{"start":{"line":24,"column":4},"end":{"line":24,"column":null}},"9":{"start":{"line":25,"column":4},"end":{"line":25,"column":null}},"10":{"start":{"line":26,"column":4},"end":{"line":39,"column":null}},"11":{"start":{"line":27,"column":6},"end":{"line":27,"column":null}},"12":{"start":{"line":28,"column":6},"end":{"line":28,"column":null}},"13":{"start":{"line":29,"column":6},"end":{"line":29,"column":null}},"14":{"start":{"line":30,"column":6},"end":{"line":30,"column":null}},"15":{"start":{"line":33,"column":8},"end":{"line":35,"column":null}},"16":{"start":{"line":36,"column":6},"end":{"line":36,"column":null}},"17":{"start":{"line":38,"column":6},"end":{"line":38,"column":null}},"18":{"start":{"line":42,"column":2},"end":{"line":183,"column":null}},"19":{"start":{"line":121,"column":29},"end":{"line":121,"column":null}}},"fnMap":{"0":{"name":"AddMedicoForm","decl":{"start":{"line":6,"column":24},"end":{"line":6,"column":38}},"loc":{"start":{"line":6,"column":62},"end":{"line":185,"column":null}},"line":6},"1":{"name":"(anonymous_1)","decl":{"start":{"line":18,"column":23},"end":{"line":18,"column":24}},"loc":{"start":{"line":18,"column":30},"end":{"line":21,"column":null}},"line":18},"2":{"name":"(anonymous_2)","decl":{"start":{"line":20,"column":16},"end":{"line":20,"column":17}},"loc":{"start":{"line":20,"column":27},"end":{"line":20,"column":54}},"line":20},"3":{"name":"(anonymous_3)","decl":{"start":{"line":23,"column":23},"end":{"line":23,"column":30}},"loc":{"start":{"line":23,"column":36},"end":{"line":40,"column":null}},"line":23},"4":{"name":"(anonymous_4)","decl":{"start":{"line":121,"column":23},"end":{"line":121,"column":29}},"loc":{"start":{"line":121,"column":29},"end":{"line":121,"column":null}},"line":121}},"branchMap":{"0":{"loc":{"start":{"line":33,"column":8},"end":{"line":35,"column":null}},"type":"binary-expr","locations":[{"start":{"line":33,"column":8},"end":{"line":33,"column":null}},{"start":{"line":34,"column":8},"end":{"line":34,"column":null}},{"start":{"line":35,"column":8},"end":{"line":35,"column":null}}],"line":33},"1":{"loc":{"start":{"line":109,"column":18},"end":{"line":109,"column":null}},"type":"cond-expr","locations":[{"start":{"line":109,"column":33},"end":{"line":109,"column":42}},{"start":{"line":109,"column":42},"end":{"line":109,"column":null}}],"line":109},"2":{"loc":{"start":{"line":124,"column":15},"end":{"line":124,"column":null}},"type":"cond-expr","locations":[{"start":{"line":124,"column":30},"end":{"line":124,"column":42}},{"start":{"line":124,"column":42},"end":{"line":124,"column":null}}],"line":124},"3":{"loc":{"start":{"line":180,"column":11},"end":{"line":180,"column":null}},"type":"cond-expr","locations":[{"start":{"line":180,"column":23},"end":{"line":180,"column":39}},{"start":{"line":180,"column":39},"end":{"line":180,"column":null}}],"line":180}},"s":{"0":20,"1":20,"2":20,"3":20,"4":10,"5":10,"6":10,"7":20,"8":2,"9":2,"10":2,"11":2,"12":1,"13":1,"14":1,"15":1,"16":1,"17":2,"18":20,"19":2},"f":{"0":20,"1":10,"2":10,"3":2,"4":2},"b":{"0":[1,1,0],"1":[1,19],"2":[1,19],"3":[2,18]},"meta":{"lastBranch":4,"lastFunction":5,"lastStatement":20,"seen":{"f:6:24:6:38":0,"s:7:30:14:Infinity":0,"s:15:32:15:Infinity":1,"s:16:38:16:Infinity":2,"s:18:23:21:Infinity":3,"f:18:23:18:24":1,"s:19:28:19:Infinity":4,"s:20:4:20:Infinity":5,"f:20:16:20:17":2,"s:20:27:20:54":6,"s:23:23:40:Infinity":7,"f:23:23:23:30":3,"s:24:4:24:Infinity":8,"s:25:4:25:Infinity":9,"s:26:4:39:Infinity":10,"s:27:6:27:Infinity":11,"s:28:6:28:Infinity":12,"s:29:6:29:Infinity":13,"s:30:6:30:Infinity":14,"s:33:8:35:Infinity":15,"b:33:8:33:Infinity:34:8:34:Infinity:35:8:35:Infinity":0,"s:36:6:36:Infinity":16,"s:38:6:38:Infinity":17,"s:42:2:183:Infinity":18,"b:109:33:109:42:109:42:109:Infinity":1,"f:121:23:121:29":4,"s:121:29:121:Infinity":19,"b:124:30:124:42:124:42:124:Infinity":2,"b:180:23:180:39:180:39:180:Infinity":3}}}
,"C:\\Users\\Maria Luiza\\Desktop\\portfolio\\portfolio\\frontend\\src\\components\\medico\\EditMedicoForm.jsx": {"path":"C:\\Users\\Maria Luiza\\Desktop\\portfolio\\portfolio\\frontend\\src\\components\\medico\\EditMedicoForm.jsx","statementMap":{"0":{"start":{"line":8,"column":30},"end":{"line":14,"column":null}},"1":{"start":{"line":15,"column":32},"end":{"line":15,"column":null}},"2":{"start":{"line":16,"column":38},"end":{"line":16,"column":null}},"3":{"start":{"line":19,"column":2},"end":{"line":29,"column":null}},"4":{"start":{"line":20,"column":4},"end":{"line":28,"column":null}},"5":{"start":{"line":21,"column":6},"end":{"line":27,"column":null}},"6":{"start":{"line":31,"column":23},"end":{"line":34,"column":null}},"7":{"start":{"line":32,"column":28},"end":{"line":32,"column":null}},"8":{"start":{"line":33,"column":4},"end":{"line":33,"column":null}},"9":{"start":{"line":33,"column":27},"end":{"line":33,"column":54}},"10":{"start":{"line":36,"column":23},"end":{"line":51,"column":null}},"11":{"start":{"line":37,"column":4},"end":{"line":37,"column":null}},"12":{"start":{"line":38,"column":4},"end":{"line":38,"column":null}},"13":{"start":{"line":39,"column":4},"end":{"line":50,"column":null}},"14":{"start":{"line":40,"column":6},"end":{"line":40,"column":null}},"15":{"start":{"line":41,"column":6},"end":{"line":41,"column":null}},"16":{"start":{"line":42,"column":6},"end":{"line":42,"column":null}},"17":{"start":{"line":43,"column":6},"end":{"line":43,"column":null}},"18":{"start":{"line":46,"column":8},"end":{"line":46,"column":null}},"19":{"start":{"line":47,"column":6},"end":{"line":47,"column":null}},"20":{"start":{"line":49,"column":6},"end":{"line":49,"column":null}},"21":{"start":{"line":53,"column":2},"end":{"line":188,"column":null}},"22":{"start":{"line":126,"column":29},"end":{"line":126,"column":null}}},"fnMap":{"0":{"name":"EditMedicoForm","decl":{"start":{"line":7,"column":24},"end":{"line":7,"column":39}},"loc":{"start":{"line":7,"column":71},"end":{"line":190,"column":null}},"line":7},"1":{"name":"(anonymous_1)","decl":{"start":{"line":19,"column":12},"end":{"line":19,"column":18}},"loc":{"start":{"line":19,"column":18},"end":{"line":29,"column":5}},"line":19},"2":{"name":"(anonymous_2)","decl":{"start":{"line":31,"column":23},"end":{"line":31,"column":24}},"loc":{"start":{"line":31,"column":30},"end":{"line":34,"column":null}},"line":31},"3":{"name":"(anonymous_3)","decl":{"start":{"line":33,"column":16},"end":{"line":33,"column":17}},"loc":{"start":{"line":33,"column":27},"end":{"line":33,"column":54}},"line":33},"4":{"name":"(anonymous_4)","decl":{"start":{"line":36,"column":23},"end":{"line":36,"column":30}},"loc":{"start":{"line":36,"column":36},"end":{"line":51,"column":null}},"line":36},"5":{"name":"(anonymous_5)","decl":{"start":{"line":126,"column":23},"end":{"line":126,"column":29}},"loc":{"start":{"line":126,"column":29},"end":{"line":126,"column":null}},"line":126}},"branchMap":{"0":{"loc":{"start":{"line":20,"column":4},"end":{"line":28,"column":null}},"type":"if","locations":[{"start":{"line":20,"column":4},"end":{"line":28,"column":null}},{"start":{},"end":{}}],"line":20},"1":{"loc":{"start":{"line":22,"column":14},"end":{"line":22,"column":null}},"type":"binary-expr","locations":[{"start":{"line":22,"column":14},"end":{"line":22,"column":29}},{"start":{"line":22,"column":29},"end":{"line":22,"column":null}}],"line":22},"2":{"loc":{"start":{"line":23,"column":13},"end":{"line":23,"column":null}},"type":"binary-expr","locations":[{"start":{"line":23,"column":13},"end":{"line":23,"column":27}},{"start":{"line":23,"column":27},"end":{"line":23,"column":null}}],"line":23},"3":{"loc":{"start":{"line":24,"column":15},"end":{"line":24,"column":null}},"type":"binary-expr","locations":[{"start":{"line":24,"column":15},"end":{"line":24,"column":31}},{"start":{"line":24,"column":31},"end":{"line":24,"column":null}}],"line":24},"4":{"loc":{"start":{"line":25,"column":18},"end":{"line":25,"column":null}},"type":"binary-expr","locations":[{"start":{"line":25,"column":18},"end":{"line":25,"column":37}},{"start":{"line":25,"column":37},"end":{"line":25,"column":null}}],"line":25},"5":{"loc":{"start":{"line":26,"column":23},"end":{"line":26,"column":null}},"type":"binary-expr","locations":[{"start":{"line":26,"column":23},"end":{"line":26,"column":47}},{"start":{"line":26,"column":47},"end":{"line":26,"column":null}}],"line":26},"6":{"loc":{"start":{"line":46,"column":8},"end":{"line":46,"column":null}},"type":"binary-expr","locations":[{"start":{"line":46,"column":8},"end":{"line":46,"column":39}},{"start":{"line":46,"column":39},"end":{"line":46,"column":null}}],"line":46},"7":{"loc":{"start":{"line":115,"column":18},"end":{"line":115,"column":null}},"type":"cond-expr","locations":[{"start":{"line":115,"column":33},"end":{"line":115,"column":42}},{"start":{"line":115,"column":42},"end":{"line":115,"column":null}}],"line":115},"8":{"loc":{"start":{"line":118,"column":19},"end":{"line":118,"column":null}},"type":"binary-expr","locations":[{"start":{"line":118,"column":19},"end":{"line":118,"column":37}},{"start":{"line":118,"column":37},"end":{"line":118,"column":null}}],"line":118},"9":{"loc":{"start":{"line":129,"column":15},"end":{"line":129,"column":null}},"type":"cond-expr","locations":[{"start":{"line":129,"column":30},"end":{"line":129,"column":42}},{"start":{"line":129,"column":42},"end":{"line":129,"column":null}}],"line":129},"10":{"loc":{"start":{"line":185,"column":11},"end":{"line":185,"column":null}},"type":"cond-expr","locations":[{"start":{"line":185,"column":23},"end":{"line":185,"column":39}},{"start":{"line":185,"column":39},"end":{"line":185,"column":null}}],"line":185}},"s":{"0":17,"1":17,"2":17,"3":17,"4":4,"5":4,"6":17,"7":3,"8":3,"9":3,"10":17,"11":3,"12":3,"13":3,"14":3,"15":2,"16":2,"17":2,"18":1,"19":1,"20":3,"21":17,"22":0},"f":{"0":17,"1":4,"2":3,"3":3,"4":3,"5":0},"b":{"0":[4,0],"1":[4,0],"2":[4,0],"3":[4,0],"4":[4,0],"5":[4,0],"6":[1,0],"7":[0,17],"8":[17,14],"9":[0,17],"10":[3,14]},"meta":{"lastBranch":11,"lastFunction":6,"lastStatement":23,"seen":{"f:7:24:7:39":0,"s:8:30:14:Infinity":0,"s:15:32:15:Infinity":1,"s:16:38:16:Infinity":2,"s:19:2:29:Infinity":3,"f:19:12:19:18":1,"b:20:4:28:Infinity:undefined:undefined:undefined:undefined":0,"s:20:4:28:Infinity":4,"s:21:6:27:Infinity":5,"b:22:14:22:29:22:29:22:Infinity":1,"b:23:13:23:27:23:27:23:Infinity":2,"b:24:15:24:31:24:31:24:Infinity":3,"b:25:18:25:37:25:37:25:Infinity":4,"b:26:23:26:47:26:47:26:Infinity":5,"s:31:23:34:Infinity":6,"f:31:23:31:24":2,"s:32:28:32:Infinity":7,"s:33:4:33:Infinity":8,"f:33:16:33:17":3,"s:33:27:33:54":9,"s:36:23:51:Infinity":10,"f:36:23:36:30":4,"s:37:4:37:Infinity":11,"s:38:4:38:Infinity":12,"s:39:4:50:Infinity":13,"s:40:6:40:Infinity":14,"s:41:6:41:Infinity":15,"s:42:6:42:Infinity":16,"s:43:6:43:Infinity":17,"s:46:8:46:Infinity":18,"b:46:8:46:39:46:39:46:Infinity":6,"s:47:6:47:Infinity":19,"s:49:6:49:Infinity":20,"s:53:2:188:Infinity":21,"b:115:33:115:42:115:42:115:Infinity":7,"b:118:19:118:37:118:37:118:Infinity":8,"f:126:23:126:29":5,"s:126:29:126:Infinity":22,"b:129:30:129:42:129:42:129:Infinity":9,"b:185:23:185:39:185:39:185:Infinity":10}}}
,"C:\\Users\\Maria Luiza\\Desktop\\portfolio\\portfolio\\frontend\\src\\components\\paciente\\AddPacienteForm.jsx": {"path":"C:\\Users\\Maria Luiza\\Desktop\\portfolio\\portfolio\\frontend\\src\\components\\paciente\\AddPacienteForm.jsx","statementMap":{"0":{"start":{"line":7,"column":30},"end":{"line":15,"column":null}},"1":{"start":{"line":16,"column":32},"end":{"line":16,"column":null}},"2":{"start":{"line":17,"column":38},"end":{"line":17,"column":null}},"3":{"start":{"line":19,"column":23},"end":{"line":22,"column":null}},"4":{"start":{"line":20,"column":28},"end":{"line":20,"column":null}},"5":{"start":{"line":21,"column":4},"end":{"line":21,"column":null}},"6":{"start":{"line":21,"column":27},"end":{"line":21,"column":54}},"7":{"start":{"line":24,"column":23},"end":{"line":39,"column":null}},"8":{"start":{"line":25,"column":4},"end":{"line":25,"column":null}},"9":{"start":{"line":26,"column":4},"end":{"line":26,"column":null}},"10":{"start":{"line":27,"column":4},"end":{"line":38,"column":null}},"11":{"start":{"line":28,"column":6},"end":{"line":28,"column":null}},"12":{"start":{"line":29,"column":6},"end":{"line":29,"column":null}},"13":{"start":{"line":30,"column":6},"end":{"line":30,"column":null}},"14":{"start":{"line":31,"column":6},"end":{"line":31,"column":null}},"15":{"start":{"line":34,"column":8},"end":{"line":34,"column":null}},"16":{"start":{"line":35,"column":6},"end":{"line":35,"column":null}},"17":{"start":{"line":37,"column":6},"end":{"line":37,"column":null}},"18":{"start":{"line":41,"column":2},"end":{"line":211,"column":null}},"19":{"start":{"line":143,"column":29},"end":{"line":143,"column":null}}},"fnMap":{"0":{"name":"AddPacienteForm","decl":{"start":{"line":6,"column":24},"end":{"line":6,"column":40}},"loc":{"start":{"line":6,"column":64},"end":{"line":213,"column":null}},"line":6},"1":{"name":"(anonymous_1)","decl":{"start":{"line":19,"column":23},"end":{"line":19,"column":24}},"loc":{"start":{"line":19,"column":30},"end":{"line":22,"column":null}},"line":19},"2":{"name":"(anonymous_2)","decl":{"start":{"line":21,"column":16},"end":{"line":21,"column":17}},"loc":{"start":{"line":21,"column":27},"end":{"line":21,"column":54}},"line":21},"3":{"name":"(anonymous_3)","decl":{"start":{"line":24,"column":23},"end":{"line":24,"column":30}},"loc":{"start":{"line":24,"column":36},"end":{"line":39,"column":null}},"line":24},"4":{"name":"(anonymous_4)","decl":{"start":{"line":143,"column":23},"end":{"line":143,"column":29}},"loc":{"start":{"line":143,"column":29},"end":{"line":143,"column":null}},"line":143}},"branchMap":{"0":{"loc":{"start":{"line":34,"column":8},"end":{"line":34,"column":null}},"type":"binary-expr","locations":[{"start":{"line":34,"column":8},"end":{"line":34,"column":37}},{"start":{"line":34,"column":37},"end":{"line":34,"column":null}}],"line":34},"1":{"loc":{"start":{"line":131,"column":18},"end":{"line":131,"column":null}},"type":"cond-expr","locations":[{"start":{"line":131,"column":33},"end":{"line":131,"column":42}},{"start":{"line":131,"column":42},"end":{"line":131,"column":null}}],"line":131},"2":{"loc":{"start":{"line":146,"column":15},"end":{"line":146,"column":null}},"type":"cond-expr","locations":[{"start":{"line":146,"column":30},"end":{"line":146,"column":42}},{"start":{"line":146,"column":42},"end":{"line":146,"column":null}}],"line":146},"3":{"loc":{"start":{"line":208,"column":11},"end":{"line":208,"column":null}},"type":"cond-expr","locations":[{"start":{"line":208,"column":23},"end":{"line":208,"column":39}},{"start":{"line":208,"column":39},"end":{"line":208,"column":null}}],"line":208}},"s":{"0":22,"1":22,"2":22,"3":22,"4":11,"5":11,"6":11,"7":22,"8":2,"9":2,"10":2,"11":2,"12":1,"13":1,"14":1,"15":1,"16":1,"17":2,"18":22,"19":2},"f":{"0":22,"1":11,"2":11,"3":2,"4":2},"b":{"0":[1,0],"1":[1,21],"2":[1,21],"3":[2,20]},"meta":{"lastBranch":4,"lastFunction":5,"lastStatement":20,"seen":{"f:6:24:6:40":0,"s:7:30:15:Infinity":0,"s:16:32:16:Infinity":1,"s:17:38:17:Infinity":2,"s:19:23:22:Infinity":3,"f:19:23:19:24":1,"s:20:28:20:Infinity":4,"s:21:4:21:Infinity":5,"f:21:16:21:17":2,"s:21:27:21:54":6,"s:24:23:39:Infinity":7,"f:24:23:24:30":3,"s:25:4:25:Infinity":8,"s:26:4:26:Infinity":9,"s:27:4:38:Infinity":10,"s:28:6:28:Infinity":11,"s:29:6:29:Infinity":12,"s:30:6:30:Infinity":13,"s:31:6:31:Infinity":14,"s:34:8:34:Infinity":15,"b:34:8:34:37:34:37:34:Infinity":0,"s:35:6:35:Infinity":16,"s:37:6:37:Infinity":17,"s:41:2:211:Infinity":18,"b:131:33:131:42:131:42:131:Infinity":1,"f:143:23:143:29":4,"s:143:29:143:Infinity":19,"b:146:30:146:42:146:42:146:Infinity":2,"b:208:23:208:39:208:39:208:Infinity":3}}}
,"C:\\Users\\Maria Luiza\\Desktop\\portfolio\\portfolio\\frontend\\src\\components\\paciente\\DetalhesConsultaPaciente.jsx": {"path":"C:\\Users\\Maria Luiza\\Desktop\\portfolio\\portfolio\\frontend\\src\\components\\paciente\\DetalhesConsultaPaciente.jsx","statementMap":{"0":{"start":{"line":15,"column":26},"end":{"line":25,"column":null}},"1":{"start":{"line":16,"column":4},"end":{"line":24,"column":null}},"2":{"start":{"line":17,"column":6},"end":{"line":17,"column":null}},"3":{"start":{"line":18,"column":6},"end":{"line":18,"column":null}},"4":{"start":{"line":19,"column":6},"end":{"line":19,"column":null}},"5":{"start":{"line":21,"column":6},"end":{"line":23,"column":null}},"6":{"start":{"line":27,"column":25},"end":{"line":37,"column":null}},"7":{"start":{"line":28,"column":4},"end":{"line":36,"column":null}},"8":{"start":{"line":29,"column":6},"end":{"line":29,"column":null}},"9":{"start":{"line":30,"column":6},"end":{"line":30,"column":null}},"10":{"start":{"line":31,"column":6},"end":{"line":31,"column":null}},"11":{"start":{"line":33,"column":6},"end":{"line":35,"column":null}},"12":{"start":{"line":39,"column":24},"end":{"line":49,"column":null}},"13":{"start":{"line":40,"column":4},"end":{"line":48,"column":null}},"14":{"start":{"line":41,"column":6},"end":{"line":41,"column":null}},"15":{"start":{"line":42,"column":6},"end":{"line":42,"column":null}},"16":{"start":{"line":43,"column":6},"end":{"line":43,"column":null}},"17":{"start":{"line":45,"column":6},"end":{"line":47,"column":null}},"18":{"start":{"line":51,"column":25},"end":{"line":61,"column":null}},"19":{"start":{"line":52,"column":4},"end":{"line":60,"column":null}},"20":{"start":{"line":53,"column":6},"end":{"line":53,"column":null}},"21":{"start":{"line":54,"column":6},"end":{"line":54,"column":null}},"22":{"start":{"line":55,"column":6},"end":{"line":55,"column":null}},"23":{"start":{"line":57,"column":6},"end":{"line":59,"column":null}},"24":{"start":{"line":63,"column":26},"end":{"line":135,"column":null}},"25":{"start":{"line":64,"column":19},"end":{"line":64,"column":null}},"26":{"start":{"line":65,"column":29},"end":{"line":65,"column":null}},"27":{"start":{"line":66,"column":18},"end":{"line":66,"column":null}},"28":{"start":{"line":68,"column":4},"end":{"line":74,"column":null}},"29":{"start":{"line":69,"column":6},"end":{"line":72,"column":null}},"30":{"start":{"line":76,"column":4},"end":{"line":134,"column":null}},"31":{"start":{"line":78,"column":8},"end":{"line":92,"column":null}},"32":{"start":{"line":95,"column":8},"end":{"line":109,"column":null}},"33":{"start":{"line":104,"column":29},"end":{"line":104,"column":null}},"34":{"start":{"line":112,"column":8},"end":{"line":126,"column":null}},"35":{"start":{"line":129,"column":8},"end":{"line":132,"column":null}},"36":{"start":{"line":137,"column":2},"end":{"line":180,"column":null}}},"fnMap":{"0":{"name":"DetalhesConsultaPaciente","decl":{"start":{"line":9,"column":24},"end":{"line":9,"column":49}},"loc":{"start":{"line":14,"column":3},"end":{"line":182,"column":null}},"line":14},"1":{"name":"(anonymous_1)","decl":{"start":{"line":15,"column":26},"end":{"line":15,"column":38}},"loc":{"start":{"line":15,"column":38},"end":{"line":25,"column":null}},"line":15},"2":{"name":"(anonymous_2)","decl":{"start":{"line":27,"column":25},"end":{"line":27,"column":37}},"loc":{"start":{"line":27,"column":37},"end":{"line":37,"column":null}},"line":27},"3":{"name":"(anonymous_3)","decl":{"start":{"line":39,"column":24},"end":{"line":39,"column":36}},"loc":{"start":{"line":39,"column":36},"end":{"line":49,"column":null}},"line":39},"4":{"name":"(anonymous_4)","decl":{"start":{"line":51,"column":25},"end":{"line":51,"column":37}},"loc":{"start":{"line":51,"column":37},"end":{"line":61,"column":null}},"line":51},"5":{"name":"(anonymous_5)","decl":{"start":{"line":63,"column":26},"end":{"line":63,"column":32}},"loc":{"start":{"line":63,"column":32},"end":{"line":135,"column":null}},"line":63},"6":{"name":"(anonymous_6)","decl":{"start":{"line":104,"column":23},"end":{"line":104,"column":29}},"loc":{"start":{"line":104,"column":29},"end":{"line":104,"column":null}},"line":104}},"branchMap":{"0":{"loc":{"start":{"line":22,"column":8},"end":{"line":22,"column":null}},"type":"binary-expr","locations":[{"start":{"line":22,"column":8},"end":{"line":22,"column":39}},{"start":{"line":22,"column":39},"end":{"line":22,"column":null}}],"line":22},"1":{"loc":{"start":{"line":34,"column":8},"end":{"line":34,"column":null}},"type":"binary-expr","locations":[{"start":{"line":34,"column":8},"end":{"line":34,"column":39}},{"start":{"line":34,"column":39},"end":{"line":34,"column":null}}],"line":34},"2":{"loc":{"start":{"line":46,"column":8},"end":{"line":46,"column":null}},"type":"binary-expr","locations":[{"start":{"line":46,"column":8},"end":{"line":46,"column":39}},{"start":{"line":46,"column":39},"end":{"line":46,"column":null}}],"line":46},"3":{"loc":{"start":{"line":58,"column":8},"end":{"line":58,"column":null}},"type":"binary-expr","locations":[{"start":{"line":58,"column":8},"end":{"line":58,"column":39}},{"start":{"line":58,"column":39},"end":{"line":58,"column":null}}],"line":58},"4":{"loc":{"start":{"line":68,"column":4},"end":{"line":74,"column":null}},"type":"if","locations":[{"start":{"line":68,"column":4},"end":{"line":74,"column":null}},{"start":{},"end":{}}],"line":68},"5":{"loc":{"start":{"line":76,"column":4},"end":{"line":134,"column":null}},"type":"switch","locations":[{"start":{"line":77,"column":6},"end":{"line":92,"column":null}},{"start":{"line":94,"column":6},"end":{"line":109,"column":null}},{"start":{"line":111,"column":6},"end":{"line":126,"column":null}},{"start":{"line":128,"column":6},"end":{"line":132,"column":null}}],"line":76},"6":{"loc":{"start":{"line":161,"column":9},"end":{"line":173,"column":null}},"type":"binary-expr","locations":[{"start":{"line":161,"column":9},"end":{"line":161,"column":null}},{"start":{"line":162,"column":10},"end":{"line":173,"column":null}}],"line":161}},"s":{"0":9,"1":1,"2":1,"3":1,"4":1,"5":0,"6":9,"7":1,"8":1,"9":1,"10":1,"11":0,"12":9,"13":1,"14":1,"15":1,"16":1,"17":0,"18":9,"19":1,"20":1,"21":1,"22":1,"23":0,"24":9,"25":9,"26":9,"27":9,"28":9,"29":1,"30":8,"31":3,"32":2,"33":1,"34":3,"35":0,"36":9},"f":{"0":9,"1":1,"2":1,"3":1,"4":1,"5":9,"6":1},"b":{"0":[0,0],"1":[0,0],"2":[0,0],"3":[0,0],"4":[1,8],"5":[8,2,3,0],"6":[9,3]},"meta":{"lastBranch":7,"lastFunction":7,"lastStatement":37,"seen":{"f:9:24:9:49":0,"s:15:26:25:Infinity":0,"f:15:26:15:38":1,"s:16:4:24:Infinity":1,"s:17:6:17:Infinity":2,"s:18:6:18:Infinity":3,"s:19:6:19:Infinity":4,"s:21:6:23:Infinity":5,"b:22:8:22:39:22:39:22:I
[...]
,"C:\\Users\\Maria Luiza\\Desktop\\portfolio\\portfolio\\frontend\\src\\services\\consultaService.js": {"path":"C:\\Users\\Maria Luiza\\Desktop\\portfolio\\portfolio\\frontend\\src\\services\\consultaService.js","statementMap":{"0":{"start":{"line":7,"column":34},"end":{"line":34,"column":1}},"1":{"start":{"line":8,"column":20},"end":{"line":8,"column":22}},"2":{"start":{"line":10,"column":2},"end":{"line":31,"column":3}},"3":{"start":{"line":11,"column":25},"end":{"line":11,"column":27}},"4":{"start":{"line":13,"column":4},"end":{"line":20,"column":5}},"5":{"start":{"line":14,"column":22},"end":{"line":16,"column":25}},"6":{"start":{"line":17,"column":6},"end":{"line":19,"column":9}},"7":{"start":{"line":18,"column":8},"end":{"line":18,"column":61}},"8":{"start":{"line":22,"column":4},"end":{"line":22,"column":62}},"9":{"start":{"line":22,"column":21},"end":{"line":22,"column":62}},"10":{"start":{"line":23,"column":4},"end":{"line":23,"column":62}},"11":{"start":{"line":23,"column":21},"end":{"line":23,"column":62}},"12":{"start":{"line":25,"column":4},"end":{"line":25,"column":62}},"13":{"start":{"line":25,"column":21},"end":{"line":25,"column":62}},"14":{"start":{"line":26,"column":4},"end":{"line":26,"column":65}},"15":{"start":{"line":26,"column":22},"end":{"line":26,"column":65}},"16":{"start":{"line":28,"column":4},"end":{"line":30,"column":5}},"17":{"start":{"line":29,"column":6},"end":{"line":29,"column":49}},"18":{"start":{"line":33,"column":2},"end":{"line":33,"column":45}},"19":{"start":{"line":39,"column":38},"end":{"line":41,"column":1}},"20":{"start":{"line":40,"column":2},"end":{"line":40,"column":76}},"21":{"start":{"line":46,"column":30},"end":{"line":48,"column":1}},"22":{"start":{"line":47,"column":2},"end":{"line":47,"column":46}},"23":{"start":{"line":53,"column":37},"end":{"line":55,"column":1}},"24":{"start":{"line":54,"column":2},"end":{"line":54,"column":55}},"25":{"start":{"line":60,"column":32},"end":{"line":62,"column":1}},"26":{"start":{"line":61,"column":2},"end":{"line":61,"column":55}},"27":{"start":{"line":67,"column":33},"end":{"line":69,"column":1}},"28":{"start":{"line":68,"column":2},"end":{"line":68,"column":56}},"29":{"start":{"line":74,"column":35},"end":{"line":79,"column":1}},"30":{"start":{"line":75,"column":2},"end":{"line":78,"column":5}},"31":{"start":{"line":84,"column":32},"end":{"line":86,"column":1}},"32":{"start":{"line":85,"column":2},"end":{"line":85,"column":55}},"33":{"start":{"line":91,"column":30},"end":{"line":93,"column":1}},"34":{"start":{"line":92,"column":2},"end":{"line":92,"column":43}},"35":{"start":{"line":106,"column":33},"end":{"line":108,"column":1}},"36":{"start":{"line":107,"column":2},"end":{"line":107,"column":65}},"37":{"start":{"line":113,"column":34},"end":{"line":115,"column":1}},"38":{"start":{"line":114,"column":2},"end":{"line":114,"column":66}}},"fnMap":{"0":{"name":"(anonymous_0)","decl":{"start":{"line":7,"column":34},"end":{"line":7,"column":35}},"loc":{"start":{"line":7,"column":46},"end":{"line":34,"column":1}},"line":7},"1":{"name":"(anonymous_1)","decl":{"start":{"line":17,"column":22},"end":{"line":17,"column":23}},"loc":{"start":{"line":17,"column":29},"end":{"line":19,"column":7}},"line":17},"2":{"name":"(anonymous_2)","decl":{"start":{"line":39,"column":38},"end":{"line":39,"column":43}},"loc":{"start":{"line":39,"column":76},"end":{"line":41,"column":1}},"line":39},"3":{"name":"(anonymous_3)","decl":{"start":{"line":46,"column":30},"end":{"line":46,"column":31}},"loc":{"start":{"line":46,"column":48},"end":{"line":48,"column":1}},"line":46},"4":{"name":"(anonymous_4)","decl":{"start":{"line":53,"column":37},"end":{"line":53,"column":38}},"loc":{"start":{"line":53,"column":53},"end":{"line":55,"column":1}},"line":53},"5":{"name":"(anonymous_5)","decl":{"start":{"line":60,"column":32},"end":{"line":60,"column":33}},"loc":{"start":{"line":60,"column":48},"end":{"line":62,"column":1}},"line":60},"6":{"name":"(anonymous_6)","decl":{"start":{"line":67,"column":33},"end":{"line":67,"column":34}},"loc":{"start":{"line":67,"column":49},"end":{"line":69,"column":1}},"line":67},"7":{"name":"(anonymous_7)","decl":{"start":{"line":74,"column":35},"end":{"line":74,"column":36}},"loc":{"start":{"line":74,"column":71},"end":{"line":79,"column":1}},"line":74},"8":{"name":"(anonymous_8)","decl":{"start":{"line":84,"column":32},"end":{"line":84,"column":33}},"loc":{"start":{"line":84,"column":48},"end":{"line":86,"column":1}},"line":84},"9":{"name":"(anonymous_9)","decl":{"start":{"line":91,"column":30},"end":{"line":91,"column":31}},"loc":{"start":{"line":91,"column":44},"end":{"line":93,"column":1}},"line":91},"10":{"name":"(anonymous_10)","decl":{"start":{"line":106,"column":33},"end":{"line":106,"column":34}},"loc":{"start":{"line":106,"column":49},"end":{"line":108,"column":1}},"line":106},"11":{"name":"(anonymous_11)","decl":{"start":{"line":113,"column":34},"end":{"line":113,"column":35}},"loc":{"start":{"line":113,"column":50},"end":{"line":115,"column":1}},"line":113}},"branchMap":{"0":{"loc":{"start":{"line":10,"column":2},"end":{"line":31,"column":3}},"type":"if","locations":[{"start":{"line":10,"column":2},"end":{"line":31,"column":3}},{"start":{},"end":{}}],"line":10},"1":{"loc":{"start":{"line":13,"column":4},"end":{"line":20,"column":5}},"type":"if","locations":[{"start":{"line":13,"column":4},"end":{"line":20,"column":5}},{"start":{},"end":{}}],"line":13},"2":{"loc":{"start":{"line":14,"column":22},"end":{"line":16,"column":25}},"type":"cond-expr","locations":[{"start":{"line":15,"column":10},"end":{"line":15,"column":23}},{"start":{"line":16,"column":10},"end":{"line":16,"column":25}}],"line":14},"3":{"loc":{"start":{"line":22,"column":4},"end":{"line":22,"column":62}},"type":"if","locations":[{"start":{"line":22,"column":4},"end":{"line":22,"column":62}},{"start":{},"end":{}}],"line":22},"4":{"loc":{"start":{"line":23,"column":4},"end":{"line":23,"column":62}},"type":"if","locations":[{"start":{"line":23,"column":4},"end":{"line":23,"column":62}},{"start":{},"end":{}}],"line":23},"5":{"loc":{"start":{"line":25,"column":4},"end":{"line":25,"column":62}},"type":"if","locations":[{"start":{"line":25,"column":4},"end":{"line":25,"column":62}},{"start":{},"end":{}}],"line":25},"6":{"loc":{"start":{"line":26,"column":4},"end":{"line":26,"column":65}},"type":"if","locations":[{"start":{"line":26,"column":4},"end":{"line":26,"column":65}},{"start":{},"end":{}}],"line":26},"7":{"loc":{"start":{"line":28,"column":4},"end":{"line":30,"column":5}},"type":"if","locations":[{"start":{"line":28,"column":4},"end":{"line":30,"column":5}},{"start":{},"end":{}}],"line":28},"8":{"loc":{"start":{"line":39,"column":55},"end":{"line":39,"column":71}},"type":"default-arg","locations":[{"start":{"line":39,"column":69},"end":{"line":39,"column":71}}],"line":39}},"s":{"0":0,"1":0,"2":0,"3":0,"4":0,"5":0,"6":0,"7":0,"8":0,"9":0,"10":0,"11":0,"12":0,"13":0,"14":0,"15":0,"16":0,"17":0,"18":0,"19":0,"20":0,"21":0,"22":0,"23":0,"24":0,"25":0,"26":0,"27":0,"28":0,"29":0,"30":0,"31":0,"32":0,"33":0,"34":0,"35":0,"36":0,"37":0,"38":0},"f":{"0":0,"1":0,"2":0,"3":0,"4":0,"5":0,"6":0,"7":0,"8":0,"9":0,"10":0,"11":0},"b":{"0":[0,0],"1":[0,0],"2":[0,0],"3":[0,0],"4":[0,0],"5":[0,0],"6":[0,0],"7":[0,0],"8":[0]},"meta":{"lastBranch":9,"lastFunction":12,"lastStatement":39,"seen":{"s:7:34:34:1":0,"f:7:34:7:35":0,"s:8:20:8:22":1,"b:10:2:31:3:undefined:undefined:undefined:undefined":0,"s:10:2:31:3":2,"s:11:25:11:27":3,"b:13:4:20:5:undefined:undefined:undefined:undefined":1,"s:13:4:20:5":4,"s:14:22:16:25":5,"b:15:10:15:23:16:10:16:25":2,"s:17:6:19:9":6,"f:17:22:17:23":1,"s:18:8:18:61":7,"b:22:4:22:62:undefined:undefined:undefined:undefined":3,"s:22:4:22:62":8,"s:22:21:22:62":9,"b:23:4:23:62:undefined:undefined:undefined:undefined":4,"s:23:4:23:62":10,"s:23:21:23:62":11,"b:25:4:25:62:undefined:undefined:undefined:undefined":5,"s:25:4:25:62":12,"s:25:21:25:62":13,"b:26:4:26:65:undefined:undefined:undefined:undefined":6,"s:26:4:26:65":14,"s:26:22:26:65":15,"b:28:4:30:5:undefined:undefined:undefined:undefined":7,"s:28:4:30:5":16,"s:29:6:29:49":17,"s:33:2:33:45":18,"s:39:38:41:1":19,"f:39:38:39:43":2,"b:39:69:39:71":8,"s:40:2:40:76":20,"s:46:30:48:1":21,"f:46:30:46:31":3,"s:47:2:47:46":22,"s:53:37:55:1":23,"f:53:37:53:38":4,"s:54:2:54:55":24,"s:60:32:62:1":25,"f:60:32:60:33":5,"s:61:2:61:55":26,"s:67:33:69:1":27,"f:67:33:67:34":6,"s:68:2:68:56":28,"s:74:35:79:1":29,"f:74:35:74:36":7,"s:75:2:78:5":30,"s:84:32:86:1":31,"f:84:32:84:33":8,"s:85:2:85:55":32,"s:91:30:93:1":33,"f:91:30:91:31":9,"s:92:2:92:43":34,"s:106:33:108:1":35,"f:106:33:106:34":10,"s:107:2:107:65":36,"s:113:34:115:1":37,"f:113:34:113:35":11,"s:114:2:114:66":38}}}
,"C:\\Users\\Maria Luiza\\Desktop\\portfolio\\portfolio\\frontend\\src\\services\\horarioService.js": {"path":"C:\\Users\\Maria Luiza\\Desktop\\portfolio\\portfolio\\frontend\\src\\services\\horarioService.js","statementMap":{"0":{"start":{"line":6,"column":31},"end":{"line":8,"column":1}},"1":{"start":{"line":7,"column":2},"end":{"line":7,"column":41}},"2":{"start":{"line":14,"column":34},"end":{"line":16,"column":1}},"3":{"start":{"line":15,"column":2},"end":{"line":15,"column":51}},"4":{"start":{"line":21,"column":37},"end":{"line":26,"column":1}},"5":{"start":{"line":22,"column":2},"end":{"line":24,"column":3}},"6":{"start":{"line":23,"column":4},"end":{"line":23,"column":72}},"7":{"start":{"line":25,"column":2},"end":{"line":25,"column":75}}},"fnMap":{"0":{"name":"(anonymous_0)","decl":{"start":{"line":6,"column":31},"end":{"line":6,"column":32}},"loc":{"start":{"line":6,"column":37},"end":{"line":8,"column":1}},"line":6},"1":{"name":"(anonymous_1)","decl":{"start":{"line":14,"column":34},"end":{"line":14,"column":35}},"loc":{"start":{"line":14,"column":48},"end":{"line":16,"column":1}},"line":14},"2":{"name":"(anonymous_2)","decl":{"start":{"line":21,"column":37},"end":{"line":21,"column":42}},"loc":{"start":{"line":21,"column":75},"end":{"line":26,"column":1}},"line":21}},"branchMap":{"0":{"loc":{"start":{"line":21,"column":54},"end":{"line":21,"column":70}},"type":"default-arg","locations":[{"start":{"line":21,"column":68},"end":{"line":21,"column":70}}],"line":21},"1":{"loc":{"start":{"line":22,"column":2},"end":{"line":24,"column":3}},"type":"if","locations":[{"start":{"line":22,"column":2},"end":{"line":24,"column":3}},{"start":{},"end":{}}],"line":22}},"s":{"0":0,"1":0,"2":0,"3":0,"4":0,"5":0,"6":0,"7":0},"f":{"0":0,"1":0,"2":0},"b":{"0":[0],"1":[0,0]},"meta":{"lastBranch":2,"lastFunction":3,"lastStatement":8,"seen":{"s:6:31:8:1":0,"f:6:31:6:32":0,"s:7:2:7:41":1,"s:14:34:16:1":2,"f:14:34:14:35":1,"s:15:2:15:51":3,"s:21:37:26:1":4,"f:21:37:21:42":2,"b:21:68:21:70":0,"b:22:2:24:3:undefined:undefined:undefined:undefined":1,"s:22:2:24:3":5,"s:23:4:23:72":6,"s:25:2:25:75":7}}}
,"C:\\Users\\Maria Luiza\\Desktop\\portfolio\\portfolio\\frontend\\src\\services\\medicoService.js": {"path":"C:\\Users\\Maria Luiza\\Desktop\\portfolio\\portfolio\\frontend\\src\\services\\medicoService.js","statementMap":{"0":{"start":{"line":6,"column":28},"end":{"line":8,"column":1}},"1":{"start":{"line":7,"column":2},"end":{"line":7,"column":32}},"2":{"start":{"line":13,"column":31},"end":{"line":15,"column":1}},"3":{"start":{"line":14,"column":2},"end":{"line":14,"column":53}}},"fnMap":{"0":{"name":"(anonymous_0)","decl":{"start":{"line":6,"column":28},"end":{"line":6,"column":29}},"loc":{"start":{"line":6,"column":34},"end":{"line":8,"column":1}},"line":6},"1":{"name":"(anonymous_1)","decl":{"start":{"line":13,"column":31},"end":{"line":13,"column":32}},"loc":{"start":{"line":13,"column":57},"end":{"line":15,"column":1}},"line":13}},"branchMap":{},"s":{"0":0,"1":0,"2":0,"3":0},"f":{"0":0,"1":0},"b":{},"meta":{"lastBranch":0,"lastFunction":2,"lastStatement":4,"seen":{"s:6:28:8:1":0,"f:6:28:6:29":0,"s:7:2:7:32":1,"s:13:31:15:1":2,"f:13:31:13:32":1,"s:14:2:14:53":3}}}
,"C:\\Users\\Maria Luiza\\Desktop\\portfolio\\portfolio\\frontend\\src\\services\\pacienteService.js": {"path":"C:\\Users\\Maria Luiza\\Desktop\\portfolio\\portfolio\\frontend\\src\\services\\pacienteService.js","statementMap":{"0":{"start":{"line":6,"column":32},"end":{"line":8,"column":1}},"1":{"start":{"line":7,"column":2},"end":{"line":7,"column":54}},"2":{"start":{"line":13,"column":38},"end":{"line":32,"column":1}},"3":{"start":{"line":19,"column":2},"end":{"line":31,"column":3}},"4":{"start":{"line":20,"column":19},"end":{"line":25,"column":5}},"5":{"start":{"line":26,"column":4},"end":{"line":26,"column":73}},"6":{"start":{"line":28,"column":4},"end":{"line":30,"column":6}},"7":{"start":{"line":37,"column":30},"end":{"line":40,"column":1}},"8":{"start":{"line":39,"column":2},"end":{"line":39,"column":46}},"9":{"start":{"line":45,"column":28},"end":{"line":47,"column":1}},"10":{"start":{"line":46,"column":2},"end":{"line":46,"column":34}},"11":{"start":{"line":52,"column":31},"end":{"line":54,"column":1}},"12":{"start":{"line":53,"column":2},"end":{"line":53,"column":59}}},"fnMap":{"0":{"name":"(anonymous_0)","decl":{"start":{"line":6,"column":32},"end":{"line":6,"column":33}},"loc":{"start":{"line":6,"column":44},"end":{"line":8,"column":1}},"line":6},"1":{"name":"(anonymous_1)","decl":{"start":{"line":13,"column":38},"end":{"line":13,"column":43}},"loc":{"start":{"line":18,"column":5},"end":{"line":32,"column":1}},"line":18},"2":{"name":"(anonymous_2)","decl":{"start":{"line":37,"column":30},"end":{"line":37,"column":31}},"loc":{"start":{"line":37,"column":48},"end":{"line":40,"column":1}},"line":37},"3":{"name":"(anonymous_3)","decl":{"start":{"line":45,"column":28},"end":{"line":45,"column":29}},"loc":{"start":{"line":45,"column":34},"end":{"line":47,"column":1}},"line":45},"4":{"name":"(anonymous_4)","decl":{"start":{"line":52,"column":31},"end":{"line":52,"column":32}},"loc":{"start":{"line":52,"column":61},"end":{"line":54,"column":1}},"line":52}},"branchMap":{"0":{"loc":{"start":{"line":15,"column":2},"end":{"line":15,"column":10}},"type":"default-arg","locations":[{"start":{"line":15,"column":9},"end":{"line":15,"column":10}}],"line":15},"1":{"loc":{"start":{"line":16,"column":2},"end":{"line":16,"column":11}},"type":"default-arg","locations":[{"start":{"line":16,"column":9},"end":{"line":16,"column":11}}],"line":16},"2":{"loc":{"start":{"line":17,"column":2},"end":{"line":17,"column":48}},"type":"default-arg","locations":[{"start":{"line":17,"column":15},"end":{"line":17,"column":48}}],"line":17},"3":{"loc":{"start":{"line":23,"column":12},"end":{"line":23,"column":37}},"type":"binary-expr","locations":[{"start":{"line":23,"column":12},"end":{"line":23,"column":27}},{"start":{"line":23,"column":31},"end":{"line":23,"column":37}}],"line":23},"4":{"loc":{"start":{"line":24,"column":13},"end":{"line":24,"column":43}},"type":"binary-expr","locations":[{"start":{"line":24,"column":13},"end":{"line":24,"column":34}},{"start":{"line":24,"column":38},"end":{"line":24,"column":43}}],"line":24},"5":{"loc":{"start":{"line":29,"column":6},"end":{"line":29,"column":78}},"type":"binary-expr","locations":[{"start":{"line":29,"column":6},"end":{"line":29,"column":26}},{"start":{"line":29,"column":30},"end":{"line":29,"column":78}}],"line":29}},"s":{"0":0,"1":0,"2":0,"3":0,"4":0,"5":0,"6":0,"7":0,"8":0,"9":0,"10":0,"11":0,"12":0},"f":{"0":0,"1":0,"2":0,"3":0,"4":0},"b":{"0":[0],"1":[0],"2":[0],"3":[0,0],"4":[0,0],"5":[0,0]},"meta":{"lastBranch":6,"lastFunction":5,"lastStatement":13,"seen":{"s:6:32:8:1":0,"f:6:32:6:33":0,"s:7:2:7:54":1,"s:13:38:32:1":2,"f:13:38:13:43":1,"b:15:9:15:10":0,"b:16:9:16:11":1,"b:17:15:17:48":2,"s:19:2:31:3":3,"s:20:19:25:5":4,"b:23:12:23:27:23:31:23:37":3,"b:24:13:24:34:24:38:24:43":4,"s:26:4:26:73":5,"s:28:4:30:6":6,"b:29:6:29:26:29:30:29:78":5,"s:37:30:40:1":7,"f:37:30:37:31":2,"s:39:2:39:46":8,"s:45:28:47:1":9,"f:45:28:45:29":3,"s:46:2:46:34":10,"s:52:31:54:1":11,"f:52:31:52:32":4,"s:53:2:53:59":12}}}
,"C:\\Users\\Maria Luiza\\Desktop\\portfolio\\portfolio\\frontend\\src\\utils\\dateUtils.js": {"path":"C:\\Users\\Maria Luiza\\Desktop\\portfolio\\portfolio\\frontend\\src\\utils\\dateUtils.js","statementMap":{"0":{"start":{"line":3,"column":37},"end":{"line":33,"column":1}},"1":{"start":{"line":4,"column":2},"end":{"line":4,"column":67}},"2":{"start":{"line":4,"column":27},"end":{"line":4,"column":67}},"3":{"start":{"line":6,"column":2},"end":{"line":32,"column":3}},"4":{"start":{"line":7,"column":28},"end":{"line":7,"column":56}},"5":{"start":{"line":8,"column":22},"end":{"line":8,"column":58}},"6":{"start":{"line":9,"column":17},"end":{"line":9,"column":27}},"7":{"start":{"line":15,"column":4},"end":{"line":29,"column":5}},"8":{"start":{"line":16,"column":6},"end":{"line":16,"column":51}},"9":{"start":{"line":18,"column":27},"end":{"line":18,"column":70}},"10":{"start":{"line":20,"column":6},"end":{"line":28,"column":7}},"11":{"start":{"line":21,"column":8},"end":{"line":21,"column":57}},"12":{"start":{"line":23,"column":23},"end":{"line":23,"column":53}},"13":{"start":{"line":24,"column":8},"end":{"line":27,"column":10}},"14":{"start":{"line":31,"column":4},"end":{"line":31,"column":50}}},"fnMap":{"0":{"name":"(anonymous_0)","decl":{"start":{"line":3,"column":37},"end":{"line":3,"column":38}},"loc":{"start":{"line":3,"column":61},"end":{"line":33,"column":1}},"line":3}},"branchMap":{"0":{"loc":{"start":{"line":4,"column":2},"end":{"line":4,"column":67}},"type":"if","locations":[{"start":{"line":4,"column":2},"end":{"line":4,"column":67}},{"start":{},"end":{}}],"line":4},"1":{"loc":{"start":{"line":15,"column":4},"end":{"line":29,"column":5}},"type":"if","locations":[{"start":{"line":15,"column":4},"end":{"line":29,"column":5}},{"start":{"line":17,"column":11},"end":{"line":29,"column":5}}],"line":15},"2":{"loc":{"start":{"line":20,"column":6},"end":{"line":28,"column":7}},"type":"if","locations":[{"start":{"line":20,"column":6},"end":{"line":28,"column":7}},{"start":{"line":22,"column":13},"end":{"line":28,"column":7}}],"line":20},"3":{"loc":{"start":{"line":23,"column":23},"end":{"line":23,"column":53}},"type":"cond-expr","locations":[{"start":{"line":23,"column":45},"end":{"line":23,"column":47}},{"start":{"line":23,"column":50},"end":{"line":23,"column":53}}],"line":23}},"s":{"0":1,"1":5,"2":2,"3":3,"4":3,"5":3,"6":3,"7":3,"8":1,"9":2,"10":2,"11":1,"12":1,"13":1,"14":0},"f":{"0":5},"b":{"0":[2,3],"1":[1,2],"2":[1,1],"3":[0,1]},"meta":{"lastBranch":4,"lastFunction":1,"lastStatement":15,"seen":{"s:3:37:33:1":0,"f:3:37:3:38":0,"b:4:2:4:67:undefined:undefined:undefined:undefined":0,"s:4:2:4:67":1,"s:4:27:4:67":2,"s:6:2:32:3":3,"s:7:28:7:56":4,"s:8:22:8:58":5,"s:9:17:9:27":6,"b:15:4:29:5:17:11:29:5":1,"s:15:4:29:5":7,"s:16:6:16:51":8,"s:18:27:18:70":9,"b:20:6:28:7:22:13:28:7":2,"s:20:6:28:7":10,"s:21:8:21:57":11,"s:23:23:23:53":12,"b:23:45:23:47:23:50:23:53":3,"s:24:8:27:10":13,"s:31:4:31:50":14}}}
}
