{"C:\\Users\\Maria Luiza\\Desktop\\portfolio\\portfolio\\backend\\src\\controllers\\administradorController.js": {"path":"C:\\Users\\Maria Luiza\\Desktop\\portfolio\\portfolio\\backend\\src\\controllers\\administradorController.js","statementMap":{"0":{"start":{"line":1,"column":22},"end":{"line":1,"column":61}},"1":{"start":{"line":2,"column":15},"end":{"line":2,"column":47}},"2":{"start":{"line":4,"column":0},"end":{"line":14,"column":2}},"3":{"start":{"line":5,"column":2},"end":{"line":13,"column":3}},"4":{"start":{"line":6,"column":22},"end":{"line":6,"column":58}},"5":{"start":{"line":7,"column":4},"end":{"line":10,"column":7}},"6":{"start":{"line":12,"column":4},"end":{"line":12,"column":95}},"7":{"start":{"line":16,"column":0},"end":{"line":32,"column":2}},"8":{"start":{"line":17,"column":2},"end":{"line":31,"column":3}},"9":{"start":{"line":18,"column":35},"end":{"line":18,"column":44}},"10":{"start":{"line":19,"column":20},"end":{"line":19,"column":45}},"11":{"start":{"line":20,"column":20},"end":{"line":20,"column":46}},"12":{"start":{"line":22,"column":23},"end":{"line":22,"column":25}},"13":{"start":{"line":23,"column":4},"end":{"line":25,"column":5}},"14":{"start":{"line":24,"column":6},"end":{"line":24,"column":75}},"15":{"start":{"line":27,"column":19},"end":{"line":27,"column":84}},"16":{"start":{"line":28,"column":4},"end":{"line":28,"column":33}},"17":{"start":{"line":30,"column":4},"end":{"line":30,"column":94}},"18":{"start":{"line":34,"column":0},"end":{"line":45,"column":2}},"19":{"start":{"line":35,"column":2},"end":{"line":44,"column":3}},"20":{"start":{"line":36,"column":19},"end":{"line":36,"column":29}},"21":{"start":{"line":37,"column":23},"end":{"line":37,"column":63}},"22":{"start":{"line":38,"column":4},"end":{"line":40,"column":5}},"23":{"start":{"line":39,"column":6},"end":{"line":39,"column":79}},"24":{"start":{"line":41,"column":4},"end":{"line":41,"column":97}},"25":{"start":{"line":43,"column":4},"end":{"line":43,"column":95}},"26":{"start":{"line":47,"column":0},"end":{"line":58,"column":2}},"27":{"start":{"line":48,"column":2},"end":{"line":57,"column":3}},"28":{"start":{"line":49,"column":19},"end":{"line":49,"column":29}},"29":{"start":{"line":50,"column":21},"end":{"line":50,"column":51}},"30":{"start":{"line":51,"column":4},"end":{"line":53,"column":5}},"31":{"start":{"line":52,"column":6},"end":{"line":52,"column":79}},"32":{"start":{"line":54,"column":4},"end":{"line":54,"column":77}},"33":{"start":{"line":56,"column":4},"end":{"line":56,"column":93}},"34":{"start":{"line":62,"column":13},"end":{"line":62,"column":23}},"35":{"start":{"line":63,"column":21},"end":{"line":63,"column":22}},"36":{"start":{"line":64,"column":2},"end":{"line":71,"column":3}},"37":{"start":{"line":65,"column":4},"end":{"line":65,"column":37}},"38":{"start":{"line":66,"column":24},"end":{"line":66,"column":37}},"39":{"start":{"line":67,"column":4},"end":{"line":70,"column":5}},"40":{"start":{"line":69,"column":6},"end":{"line":69,"column":21}},"41":{"start":{"line":72,"column":2},"end":{"line":72,"column":14}},"42":{"start":{"line":75,"column":0},"end":{"line":91,"column":2}},"43":{"start":{"line":76,"column":2},"end":{"line":90,"column":3}},"44":{"start":{"line":77,"column":31},"end":{"line":77,"column":57}},"45":{"start":{"line":79,"column":23},"end":{"line":79,"column":47}},"46":{"start":{"line":80,"column":33},"end":{"line":80,"column":93}},"47":{"start":{"line":82,"column":4},"end":{"line":85,"column":7}},"48":{"start":{"line":87,"column":4},"end":{"line":89,"column":92}}},"fnMap":{"0":{"name":"(anonymous_0)","decl":{"start":{"line":4,"column":30},"end":{"line":4,"column":31}},"loc":{"start":{"line":4,"column":50},"end":{"line":14,"column":1}},"line":4},"1":{"name":"(anonymous_1)","decl":{"start":{"line":16,"column":32},"end":{"line":16,"column":33}},"loc":{"start":{"line":16,"column":52},"end":{"line":32,"column":1}},"line":16},"2":{"name":"(anonymous_2)","decl":{"start":{"line":34,"column":30},"end":{"line":34,"column":31}},"loc":{"start":{"line":34,"column":50},"end":{"line":45,"column":1}},"line":34},"3":{"name":"(anonymous_3)","decl":{"start":{"line":47,"column":30},"end":{"line":47,"column":31}},"loc":{"start":{"line":47,"column":50},"end":{"line":58,"column":1}},"line":47},"4":{"name":"getStartDateDiasUteis","decl":{"start":{"line":61,"column":9},"end":{"line":61,"column":30}},"loc":{"start":{"line":61,"column":42},"end":{"line":73,"column":1}},"line":61},"5":{"name":"(anonymous_5)","decl":{"start":{"line":75,"column":28},"end":{"line":75,"column":29}},"loc":{"start":{"line":75,"column":48},"end":{"line":91,"column":1}},"line":75}},"branchMap":{"0":{"loc":{"start":{"line":19,"column":29},"end":{"line":19,"column":40}},"type":"binary-expr","locations":[{"start":{"line":19,"column":29},"end":{"line":19,"column":33}},{"start":{"line":19,"column":37},"end":{"line":19,"column":40}}],"line":19},"1":{"loc":{"start":{"line":20,"column":29},"end":{"line":20,"column":41}},"type":"binary-expr","locations":[{"start":{"line":20,"column":29},"end":{"line":20,"column":33}},{"start":{"line":20,"column":37},"end":{"line":20,"column":41}}],"line":20},"2":{"loc":{"start":{"line":23,"column":4},"end":{"line":25,"column":5}},"type":"if","locations":[{"start":{"line":23,"column":4},"end":{"line":25,"column":5}},{"start":{},"end":{}}],"line":23},"3":{"loc":{"start":{"line":24,"column":21},"end":{"line":24,"column":74}},"type":"cond-expr","locations":[{"start":{"line":24,"column":45},"end":{"line":24,"column":65}},{"start":{"line":24,"column":68},"end":{"line":24,"column":74}}],"line":24},"4":{"loc":{"start":{"line":38,"column":4},"end":{"line":40,"column":5}},"type":"if","locations":[{"start":{"line":38,"column":4},"end":{"line":40,"column":5}},{"start":{},"end":{}}],"line":38},"5":{"loc":{"start":{"line":51,"column":4},"end":{"line":53,"column":5}},"type":"if","locations":[{"start":{"line":51,"column":4},"end":{"line":53,"column":5}},{"start":{},"end":{}}],"line":51},"6":{"loc":{"start":{"line":67,"column":4},"end":{"line":70,"column":5}},"type":"if","locations":[{"start":{"line":67,"column":4},"end":{"line":70,"column":5}},{"start":{},"end":{}}],"line":67},"7":{"loc":{"start":{"line":67,"column":8},"end":{"line":67,"column":46}},"type":"binary-expr","locations":[{"start":{"line":67,"column":8},"end":{"line":67,"column":25}},{"start":{"line":67,"column":29},"end":{"line":67,"column":46}}],"line":67}},"s":{"0":1,"1":1,"2":1,"3":2,"4":2,"5":1,"6":1,"7":1,"8":4,"9":4,"10":4,"11":4,"12":4,"13":4,"14":2,"15":4,"16":3,"17":1,"18":1,"19":3,"20":3,"21":3,"22":2,"23":1,"24":1,"25":1,"26":1,"27":3,"28":3,"29":3,"30":2,"31":1,"32":1,"33":1,"34":1,"35":1,"36":1,"37":7,"38":7,"39":7,"40":5,"41":1,"42":1,"43":2,"44":2,"45":1,"46":1,"47":1,"48":1},"f":{"0":2,"1":4,"2":3,"3":3,"4":1,"5":2},"b":{"0":[4,3],"1":[4,3],"2":[2,2],"3":[1,1],"4":[1,1],"5":[1,1],"6":[5,2],"7":[7,6]},"_coverageSchema":"1a1c01bbd47fc00a2c39e90264f33305004495a9","hash":"a86e007a0806fe4fdacfd49044c0925ee0c16bbe"}
,"C:\\Users\\Maria Luiza\\Desktop\\portfolio\\portfolio\\backend\\src\\controllers\\authController.js": {"path":"C:\\Users\\Maria Luiza\\Desktop\\portfolio\\portfolio\\backend\\src\\controllers\\authController.js","statementMap":{"0":{"start":{"line":1,"column":15},"end":{"line":1,"column":34}},"1":{"start":{"line":2,"column":12},"end":{"line":2,"column":35}},"2":{"start":{"line":3,"column":15},"end":{"line":3,"column":32}},"3":{"start":{"line":4,"column":11},"end":{"line":4,"column":40}},"4":{"start":{"line":5,"column":25},"end":{"line":5,"column":54}},"5":{"start":{"line":6,"column":24},"end":{"line":6,"column":66}},"6":{"start":{"line":8,"column":19},"end":{"line":8,"column":41}},"7":{"start":{"line":11,"column":0},"end":{"line":76,"column":2}},"8":{"start":{"line":12,"column":2},"end":{"line":75,"column":3}},"9":{"start":{"line":13,"column":37},"end":{"line":13,"column":45}},"10":{"start":{"line":14,"column":4},"end":{"line":16,"column":5}},"11":{"start":{"line":15,"column":6},"end":{"line":15,"column":91}},"12":{"start":{"line":18,"column":4},"end":{"line":35,"column":5}},"13":{"start":{"line":19,"column":27},"end":{"line":19,"column":91}},"14":{"start":{"line":20,"column":6},"end":{"line":34,"column":7}},"15":{"start":{"line":21,"column":23},"end":{"line":21,"column":43}},"16":{"start":{"line":23,"column":8},"end":{"line":25,"column":9}},"17":{"start":{"line":24,"column":10},"end":{"line":24,"column":97}},"18":{"start":{"line":27,"column":8},"end":{"line":33,"column":9}},"19":{"start":{"line":28,"column":36},"end":{"line":28,"column":79}},"20":{"start":{"line":29,"column":10},"end":{"line":32,"column":11}},"21":{"start":{"line":30,"column":12},"end":{"line":30,"column":99}},"22":{"start":{"line":31,"column":12},"end":{"line":31,"column":99}},"23":{"start":{"line":37,"column":20},"end":{"line":42,"column":5}},"24":{"start":{"line":44,"column":19},"end":{"line":44,"column":48}},"25":{"start":{"line":45,"column":4},"end":{"line":49,"column":5}},"26":{"start":{"line":46,"column":6},"end":{"line":48,"column":9}},"27":{"start":{"line":51,"column":23},"end":{"line":51,"column":90}},"28":{"start":{"line":52,"column":4},"end":{"line":56,"column":5}},"29":{"start":{"line":53,"column":6},"end":{"line":55,"column":9}},"30":{"start":{"line":58,"column":17},"end":{"line":58,"column":35}},"31":{"start":{"line":59,"column":20},"end":{"line":59,"column":59}},"32":{"start":{"line":60,"column":4},"end":{"line":64,"column":5}},"33":{"start":{"line":61,"column":6},"end":{"line":63,"column":9}},"34":{"start":{"line":66,"column":20},"end":{"line":66,"column":82}},"35":{"start":{"line":67,"column":18},"end":{"line":67,"column":68}},"36":{"start":{"line":69,"column":4},"end":{"line":69,"column":56}},"37":{"start":{"line":71,"column":4},"end":{"line":74,"column":7}},"38":{"start":{"line":79,"column":0},"end":{"line":126,"column":2}},"39":{"start":{"line":80,"column":2},"end":{"line":125,"column":3}},"40":{"start":{"line":81,"column":30},"end":{"line":81,"column":38}},"41":{"start":{"line":83,"column":20},"end":{"line":88,"column":5}},"42":{"start":{"line":90,"column":19},"end":{"line":90,"column":48}},"43":{"start":{"line":91,"column":4},"end":{"line":91,"column":78}},"44":{"start":{"line":91,"column":17},"end":{"line":91,"column":78}},"45":{"start":{"line":93,"column":23},"end":{"line":93,"column":90}},"46":{"start":{"line":94,"column":4},"end":{"line":100,"column":5}},"47":{"start":{"line":96,"column":6},"end":{"line":99,"column":9}},"48":{"start":{"line":101,"column":17},"end":{"line":101,"column":35}},"49":{"start":{"line":103,"column":23},"end":{"line":103,"column":61}},"50":{"start":{"line":104,"column":22},"end":{"line":104,"column":82}},"51":{"start":{"line":105,"column":22},"end":{"line":105,"column":52}},"52":{"start":{"line":107,"column":4},"end":{"line":110,"column":6}},"53":{"start":{"line":112,"column":28},"end":{"line":112,"column":79}},"54":{"start":{"line":113,"column":21},"end":{"line":113,"column":76}},"55":{"start":{"line":114,"column":20},"end":{"line":114,"column":54}},"56":{"start":{"line":115,"column":25},"end":{"line":115,"column":199}},"57":{"start":{"line":117,"column":4},"end":{"line":117,"column":67}},"58":{"start":{"line":119,"column":4},"end":{"line":122,"column":7}},"59":{"start":{"line":124,"column":4},"end":{"line":124,"column":80}},"60":{"start":{"line":129,"column":0},"end":{"line":165,"column":2}},"61":{"start":{"line":130,"column":2},"end":{"line":164,"column":3}},"62":{"start":{"line":131,"column":33},"end":{"line":131,"column":41}},"63":{"start":{"line":133,"column":22},"end":{"line":133,"column":77}},"64":{"start":{"line":135,"column":24},"end":{"line":138,"column":5}},"65":{"start":{"line":140,"column":4},"end":{"line":142,"column":5}},"66":{"start":{"line":141,"column":6},"end":{"line":141,"column":78}},"67":{"start":{"line":143,"column":22},"end":{"line":143,"column":41}},"68":{"start":{"line":144,"column":17},"end":{"line":144,"column":41}},"69":{"start":{"line":145,"column":26},"end":{"line":145,"column":60}},"70":{"start":{"line":147,"column":20},"end":{"line":152,"column":5}},"71":{"start":{"line":153,"column":19},"end":{"line":153,"column":44}},"72":{"start":{"line":154,"column":4},"end":{"line":157,"column":7}},"73":{"start":{"line":159,"column":4},"end":{"line":159,"column":86}},"74":{"start":{"line":161,"column":4},"end":{"line":161,"column":71}},"75":{"start":{"line":163,"column":4},"end":{"line":163,"column":90}}},"fnMap":{"0":{"name":"(anonymous_0)","decl":{"start":{"line":11,"column":16},"end":{"line":11,"column":17}},"loc":{"start":{"line":11,"column":36},"end":{"line":76,"column":1}},"line":11},"1":{"name":"(anonymous_1)","decl":{"start":{"line":79,"column":25},"end":{"line":79,"column":26}},"loc":{"start":{"line":79,"column":45},"end":{"line":126,"column":1}},"line":79},"2":{"name":"(anonymous_2)","decl":{"start":{"line":129,"column":24},"end":{"line":129,"column":25}},"loc":{"start":{"line":129,"column":44},"end":{"line":165,"column":1}},"line":129}},"branchMap":{"0":{"loc":{"start":{"line":14,"column":4},"end":{"line":16,"column":5}},"type":"if","locations":[{"start":{"line":14,"column":4},"end":{"line":16,"column":5}},{"start":{},"end":{}}],"line":14},"1":{"loc":{"start":{"line":14,"column":8},"end":{"line":14,"column":35}},"type":"binary-expr","locations":[{"start":{"line":14,"column":8},"end":{"line":14,"column":14}},{"start":{"line":14,"column":18},"end":{"line":14,"column":24}},{"start":{"line":14,"column":28},"end":{"line":14,"column":35}}],"line":14},"2":{"loc":{"start":{"line":18,"column":4},"end":{"line":35,"column":5}},"type":"if","locations":[{"start":{"line":18,"column":4},"end":{"line":35,"column":5}},{"start":{},"end":{}}],"line":18},"3":{"loc":{"start":{"line":20,"column":6},"end":{"line":34,"column":7}},"type":"if","locations":[{"start":{"line":20,"column":6},"end":{"line":34,"column":7}},{"start":{},"end":{}}],"line":20},"4":{"loc":{"start":{"line":23,"column":8},"end":{"line":25,"column":9}},"type":"if","locations":[{"start":{"line":23,"column":8},"end":{"line":25,"column":9}},{"start":{},"end":{}}],"line":23},"5":{"loc":{"start":{"line":27,"column":8},"end":{"line":33,"column":9}},"type":"if","locations":[{"start":{"line":27,"column":8},"end":{"line":33,"column":9}},{"start":{},"end":{}}],"line":27},"6":{"loc":{"start":{"line":27,"column":12},"end":{"line":27,"column":86}},"type":"binary-expr","locations":[{"start":{"line":27,"column":12},"end":{"line":27,"column":53}},{"start":{"line":27,"column":57},"end":{"line":27,"column":86}}],"line":27},"7":{"loc":{"start":{"line":29,"column":10},"end":{"line":32,"column":11}},"type":"if","locations":[{"start":{"line":29,"column":10},"end":{"line":32,"column":11}},{"start":{},"end":{}}],"line":29},"8":{"loc":{"start":{"line":45,"column":4},"end":{"line":49,"column":5}},"type":"if","locations":[{"start":{"line":45,"column":4},"end":{"line":49,"column":5}},{"start":{},"end":{}}],"line":45},"9":{"loc":{"start":{"line":52,"column":4},"end":{"line":56,"column":5}},"type":"if","locations":[{"start":{"line":52,"column":4},"end":{"line":56,"column":5}},{"start":{},"end":{}}],"line":52},"10":{"loc":{"start":{"line":60,"column":4},"end":{"line":64,"column":5}},"type":"if","locations":[{"start":{"line":60,"column":4},"end":{"line":64,"column":5}},{"start":{},"end":{}}],"line":60},"11":{"loc":{"start":{"line":91,"column":4},"end":{"line":91,"column":78}},"type":"if","locations":[{"start":{"line":91,"column":4},"end":{"line":91,"column":78}},{"start":{},"end":{}}],"line":91},"12":{"loc":{"start":{"line":94,"column":4},"end":{"line":100,"column":5}},"type":"if","locations":[{"start":{"line":94,"column":4},"end":{"line":100,"column":5}},{"start":{},"end":{}}],"line":94},"13":{"loc":{"start":{"line":112,"column":28},"end":{"line":112,"column":79}},"type":"binary-expr","locations":[{"start":{"line":112,"column":28},"end":{"line":112,"column":52}},{"start":{"line":112,"column":56},"end":{"line":112,"column":79}}],"line":112},"14":{"loc":{"start":{"line":140,"column":4},"end":{"line":142,"column":5}},"type":"if","locations":[{"start":{"line":140,"column":4},"end":{"line":142,"column":5}},{"start":{},"end":{}}],"line":140}},"s":{"0":1,"1":1,"2":1,"3":1,"4":1,"5":1,"6":1,"7":1,"8":5,"9":5,"10":5,"11":0,"12":5,"13":3,"14":3,"15":3,"16":3,"17":1,"18":2,"19":2,"20":2,"21":1,"22":1,"23":3,"24":3,"25":3,"26":0,"27":3,"28":3,"29":0,"30":3,"31":3,"32":3,"33":1,"34":2,"35":2,"36":2,"37":0,"38":1,"39":2,"40":2,"41":2,"42":2,"43":2,"44":0,"45":2,"46":2,"47":1,"48":1,"49":1,"50":1,"51":1,"52":1,"53":1,"54":1,"55":1,"56":1,"57":1,"58":1,"59":0,"60":1,"61":2,"62":2,"63":2,"64":2,"65":2,"66":1,"67":1,"68":1,"69":1,"70":1,"71":1,"72":1,"73":1,"74":1,"75":0},"f":{"0":5,"1":2,"2":2},"b":{"0":[0,5],"1":[5,5,5],"2":[3,2],"3":[3,0],"4":[1,2],"5":[2,0],"6":[2,2],"7":[1,1],"8":[0,3],"9":[0,3],"10":[1,2],"11":[0,2],"12":[1,1],"13":[1,0],"14":[1,1]},"_coverageSchema":"1a1c01bbd47fc00a2c39e90264f33305004495a9","hash":"73b6c0bbdc6219d764f048bace2d0d1f0b9e58cc"}
,"C:\\Users\\Maria Luiza\\Desktop\\portfolio\\portfolio\\backend\\src\\controllers\\auxiliarController.js": {"path":"C:\\Users\\Maria Luiza\\Desktop\\portfolio\\portfolio\\backend\\src\\controllers\\auxiliarController.js","statementMap":{"0":{"start":{"line":1,"column":17},"end":{"line":1,"column":51}},"1":{"start":{"line":2,"column":11},"end":{"line":2,"column":40}},"2":{"start":{"line":3,"column":15},"end":{"line":3,"column":34}},"3":{"start":{"line":5,"column":0},"end":{"line":27,"column":2}},"4":{"start":{"line":6,"column":2},"end":{"line":26,"column":3}},"5":{"start":{"line":7,"column":28},"end":{"line":7,"column":39}},"6":{"start":{"line":9,"column":26},"end":{"line":12,"column":5}},"7":{"start":{"line":14,"column":25},"end":{"line":14,"column":61}},"8":{"start":{"line":15,"column":4},"end":{"line":18,"column":7}},"9":{"start":{"line":20,"column":4},"end":{"line":24,"column":5}},"10":{"start":{"line":21,"column":6},"end":{"line":23,"column":9}},"11":{"start":{"line":25,"column":4},"end":{"line":25,"column":90}},"12":{"start":{"line":29,"column":0},"end":{"line":47,"column":2}},"13":{"start":{"line":30,"column":2},"end":{"line":46,"column":3}},"14":{"start":{"line":31,"column":35},"end":{"line":31,"column":44}},"15":{"start":{"line":32,"column":19},"end":{"line":32,"column":29}},"16":{"start":{"line":34,"column":20},"end":{"line":34,"column":45}},"17":{"start":{"line":35,"column":20},"end":{"line":35,"column":46}},"18":{"start":{"line":37,"column":23},"end":{"line":37,"column":25}},"19":{"start":{"line":38,"column":4},"end":{"line":40,"column":5}},"20":{"start":{"line":39,"column":6},"end":{"line":39,"column":75}},"21":{"start":{"line":42,"column":19},"end":{"line":42,"column":91}},"22":{"start":{"line":43,"column":4},"end":{"line":43,"column":33}},"23":{"start":{"line":45,"column":4},"end":{"line":45,"column":89}},"24":{"start":{"line":49,"column":0},"end":{"line":122,"column":2}},"25":{"start":{"line":50,"column":2},"end":{"line":121,"column":3}},"26":{"start":{"line":51,"column":31},"end":{"line":51,"column":41}},"27":{"start":{"line":52,"column":44},"end":{"line":52,"column":52}},"28":{"start":{"line":54,"column":4},"end":{"line":58,"column":5}},"29":{"start":{"line":55,"column":6},"end":{"line":57,"column":81}},"30":{"start":{"line":60,"column":61},"end":{"line":60,"column":69}},"31":{"start":{"line":62,"column":27},"end":{"line":62,"column":29}},"32":{"start":{"line":63,"column":19},"end":{"line":63,"column":21}},"33":{"start":{"line":64,"column":21},"end":{"line":64,"column":22}},"34":{"start":{"line":66,"column":4},"end":{"line":69,"column":5}},"35":{"start":{"line":67,"column":6},"end":{"line":67,"column":53}},"36":{"start":{"line":68,"column":6},"end":{"line":68,"column":24}},"37":{"start":{"line":70,"column":4},"end":{"line":73,"column":5}},"38":{"start":{"line":71,"column":6},"end":{"line":71,"column":54}},"39":{"start":{"line":72,"column":6},"end":{"line":72,"column":25}},"40":{"start":{"line":74,"column":4},"end":{"line":77,"column":5}},"41":{"start":{"line":75,"column":6},"end":{"line":75,"column":57}},"42":{"start":{"line":76,"column":6},"end":{"line":76,"column":28}},"43":{"start":{"line":78,"column":4},"end":{"line":81,"column":5}},"44":{"start":{"line":79,"column":6},"end":{"line":79,"column":65}},"45":{"start":{"line":80,"column":6},"end":{"line":80,"column":34}},"46":{"start":{"line":83,"column":4},"end":{"line":88,"column":5}},"47":{"start":{"line":84,"column":19},"end":{"line":84,"column":43}},"48":{"start":{"line":85,"column":24},"end":{"line":85,"column":54}},"49":{"start":{"line":86,"column":6},"end":{"line":86,"column":54}},"50":{"start":{"line":87,"column":6},"end":{"line":87,"column":29}},"51":{"start":{"line":90,"column":4},"end":{"line":90,"column":54}},"52":{"start":{"line":92,"column":4},"end":{"line":96,"column":5}},"53":{"start":{"line":93,"column":6},"end":{"line":95,"column":81}},"54":{"start":{"line":98,"column":4},"end":{"line":98,"column":28}},"55":{"start":{"line":99,"column":27},"end":{"line":99,"column":54}},"56":{"start":{"line":101,"column":18},"end":{"line":106,"column":5}},"57":{"start":{"line":108,"column":21},"end":{"line":108,"column":50}},"58":{"start":{"line":110,"column":4},"end":{"line":112,"column":5}},"59":{"start":{"line":111,"column":6},"end":{"line":111,"column":75}},"60":{"start":{"line":114,"column":4},"end":{"line":114,"column":87}},"61":{"start":{"line":116,"column":4},"end":{"line":118,"column":5}},"62":{"start":{"line":117,"column":6},"end":{"line":117,"column":96}},"63":{"start":{"line":119,"column":4},"end":{"line":119,"column":56}},"64":{"start":{"line":120,"column":4},"end":{"line":120,"column":99}},"65":{"start":{"line":124,"column":0},"end":{"line":145,"column":2}},"66":{"start":{"line":125,"column":2},"end":{"line":144,"column":3}},"67":{"start":{"line":126,"column":31},"end":{"line":126,"column":41}},"68":{"start":{"line":127,"column":28},"end":{"line":127,"column":39}},"69":{"start":{"line":129,"column":21},"end":{"line":129,"column":56}},"70":{"start":{"line":130,"column":4},"end":{"line":132,"column":5}},"71":{"start":{"line":131,"column":6},"end":{"line":131,"column":75}},"72":{"start":{"line":134,"column":4},"end":{"line":138,"column":5}},"73":{"start":{"line":135,"column":6},"end":{"line":137,"column":96}},"74":{"start":{"line":140,"column":4},"end":{"line":140,"column":38}},"75":{"start":{"line":141,"column":4},"end":{"line":141,"column":72}},"76":{"start":{"line":143,"column":4},"end":{"line":143,"column":88}},"77":{"start":{"line":147,"column":0},"end":{"line":175,"column":2}},"78":{"start":{"line":148,"column":2},"end":{"line":174,"column":3}},"79":{"start":{"line":149,"column":20},"end":{"line":149,"column":28}},"80":{"start":{"line":150,"column":44},"end":{"line":150,"column":52}},"81":{"start":{"line":152,"column":4},"end":{"line":154,"column":5}},"82":{"start":{"line":153,"column":6},"end":{"line":153,"column":95}},"83":{"start":{"line":156,"column":4},"end":{"line":168,"column":5}},"84":{"start":{"line":157,"column":35},"end":{"line":160,"column":7}},"85":{"start":{"line":161,"column":6},"end":{"line":167,"column":7}},"86":{"start":{"line":162,"column":8},"end":{"line":166,"column":9}},"87":{"start":{"line":163,"column":10},"end":{"line":165,"column":96}},"88":{"start":{"line":170,"column":4},"end":{"line":170,"column":36}},"89":{"start":{"line":171,"column":4},"end":{"line":171,"column":95}},"90":{"start":{"line":173,"column":4},"end":{"line":173,"column":91}},"91":{"start":{"line":177,"column":0},"end":{"line":190,"column":2}},"92":{"start":{"line":178,"column":2},"end":{"line":189,"column":3}},"93":{"start":{"line":179,"column":23},"end":{"line":179,"column":34}},"94":{"start":{"line":180,"column":21},"end":{"line":180,"column":56}},"95":{"start":{"line":182,"column":4},"end":{"line":184,"column":5}},"96":{"start":{"line":183,"column":6},"end":{"line":183,"column":75}},"97":{"start":{"line":186,"column":4},"end":{"line":186,"column":35}},"98":{"start":{"line":188,"column":4},"end":{"line":188,"column":97}},"99":{"start":{"line":192,"column":0},"end":{"line":216,"column":2}},"100":{"start":{"line":193,"column":2},"end":{"line":215,"column":3}},"101":{"start":{"line":194,"column":23},"end":{"line":194,"column":34}},"102":{"start":{"line":196,"column":22},"end":{"line":196,"column":99}},"103":{"start":{"line":198,"column":4},"end":{"line":200,"column":5}},"104":{"start":{"line":199,"column":6},"end":{"line":199,"column":99}},"105":{"start":{"line":201,"column":21},"end":{"line":201,"column":47}},"106":{"start":{"line":203,"column":25},"end":{"line":206,"column":5}},"107":{"start":{"line":208,"column":4},"end":{"line":210,"column":5}},"108":{"start":{"line":209,"column":6},"end":{"line":209,"column":83}},"109":{"start":{"line":212,"column":4},"end":{"line":212,"column":47}},"110":{"start":{"line":214,"column":4},"end":{"line":214,"column":80}}},"fnMap":{"0":{"name":"(anonymous_0)","decl":{"start":{"line":5,"column":25},"end":{"line":5,"column":26}},"loc":{"start":{"line":5,"column":45},"end":{"line":27,"column":1}},"line":5},"1":{"name":"(anonymous_1)","decl":{"start":{"line":29,"column":27},"end":{"line":29,"column":28}},"loc":{"start":{"line":29,"column":47},"end":{"line":47,"column":1}},"line":29},"2":{"name":"(anonymous_2)","decl":{"start":{"line":49,"column":25},"end":{"line":49,"column":26}},"loc":{"start":{"line":49,"column":45},"end":{"line":122,"column":1}},"line":49},"3":{"name":"(anonymous_3)","decl":{"start":{"line":124,"column":25},"end":{"line":124,"column":26}},"loc":{"start":{"line":124,"column":45},"end":{"line":145,"column":1}},"line":124},"4":{"name":"(anonymous_4)","decl":{"start":{"line":147,"column":33},"end":{"line":147,"column":34}},"loc":{"start":{"line":147,"column":53},"end":{"line":175,"column":1}},"line":147},"5":{"name":"(anonymous_5)","decl":{"start":{"line":177,"column":16},"end":{"line":177,"column":17}},"loc":{"start":{"line":177,"column":36},"end":{"line":190,"column":1}},"line":177},"6":{"name":"(anonymous_6)","decl":{"start":{"line":192,"column":32},"end":{"line":192,"column":33}},"loc":{"start":{"line":192,"column":52},"end":{"line":216,"column":1}},"line":192}},"branchMap":{"0":{"loc":{"start":{"line":20,"column":4},"end":{"line":24,"column":5}},"type":"if","locations":[{"start":{"line":20,"column":4},"end":{"line":24,"column":5}},{"start":{},"end":{}}],"line":20},"1":{"loc":{"start":{"line":20,"column":8},"end":{"line":20,"column":75}},"type":"binary-expr","locations":[{"start":{"line":20,"column":8},"end":{"line":20,"column":30}},{"start":{"line":20,"column":34},"end":{"line":20,"column":75}}],"line":20},"2":{"loc":{"start":{"line":34,"column":29},"end":{"line":34,"column":40}},"type":"binary-expr","locations":[{"start":{"line":34,"column":29},"end":{"line":34,"column":33}},{"start":{"line":34,"column":37},"end":{"line":34,"column":40}}],"line":34},"3":{"loc":{"start":{"line":35,"column":29},"end":{"line":35,"column":41}},"type":"binary-expr","locations":[{"start":{"line":35,"column":29},"end":{"line":35,"column":33}},{"start":{"line":35,"column":37},"end":{"line":35,"column":41}}],"line":35},"4":{"loc":{"start":{"line":38,"column":4},"end":{"line":40,"column":5}},"type":"if","locations":[{"start":{"line":38,"column":4},"end":{"line":40,"column":5}},{"start":{},"end":{}}],"line":38},"5":{"loc":{"start":{"line":39,"column":21},"end":{"line":39,"column":74}},"type":"cond-expr","locations":[{"start":{"line":39,"column":45},"end":{"line":39,"column":65}},{"start":{"line":39,"column":68},"end":{"line":39,"column":74}}],"line":39},"6":{"loc":{"start":{"line":54,"column":4},"end":{"line":58,"column":5}},"type":"if","locations":[{"start":{"line":54,"column":4},"end":{"line":58,"column":5}},{"start":{},"end":{}}],"line":54},"7":{"loc":{"start":{"line":54,"column":8},"end":{"line":54,"column":63}},"type":"binary-expr","locations":[{"start":{"line":54,"column":8},"end":{"line":54,"column":29}},{"start":{"line":54,"column":33},"end":{"line":54,"column":63}}],"line":54},"8":{"loc":{"start":{"line":66,"column":4},"end":{"line":69,"column":5}},"type":"if","locations":[{"start":{"line":66,"column":4},"end":{"line":69,"column":5}},{"start":{},"end":{}}],"line":66},"9":{"loc":{"start":{"line":70,"column":4},"end":{"line":73,"column":5}},"type":"if","locations":[{"start":{"line":70,"column":4},"end":{"line":73,"column":5}},{"start":{},"end":{}}],"line":70},"10":{"loc":{"start":{"line":74,"column":4},"end":{"line":77,"column":5}},"type":"if","locations":[{"start":{"line":74,"column":4},"end":{"line":77,"column":5}},{"start":{},"end":{}}],"line":74},"11":{"loc":{"start":{"line":78,"column":4},"end":{"line":81,"column":5}},"type":"if","locations":[{"start":{"line":78,"column":4},"end":{"line":81,"column":5}},{"start":{},"end":{}}],"line":78},"12":{"loc":{"start":{"line":83,"column":4},"end":{"line":88,"column":5}},"type":"if","locations":[{"start":{"line":83,"column":4},"end":{"line":88,"column":5}},{"start":{},"end":{}}],"line":83},"13":{"loc":{"start":{"line":83,"column":8},"end":{"line":83,"column":33}},"type":"binary-expr","locations":[{"start":{"line":83,"column":8},"end":{"line":83,"column":13}},{"start":{"line":83,"column":17},"end":{"line":83,"column":33}}],"line":83},"14":{"loc":{"start":{"line":92,"column":4},"end":{"line":96,"column":5}},"type":"if","locations":[{"start":{"line":92,"column":4},"end":{"line":96,"column":5}},{"start":{},"end":{}}],"line":92},"15":{"loc":{"start":{"line":110,"column":4},"end":{"line":112,"column":5}},"type":"if","locations":[{"start":{"line":110,"column":4},"end":{"line":112,"column":5}},{"start":{},"end":{}}],"line":110},"16":{"loc":{"start":{"line":116,"column":4},"end":{"line":118,"column":5}},"type":"if","locations":[{"start":{"line":116,"column":4},"end":{"line":118,"column":5}},{"start":{},"end":{}}],"line":116},"17":{"loc":{"start":{"line":116,"column":8},"end":{"line":116,"column":75}},"type":"binary-expr","locations":[{"start":{"line":116,"column":8},"end":{"line":116,"column":30}},{"start":{"line":116,"column":34},"end":{"line":116,"column":75}}],"line":116},"18":{"loc":{"start":{"line":130,"column":4},"end":{"line":132,"column":5}},"type":"if","locations":[{"start":{"line":130,"column":4},"end":{"line":132,"column":5}},{"start":{},"end":{}}],"line":130},"19":{"loc":{"start":{"line":134,"column":4},"end":{"line":138,"column":5}},"type":"if","locations":[{"start":{"line":134,"column":4},"end":{"line":138,"column":5}},{"start":{},"end":{}}],"line":134},"20":{"loc":{"start":{"line":152,"column":4},"end":{"line":154,"column":5}},"type":"if","locations":[{"start":{"line":152,"column":4},"end":{"line":154,"column":5}},{"start":{},"end":{}}],"line":152},"21":{"loc":{"start":{"line":152,"column":8},"end":{"line":152,"column":55}},"type":"binary-expr","locations":[{"start":{"line":152,"column":8},"end":{"line":152,"column":12}},{"start":{"line":152,"column":16},"end":{"line":152,"column":35}},{"start":{"line":152,"column":39},"end":{"line":152,"column":55}}],"line":152},"22":{"loc":{"start":{"line":156,"column":4},"end":{"line":168,"column":5}},"type":"if","locations":[{"start":{"line":156,"column":4},"end":{"line":168,"column":5}},{"start":{},"end":{}}],"line":156},"23":{"loc":{"start":{"line":162,"column":8},"end":{"line":166,"column":9}},"type":"if","locations":[{"start":{"line":162,"column":8},"end":{"line":166,"column":9}},{"start":{},"end":{}}],"line":162},"24":{"loc":{"start":{"line":182,"column":4},"end":{"line":184,"column":5}},"type":"if","locations":[{"start":{"line":182,"column":4},"end":{"line":184,"column":5}},{"start":{},"end":{}}],"line":182},"25":{"loc":{"start":{"line":198,"column":4},"end":{"line":200,"column":5}},"type":"if","locations":[{"start":{"line":198,"column":4},"end":{"line":200,"column":5}},{"start":{},"end":{}}],"line":198},"26":{"loc":{"start":{"line":198,"column":8},"end":{"line":198,"column":66}},"type":"binary-expr","locations":[{"start":{"line":198,"column":8},"end":{"line":198,"column":35}},{"start":{"line":198,"column":39},"end":{"line":198,"column":66}}],"line":198},"27":{"loc":{"start":{"line":208,"column":4},"end":{"line":210,"column":5}},"type":"if","locations":[{"start":{"line":208,"column":4},"end":{"line":210,"column":5}},{"start":{},"end":{}}],"line":208}},"s":{"0":1,"1":1,"2":1,"3":1,"4":3,"5":3,"6":3,"7":3,"8":1,"9":2,"10":1,"11":1,"12":1,"13":2,"14":2,"15":2,"16":2,"17":2,"18":2,"19":2,"20":0,"21":2,"22":1,"23":1,"24":1,"25":5,"26":5,"27":5,"28":5,"29":1,"30":4,"31":4,"32":4,"33":4,"34":4,"35":2,"36":2,"37":4,"38":1,"39":1,"40":4,"41":0,"42":0,"43":4,"44":0,"45":0,"46":4,"47":0,"48":0,"49":0,"50":0,"51":4,"52":4,"53":1,"54":3,"55":3,"56":3,"57":3,"58":1,"59":0,"60":1,"61":2,"62":1,"63":1,"64":1,"65":1,"66":4,"67":4,"68":4,"69":4,"70":3,"71":1,"72":2,"73":1,"74":1,"75":1,"76":1,"77":1,"78":4,"79":4,"80":4,"81":4,"82":1,"83":3,"84":3,"85":2,"86":4,"87":1,"88":1,"89":1,"90":1,"91":1,"92":3,"93":3,"94":3,"95":2,"96":1,"97":1,"98":1,"99":1,"100":4,"101":4,"102":4,"103":3,"104":1,"105":2,"106":2,"107":2,"108":1,"109":1,"110":1},"f":{"0":3,"1":2,"2":5,"3":4,"4":4,"5":3,"6":4},"b":{"0":[1,1],"1":[2,1],"2":[2,2],"3":[2,2],"4":[0,2],"5":[0,0],"6":[1,4],"7":[5,5],"8":[2,2],"9":[1,3],"10":[0,4],"11":[0,4],"12":[0,4],"13":[4,0],"14":[1,3],"15":[0,1],"16":[1,1],"17":[2,1],"18":[1,2],"19":[1,1],"20":[1,3],"21":[4,4,4],"22":[3,0],"23":[1,3],"24":[1,1],"25":[1,2],"26":[3,3],"27":[1,1]},"_coverageSchema":"1a1c01bbd47fc00a2c39e90264f33305004495a9","hash":"a04d3b474a380a8fb3681a4b576670b412ed4fe9"}
,"C:\\Users\\Maria Luiza\\Desktop\\portfolio\\portfolio\\backend\\src\\controllers\\consultaController.js": {"path":"C:\\Users\\Maria Luiza\\Desktop\\portfolio\\portfolio\\backend\\src\\controllers\\consultaController.js","statementMap":{"0":{"start":{"line":1,"column":28},"end":{"line":1,"column":70}},"1":{"start":{"line":2,"column":11},"end":{"line":2,"column":40}},"2":{"start":{"line":3,"column":34},"end":{"line":3,"column":63}},"3":{"start":{"line":5,"column":17},"end":{"line":5,"column":51}},"4":{"start":{"line":6,"column":15},"end":{"line":6,"column":47}},"5":{"start":{"line":7,"column":17},"end":{"line":7,"column":51}},"6":{"start":{"line":8,"column":17},"end":{"line":8,"column":51}},"7":{"start":{"line":11,"column":0},"end":{"line":165,"column":2}},"8":{"start":{"line":12,"column":2},"end":{"line":164,"column":3}},"9":{"start":{"line":13,"column":44},"end":{"line":13,"column":52}},"10":{"start":{"line":14,"column":27},"end":{"line":14,"column":35}},"11":{"start":{"line":16,"column":4},"end":{"line":18,"column":5}},"12":{"start":{"line":17,"column":6},"end":{"line":17,"column":87}},"13":{"start":{"line":20,"column":18},"end":{"line":20,"column":28}},"14":{"start":{"line":21,"column":33},"end":{"line":21,"column":60}},"15":{"start":{"line":24,"column":4},"end":{"line":29,"column":5}},"16":{"start":{"line":25,"column":6},"end":{"line":28,"column":9}},"17":{"start":{"line":35,"column":4},"end":{"line":62,"column":5}},"18":{"start":{"line":36,"column":6},"end":{"line":36,"column":35}},"19":{"start":{"line":37,"column":6},"end":{"line":37,"column":35}},"20":{"start":{"line":38,"column":6},"end":{"line":38,"column":57}},"21":{"start":{"line":39,"column":6},"end":{"line":40,"column":93}},"22":{"start":{"line":40,"column":8},"end":{"line":40,"column":93}},"23":{"start":{"line":41,"column":11},"end":{"line":62,"column":5}},"24":{"start":{"line":42,"column":6},"end":{"line":42,"column":33}},"25":{"start":{"line":43,"column":6},"end":{"line":43,"column":39}},"26":{"start":{"line":44,"column":6},"end":{"line":44,"column":59}},"27":{"start":{"line":45,"column":6},"end":{"line":46,"column":97}},"28":{"start":{"line":46,"column":8},"end":{"line":46,"column":97}},"29":{"start":{"line":47,"column":11},"end":{"line":62,"column":5}},"30":{"start":{"line":48,"column":23},"end":{"line":48,"column":63}},"31":{"start":{"line":49,"column":6},"end":{"line":52,"column":87}},"32":{"start":{"line":50,"column":8},"end":{"line":52,"column":87}},"33":{"start":{"line":53,"column":6},"end":{"line":53,"column":35}},"34":{"start":{"line":54,"column":6},"end":{"line":54,"column":39}},"35":{"start":{"line":55,"column":6},"end":{"line":55,"column":59}},"36":{"start":{"line":56,"column":6},"end":{"line":57,"column":97}},"37":{"start":{"line":57,"column":8},"end":{"line":57,"column":97}},"38":{"start":{"line":59,"column":6},"end":{"line":61,"column":81}},"39":{"start":{"line":64,"column":4},"end":{"line":64,"column":45}},"40":{"start":{"line":65,"column":4},"end":{"line":67,"column":5}},"41":{"start":{"line":66,"column":6},"end":{"line":66,"column":90}},"42":{"start":{"line":68,"column":28},"end":{"line":68,"column":63}},"43":{"start":{"line":70,"column":25},"end":{"line":70,"column":96}},"44":{"start":{"line":71,"column":4},"end":{"line":75,"column":5}},"45":{"start":{"line":72,"column":6},"end":{"line":74,"column":86}},"46":{"start":{"line":77,"column":33},"end":{"line":82,"column":5}},"47":{"start":{"line":83,"column":4},"end":{"line":85,"column":5}},"48":{"start":{"line":84,"column":6},"end":{"line":84,"column":89}},"49":{"start":{"line":87,"column":35},"end":{"line":92,"column":5}},"50":{"start":{"line":93,"column":4},"end":{"line":95,"column":5}},"51":{"start":{"line":94,"column":6},"end":{"line":94,"column":91}},"52":{"start":{"line":97,"column":26},"end":{"line":103,"column":5}},"53":{"start":{"line":105,"column":25},"end":{"line":105,"column":61}},"54":{"start":{"line":106,"column":4},"end":{"line":106,"column":47}},"55":{"start":{"line":107,"column":4},"end":{"line":107,"column":47}},"56":{"start":{"line":109,"column":4},"end":{"line":109,"column":51}},"57":{"start":{"line":110,"column":4},"end":{"line":156,"column":5}},"58":{"start":{"line":111,"column":6},"end":{"line":132,"column":7}},"59":{"start":{"line":113,"column":24},"end":{"line":113,"column":72}},"60":{"start":{"line":114,"column":30},"end":{"line":114,"column":70}},"61":{"start":{"line":115,"column":29},"end":{"line":124,"column":17}},"62":{"start":{"line":127,"column":8},"end":{"line":131,"column":11}},"63":{"start":{"line":133,"column":11},"end":{"line":156,"column":5}},"64":{"start":{"line":134,"column":6},"end":{"line":155,"column":7}},"65":{"start":{"line":136,"column":24},"end":{"line":136,"column":70}},"66":{"start":{"line":137,"column":30},"end":{"line":137,"column":70}},"67":{"start":{"line":138,"column":29},"end":{"line":147,"column":17}},"68":{"start":{"line":150,"column":8},"end":{"line":154,"column":11}},"69":{"start":{"line":158,"column":4},"end":{"line":161,"column":7}},"70":{"start":{"line":163,"column":4},"end":{"line":163,"column":90}},"71":{"start":{"line":168,"column":0},"end":{"line":206,"column":2}},"72":{"start":{"line":169,"column":2},"end":{"line":205,"column":3}},"73":{"start":{"line":170,"column":48},"end":{"line":170,"column":57}},"74":{"start":{"line":171,"column":44},"end":{"line":171,"column":52}},"75":{"start":{"line":173,"column":20},"end":{"line":173,"column":45}},"76":{"start":{"line":174,"column":20},"end":{"line":174,"column":46}},"77":{"start":{"line":176,"column":25},"end":{"line":176,"column":27}},"78":{"start":{"line":178,"column":4},"end":{"line":190,"column":5}},"79":{"start":{"line":179,"column":6},"end":{"line":179,"column":60}},"80":{"start":{"line":180,"column":11},"end":{"line":190,"column":5}},"81":{"start":{"line":181,"column":6},"end":{"line":181,"column":58}},"82":{"start":{"line":182,"column":11},"end":{"line":190,"column":5}},"83":{"start":{"line":183,"column":23},"end":{"line":183,"column":63}},"84":{"start":{"line":184,"column":6},"end":{"line":188,"column":7}},"85":{"start":{"line":185,"column":8},"end":{"line":187,"column":11}},"86":{"start":{"line":189,"column":6},"end":{"line":189,"column":60}},"87":{"start":{"line":192,"column":28},"end":{"line":192,"column":42}},"88":{"start":{"line":193,"column":4},"end":{"line":196,"column":5}},"89":{"start":{"line":194,"column":25},"end":{"line":194,"column":78}},"90":{"start":{"line":195,"column":6},"end":{"line":195,"column":64}},"91":{"start":{"line":198,"column":19},"end":{"line":201,"column":6}},"92":{"start":{"line":202,"column":4},"end":{"line":202,"column":33}},"93":{"start":{"line":204,"column":4},"end":{"line":204,"column":88}},"94":{"start":{"line":209,"column":0},"end":{"line":244,"column":2}},"95":{"start":{"line":210,"column":2},"end":{"line":243,"column":3}},"96":{"start":{"line":211,"column":19},"end":{"line":211,"column":29}},"97":{"start":{"line":212,"column":49},"end":{"line":212,"column":57}},"98":{"start":{"line":214,"column":4},"end":{"line":234,"column":5}},"99":{"start":{"line":215,"column":35},"end":{"line":215,"column":89}},"100":{"start":{"line":216,"column":6},"end":{"line":221,"column":7}},"101":{"start":{"line":217,"column":8},"end":{"line":220,"column":11}},"102":{"start":{"line":222,"column":37},"end":{"line":227,"column":7}},"103":{"start":{"line":228,"column":6},"end":{"line":233,"column":7}},"104":{"start":{"line":229,"column":8},"end":{"line":232,"column":11}},"105":{"start":{"line":236,"column":23},"end":{"line":236,"column":58}},"106":{"start":{"line":237,"column":4},"end":{"line":239,"column":5}},"107":{"start":{"line":238,"column":6},"end":{"line":238,"column":74}},"108":{"start":{"line":240,"column":4},"end":{"line":240,"column":92}},"109":{"start":{"line":242,"column":4},"end":{"line":242,"column":90}},"110":{"start":{"line":247,"column":0},"end":{"line":323,"column":2}},"111":{"start":{"line":248,"column":2},"end":{"line":322,"column":3}},"112":{"start":{"line":249,"column":31},"end":{"line":249,"column":41}},"113":{"start":{"line":250,"column":44},"end":{"line":250,"column":52}},"114":{"start":{"line":252,"column":21},"end":{"line":252,"column":56}},"115":{"start":{"line":253,"column":21},"end":{"line":253,"column":66}},"116":{"start":{"line":254,"column":19},"end":{"line":254,"column":60}},"117":{"start":{"line":256,"column":4},"end":{"line":258,"column":5}},"118":{"start":{"line":257,"column":6},"end":{"line":257,"column":75}},"119":{"start":{"line":260,"column":18},"end":{"line":260,"column":28}},"120":{"start":{"line":261,"column":29},"end":{"line":261,"column":74}},"121":{"start":{"line":262,"column":36},"end":{"line":262,"column":72}},"122":{"start":{"line":264,"column":4},"end":{"line":275,"column":5}},"123":{"start":{"line":265,"column":26},"end":{"line":265,"column":71}},"124":{"start":{"line":266,"column":6},"end":{"line":270,"column":7}},"125":{"start":{"line":267,"column":8},"end":{"line":269,"column":11}},"126":{"start":{"line":271,"column":11},"end":{"line":275,"column":5}},"127":{"start":{"line":272,"column":6},"end":{"line":274,"column":85}},"128":{"start":{"line":277,"column":27},"end":{"line":277,"column":92}},"129":{"start":{"line":278,"column":25},"end":{"line":278,"column":86}},"130":{"start":{"line":279,"column":29},"end":{"line":279,"column":34}},"131":{"start":{"line":280,"column":4},"end":{"line":285,"column":5}},"132":{"start":{"line":281,"column":23},"end":{"line":281,"column":63}},"133":{"start":{"line":282,"column":6},"end":{"line":284,"column":7}},"134":{"start":{"line":283,"column":8},"end":{"line":283,"column":34}},"135":{"start":{"line":287,"column":4},"end":{"line":291,"column":5}},"136":{"start":{"line":288,"column":6},"end":{"line":290,"column":97}},"137":{"start":{"line":293,"column":4},"end":{"line":297,"column":5}},"138":{"start":{"line":294,"column":6},"end":{"line":296,"column":92}},"139":{"start":{"line":299,"column":26},"end":{"line":299,"column":30}},"140":{"start":{"line":301,"column":4},"end":{"line":305,"column":5}},"141":{"start":{"line":302,"column":6},"end":{"line":302,"column":33}},"142":{"start":{"line":303,"column":11},"end":{"line":305,"column":5}},"143":{"start":{"line":304,"column":6},"end":{"line":304,"column":35}},"144":{"start":{"line":307,"column":30},"end":{"line":307,"column":78}},"145":{"start":{"line":309,"column":4},"end":{"line":317,"column":5}},"146":{"start":{"line":310,"column":22},"end":{"line":310,"column":60}},"147":{"start":{"line":311,"column":27},"end":{"line":311,"column":145}},"148":{"start":{"line":312,"column":6},"end":{"line":312,"column":85}},"149":{"start":{"line":313,"column":11},"end":{"line":317,"column":5}},"150":{"start":{"line":314,"column":22},"end":{"line":314,"column":69}},"151":{"start":{"line":315,"column":27},"end":{"line":315,"column":152}},"152":{"start":{"line":316,"column":6},"end":{"line":316,"column":87}},"153":{"start":{"line":319,"column":4},"end":{"line":319,"column":98}},"154":{"start":{"line":321,"column":4},"end":{"line":321,"column":90}},"155":{"start":{"line":326,"column":0},"end":{"line":372,"column":2}},"156":{"start":{"line":327,"column":2},"end":{"line":371,"column":3}},"157":{"start":{"line":328,"column":31},"end":{"line":328,"column":41}},"158":{"start":{"line":329,"column":44},"end":{"line":329,"column":52}},"159":{"start":{"line":331,"column":21},"end":{"line":331,"column":56}},"160":{"start":{"line":332,"column":4},"end":{"line":334,"column":5}},"161":{"start":{"line":333,"column":6},"end":{"line":333,"column":75}},"162":{"start":{"line":336,"column":35},"end":{"line":341,"column":5}},"163":{"start":{"line":342,"column":4},"end":{"line":346,"column":5}},"164":{"start":{"line":343,"column":6},"end":{"line":345,"column":100}},"165":{"start":{"line":348,"column":4},"end":{"line":363,"column":5}},"166":{"start":{"line":350,"column":6},"end":{"line":354,"column":7}},"167":{"start":{"line":351,"column":8},"end":{"line":353,"column":94}},"168":{"start":{"line":355,"column":11},"end":{"line":363,"column":5}},"169":{"start":{"line":357,"column":23},"end":{"line":357,"column":63}},"170":{"start":{"line":358,"column":6},"end":{"line":362,"column":7}},"171":{"start":{"line":359,"column":8},"end":{"line":361,"column":11}},"172":{"start":{"line":365,"column":30},"end":{"line":365,"column":76}},"173":{"start":{"line":366,"column":4},"end":{"line":366,"column":52}},"174":{"start":{"line":367,"column":4},"end":{"line":367,"column":52}},"175":{"start":{"line":368,"column":4},"end":{"line":368,"column":99}},"176":{"start":{"line":370,"column":4},"end":{"line":370,"column":90}},"177":{"start":{"line":375,"column":0},"end":{"line":462,"column":2}},"178":{"start":{"line":376,"column":2},"end":{"line":461,"column":3}},"179":{"start":{"line":377,"column":31},"end":{"line":377,"column":41}},"180":{"start":{"line":378,"column":44},"end":{"line":378,"column":52}},"181":{"start":{"line":380,"column":21},"end":{"line":380,"column":56}},"182":{"start":{"line":381,"column":4},"end":{"line":381,"column":88}},"183":{"start":{"line":381,"column":19},"end":{"line":381,"column":88}},"184":{"start":{"line":383,"column":18},"end":{"line":383,"column":28}},"185":{"start":{"line":384,"column":30},"end":{"line":384,"column":78}},"186":{"start":{"line":385,"column":30},"end":{"line":385,"column":78}},"187":{"start":{"line":386,"column":29},"end":{"line":386,"column":82}},"188":{"start":{"line":388,"column":4},"end":{"line":397,"column":5}},"189":{"start":{"line":392,"column":6},"end":{"line":392,"column":58}},"190":{"start":{"line":393,"column":6},"end":{"line":396,"column":9}},"191":{"start":{"line":399,"column":29},"end":{"line":399,"column":34}},"192":{"start":{"line":400,"column":20},"end":{"line":400,"column":33}},"193":{"start":{"line":401,"column":20},"end":{"line":401,"column":33}},"194":{"start":{"line":404,"column":4},"end":{"line":446,"column":5}},"195":{"start":{"line":409,"column":6},"end":{"line":421,"column":7}},"196":{"start":{"line":414,"column":8},"end":{"line":414,"column":34}},"197":{"start":{"line":415,"column":13},"end":{"line":421,"column":7}},"198":{"start":{"line":420,"column":8},"end":{"line":420,"column":34}},"199":{"start":{"line":424,"column":9},"end":{"line":446,"column":5}},"200":{"start":{"line":429,"column":6},"end":{"line":438,"column":7}},"201":{"start":{"line":434,"column":8},"end":{"line":434,"column":34}},"202":{"start":{"line":435,"column":13},"end":{"line":438,"column":7}},"203":{"start":{"line":437,"column":8},"end":{"line":437,"column":34}},"204":{"start":{"line":440,"column":6},"end":{"line":440,"column":50}},"205":{"start":{"line":441,"column":6},"end":{"line":441,"column":50}},"206":{"start":{"line":443,"column":6},"end":{"line":445,"column":9}},"207":{"start":{"line":448,"column":4},"end":{"line":452,"column":5}},"208":{"start":{"line":449,"column":6},"end":{"line":451,"column":83}},"209":{"start":{"line":455,"column":31},"end":{"line":455,"column":89}},"210":{"start":{"line":456,"column":4},"end":{"line":456,"column":53}},"211":{"start":{"line":457,"column":4},"end":{"line":457,"column":53}},"212":{"start":{"line":458,"column":4},"end":{"line":458,"column":100}},"213":{"start":{"line":460,"column":4},"end":{"line":460,"column":91}},"214":{"start":{"line":465,"column":0},"end":{"line":509,"column":2}},"215":{"start":{"line":466,"column":2},"end":{"line":508,"column":3}},"216":{"start":{"line":467,"column":31},"end":{"line":467,"column":41}},"217":{"start":{"line":468,"column":44},"end":{"line":468,"column":52}},"218":{"start":{"line":470,"column":21},"end":{"line":470,"column":56}},"219":{"start":{"line":471,"column":4},"end":{"line":471,"column":88}},"220":{"start":{"line":471,"column":19},"end":{"line":471,"column":88}},"221":{"start":{"line":473,"column":18},"end":{"line":473,"column":28}},"222":{"start":{"line":474,"column":29},"end":{"line":476,"column":5}},"223":{"start":{"line":478,"column":4},"end":{"line":483,"column":5}},"224":{"start":{"line":479,"column":6},"end":{"line":479,"column":58}},"225":{"start":{"line":480,"column":6},"end":{"line":482,"column":9}},"226":{"start":{"line":487,"column":6},"end":{"line":489,"column":46}},"227":{"start":{"line":491,"column":6},"end":{"line":493,"column":44}},"228":{"start":{"line":495,"column":4},"end":{"line":499,"column":5}},"229":{"start":{"line":496,"column":6},"end":{"line":498,"column":84}},"230":{"start":{"line":501,"column":30},"end":{"line":501,"column":65}},"231":{"start":{"line":502,"column":4},"end":{"line":505,"column":7}},"232":{"start":{"line":507,"column":4},"end":{"line":507,"column":92}},"233":{"start":{"line":512,"column":0},"end":{"line":676,"column":2}},"234":{"start":{"line":513,"column":2},"end":{"line":675,"column":3}},"235":{"start":{"line":514,"column":31},"end":{"line":514,"column":41}},"236":{"start":{"line":515,"column":44},"end":{"line":515,"column":52}},"237":{"start":{"line":516,"column":35},"end":{"line":516,"column":43}},"238":{"start":{"line":518,"column":4},"end":{"line":520,"column":5}},"239":{"start":{"line":519,"column":6},"end":{"line":519,"column":87}},"240":{"start":{"line":522,"column":18},"end":{"line":522,"column":28}},"241":{"start":{"line":523,"column":35},"end":{"line":523,"column":70}},"242":{"start":{"line":525,"column":4},"end":{"line":529,"column":5}},"243":{"start":{"line":526,"column":6},"end":{"line":528,"column":9}},"244":{"start":{"line":531,"column":21},"end":{"line":531,"column":56}},"245":{"start":{"line":532,"column":4},"end":{"line":532,"column":88}},"246":{"start":{"line":532,"column":19},"end":{"line":532,"column":88}},"247":{"start":{"line":534,"column":20},"end":{"line":534,"column":43}},"248":{"start":{"line":535,"column":29},"end":{"line":535,"column":74}},"249":{"start":{"line":537,"column":4},"end":{"line":541,"column":5}},"250":{"start":{"line":538,"column":6},"end":{"line":540,"column":9}},"251":{"start":{"line":544,"column":20},"end":{"line":544,"column":85}},"252":{"start":{"line":545,"column":23},"end":{"line":545,"column":84}},"253":{"start":{"line":546,"column":31},"end":{"line":546,"column":36}},"254":{"start":{"line":548,"column":4},"end":{"line":555,"column":5}},"255":{"start":{"line":549,"column":24},"end":{"line":551,"column":8}},"256":{"start":{"line":552,"column":6},"end":{"line":554,"column":7}},"257":{"start":{"line":553,"column":8},"end":{"line":553,"column":36}},"258":{"start":{"line":558,"column":4},"end":{"line":562,"column":5}},"259":{"start":{"line":559,"column":6},"end":{"line":561,"column":81}},"260":{"start":{"line":565,"column":4},"end":{"line":569,"column":5}},"261":{"start":{"line":566,"column":6},"end":{"line":568,"column":100}},"262":{"start":{"line":572,"column":25},"end":{"line":577,"column":5}},"263":{"start":{"line":578,"column":4},"end":{"line":582,"column":5}},"264":{"start":{"line":579,"column":6},"end":{"line":581,"column":89}},"265":{"start":{"line":585,"column":27},"end":{"line":590,"column":5}},"266":{"start":{"line":591,"column":4},"end":{"line":594,"column":85}},"267":{"start":{"line":592,"column":6},"end":{"line":594,"column":85}},"268":{"start":{"line":596,"column":29},"end":{"line":601,"column":5}},"269":{"start":{"line":602,"column":4},"end":{"line":605,"column":87}},"270":{"start":{"line":603,"column":6},"end":{"line":605,"column":87}},"271":{"start":{"line":609,"column":6},"end":{"line":611,"column":46}},"272":{"start":{"line":613,"column":24},"end":{"line":618,"column":5}},"273":{"start":{"line":620,"column":4},"end":{"line":668,"column":5}},"274":{"start":{"line":621,"column":21},"end":{"line":621,"column":62}},"275":{"start":{"line":622,"column":23},"end":{"line":622,"column":63}},"276":{"start":{"line":623,"column":6},"end":{"line":643,"column":7}},"277":{"start":{"line":625,"column":24},"end":{"line":625,"column":86}},"278":{"start":{"line":626,"column":29},"end":{"line":635,"column":17}},"279":{"start":{"line":638,"column":8},"end":{"line":642,"column":11}},"280":{"start":{"line":644,"column":11},"end":{"line":668,"column":5}},"281":{"start":{"line":645,"column":21},"end":{"line":645,"column":62}},"282":{"start":{"line":646,"column":23},"end":{"line":646,"column":68}},"283":{"start":{"line":647,"column":6},"end":{"line":667,"column":7}},"284":{"start":{"line":649,"column":24},"end":{"line":649,"column":84}},"285":{"start":{"line":650,"column":29},"end":{"line":659,"column":17}},"286":{"start":{"line":662,"column":8},"end":{"line":666,"column":11}},"287":{"start":{"line":670,"column":4},"end":{"line":672,"column":94}},"288":{"start":{"line":674,"column":4},"end":{"line":674,"column":93}},"289":{"start":{"line":679,"column":0},"end":{"line":728,"column":2}},"290":{"start":{"line":680,"column":2},"end":{"line":727,"column":3}},"291":{"start":{"line":681,"column":31},"end":{"line":681,"column":41}},"292":{"start":{"line":682,"column":44},"end":{"line":682,"column":52}},"293":{"start":{"line":684,"column":21},"end":{"line":684,"column":56}},"294":{"start":{"line":685,"column":4},"end":{"line":685,"column":88}},"295":{"start":{"line":685,"column":19},"end":{"line":685,"column":88}},"296":{"start":{"line":689,"column":6},"end":{"line":691,"column":46}},"297":{"start":{"line":693,"column":6},"end":{"line":695,"column":44}},"298":{"start":{"line":697,"column":4},"end":{"line":701,"column":5}},"299":{"start":{"line":698,"column":6},"end":{"line":700,"column":89}},"300":{"start":{"line":703,"column":21},"end":{"line":703,"column":52}},"301":{"start":{"line":704,"column":21},"end":{"line":704,"column":52}},"302":{"start":{"line":705,"column":20},"end":{"line":705,"column":43}},"303":{"start":{"line":707,"column":27},"end":{"line":713,"column":5}},"304":{"start":{"line":714,"column":4},"end":{"line":719,"column":5}},"305":{"start":{"line":715,"column":6},"end":{"line":715,"column":52}},"306":{"start":{"line":716,"column":6},"end":{"line":718,"column":9}},"307":{"start":{"line":721,"column":31},"end":{"line":721,"column":95}},"308":{"start":{"line":722,"column":4},"end":{"line":724,"column":95}},"309":{"start":{"line":726,"column":4},"end":{"line":726,"column":91}},"310":{"start":{"line":731,"column":0},"end":{"line":763,"column":2}},"311":{"start":{"line":732,"column":2},"end":{"line":762,"column":3}},"312":{"start":{"line":733,"column":31},"end":{"line":733,"column":41}},"313":{"start":{"line":734,"column":44},"end":{"line":734,"column":52}},"314":{"start":{"line":736,"column":21},"end":{"line":736,"column":56}},"315":{"start":{"line":737,"column":4},"end":{"line":737,"column":88}},"316":{"start":{"line":737,"column":19},"end":{"line":737,"column":88}},"317":{"start":{"line":741,"column":6},"end":{"line":743,"column":46}},"318":{"start":{"line":745,"column":6},"end":{"line":747,"column":44}},"319":{"start":{"line":749,"column":4},"end":{"line":753,"column":5}},"320":{"start":{"line":750,"column":6},"end":{"line":752,"column":84}},"321":{"start":{"line":755,"column":30},"end":{"line":755,"column":75}},"322":{"start":{"line":756,"column":4},"end":{"line":759,"column":7}},"323":{"start":{"line":761,"column":4},"end":{"line":761,"column":92}}},"fnMap":{"0":{"name":"(anonymous_0)","decl":{"start":{"line":11,"column":25},"end":{"line":11,"column":26}},"loc":{"start":{"line":11,"column":45},"end":{"line":165,"column":1}},"line":11},"1":{"name":"(anonymous_1)","decl":{"start":{"line":168,"column":26},"end":{"line":168,"column":27}},"loc":{"start":{"line":168,"column":46},"end":{"line":206,"column":1}},"line":168},"2":{"name":"(anonymous_2)","decl":{"start":{"line":209,"column":25},"end":{"line":209,"column":26}},"loc":{"start":{"line":209,"column":45},"end":{"line":244,"column":1}},"line":209},"3":{"name":"(anonymous_3)","decl":{"start":{"line":247,"column":27},"end":{"line":247,"column":28}},"loc":{"start":{"line":247,"column":47},"end":{"line":323,"column":1}},"line":247},"4":{"name":"(anonymous_4)","decl":{"start":{"line":326,"column":27},"end":{"line":326,"column":28}},"loc":{"start":{"line":326,"column":47},"end":{"line":372,"column":1}},"line":326},"5":{"name":"(anonymous_5)","decl":{"start":{"line":375,"column":28},"end":{"line":375,"column":29}},"loc":{"start":{"line":375,"column":48},"end":{"line":462,"column":1}},"line":375},"6":{"name":"(anonymous_6)","decl":{"start":{"line":465,"column":27},"end":{"line":465,"column":28}},"loc":{"start":{"line":465,"column":47},"end":{"line":509,"column":1}},"line":465},"7":{"name":"(anonymous_7)","decl":{"start":{"line":512,"column":30},"end":{"line":512,"column":31}},"loc":{"start":{"line":512,"column":50},"end":{"line":676,"column":1}},"line":512},"8":{"name":"(anonymous_8)","decl":{"start":{"line":679,"column":28},"end":{"line":679,"column":29}},"loc":{"start":{"line":679,"column":48},"end":{"line":728,"column":1}},"line":679},"9":{"name":"(anonymous_9)","decl":{"start":{"line":731,"column":29},"end":{"line":731,"column":30}},"loc":{"start":{"line":731,"column":49},"end":{"line":763,"column":1}},"line":731}},"branchMap":{"0":{"loc":{"start":{"line":16,"column":4},"end":{"line":18,"column":5}},"type":"if","locations":[{"start":{"line":16,"column":4},"end":{"line":18,"column":5}},{"start":{},"end":{}}],"line":16},"1":{"loc":{"start":{"line":16,"column":8},"end":{"line":16,"column":22}},"type":"binary-expr","locations":[{"start":{"line":16,"column":8},"end":{"line":16,"column":13}},{"start":{"line":16,"column":17},"end":{"line":16,"column":22}}],"line":16},"2":{"loc":{"start":{"line":24,"column":4},"end":{"line":29,"column":5}},"type":"if","locations":[{"start":{"line":24,"column":4},"end":{"line":29,"column":5}},{"start":{},"end":{}}],"line":24},"3":{"loc":{"start":{"line":35,"column":4},"end":{"line":62,"column":5}},"type":"if","locations":[{"start":{"line":35,"column":4},"end":{"line":62,"column":5}},{"start":{"line":41,"column":11},"end":{"line":62,"column":5}}],"line":35},"4":{"loc":{"start":{"line":39,"column":6},"end":{"line":40,"column":93}},"type":"if","locations":[{"start":{"line":39,"column":6},"end":{"line":40,"column":93}},{"start":{},"end":{}}],"line":39},"5":{"loc":{"start":{"line":41,"column":11},"end":{"line":62,"column":5}},"type":"if","locations":[{"start":{"line":41,"column":11},"end":{"line":62,"column":5}},{"start":{"line":47,"column":11},"end":{"line":62,"column":5}}],"line":41},"6":{"loc":{"start":{"line":45,"column":6},"end":{"line":46,"column":97}},"type":"if","locations":[{"start":{"line":45,"column":6},"end":{"line":46,"column":97}},{"start":{},"end":{}}],"line":45},"7":{"loc":{"start":{"line":47,"column":11},"end":{"line":62,"column":5}},"type":"if","locations":[{"start":{"line":47,"column":11},"end":{"line":62,"column":5}},{"start":{"line":58,"column":11},"end":{"line":62,"column":5}}],"line":47},"8":{"loc":{"start":{"line":49,"column":6},"end":{"line":52,"column":87}},"type":"if","locations":[{"start":{"line":49,"column":6},"end":{"line":52,"column":87}},{"start":{},"end":{}}],"line":49},"9":{"loc":{"start":{"line":49,"column":10},"end":{"line":49,"column":41}},"type":"binary-expr","locations":[{"start":{"line":49,"column":10},"end":{"line":49,"column":19}},{"start":{"line":49,"column":23},"end":{"line":49,"column":41}}],"line":49},"10":{"loc":{"start":{"line":56,"column":6},"end":{"line":57,"column":97}},"type":"if","locations":[{"start":{"line":56,"column":6},"end":{"line":57,"column":97}},{"start":{},"end":{}}],"line":56},"11":{"loc":{"start":{"line":65,"column":4},"end":{"line":67,"column":5}},"type":"if","locations":[{"start":{"line":65,"column":4},"end":{"line":67,"column":5}},{"start":{},"end":{}}],"line":65},"12":{"loc":{"start":{"line":71,"column":4},"end":{"line":75,"column":5}},"type":"if","locations":[{"start":{"line":71,"column":4},"end":{"line":75,"column":5}},{"start":{},"end":{}}],"line":71},"13":{"loc":{"start":{"line":83,"column":4},"end":{"line":85,"column":5}},"type":"if","locations":[{"start":{"line":83,"column":4},"end":{"line":85,"column":5}},{"start":{},"end":{}}],"line":83},"14":{"loc":{"start":{"line":93,"column":4},"end":{"line":95,"column":5}},"type":"if","locations":[{"start":{"line":93,"column":4},"end":{"line":95,"column":5}},{"start":{},"end":{}}],"line":93},"15":{"loc":{"start":{"line":110,"column":4},"end":{"line":156,"column":5}},"type":"if","locations":[{"start":{"line":110,"column":4},"end":{"line":156,"column":5}},{"start":{"line":133,"column":11},"end":{"line":156,"column":5}}],"line":110},"16":{"loc":{"start":{"line":111,"column":6},"end":{"line":132,"column":7}},"type":"if","locations":[{"start":{"line":111,"column":6},"end":{"line":132,"column":7}},{"start":{},"end":{}}],"line":111},"17":{"loc":{"start":{"line":111,"column":10},"end":{"line":111,"column":28}},"type":"binary-expr","locations":[{"start":{"line":111,"column":10},"end":{"line":111,"column":16}},{"start":{"line":111,"column":20},"end":{"line":111,"column":28}}],"line":111},"18":{"loc":{"start":{"line":133,"column":11},"end":{"line":156,"column":5}},"type":"if","locations":[{"start":{"line":133,"column":11},"end":{"line":156,"column":5}},{"start":{},"end":{}}],"line":133},"19":{"loc":{"start":{"line":134,"column":6},"end":{"line":155,"column":7}},"type":"if","locations":[{"start":{"line":134,"column":6},"end":{"line":155,"column":7}},{"start":{},"end":{}}],"line":134},"20":{"loc":{"start":{"line":134,"column":10},"end":{"line":134,"column":28}},"type":"binary-expr","locations":[{"start":{"line":134,"column":10},"end":{"line":134,"column":16}},{"start":{"line":134,"column":20},"end":{"line":134,"column":28}}],"line":134},"21":{"loc":{"start":{"line":173,"column":29},"end":{"line":173,"column":40}},"type":"binary-expr","locations":[{"start":{"line":173,"column":29},"end":{"line":173,"column":33}},{"start":{"line":173,"column":37},"end":{"line":173,"column":40}}],"line":173},"22":{"loc":{"start":{"line":174,"column":29},"end":{"line":174,"column":41}},"type":"binary-expr","locations":[{"start":{"line":174,"column":29},"end":{"line":174,"column":33}},{"start":{"line":174,"column":37},"end":{"line":174,"column":41}}],"line":174},"23":{"loc":{"start":{"line":178,"column":4},"end":{"line":190,"column":5}},"type":"if","locations":[{"start":{"line":178,"column":4},"end":{"line":190,"column":5}},{"start":{"line":180,"column":11},"end":{"line":190,"column":5}}],"line":178},"24":{"loc":{"start":{"line":180,"column":11},"end":{"line":190,"column":5}},"type":"if","locations":[{"start":{"line":180,"column":11},"end":{"line":190,"column":5}},{"start":{"line":182,"column":11},"end":{"line":190,"column":5}}],"line":180},"25":{"loc":{"start":{"line":182,"column":11},"end":{"line":190,"column":5}},"type":"if","locations":[{"start":{"line":182,"column":11},"end":{"line":190,"column":5}},{"start":{},"end":{}}],"line":182},"26":{"loc":{"start":{"line":184,"column":6},"end":{"line":188,"column":7}},"type":"if","locations":[{"start":{"line":184,"column":6},"end":{"line":188,"column":7}},{"start":{},"end":{}}],"line":184},"27":{"loc":{"start":{"line":184,"column":10},"end":{"line":184,"column":41}},"type":"binary-expr","locations":[{"start":{"line":184,"column":10},"end":{"line":184,"column":19}},{"start":{"line":184,"column":23},"end":{"line":184,"column":41}}],"line":184},"28":{"loc":{"start":{"line":193,"column":4},"end":{"line":196,"column":5}},"type":"if","locations":[{"start":{"line":193,"column":4},"end":{"line":196,"column":5}},{"start":{},"end":{}}],"line":193},"29":{"loc":{"start":{"line":194,"column":25},"end":{"line":194,"column":78}},"type":"cond-expr","locations":[{"start":{"line":194,"column":49},"end":{"line":194,"column":69}},{"start":{"line":194,"column":72},"end":{"line":194,"column":78}}],"line":194},"30":{"loc":{"start":{"line":214,"column":4},"end":{"line":234,"column":5}},"type":"if","locations":[{"start":{"line":214,"column":4},"end":{"line":234,"column":5}},{"start":{},"end":{}}],"line":214},"31":{"loc":{"start":{"line":214,"column":8},"end":{"line":214,"column":46}},"type":"binary-expr","locations":[{"start":{"line":214,"column":8},"end":{"line":214,"column":16}},{"start":{"line":214,"column":20},"end":{"line":214,"column":30}},{"start":{"line":214,"column":34},"end":{"line":214,"column":38}},{"start":{"line":214,"column":42},"end":{"line":214,"column":46}}],"line":214},"32":{"loc":{"start":{"line":216,"column":6},"end":{"line":221,"column":7}},"type":"if","locations":[{"start":{"line":216,"column":6},"end":{"line":221,"column":7}},{"start":{},"end":{}}],"line":216},"33":{"loc":{"start":{"line":228,"column":6},"end":{"line":233,"column":7}},"type":"if","locations":[{"start":{"line":228,"column":6},"end":{"line":233,"column":7}},{"start":{},"end":{}}],"line":228},"34":{"loc":{"start":{"line":237,"column":4},"end":{"line":239,"column":5}},"type":"if","locations":[{"start":{"line":237,"column":4},"end":{"line":239,"column":5}},{"start":{},"end":{}}],"line":237},"35":{"loc":{"start":{"line":256,"column":4},"end":{"line":258,"column":5}},"type":"if","locations":[{"start":{"line":256,"column":4},"end":{"line":258,"column":5}},{"start":{},"end":{}}],"line":256},"36":{"loc":{"start":{"line":264,"column":4},"end":{"line":275,"column":5}},"type":"if","locations":[{"start":{"line":264,"column":4},"end":{"line":275,"column":5}},{"start":{"line":271,"column":11},"end":{"line":275,"column":5}}],"line":264},"37":{"loc":{"start":{"line":266,"column":6},"end":{"line":270,"column":7}},"type":"if","locations":[{"start":{"line":266,"column":6},"end":{"line":270,"column":7}},{"start":{},"end":{}}],"line":266},"38":{"loc":{"start":{"line":271,"column":11},"end":{"line":275,"column":5}},"type":"if","locations":[{"start":{"line":271,"column":11},"end":{"line":275,"column":5}},{"start":{},"end":{}}],"line":271},"39":{"loc":{"start":{"line":277,"column":27},"end":{"line":277,"column":92}},"type":"binary-expr","locations":[{"start":{"line":277,"column":27},"end":{"line":277,"column":48}},{"start":{"line":277,"column":52},"end":{"line":277,"column":92}}],"line":277},"40":{"loc":{"start":{"line":278,"column":25},"end":{"line":278,"column":86}},"type":"binary-expr","locations":[{"start":{"line":278,"column":25},"end":{"line":278,"column":44}},{"start":{"line":278,"column":48},"end":{"line":278,"column":86}}],"line":278},"41":{"loc":{"start":{"line":280,"column":4},"end":{"line":285,"column":5}},"type":"if","locations":[{"start":{"line":280,"column":4},"end":{"line":285,"column":5}},{"start":{},"end":{}}],"line":280},"42":{"loc":{"start":{"line":282,"column":6},"end":{"line":284,"column":7}},"type":"if","locations":[{"start":{"line":282,"column":6},"end":{"line":284,"column":7}},{"start":{},"end":{}}],"line":282},"43":{"loc":{"start":{"line":282,"column":10},"end":{"line":282,"column":62}},"type":"binary-expr","locations":[{"start":{"line":282,"column":10},"end":{"line":282,"column":18}},{"start":{"line":282,"column":22},"end":{"line":282,"column":62}}],"line":282},"44":{"loc":{"start":{"line":287,"column":4},"end":{"line":291,"column":5}},"type":"if","locations":[{"start":{"line":287,"column":4},"end":{"line":291,"column":5}},{"start":{},"end":{}}],"line":287},"45":{"loc":{"start":{"line":287,"column":8},"end":{"line":287,"column":63}},"type":"binary-expr","locations":[{"start":{"line":287,"column":8},"end":{"line":287,"column":23}},{"start":{"line":287,"column":27},"end":{"line":287,"column":40}},{"start":{"line":287,"column":44},"end":{"line":287,"column":63}}],"line":287},"46":{"loc":{"start":{"line":293,"column":4},"end":{"line":297,"column":5}},"type":"if","locations":[{"start":{"line":293,"column":4},"end":{"line":297,"column":5}},{"start":{},"end":{}}],"line":293},"47":{"loc":{"start":{"line":301,"column":4},"end":{"line":305,"column":5}},"type":"if","locations":[{"start":{"line":301,"column":4},"end":{"line":305,"column":5}},{"start":{"line":303,"column":11},"end":{"line":305,"column":5}}],"line":301},"48":{"loc":{"start":{"line":303,"column":11},"end":{"line":305,"column":5}},"type":"if","locations":[{"start":{"line":303,"column":11},"end":{"line":305,"column":5}},{"start":{},"end":{}}],"line":303},"49":{"loc":{"start":{"line":303,"column":15},"end":{"line":303,"column":49}},"type":"binary-expr","locations":[{"start":{"line":303,"column":15},"end":{"line":303,"column":27}},{"start":{"line":303,"column":31},"end":{"line":303,"column":49}}],"line":303},"50":{"loc":{"start":{"line":309,"column":4},"end":{"line":317,"column":5}},"type":"if","locations":[{"start":{"line":309,"column":4},"end":{"line":317,"column":5}},{"start":{"line":313,"column":11},"end":{"line":317,"column":5}}],"line":309},"51":{"loc":{"start":{"line":309,"column":8},"end":{"line":309,"column":58}},"type":"binary-expr","locations":[{"start":{"line":309,"column":8},"end":{"line":309,"column":36}},{"start":{"line":309,"column":40},"end":{"line":309,"column":46}},{"start":{"line":309,"column":50},"end":{"line":309,"column":58}}],"line":309},"52":{"loc":{"start":{"line":313,"column":11},"end":{"line":317,"column":5}},"type":"if","locations":[{"start":{"line":313,"column":11},"end":{"line":317,"column":5}},{"start":{},"end":{}}],"line":313},"53":{"loc":{"start":{"line":313,"column":15},"end":{"line":313,"column":67}},"type":"binary-expr","locations":[{"start":{"line":313,"column":15},"end":{"line":313,"column":45}},{"start":{"line":313,"column":49},"end":{"line":313,"column":55}},{"start":{"line":313,"column":59},"end":{"line":313,"column":67}}],"line":313},"54":{"loc":{"start":{"line":332,"column":4},"end":{"line":334,"column":5}},"type":"if","locations":[{"start":{"line":332,"column":4},"end":{"line":334,"column":5}},{"start":{},"end":{}}],"line":332},"55":{"loc":{"start":{"line":342,"column":4},"end":{"line":346,"column":5}},"type":"if","locations":[{"start":{"line":342,"column":4},"end":{"line":346,"column":5}},{"start":{},"end":{}}],"line":342},"56":{"loc":{"start":{"line":348,"column":4},"end":{"line":363,"column":5}},"type":"if","locations":[{"start":{"line":348,"column":4},"end":{"line":363,"column":5}},{"start":{"line":355,"column":11},"end":{"line":363,"column":5}}],"line":348},"57":{"loc":{"start":{"line":350,"column":6},"end":{"line":354,"column":7}},"type":"if","locations":[{"start":{"line":350,"column":6},"end":{"line":354,"column":7}},{"start":{},"end":{}}],"line":350},"58":{"loc":{"start":{"line":355,"column":11},"end":{"line":363,"column":5}},"type":"if","locations":[{"start":{"line":355,"column":11},"end":{"line":363,"column":5}},{"start":{},"end":{}}],"line":355},"59":{"loc":{"start":{"line":358,"column":6},"end":{"line":362,"column":7}},"type":"if","locations":[{"start":{"line":358,"column":6},"end":{"line":362,"column":7}},{"start":{},"end":{}}],"line":358},"60":{"loc":{"start":{"line":358,"column":10},"end":{"line":358,"column":63}},"type":"binary-expr","locations":[{"start":{"line":358,"column":10},"end":{"line":358,"column":19}},{"start":{"line":358,"column":23},"end":{"line":358,"column":63}}],"line":358},"61":{"loc":{"start":{"line":381,"column":4},"end":{"line":381,"column":88}},"type":"if","locations":[{"start":{"line":381,"column":4},"end":{"line":381,"column":88}},{"start":{},"end":{}}],"line":381},"62":{"loc":{"start":{"line":384,"column":30},"end":{"line":384,"column":78}},"type":"binary-expr","locations":[{"start":{"line":384,"column":30},"end":{"line":384,"column":61}},{"start":{"line":384,"column":65},"end":{"line":384,"column":78}}],"line":384},"63":{"loc":{"start":{"line":385,"column":30},"end":{"line":385,"column":78}},"type":"binary-expr","locations":[{"start":{"line":385,"column":30},"end":{"line":385,"column":61}},{"start":{"line":385,"column":65},"end":{"line":385,"column":78}}],"line":385},"64":{"loc":{"start":{"line":388,"column":4},"end":{"line":397,"column":5}},"type":"if","locations":[{"start":{"line":388,"column":4},"end":{"line":397,"column":5}},{"start":{},"end":{}}],"line":388},"65":{"loc":{"start":{"line":389,"column":6},"end":{"line":390,"column":88}},"type":"binary-expr","locations":[{"start":{"line":389,"column":6},"end":{"line":389,"column":30}},{"start":{"line":390,"column":7},"end":{"line":390,"column":45}},{"start":{"line":390,"column":49},"end":{"line":390,"column":87}}],"line":389},"66":{"loc":{"start":{"line":404,"column":4},"end":{"line":446,"column":5}},"type":"if","locations":[{"start":{"line":404,"column":4},"end":{"line":446,"column":5}},{"start":{"line":424,"column":9},"end":{"line":446,"column":5}}],"line":404},"67":{"loc":{"start":{"line":405,"column":6},"end":{"line":406,"column":62}},"type":"binary-expr","locations":[{"start":{"line":405,"column":6},"end":{"line":405,"column":60}},{"start":{"line":406,"column":6},"end":{"line":406,"column":62}}],"line":405},"68":{"loc":{"start":{"line":409,"column":6},"end":{"line":421,"column":7}},"type":"if","locations":[{"start":{"line":409,"column":6},"end":{"line":421,"column":7}},{"start":{"line":415,"column":13},"end":{"line":421,"column":7}}],"line":409},"69":{"loc":{"start":{"line":410,"column":8},"end":{"line":411,"column":54}},"type":"binary-expr","locations":[{"start":{"line":410,"column":8},"end":{"line":410,"column":62}},{"start":{"line":411,"column":9},"end":{"line":411,"column":28}},{"start":{"line":411,"column":32},"end":{"line":411,"column":53}}],"line":410},"70":{"loc":{"start":{"line":415,"column":13},"end":{"line":421,"column":7}},"type":"if","locations":[{"start":{"line":415,"column":13},"end":{"line":421,"column":7}},{"start":{},"end":{}}],"line":415},"71":{"loc":{"start":{"line":416,"column":8},"end":{"line":418,"column":48}},"type":"binary-expr","locations":[{"start":{"line":416,"column":8},"end":{"line":416,"column":64}},{"start":{"line":417,"column":8},"end":{"line":417,"column":29}},{"start":{"line":418,"column":8},"end":{"line":418,"column":48}}],"line":416},"72":{"loc":{"start":{"line":424,"column":9},"end":{"line":446,"column":5}},"type":"if","locations":[{"start":{"line":424,"column":9},"end":{"line":446,"column":5}},{"start":{"line":442,"column":11},"end":{"line":446,"column":5}}],"line":424},"73":{"loc":{"start":{"line":425,"column":6},"end":{"line":426,"column":63}},"type":"binary-expr","locations":[{"start":{"line":425,"column":6},"end":{"line":425,"column":61}},{"start":{"line":426,"column":6},"end":{"line":426,"column":63}}],"line":425},"74":{"loc":{"start":{"line":429,"column":6},"end":{"line":438,"column":7}},"type":"if","locations":[{"start":{"line":429,"column":6},"end":{"line":438,"column":7}},{"start":{"line":435,"column":13},"end":{"line":438,"column":7}}],"line":429},"75":{"loc":{"start":{"line":430,"column":8},"end":{"line":432,"column":48}},"type":"binary-expr","locations":[{"start":{"line":430,"column":8},"end":{"line":430,"column":63}},{"start":{"line":431,"column":8},"end":{"line":431,"column":29}},{"start":{"line":432,"column":8},"end":{"line":432,"column":48}}],"line":430},"76":{"loc":{"start":{"line":435,"column":13},"end":{"line":438,"column":7}},"type":"if","locations":[{"start":{"line":435,"column":13},"end":{"line":438,"column":7}},{"start":{},"end":{}}],"line":435},"77":{"loc":{"start":{"line":435,"column":17},"end":{"line":435,"column":97}},"type":"binary-expr","locations":[{"start":{"line":435,"column":17},"end":{"line":435,"column":74}},{"start":{"line":435,"column":78},"end":{"line":435,"column":97}}],"line":435},"78":{"loc":{"start":{"line":448,"column":4},"end":{"line":452,"column":5}},"type":"if","locations":[{"start":{"line":448,"column":4},"end":{"line":452,"column":5}},{"start":{},"end":{}}],"line":448},"79":{"loc":{"start":{"line":471,"column":4},"end":{"line":471,"column":88}},"type":"if","locations":[{"start":{"line":471,"column":4},"end":{"line":471,"column":88}},{"start":{},"end":{}}],"line":471},"80":{"loc":{"start":{"line":478,"column":4},"end":{"line":483,"column":5}},"type":"if","locations":[{"start":{"line":478,"column":4},"end":{"line":483,"column":5}},{"start":{},"end":{}}],"line":478},"81":{"loc":{"start":{"line":487,"column":6},"end":{"line":489,"column":46}},"type":"binary-expr","locations":[{"start":{"line":487,"column":6},"end":{"line":487,"column":27}},{"start":{"line":488,"column":6},"end":{"line":488,"column":61}},{"start":{"line":489,"column":6},"end":{"line":489,"column":46}}],"line":487},"82":{"loc":{"start":{"line":491,"column":6},"end":{"line":493,"column":44}},"type":"binary-expr","locations":[{"start":{"line":491,"column":6},"end":{"line":491,"column":25}},{"start":{"line":492,"column":6},"end":{"line":492,"column":63}},{"start":{"line":493,"column":6},"end":{"line":493,"column":44}}],"line":491},"83":{"loc":{"start":{"line":495,"column":4},"end":{"line":499,"column":5}},"type":"if","locations":[{"start":{"line":495,"column":4},"end":{"line":499,"column":5}},{"start":{},"end":{}}],"line":495},"84":{"loc":{"start":{"line":495,"column":8},"end":{"line":495,"column":52}},"type":"binary-expr","locations":[{"start":{"line":495,"column":8},"end":{"line":495,"column":29}},{"start":{"line":495,"column":33},"end":{"line":495,"column":52}}],"line":495},"85":{"loc":{"start":{"line":518,"column":4},"end":{"line":520,"column":5}},"type":"if","locations":[{"start":{"line":518,"column":4},"end":{"line":520,"column":5}},{"start":{},"end":{}}],"line":518},"86":{"loc":{"start":{"line":518,"column":8},"end":{"line":518,"column":30}},"type":"binary-expr","locations":[{"start":{"line":518,"column":8},"end":{"line":518,"column":17}},{"start":{"line":518,"column":21},"end":{"line":518,"column":30}}],"line":518},"87":{"loc":{"start":{"line":525,"column":4},"end":{"line":529,"column":5}},"type":"if","locations":[{"start":{"line":525,"column":4},"end":{"line":529,"column":5}},{"start":{},"end":{}}],"line":525},"88":{"loc":{"start":{"line":532,"column":4},"end":{"line":532,"column":88}},"type":"if","locations":[{"start":{"line":532,"column":4},"end":{"line":532,"column":88}},{"start":{},"end":{}}],"line":532},"89":{"loc":{"start":{"line":537,"column":4},"end":{"line":541,"column":5}},"type":"if","locations":[{"start":{"line":537,"column":4},"end":{"line":541,"column":5}},{"start":{},"end":{}}],"line":537},"90":{"loc":{"start":{"line":544,"column":20},"end":{"line":544,"column":85}},"type":"binary-expr","locations":[{"start":{"line":544,"column":20},"end":{"line":544,"column":41}},{"start":{"line":544,"column":45},"end":{"line":544,"column":85}}],"line":544},"91":{"loc":{"start":{"line":545,"column":23},"end":{"line":545,"column":84}},"type":"binary-expr","locations":[{"start":{"line":545,"column":23},"end":{"line":545,"column":42}},{"start":{"line":545,"column":46},"end":{"line":545,"column":84}}],"line":545},"92":{"loc":{"start":{"line":548,"column":4},"end":{"line":555,"column":5}},"type":"if","locations":[{"start":{"line":548,"column":
[...]
:49},"end":{"line":71,"column":51}}],"line":71},"2":{"loc":{"start":{"line":71,"column":53},"end":{"line":71,"column":70}},"type":"default-arg","locations":[{"start":{"line":71,"column":68},"end":{"line":71,"column":70}}],"line":71},"3":{"loc":{"start":{"line":76,"column":2},"end":{"line":92,"column":3}},"type":"if","locations":[{"start":{"line":76,"column":2},"end":{"line":92,"column":3}},{"start":{},"end":{}}],"line":76},"4":{"loc":{"start":{"line":80,"column":6},"end":{"line":90,"column":7}},"type":"if","locations":[{"start":{"line":80,"column":6},"end":{"line":90,"column":7}},{"start":{},"end":{}}],"line":80},"5":{"loc":{"start":{"line":82,"column":8},"end":{"line":89,"column":9}},"type":"if","locations":[{"start":{"line":82,"column":8},"end":{"line":89,"column":9}},{"start":{},"end":{}}],"line":82},"6":{"loc":{"start":{"line":85,"column":10},"end":{"line":88,"column":11}},"type":"if","locations":[{"start":{"line":85,"column":10},"end":{"line":88,"column":11}},{"start":{},"end":{}}],"line":85},"7":{"loc":{"start":{"line":87,"column":24},"end":{"line":87,"column":64}},"type":"cond-expr","locations":[{"start":{"line":87,"column":44},"end":{"line":87,"column":56}},{"start":{"line":87,"column":59},"end":{"line":87,"column":64}}],"line":87},"8":{"loc":{"start":{"line":94,"column":22},"end":{"line":94,"column":90}},"type":"cond-expr","locations":[{"start":{"line":94,"column":48},"end":{"line":94,"column":85}},{"start":{"line":94,"column":88},"end":{"line":94,"column":90}}],"line":94},"9":{"loc":{"start":{"line":137,"column":2},"end":{"line":139,"column":3}},"type":"if","locations":[{"start":{"line":137,"column":2},"end":{"line":139,"column":3}},{"start":{},"end":{}}],"line":137},"10":{"loc":{"start":{"line":155,"column":4},"end":{"line":168,"column":5}},"type":"if","locations":[{"start":{"line":155,"column":4},"end":{"line":168,"column":5}},{"start":{},"end":{}}],"line":155},"11":{"loc":{"start":{"line":156,"column":6},"end":{"line":159,"column":32}},"type":"binary-expr","locations":[{"start":{"line":156,"column":6},"end":{"line":156,"column":38}},{"start":{"line":157,"column":6},"end":{"line":157,"column":18}},{"start":{"line":158,"column":6},"end":{"line":158,"column":27}},{"start":{"line":159,"column":6},"end":{"line":159,"column":32}}],"line":156},"12":{"loc":{"start":{"line":163,"column":8},"end":{"line":165,"column":15}},"type":"cond-expr","locations":[{"start":{"line":164,"column":12},"end":{"line":164,"column":22}},{"start":{"line":165,"column":12},"end":{"line":165,"column":15}}],"line":163},"13":{"loc":{"start":{"line":163,"column":8},"end":{"line":163,"column":83}},"type":"binary-expr","locations":[{"start":{"line":163,"column":8},"end":{"line":163,"column":32}},{"start":{"line":163,"column":36},"end":{"line":163,"column":55}},{"start":{"line":163,"column":59},"end":{"line":163,"column":83}}],"line":163},"14":{"loc":{"start":{"line":172,"column":2},"end":{"line":177,"column":3}},"type":"if","locations":[{"start":{"line":172,"column":2},"end":{"line":177,"column":3}},{"start":{},"end":{}}],"line":172},"15":{"loc":{"start":{"line":180,"column":2},"end":{"line":182,"column":3}},"type":"if","locations":[{"start":{"line":180,"column":2},"end":{"line":182,"column":3}},{"start":{},"end":{}}],"line":180},"16":{"loc":{"start":{"line":192,"column":2},"end":{"line":194,"column":3}},"type":"if","locations":[{"start":{"line":192,"column":2},"end":{"line":194,"column":3}},{"start":{},"end":{}}],"line":192}},"s":{"0":3,"1":3,"2":3,"3":3,"4":3,"5":3,"6":1,"7":1,"8":1,"9":1,"10":1,"11":1,"12":1,"13":1,"14":1,"15":3,"16":3,"17":3,"18":2,"19":2,"20":2,"21":2,"22":2,"23":2,"24":2,"25":2,"26":2,"27":2,"28":2,"29":2,"30":2,"31":2,"32":2,"33":2,"34":2,"35":2,"36":2,"37":2,"38":2,"39":2,"40":2,"41":2,"42":2,"43":2,"44":0,"45":2,"46":2,"47":3,"48":1,"49":1,"50":1,"51":1,"52":1,"53":1,"54":1,"55":3,"56":2,"57":2,"58":2,"59":2,"60":2,"61":1,"62":1,"63":1,"64":1,"65":2,"66":0,"67":0,"68":0,"69":0,"70":2,"71":1,"72":1,"73":1,"74":1,"75":1,"76":1,"77":1,"78":1,"79":1,"80":1,"81":1,"82":3,"83":0,"84":0,"85":3,"86":1,"87":1,"88":3},"f":{"0":1,"1":2,"2":2,"3":0,"4":1,"5":2,"6":0,"7":1},"b":{"0":[0],"1":[0],"2":[0],"3":[2,0],"4":[2,0],"5":[2,0],"6":[2,0],"7":[0,2],"8":[2,0],"9":[1,0],"10":[1,0],"11":[1,1,1,1],"12":[1,0],"13":[1,0,0],"14":[0,2],"15":[1,1],"16":[1,0]},"_coverageSchema":"1a1c01bbd47fc00a2c39e90264f33305004495a9","hash":"43ff2c93f43340ab0764043baef047848b1ab5a6"}
,"C:\\Users\\Maria Luiza\\Desktop\\portfolio\\portfolio\\backend\\src\\services\\notificationService.js": {"path":"C:\\Users\\Maria Luiza\\Desktop\\portfolio\\portfolio\\backend\\src\\services\\notificationService.js","statementMap":{"0":{"start":{"line":1,"column":19},"end":{"line":1,"column":40}},"1":{"start":{"line":3,"column":20},"end":{"line":11,"column":2}},"2":{"start":{"line":14,"column":15},"end":{"line":19,"column":4}},"3":{"start":{"line":20,"column":2},"end":{"line":20,"column":14}},"4":{"start":{"line":23,"column":0},"end":{"line":23,"column":33}}},"fnMap":{"0":{"name":"enviarEmail","decl":{"start":{"line":13,"column":15},"end":{"line":13,"column":26}},"loc":{"start":{"line":13,"column":60},"end":{"line":21,"column":1}},"line":13}},"branchMap":{"0":{"loc":{"start":{"line":4,"column":8},"end":{"line":4,"column":56}},"type":"binary-expr","locations":[{"start":{"line":4,"column":8},"end":{"line":4,"column":30}},{"start":{"line":4,"column":34},"end":{"line":4,"column":56}}],"line":4}},"s":{"0":3,"1":3,"2":2,"3":1,"4":3},"f":{"0":2},"b":{"0":[3,2]},"_coverageSchema":"1a1c01bbd47fc00a2c39e90264f33305004495a9","hash":"68d2102fefc0983e511bf76bb7420be30f225b54"}
,"C:\\Users\\Maria Luiza\\Desktop\\portfolio\\portfolio\\backend\\src\\utils\\agendaHelper.js": {"path":"C:\\Users\\Maria Luiza\\Desktop\\portfolio\\portfolio\\backend\\src\\utils\\agendaHelper.js","statementMap":{"0":{"start":{"line":6,"column":31},"end":{"line":47,"column":1}},"1":{"start":{"line":7,"column":2},"end":{"line":9,"column":3}},"2":{"start":{"line":8,"column":4},"end":{"line":8,"column":17}},"3":{"start":{"line":12,"column":22},"end":{"line":18,"column":3}},"4":{"start":{"line":13,"column":5},"end":{"line":13,"column":62}},"5":{"start":{"line":13,"column":50},"end":{"line":13,"column":62}},"6":{"start":{"line":15,"column":20},"end":{"line":15,"column":50}},"7":{"start":{"line":16,"column":5},"end":{"line":16,"column":43}},"8":{"start":{"line":16,"column":31},"end":{"line":16,"column":43}},"9":{"start":{"line":17,"column":5},"end":{"line":17,"column":23}},"10":{"start":{"line":20,"column":25},"end":{"line":28,"column":47}},"11":{"start":{"line":21,"column":19},"end":{"line":25,"column":6}},"12":{"start":{"line":27,"column":21},"end":{"line":27,"column":100}},"13":{"start":{"line":28,"column":21},"end":{"line":28,"column":46}},"14":{"start":{"line":30,"column":2},"end":{"line":30,"column":46}},"15":{"start":{"line":30,"column":33},"end":{"line":30,"column":46}},"16":{"start":{"line":33,"column":2},"end":{"line":44,"column":3}},"17":{"start":{"line":33,"column":15},"end":{"line":33,"column":16}},"18":{"start":{"line":34,"column":22},"end":{"line":34,"column":39}},"19":{"start":{"line":35,"column":24},"end":{"line":35,"column":45}},"20":{"start":{"line":41,"column":4},"end":{"line":43,"column":5}},"21":{"start":{"line":42,"column":6},"end":{"line":42,"column":18}},"22":{"start":{"line":46,"column":2},"end":{"line":46,"column":15}},"23":{"start":{"line":49,"column":0},"end":{"line":49,"column":44}}},"fnMap":{"0":{"name":"(anonymous_0)","decl":{"start":{"line":6,"column":31},"end":{"line":6,"column":32}},"loc":{"start":{"line":6,"column":47},"end":{"line":47,"column":1}},"line":6},"1":{"name":"(anonymous_1)","decl":{"start":{"line":12,"column":22},"end":{"line":12,"column":23}},"loc":{"start":{"line":12,"column":35},"end":{"line":18,"column":3}},"line":12},"2":{"name":"(anonymous_2)","decl":{"start":{"line":21,"column":10},"end":{"line":21,"column":11}},"loc":{"start":{"line":21,"column":19},"end":{"line":25,"column":6}},"line":21},"3":{"name":"(anonymous_3)","decl":{"start":{"line":27,"column":13},"end":{"line":27,"column":14}},"loc":{"start":{"line":27,"column":21},"end":{"line":27,"column":100}},"line":27},"4":{"name":"(anonymous_4)","decl":{"start":{"line":28,"column":11},"end":{"line":28,"column":12}},"loc":{"start":{"line":28,"column":21},"end":{"line":28,"column":46}},"line":28}},"branchMap":{"0":{"loc":{"start":{"line":7,"column":2},"end":{"line":9,"column":3}},"type":"if","locations":[{"start":{"line":7,"column":2},"end":{"line":9,"column":3}},{"start":{},"end":{}}],"line":7},"1":{"loc":{"start":{"line":7,"column":6},"end":{"line":7,"column":42}},"type":"binary-expr","locations":[{"start":{"line":7,"column":6},"end":{"line":7,"column":17}},{"start":{"line":7,"column":21},"end":{"line":7,"column":42}}],"line":7},"2":{"loc":{"start":{"line":13,"column":5},"end":{"line":13,"column":62}},"type":"if","locations":[{"start":{"line":13,"column":5},"end":{"line":13,"column":62}},{"start":{},"end":{}}],"line":13},"3":{"loc":{"start":{"line":13,"column":9},"end":{"line":13,"column":48}},"type":"binary-expr","locations":[{"start":{"line":13,"column":9},"end":{"line":13,"column":17}},{"start":{"line":13,"column":21},"end":{"line":13,"column":48}}],"line":13},"4":{"loc":{"start":{"line":16,"column":5},"end":{"line":16,"column":43}},"type":"if","locations":[{"start":{"line":16,"column":5},"end":{"line":16,"column":43}},{"start":{},"end":{}}],"line":16},"5":{"loc":{"start":{"line":16,"column":9},"end":{"line":16,"column":29}},"type":"binary-expr","locations":[{"start":{"line":16,"column":9},"end":{"line":16,"column":17}},{"start":{"line":16,"column":21},"end":{"line":16,"column":29}}],"line":16},"6":{"loc":{"start":{"line":27,"column":21},"end":{"line":27,"column":100}},"type":"binary-expr","locations":[{"start":{"line":27,"column":21},"end":{"line":27,"column":44}},{"start":{"line":27,"column":48},"end":{"line":27,"column":68}},{"start":{"line":27,"column":72},"end":{"line":27,"column":100}}],"line":27},"7":{"loc":{"start":{"line":30,"column":2},"end":{"line":30,"column":46}},"type":"if","locations":[{"start":{"line":30,"column":2},"end":{"line":30,"column":46}},{"start":{},"end":{}}],"line":30},"8":{"loc":{"start":{"line":41,"column":4},"end":{"line":43,"column":5}},"type":"if","locations":[{"start":{"line":41,"column":4},"end":{"line":43,"column":5}},{"start":{},"end":{}}],"line":41}},"s":{"0":2,"1":7,"2":1,"3":6,"4":24,"5":2,"6":22,"7":22,"8":0,"9":22,"10":6,"11":12,"12":12,"13":5,"14":6,"15":1,"16":5,"17":5,"18":5,"19":5,"20":5,"21":2,"22":3,"23":2},"f":{"0":7,"1":24,"2":12,"3":12,"4":5},"b":{"0":[1,6],"1":[7,7],"2":[2,22],"3":[24,22],"4":[0,22],"5":[22,22],"6":[12,11,11],"7":[1,5],"8":[2,3]},"_coverageSchema":"1a1c01bbd47fc00a2c39e90264f33305004495a9","hash":"928e68ddea1c1633b8e31a9eddcbd0dae25cbbd0"}
,"C:\\Users\\Maria Luiza\\Desktop\\portfolio\\portfolio\\backend\\src\\utils\\dateUtils.js": {"path":"C:\\Users\\Maria Luiza\\Desktop\\portfolio\\portfolio\\backend\\src\\utils\\dateUtils.js","statementMap":{"0":{"start":{"line":1,"column":29},"end":{"line":1,"column":51}},"1":{"start":{"line":4,"column":13},"end":{"line":4,"column":14}},"2":{"start":{"line":5,"column":18},"end":{"line":5,"column":39}},"3":{"start":{"line":6,"column":15},"end":{"line":6,"column":25}},"4":{"start":{"line":8,"column":2},"end":{"line":14,"column":3}},"5":{"start":{"line":9,"column":24},"end":{"line":9,"column":42}},"6":{"start":{"line":10,"column":4},"end":{"line":12,"column":5}},"7":{"start":{"line":11,"column":6},"end":{"line":11,"column":13}},"8":{"start":{"line":13,"column":4},"end":{"line":13,"column":47}},"9":{"start":{"line":15,"column":2},"end":{"line":15,"column":14}},"10":{"start":{"line":19,"column":2},"end":{"line":19,"column":25}},"11":{"start":{"line":19,"column":13},"end":{"line":19,"column":25}},"12":{"start":{"line":20,"column":19},"end":{"line":20,"column":38}},"13":{"start":{"line":22,"column":2},"end":{"line":22,"column":65}},"14":{"start":{"line":26,"column":2},"end":{"line":26,"column":25}},"15":{"start":{"line":26,"column":13},"end":{"line":26,"column":25}},"16":{"start":{"line":29,"column":2},"end":{"line":29,"column":57}},"17":{"start":{"line":33,"column":2},"end":{"line":33,"column":63}},"18":{"start":{"line":33,"column":53},"end":{"line":33,"column":63}},"19":{"start":{"line":35,"column":17},"end":{"line":35,"column":38}},"20":{"start":{"line":36,"column":2},"end":{"line":36,"column":45}},"21":{"start":{"line":36,"column":27},"end":{"line":36,"column":45}},"22":{"start":{"line":38,"column":26},"end":{"line":38,"column":32}},"23":{"start":{"line":40,"column":2},"end":{"line":40,"column":32}},"24":{"start":{"line":43,"column":0},"end":{"line":48,"column":2}}},"fnMap":{"0":{"name":"getDiasUteis","decl":{"start":{"line":3,"column":9},"end":{"line":3,"column":21}},"loc":{"start":{"line":3,"column":35},"end":{"line":16,"column":1}},"line":3},"1":{"name":"formatarData","decl":{"start":{"line":18,"column":9},"end":{"line":18,"column":21}},"loc":{"start":{"line":18,"column":28},"end":{"line":23,"column":1}},"line":18},"2":{"name":"formatarApenasData","decl":{"start":{"line":25,"column":9},"end":{"line":25,"column":27}},"loc":{"start":{"line":25,"column":34},"end":{"line":30,"column":1}},"line":25},"3":{"name":"formatarDataParaEmail","decl":{"start":{"line":32,"column":9},"end":{"line":32,"column":30}},"loc":{"start":{"line":32,"column":43},"end":{"line":41,"column":1}},"line":32}},"branchMap":{"0":{"loc":{"start":{"line":10,"column":4},"end":{"line":12,"column":5}},"type":"if","locations":[{"start":{"line":10,"column":4},"end":{"line":12,"column":5}},{"start":{},"end":{}}],"line":10},"1":{"loc":{"start":{"line":10,"column":8},"end":{"line":10,"column":46}},"type":"binary-expr","locations":[{"start":{"line":10,"column":8},"end":{"line":10,"column":25}},{"start":{"line":10,"column":29},"end":{"line":10,"column":46}}],"line":10},"2":{"loc":{"start":{"line":19,"column":2},"end":{"line":19,"column":25}},"type":"if","locations":[{"start":{"line":19,"column":2},"end":{"line":19,"column":25}},{"start":{},"end":{}}],"line":19},"3":{"loc":{"start":{"line":26,"column":2},"end":{"line":26,"column":25}},"type":"if","locations":[{"start":{"line":26,"column":2},"end":{"line":26,"column":25}},{"start":{},"end":{}}],"line":26},"4":{"loc":{"start":{"line":33,"column":2},"end":{"line":33,"column":63}},"type":"if","locations":[{"start":{"line":33,"column":2},"end":{"line":33,"column":63}},{"start":{},"end":{}}],"line":33},"5":{"loc":{"start":{"line":33,"column":6},"end":{"line":33,"column":51}},"type":"binary-expr","locations":[{"start":{"line":33,"column":6},"end":{"line":33,"column":17}},{"start":{"line":33,"column":21},"end":{"line":33,"column":51}}],"line":33},"6":{"loc":{"start":{"line":36,"column":2},"end":{"line":36,"column":45}},"type":"if","locations":[{"start":{"line":36,"column":2},"end":{"line":36,"column":45}},{"start":{},"end":{}}],"line":36}},"s":{"0":19,"1":3,"2":3,"3":3,"4":3,"5":11,"6":11,"7":9,"8":11,"9":3,"10":21,"11":18,"12":3,"13":3,"14":14,"15":11,"16":3,"17":5,"18":2,"19":3,"20":3,"21":1,"22":2,"23":2,"24":19},"f":{"0":3,"1":21,"2":14,"3":5},"b":{"0":[9,2],"1":[11,10],"2":[18,3],"3":[11,3],"4":[2,3],"5":[5,4],"6":[1,2]},"_coverageSchema":"1a1c01bbd47fc00a2c39e90264f33305004495a9","hash":"033b70124dd1736fad1f3969d8416166a8ebcd00"}
,"C:\\Users\\Maria Luiza\\Desktop\\portfolio\\portfolio\\backend\\src\\utils\\queryUtils.js": {"path":"C:\\Users\\Maria Luiza\\Desktop\\portfolio\\portfolio\\backend\\src\\utils\\queryUtils.js","statementMap":{"0":{"start":{"line":2,"column":18},"end":{"line":2,"column":98}},"1":{"start":{"line":3,"column":20},"end":{"line":3,"column":22}},"2":{"start":{"line":4,"column":15},"end":{"line":4,"column":17}},"3":{"start":{"line":5,"column":19},"end":{"line":5,"column":29}},"4":{"start":{"line":7,"column":20},"end":{"line":14,"column":3}},"5":{"start":{"line":15,"column":23},"end":{"line":15,"column":69}},"6":{"start":{"line":17,"column":2},"end":{"line":45,"column":3}},"7":{"start":{"line":18,"column":18},"end":{"line":18,"column":77}},"8":{"start":{"line":19,"column":4},"end":{"line":44,"column":5}},"9":{"start":{"line":20,"column":18},"end":{"line":20,"column":26}},"10":{"start":{"line":21,"column":17},"end":{"line":21,"column":25}},"11":{"start":{"line":22,"column":18},"end":{"line":22,"column":26}},"12":{"start":{"line":24,"column":6},"end":{"line":24,"column":92}},"13":{"start":{"line":24,"column":39},"end":{"line":24,"column":92}},"14":{"start":{"line":25,"column":20},"end":{"line":25,"column":33}},"15":{"start":{"line":26,"column":6},"end":{"line":26,"column":72}},"16":{"start":{"line":26,"column":18},"end":{"line":26,"column":72}},"17":{"start":{"line":30,"column":8},"end":{"line":30,"column":89}},"18":{"start":{"line":32,"column":6},"end":{"line":38,"column":7}},"19":{"start":{"line":33,"column":8},"end":{"line":33,"column":63}},"20":{"start":{"line":34,"column":8},"end":{"line":34,"column":34}},"21":{"start":{"line":36,"column":8},"end":{"line":36,"column":63}},"22":{"start":{"line":37,"column":8},"end":{"line":37,"column":27}},"23":{"start":{"line":39,"column":6},"end":{"line":39,"column":19}},"24":{"start":{"line":41,"column":6},"end":{"line":43,"column":8}},"25":{"start":{"line":46,"column":2},"end":{"line":46,"column":55}},"26":{"start":{"line":48,"column":0},"end":{"line":48,"column":33}}},"fnMap":{"0":{"name":"parseFilter","decl":{"start":{"line":1,"column":9},"end":{"line":1,"column":20}},"loc":{"start":{"line":1,"column":58},"end":{"line":47,"column":1}},"line":1}},"branchMap":{"0":{"loc":{"start":{"line":1,"column":42},"end":{"line":1,"column":56}},"type":"default-arg","locations":[{"start":{"line":1,"column":55},"end":{"line":1,"column":56}}],"line":1},"1":{"loc":{"start":{"line":2,"column":18},"end":{"line":2,"column":98}},"type":"cond-expr","locations":[{"start":{"line":2,"column":55},"end":{"line":2,"column":74}},{"start":{"line":2,"column":77},"end":{"line":2,"column":98}}],"line":2},"2":{"loc":{"start":{"line":19,"column":4},"end":{"line":44,"column":5}},"type":"if","locations":[{"start":{"line":19,"column":4},"end":{"line":44,"column":5}},{"start":{"line":40,"column":11},"end":{"line":44,"column":5}}],"line":19},"3":{"loc":{"start":{"line":19,"column":8},"end":{"line":19,"column":35}},"type":"binary-expr","locations":[{"start":{"line":19,"column":8},"end":{"line":19,"column":13}},{"start":{"line":19,"column":17},"end":{"line":19,"column":35}}],"line":19},"4":{"loc":{"start":{"line":24,"column":6},"end":{"line":24,"column":92}},"type":"if","locations":[{"start":{"line":24,"column":6},"end":{"line":24,"column":92}},{"start":{},"end":{}}],"line":24},"5":{"loc":{"start":{"line":26,"column":6},"end":{"line":26,"column":72}},"type":"if","locations":[{"start":{"line":26,"column":6},"end":{"line":26,"column":72}},{"start":{},"end":{}}],"line":26},"6":{"loc":{"start":{"line":30,"column":8},"end":{"line":30,"column":89}},"type":"cond-expr","locations":[{"start":{"line":30,"column":29},"end":{"line":30,"column":40}},{"start":{"line":30,"column":43},"end":{"line":30,"column":89}}],"line":30},"7":{"loc":{"start":{"line":30,"column":43},"end":{"line":30,"column":89}},"type":"cond-expr","locations":[{"start":{"line":30,"column":68},"end":{"line":30,"column":83}},{"start":{"line":30,"column":86},"end":{"line":30,"column":89}}],"line":30},"8":{"loc":{"start":{"line":32,"column":6},"end":{"line":38,"column":7}},"type":"if","locations":[{"start":{"line":32,"column":6},"end":{"line":38,"column":7}},{"start":{"line":35,"column":13},"end":{"line":38,"column":7}}],"line":32}},"s":{"0":7,"1":7,"2":7,"3":7,"4":7,"5":7,"6":7,"7":8,"8":8,"9":6,"10":6,"11":6,"12":6,"13":1,"14":5,"15":5,"16":0,"17":5,"18":5,"19":1,"20":1,"21":4,"22":4,"23":5,"24":2,"25":4,"26":2},"f":{"0":7},"b":{"0":[6],"1":[1,6],"2":[6,2],"3":[8,6],"4":[1,5],"5":[0,5],"6":[1,4],"7":[1,3],"8":[1,4]},"_coverageSchema":"1a1c01bbd47fc00a2c39e90264f33305004495a9","hash":"22928ccc2dadf8dd2d52ca0ad4d3cc586cb7be04"}
}
