{"C:\\Users\\Maria Luiza\\Desktop\\portfolio\\portfolio\\backend\\src\\controllers\\administradorController.js": {"path":"C:\\Users\\Maria Luiza\\Desktop\\portfolio\\portfolio\\backend\\src\\controllers\\administradorController.js","statementMap":{"0":{"start":{"line":1,"column":22},"end":{"line":1,"column":61}},"1":{"start":{"line":2,"column":15},"end":{"line":2,"column":47}},"2":{"start":{"line":4,"column":0},"end":{"line":14,"column":2}},"3":{"start":{"line":5,"column":2},"end":{"line":13,"column":3}},"4":{"start":{"line":6,"column":22},"end":{"line":6,"column":58}},"5":{"start":{"line":7,"column":4},"end":{"line":10,"column":7}},"6":{"start":{"line":12,"column":4},"end":{"line":12,"column":95}},"7":{"start":{"line":16,"column":0},"end":{"line":32,"column":2}},"8":{"start":{"line":17,"column":2},"end":{"line":31,"column":3}},"9":{"start":{"line":18,"column":35},"end":{"line":18,"column":44}},"10":{"start":{"line":19,"column":20},"end":{"line":19,"column":45}},"11":{"start":{"line":20,"column":20},"end":{"line":20,"column":46}},"12":{"start":{"line":22,"column":23},"end":{"line":22,"column":25}},"13":{"start":{"line":23,"column":4},"end":{"line":25,"column":5}},"14":{"start":{"line":24,"column":6},"end":{"line":24,"column":75}},"15":{"start":{"line":27,"column":19},"end":{"line":27,"column":84}},"16":{"start":{"line":28,"column":4},"end":{"line":28,"column":33}},"17":{"start":{"line":30,"column":4},"end":{"line":30,"column":94}},"18":{"start":{"line":34,"column":0},"end":{"line":45,"column":2}},"19":{"start":{"line":35,"column":2},"end":{"line":44,"column":3}},"20":{"start":{"line":36,"column":19},"end":{"line":36,"column":29}},"21":{"start":{"line":37,"column":23},"end":{"line":37,"column":63}},"22":{"start":{"line":38,"column":4},"end":{"line":40,"column":5}},"23":{"start":{"line":39,"column":6},"end":{"line":39,"column":79}},"24":{"start":{"line":41,"column":4},"end":{"line":41,"column":97}},"25":{"start":{"line":43,"column":4},"end":{"line":43,"column":95}},"26":{"start":{"line":47,"column":0},"end":{"line":58,"column":2}},"27":{"start":{"line":48,"column":2},"end":{"line":57,"column":3}},"28":{"start":{"line":49,"column":19},"end":{"line":49,"column":29}},"29":{"start":{"line":50,"column":21},"end":{"line":50,"column":51}},"30":{"start":{"line":51,"column":4},"end":{"line":53,"column":5}},"31":{"start":{"line":52,"column":6},"end":{"line":52,"column":79}},"32":{"start":{"line":54,"column":4},"end":{"line":54,"column":77}},"33":{"start":{"line":56,"column":4},"end":{"line":56,"column":93}},"34":{"start":{"line":62,"column":13},"end":{"line":62,"column":23}},"35":{"start":{"line":63,"column":21},"end":{"line":63,"column":22}},"36":{"start":{"line":64,"column":2},"end":{"line":71,"column":3}},"37":{"start":{"line":65,"column":4},"end":{"line":65,"column":37}},"38":{"start":{"line":66,"column":24},"end":{"line":66,"column":37}},"39":{"start":{"line":67,"column":4},"end":{"line":70,"column":5}},"40":{"start":{"line":69,"column":6},"end":{"line":69,"column":21}},"41":{"start":{"line":72,"column":2},"end":{"line":72,"column":14}},"42":{"start":{"line":75,"column":0},"end":{"line":91,"column":2}},"43":{"start":{"line":76,"column":2},"end":{"line":90,"column":3}},"44":{"start":{"line":77,"column":31},"end":{"line":77,"column":57}},"45":{"start":{"line":79,"column":23},"end":{"line":79,"column":47}},"46":{"start":{"line":80,"column":33},"end":{"line":80,"column":93}},"47":{"start":{"line":82,"column":4},"end":{"line":85,"column":7}},"48":{"start":{"line":87,"column":4},"end":{"line":89,"column":92}}},"fnMap":{"0":{"name":"(anonymous_0)","decl":{"start":{"line":4,"column":30},"end":{"line":4,"column":31}},"loc":{"start":{"line":4,"column":50},"end":{"line":14,"column":1}},"line":4},"1":{"name":"(anonymous_1)","decl":{"start":{"line":16,"column":32},"end":{"line":16,"column":33}},"loc":{"start":{"line":16,"column":52},"end":{"line":32,"column":1}},"line":16},"2":{"name":"(anonymous_2)","decl":{"start":{"line":34,"column":30},"end":{"line":34,"column":31}},"loc":{"start":{"line":34,"column":50},"end":{"line":45,"column":1}},"line":34},"3":{"name":"(anonymous_3)","decl":{"start":{"line":47,"column":30},"end":{"line":47,"column":31}},"loc":{"start":{"line":47,"column":50},"end":{"line":58,"column":1}},"line":47},"4":{"name":"getStartDateDiasUteis","decl":{"start":{"line":61,"column":9},"end":{"line":61,"column":30}},"loc":{"start":{"line":61,"column":42},"end":{"line":73,"column":1}},"line":61},"5":{"name":"(anonymous_5)","decl":{"start":{"line":75,"column":28},"end":{"line":75,"column":29}},"loc":{"start":{"line":75,"column":48},"end":{"line":91,"column":1}},"line":75}},"branchMap":{"0":{"loc":{"start":{"line":19,"column":29},"end":{"line":19,"column":40}},"type":"binary-expr","locations":[{"start":{"line":19,"column":29},"end":{"line":19,"column":33}},{"start":{"line":19,"column":37},"end":{"line":19,"column":40}}],"line":19},"1":{"loc":{"start":{"line":20,"column":29},"end":{"line":20,"column":41}},"type":"binary-expr","locations":[{"start":{"line":20,"column":29},"end":{"line":20,"column":33}},{"start":{"line":20,"column":37},"end":{"line":20,"column":41}}],"line":20},"2":{"loc":{"start":{"line":23,"column":4},"end":{"line":25,"column":5}},"type":"if","locations":[{"start":{"line":23,"column":4},"end":{"line":25,"column":5}},{"start":{},"end":{}}],"line":23},"3":{"loc":{"start":{"line":24,"column":21},"end":{"line":24,"column":74}},"type":"cond-expr","locations":[{"start":{"line":24,"column":45},"end":{"line":24,"column":65}},{"start":{"line":24,"column":68},"end":{"line":24,"column":74}}],"line":24},"4":{"loc":{"start":{"line":38,"column":4},"end":{"line":40,"column":5}},"type":"if","locations":[{"start":{"line":38,"column":4},"end":{"line":40,"column":5}},{"start":{},"end":{}}],"line":38},"5":{"loc":{"start":{"line":51,"column":4},"end":{"line":53,"column":5}},"type":"if","locations":[{"start":{"line":51,"column":4},"end":{"line":53,"column":5}},{"start":{},"end":{}}],"line":51},"6":{"loc":{"start":{"line":67,"column":4},"end":{"line":70,"column":5}},"type":"if","locations":[{"start":{"line":67,"column":4},"end":{"line":70,"column":5}},{"start":{},"end":{}}],"line":67},"7":{"loc":{"start":{"line":67,"column":8},"end":{"line":67,"column":46}},"type":"binary-expr","locations":[{"start":{"line":67,"column":8},"end":{"line":67,"column":25}},{"start":{"line":67,"column":29},"end":{"line":67,"column":46}}],"line":67}},"s":{"0":1,"1":1,"2":1,"3":2,"4":2,"5":1,"6":1,"7":1,"8":4,"9":4,"10":4,"11":4,"12":4,"13":4,"14":2,"15":4,"16":3,"17":1,"18":1,"19":3,"20":3,"21":3,"22":2,"23":1,"24":1,"25":1,"26":1,"27":3,"28":3,"29":3,"30":2,"31":1,"32":1,"33":1,"34":1,"35":1,"36":1,"37":7,"38":7,"39":7,"40":5,"41":1,"42":1,"43":2,"44":2,"45":1,"46":1,"47":1,"48":1},"f":{"0":2,"1":4,"2":3,"3":3,"4":1,"5":2},"b":{"0":[4,3],"1":[4,3],"2":[2,2],"3":[1,1],"4":[1,1],"5":[1,1],"6":[5,2],"7":[7,6]},"_coverageSchema":"1a1c01bbd47fc00a2c39e90264f33305004495a9","hash":"a86e007a0806fe4fdacfd49044c0925ee0c16bbe"}
,"C:\\Users\\Maria Luiza\\Desktop\\portfolio\\portfolio\\backend\\src\\controllers\\authController.js": {"path":"C:\\Users\\Maria Luiza\\Desktop\\portfolio\\portfolio\\backend\\src\\controllers\\authController.js","statementMap":{"0":{"start":{"line":1,"column":15},"end":{"line":1,"column":34}},"1":{"start":{"line":2,"column":12},"end":{"line":2,"column":35}},"2":{"start":{"line":3,"column":15},"end":{"line":3,"column":32}},"3":{"start":{"line":4,"column":11},"end":{"line":4,"column":40}},"4":{"start":{"line":5,"column":25},"end":{"line":5,"column":54}},"5":{"start":{"line":6,"column":24},"end":{"line":6,"column":66}},"6":{"start":{"line":8,"column":19},"end":{"line":8,"column":41}},"7":{"start":{"line":11,"column":0},"end":{"line":76,"column":2}},"8":{"start":{"line":12,"column":2},"end":{"line":75,"column":3}},"9":{"start":{"line":13,"column":37},"end":{"line":13,"column":45}},"10":{"start":{"line":14,"column":4},"end":{"line":16,"column":5}},"11":{"start":{"line":15,"column":6},"end":{"line":15,"column":91}},"12":{"start":{"line":18,"column":4},"end":{"line":35,"column":5}},"13":{"start":{"line":19,"column":27},"end":{"line":19,"column":91}},"14":{"start":{"line":20,"column":6},"end":{"line":34,"column":7}},"15":{"start":{"line":21,"column":23},"end":{"line":21,"column":43}},"16":{"start":{"line":23,"column":8},"end":{"line":25,"column":9}},"17":{"start":{"line":24,"column":10},"end":{"line":24,"column":97}},"18":{"start":{"line":27,"column":8},"end":{"line":33,"column":9}},"19":{"start":{"line":28,"column":36},"end":{"line":28,"column":79}},"20":{"start":{"line":29,"column":10},"end":{"line":32,"column":11}},"21":{"start":{"line":30,"column":12},"end":{"line":30,"column":99}},"22":{"start":{"line":31,"column":12},"end":{"line":31,"column":99}},"23":{"start":{"line":37,"column":20},"end":{"line":42,"column":5}},"24":{"start":{"line":44,"column":19},"end":{"line":44,"column":48}},"25":{"start":{"line":45,"column":4},"end":{"line":49,"column":5}},"26":{"start":{"line":46,"column":6},"end":{"line":48,"column":9}},"27":{"start":{"line":51,"column":23},"end":{"line":51,"column":90}},"28":{"start":{"line":52,"column":4},"end":{"line":56,"column":5}},"29":{"start":{"line":53,"column":6},"end":{"line":55,"column":9}},"30":{"start":{"line":58,"column":17},"end":{"line":58,"column":35}},"31":{"start":{"line":59,"column":20},"end":{"line":59,"column":59}},"32":{"start":{"line":60,"column":4},"end":{"line":64,"column":5}},"33":{"start":{"line":61,"column":6},"end":{"line":63,"column":9}},"34":{"start":{"line":66,"column":20},"end":{"line":66,"column":82}},"35":{"start":{"line":67,"column":18},"end":{"line":67,"column":68}},"36":{"start":{"line":69,"column":4},"end":{"line":69,"column":56}},"37":{"start":{"line":71,"column":4},"end":{"line":74,"column":7}},"38":{"start":{"line":79,"column":0},"end":{"line":126,"column":2}},"39":{"start":{"line":80,"column":2},"end":{"line":125,"column":3}},"40":{"start":{"line":81,"column":30},"end":{"line":81,"column":38}},"41":{"start":{"line":83,"column":20},"end":{"line":88,"column":5}},"42":{"start":{"line":90,"column":19},"end":{"line":90,"column":48}},"43":{"start":{"line":91,"column":4},"end":{"line":91,"column":78}},"44":{"start":{"line":91,"column":17},"end":{"line":91,"column":78}},"45":{"start":{"line":93,"column":23},"end":{"line":93,"column":90}},"46":{"start":{"line":94,"column":4},"end":{"line":100,"column":5}},"47":{"start":{"line":96,"column":6},"end":{"line":99,"column":9}},"48":{"start":{"line":101,"column":17},"end":{"line":101,"column":35}},"49":{"start":{"line":103,"column":23},"end":{"line":103,"column":61}},"50":{"start":{"line":104,"column":22},"end":{"line":104,"column":82}},"51":{"start":{"line":105,"column":22},"end":{"line":105,"column":52}},"52":{"start":{"line":107,"column":4},"end":{"line":110,"column":6}},"53":{"start":{"line":112,"column":28},"end":{"line":112,"column":79}},"54":{"start":{"line":113,"column":21},"end":{"line":113,"column":76}},"55":{"start":{"line":114,"column":20},"end":{"line":114,"column":54}},"56":{"start":{"line":115,"column":25},"end":{"line":115,"column":199}},"57":{"start":{"line":117,"column":4},"end":{"line":117,"column":67}},"58":{"start":{"line":119,"column":4},"end":{"line":122,"column":7}},"59":{"start":{"line":124,"column":4},"end":{"line":124,"column":80}},"60":{"start":{"line":129,"column":0},"end":{"line":165,"column":2}},"61":{"start":{"line":130,"column":2},"end":{"line":164,"column":3}},"62":{"start":{"line":131,"column":33},"end":{"line":131,"column":41}},"63":{"start":{"line":133,"column":22},"end":{"line":133,"column":77}},"64":{"start":{"line":135,"column":24},"end":{"line":138,"column":5}},"65":{"start":{"line":140,"column":4},"end":{"line":142,"column":5}},"66":{"start":{"line":141,"column":6},"end":{"line":141,"column":78}},"67":{"start":{"line":143,"column":22},"end":{"line":143,"column":41}},"68":{"start":{"line":144,"column":17},"end":{"line":144,"column":41}},"69":{"start":{"line":145,"column":26},"end":{"line":145,"column":60}},"70":{"start":{"line":147,"column":20},"end":{"line":152,"column":5}},"71":{"start":{"line":153,"column":19},"end":{"line":153,"column":44}},"72":{"start":{"line":154,"column":4},"end":{"line":157,"column":7}},"73":{"start":{"line":159,"column":4},"end":{"line":159,"column":86}},"74":{"start":{"line":161,"column":4},"end":{"line":161,"column":71}},"75":{"start":{"line":163,"column":4},"end":{"line":163,"column":90}}},"fnMap":{"0":{"name":"(anonymous_0)","decl":{"start":{"line":11,"column":16},"end":{"line":11,"column":17}},"loc":{"start":{"line":11,"column":36},"end":{"line":76,"column":1}},"line":11},"1":{"name":"(anonymous_1)","decl":{"start":{"line":79,"column":25},"end":{"line":79,"column":26}},"loc":{"start":{"line":79,"column":45},"end":{"line":126,"column":1}},"line":79},"2":{"name":"(anonymous_2)","decl":{"start":{"line":129,"column":24},"end":{"line":129,"column":25}},"loc":{"start":{"line":129,"column":44},"end":{"line":165,"column":1}},"line":129}},"branchMap":{"0":{"loc":{"start":{"line":14,"column":4},"end":{"line":16,"column":5}},"type":"if","locations":[{"start":{"line":14,"column":4},"end":{"line":16,"column":5}},{"start":{},"end":{}}],"line":14},"1":{"loc":{"start":{"line":14,"column":8},"end":{"line":14,"column":35}},"type":"binary-expr","locations":[{"start":{"line":14,"column":8},"end":{"line":14,"column":14}},{"start":{"line":14,"column":18},"end":{"line":14,"column":24}},{"start":{"line":14,"column":28},"end":{"line":14,"column":35}}],"line":14},"2":{"loc":{"start":{"line":18,"column":4},"end":{"line":35,"column":5}},"type":"if","locations":[{"start":{"line":18,"column":4},"end":{"line":35,"column":5}},{"start":{},"end":{}}],"line":18},"3":{"loc":{"start":{"line":20,"column":6},"end":{"line":34,"column":7}},"type":"if","locations":[{"start":{"line":20,"column":6},"end":{"line":34,"column":7}},{"start":{},"end":{}}],"line":20},"4":{"loc":{"start":{"line":23,"column":8},"end":{"line":25,"column":9}},"type":"if","locations":[{"start":{"line":23,"column":8},"end":{"line":25,"column":9}},{"start":{},"end":{}}],"line":23},"5":{"loc":{"start":{"line":27,"column":8},"end":{"line":33,"column":9}},"type":"if","locations":[{"start":{"line":27,"column":8},"end":{"line":33,"column":9}},{"start":{},"end":{}}],"line":27},"6":{"loc":{"start":{"line":27,"column":12},"end":{"line":27,"column":86}},"type":"binary-expr","locations":[{"start":{"line":27,"column":12},"end":{"line":27,"column":53}},{"start":{"line":27,"column":57},"end":{"line":27,"column":86}}],"line":27},"7":{"loc":{"start":{"line":29,"column":10},"end":{"line":32,"column":11}},"type":"if","locations":[{"start":{"line":29,"column":10},"end":{"line":32,"column":11}},{"start":{},"end":{}}],"line":29},"8":{"loc":{"start":{"line":45,"column":4},"end":{"line":49,"column":5}},"type":"if","locations":[{"start":{"line":45,"column":4},"end":{"line":49,"column":5}},{"start":{},"end":{}}],"line":45},"9":{"loc":{"start":{"line":52,"column":4},"end":{"line":56,"column":5}},"type":"if","locations":[{"start":{"line":52,"column":4},"end":{"line":56,"column":5}},{"start":{},"end":{}}],"line":52},"10":{"loc":{"start":{"line":60,"column":4},"end":{"line":64,"column":5}},"type":"if","locations":[{"start":{"line":60,"column":4},"end":{"line":64,"column":5}},{"start":{},"end":{}}],"line":60},"11":{"loc":{"start":{"line":91,"column":4},"end":{"line":91,"column":78}},"type":"if","locations":[{"start":{"line":91,"column":4},"end":{"line":91,"column":78}},{"start":{},"end":{}}],"line":91},"12":{"loc":{"start":{"line":94,"column":4},"end":{"line":100,"column":5}},"type":"if","locations":[{"start":{"line":94,"column":4},"end":{"line":100,"column":5}},{"start":{},"end":{}}],"line":94},"13":{"loc":{"start":{"line":112,"column":28},"end":{"line":112,"column":79}},"type":"binary-expr","locations":[{"start":{"line":112,"column":28},"end":{"line":112,"column":52}},{"start":{"line":112,"column":56},"end":{"line":112,"column":79}}],"line":112},"14":{"loc":{"start":{"line":140,"column":4},"end":{"line":142,"column":5}},"type":"if","locations":[{"start":{"line":140,"column":4},"end":{"line":142,"column":5}},{"start":{},"end":{}}],"line":140}},"s":{"0":1,"1":1,"2":1,"3":1,"4":1,"5":1,"6":1,"7":1,"8":5,"9":5,"10":5,"11":0,"12":5,"13":3,"14":3,"15":3,"16":3,"17":1,"18":2,"19":2,"20":2,"21":1,"22":1,"23":3,"24":3,"25":3,"26":0,"27":3,"28":3,"29":0,"30":3,"31":3,"32":3,"33":1,"34":2,"35":2,"36":2,"37":0,"38":1,"39":2,"40":2,"41":2,"42":2,"43":2,"44":0,"45":2,"46":2,"47":1,"48":1,"49":1,"50":1,"51":1,"52":1,"53":1,"54":1,"55":1,"56":1,"57":1,"58":1,"59":0,"60":1,"61":2,"62":2,"63":2,"64":2,"65":2,"66":1,"67":1,"68":1,"69":1,"70":1,"71":1,"72":1,"73":1,"74":1,"75":0},"f":{"0":5,"1":2,"2":2},"b":{"0":[0,5],"1":[5,5,5],"2":[3,2],"3":[3,0],"4":[1,2],"5":[2,0],"6":[2,2],"7":[1,1],"8":[0,3],"9":[0,3],"10":[1,2],"11":[0,2],"12":[1,1],"13":[1,0],"14":[1,1]},"_coverageSchema":"1a1c01bbd47fc00a2c39e90264f33305004495a9","hash":"73b6c0bbdc6219d764f048bace2d0d1f0b9e58cc"}
,"C:\\Users\\Maria Luiza\\Desktop\\portfolio\\portfolio\\backend\\src\\controllers\\auxiliarController.js": {"path":"C:\\Users\\Maria Luiza\\Desktop\\portfolio\\portfolio\\backend\\src\\controllers\\auxiliarController.js","statementMap":{"0":{"start":{"line":1,"column":17},"end":{"line":1,"column":51}},"1":{"start":{"line":2,"column":11},"end":{"line":2,"column":40}},"2":{"start":{"line":4,"column":0},"end":{"line":26,"column":2}},"3":{"start":{"line":5,"column":2},"end":{"line":25,"column":3}},"4":{"start":{"line":6,"column":28},"end":{"line":6,"column":39}},"5":{"start":{"line":8,"column":26},"end":{"line":11,"column":5}},"6":{"start":{"line":13,"column":25},"end":{"line":13,"column":61}},"7":{"start":{"line":14,"column":4},"end":{"line":17,"column":7}},"8":{"start":{"line":19,"column":4},"end":{"line":23,"column":5}},"9":{"start":{"line":20,"column":6},"end":{"line":22,"column":9}},"10":{"start":{"line":24,"column":4},"end":{"line":24,"column":90}},"11":{"start":{"line":28,"column":0},"end":{"line":46,"column":2}},"12":{"start":{"line":29,"column":2},"end":{"line":45,"column":3}},"13":{"start":{"line":30,"column":35},"end":{"line":30,"column":44}},"14":{"start":{"line":31,"column":19},"end":{"line":31,"column":29}},"15":{"start":{"line":33,"column":20},"end":{"line":33,"column":45}},"16":{"start":{"line":34,"column":20},"end":{"line":34,"column":46}},"17":{"start":{"line":36,"column":23},"end":{"line":36,"column":25}},"18":{"start":{"line":37,"column":4},"end":{"line":39,"column":5}},"19":{"start":{"line":38,"column":6},"end":{"line":38,"column":75}},"20":{"start":{"line":41,"column":19},"end":{"line":41,"column":91}},"21":{"start":{"line":42,"column":4},"end":{"line":42,"column":33}},"22":{"start":{"line":44,"column":4},"end":{"line":44,"column":89}},"23":{"start":{"line":48,"column":0},"end":{"line":121,"column":2}},"24":{"start":{"line":49,"column":2},"end":{"line":120,"column":3}},"25":{"start":{"line":50,"column":31},"end":{"line":50,"column":41}},"26":{"start":{"line":51,"column":44},"end":{"line":51,"column":52}},"27":{"start":{"line":53,"column":4},"end":{"line":57,"column":5}},"28":{"start":{"line":54,"column":6},"end":{"line":56,"column":81}},"29":{"start":{"line":59,"column":61},"end":{"line":59,"column":69}},"30":{"start":{"line":61,"column":27},"end":{"line":61,"column":29}},"31":{"start":{"line":62,"column":19},"end":{"line":62,"column":21}},"32":{"start":{"line":63,"column":21},"end":{"line":63,"column":22}},"33":{"start":{"line":65,"column":4},"end":{"line":68,"column":5}},"34":{"start":{"line":66,"column":6},"end":{"line":66,"column":53}},"35":{"start":{"line":67,"column":6},"end":{"line":67,"column":24}},"36":{"start":{"line":69,"column":4},"end":{"line":72,"column":5}},"37":{"start":{"line":70,"column":6},"end":{"line":70,"column":54}},"38":{"start":{"line":71,"column":6},"end":{"line":71,"column":25}},"39":{"start":{"line":73,"column":4},"end":{"line":76,"column":5}},"40":{"start":{"line":74,"column":6},"end":{"line":74,"column":57}},"41":{"start":{"line":75,"column":6},"end":{"line":75,"column":28}},"42":{"start":{"line":77,"column":4},"end":{"line":80,"column":5}},"43":{"start":{"line":78,"column":6},"end":{"line":78,"column":65}},"44":{"start":{"line":79,"column":6},"end":{"line":79,"column":34}},"45":{"start":{"line":82,"column":4},"end":{"line":87,"column":5}},"46":{"start":{"line":83,"column":19},"end":{"line":83,"column":43}},"47":{"start":{"line":84,"column":24},"end":{"line":84,"column":54}},"48":{"start":{"line":85,"column":6},"end":{"line":85,"column":54}},"49":{"start":{"line":86,"column":6},"end":{"line":86,"column":29}},"50":{"start":{"line":89,"column":4},"end":{"line":89,"column":54}},"51":{"start":{"line":91,"column":4},"end":{"line":95,"column":5}},"52":{"start":{"line":92,"column":6},"end":{"line":94,"column":81}},"53":{"start":{"line":97,"column":4},"end":{"line":97,"column":28}},"54":{"start":{"line":98,"column":27},"end":{"line":98,"column":54}},"55":{"start":{"line":100,"column":18},"end":{"line":105,"column":5}},"56":{"start":{"line":107,"column":21},"end":{"line":107,"column":50}},"57":{"start":{"line":109,"column":4},"end":{"line":111,"column":5}},"58":{"start":{"line":110,"column":6},"end":{"line":110,"column":75}},"59":{"start":{"line":113,"column":4},"end":{"line":113,"column":87}},"60":{"start":{"line":115,"column":4},"end":{"line":117,"column":5}},"61":{"start":{"line":116,"column":6},"end":{"line":116,"column":96}},"62":{"start":{"line":118,"column":4},"end":{"line":118,"column":56}},"63":{"start":{"line":119,"column":4},"end":{"line":119,"column":99}},"64":{"start":{"line":123,"column":0},"end":{"line":144,"column":2}},"65":{"start":{"line":124,"column":2},"end":{"line":143,"column":3}},"66":{"start":{"line":125,"column":31},"end":{"line":125,"column":41}},"67":{"start":{"line":126,"column":28},"end":{"line":126,"column":39}},"68":{"start":{"line":128,"column":21},"end":{"line":128,"column":56}},"69":{"start":{"line":129,"column":4},"end":{"line":131,"column":5}},"70":{"start":{"line":130,"column":6},"end":{"line":130,"column":75}},"71":{"start":{"line":133,"column":4},"end":{"line":137,"column":5}},"72":{"start":{"line":134,"column":6},"end":{"line":136,"column":96}},"73":{"start":{"line":139,"column":4},"end":{"line":139,"column":38}},"74":{"start":{"line":140,"column":4},"end":{"line":140,"column":72}},"75":{"start":{"line":142,"column":4},"end":{"line":142,"column":88}},"76":{"start":{"line":146,"column":0},"end":{"line":174,"column":2}},"77":{"start":{"line":147,"column":2},"end":{"line":173,"column":3}},"78":{"start":{"line":148,"column":20},"end":{"line":148,"column":28}},"79":{"start":{"line":149,"column":44},"end":{"line":149,"column":52}},"80":{"start":{"line":151,"column":4},"end":{"line":153,"column":5}},"81":{"start":{"line":152,"column":6},"end":{"line":152,"column":95}},"82":{"start":{"line":155,"column":4},"end":{"line":167,"column":5}},"83":{"start":{"line":156,"column":35},"end":{"line":159,"column":7}},"84":{"start":{"line":160,"column":6},"end":{"line":166,"column":7}},"85":{"start":{"line":161,"column":8},"end":{"line":165,"column":9}},"86":{"start":{"line":162,"column":10},"end":{"line":164,"column":96}},"87":{"start":{"line":169,"column":4},"end":{"line":169,"column":36}},"88":{"start":{"line":170,"column":4},"end":{"line":170,"column":95}},"89":{"start":{"line":172,"column":4},"end":{"line":172,"column":91}},"90":{"start":{"line":176,"column":0},"end":{"line":189,"column":2}},"91":{"start":{"line":177,"column":2},"end":{"line":188,"column":3}},"92":{"start":{"line":178,"column":23},"end":{"line":178,"column":34}},"93":{"start":{"line":179,"column":21},"end":{"line":179,"column":56}},"94":{"start":{"line":181,"column":4},"end":{"line":183,"column":5}},"95":{"start":{"line":182,"column":6},"end":{"line":182,"column":75}},"96":{"start":{"line":185,"column":4},"end":{"line":185,"column":35}},"97":{"start":{"line":187,"column":4},"end":{"line":187,"column":97}},"98":{"start":{"line":191,"column":0},"end":{"line":215,"column":2}},"99":{"start":{"line":192,"column":2},"end":{"line":214,"column":3}},"100":{"start":{"line":193,"column":23},"end":{"line":193,"column":34}},"101":{"start":{"line":195,"column":22},"end":{"line":195,"column":99}},"102":{"start":{"line":197,"column":4},"end":{"line":199,"column":5}},"103":{"start":{"line":198,"column":6},"end":{"line":198,"column":99}},"104":{"start":{"line":200,"column":21},"end":{"line":200,"column":47}},"105":{"start":{"line":202,"column":25},"end":{"line":205,"column":5}},"106":{"start":{"line":207,"column":4},"end":{"line":209,"column":5}},"107":{"start":{"line":208,"column":6},"end":{"line":208,"column":83}},"108":{"start":{"line":211,"column":4},"end":{"line":211,"column":47}},"109":{"start":{"line":213,"column":4},"end":{"line":213,"column":80}}},"fnMap":{"0":{"name":"(anonymous_0)","decl":{"start":{"line":4,"column":25},"end":{"line":4,"column":26}},"loc":{"start":{"line":4,"column":45},"end":{"line":26,"column":1}},"line":4},"1":{"name":"(anonymous_1)","decl":{"start":{"line":28,"column":27},"end":{"line":28,"column":28}},"loc":{"start":{"line":28,"column":47},"end":{"line":46,"column":1}},"line":28},"2":{"name":"(anonymous_2)","decl":{"start":{"line":48,"column":25},"end":{"line":48,"column":26}},"loc":{"start":{"line":48,"column":45},"end":{"line":121,"column":1}},"line":48},"3":{"name":"(anonymous_3)","decl":{"start":{"line":123,"column":25},"end":{"line":123,"column":26}},"loc":{"start":{"line":123,"column":45},"end":{"line":144,"column":1}},"line":123},"4":{"name":"(anonymous_4)","decl":{"start":{"line":146,"column":33},"end":{"line":146,"column":34}},"loc":{"start":{"line":146,"column":53},"end":{"line":174,"column":1}},"line":146},"5":{"name":"(anonymous_5)","decl":{"start":{"line":176,"column":16},"end":{"line":176,"column":17}},"loc":{"start":{"line":176,"column":36},"end":{"line":189,"column":1}},"line":176},"6":{"name":"(anonymous_6)","decl":{"start":{"line":191,"column":32},"end":{"line":191,"column":33}},"loc":{"start":{"line":191,"column":52},"end":{"line":215,"column":1}},"line":191}},"branchMap":{"0":{"loc":{"start":{"line":19,"column":4},"end":{"line":23,"column":5}},"type":"if","locations":[{"start":{"line":19,"column":4},"end":{"line":23,"column":5}},{"start":{},"end":{}}],"line":19},"1":{"loc":{"start":{"line":19,"column":8},"end":{"line":19,"column":75}},"type":"binary-expr","locations":[{"start":{"line":19,"column":8},"end":{"line":19,"column":30}},{"start":{"line":19,"column":34},"end":{"line":19,"column":75}}],"line":19},"2":{"loc":{"start":{"line":33,"column":29},"end":{"line":33,"column":40}},"type":"binary-expr","locations":[{"start":{"line":33,"column":29},"end":{"line":33,"column":33}},{"start":{"line":33,"column":37},"end":{"line":33,"column":40}}],"line":33},"3":{"loc":{"start":{"line":34,"column":29},"end":{"line":34,"column":41}},"type":"binary-expr","locations":[{"start":{"line":34,"column":29},"end":{"line":34,"column":33}},{"start":{"line":34,"column":37},"end":{"line":34,"column":41}}],"line":34},"4":{"loc":{"start":{"line":37,"column":4},"end":{"line":39,"column":5}},"type":"if","locations":[{"start":{"line":37,"column":4},"end":{"line":39,"column":5}},{"start":{},"end":{}}],"line":37},"5":{"loc":{"start":{"line":38,"column":21},"end":{"line":38,"column":74}},"type":"cond-expr","locations":[{"start":{"line":38,"column":45},"end":{"line":38,"column":65}},{"start":{"line":38,"column":68},"end":{"line":38,"column":74}}],"line":38},"6":{"loc":{"start":{"line":53,"column":4},"end":{"line":57,"column":5}},"type":"if","locations":[{"start":{"line":53,"column":4},"end":{"line":57,"column":5}},{"start":{},"end":{}}],"line":53},"7":{"loc":{"start":{"line":53,"column":8},"end":{"line":53,"column":63}},"type":"binary-expr","locations":[{"start":{"line":53,"column":8},"end":{"line":53,"column":29}},{"start":{"line":53,"column":33},"end":{"line":53,"column":63}}],"line":53},"8":{"loc":{"start":{"line":65,"column":4},"end":{"line":68,"column":5}},"type":"if","locations":[{"start":{"line":65,"column":4},"end":{"line":68,"column":5}},{"start":{},"end":{}}],"line":65},"9":{"loc":{"start":{"line":69,"column":4},"end":{"line":72,"column":5}},"type":"if","locations":[{"start":{"line":69,"column":4},"end":{"line":72,"column":5}},{"start":{},"end":{}}],"line":69},"10":{"loc":{"start":{"line":73,"column":4},"end":{"line":76,"column":5}},"type":"if","locations":[{"start":{"line":73,"column":4},"end":{"line":76,"column":5}},{"start":{},"end":{}}],"line":73},"11":{"loc":{"start":{"line":77,"column":4},"end":{"line":80,"column":5}},"type":"if","locations":[{"start":{"line":77,"column":4},"end":{"line":80,"column":5}},{"start":{},"end":{}}],"line":77},"12":{"loc":{"start":{"line":82,"column":4},"end":{"line":87,"column":5}},"type":"if","locations":[{"start":{"line":82,"column":4},"end":{"line":87,"column":5}},{"start":{},"end":{}}],"line":82},"13":{"loc":{"start":{"line":82,"column":8},"end":{"line":82,"column":33}},"type":"binary-expr","locations":[{"start":{"line":82,"column":8},"end":{"line":82,"column":13}},{"start":{"line":82,"column":17},"end":{"line":82,"column":33}}],"line":82},"14":{"loc":{"start":{"line":91,"column":4},"end":{"line":95,"column":5}},"type":"if","locations":[{"start":{"line":91,"column":4},"end":{"line":95,"column":5}},{"start":{},"end":{}}],"line":91},"15":{"loc":{"start":{"line":109,"column":4},"end":{"line":111,"column":5}},"type":"if","locations":[{"start":{"line":109,"column":4},"end":{"line":111,"column":5}},{"start":{},"end":{}}],"line":109},"16":{"loc":{"start":{"line":115,"column":4},"end":{"line":117,"column":5}},"type":"if","locations":[{"start":{"line":115,"column":4},"end":{"line":117,"column":5}},{"start":{},"end":{}}],"line":115},"17":{"loc":{"start":{"line":115,"column":8},"end":{"line":115,"column":75}},"type":"binary-expr","locations":[{"start":{"line":115,"column":8},"end":{"line":115,"column":30}},{"start":{"line":115,"column":34},"end":{"line":115,"column":75}}],"line":115},"18":{"loc":{"start":{"line":129,"column":4},"end":{"line":131,"column":5}},"type":"if","locations":[{"start":{"line":129,"column":4},"end":{"line":131,"column":5}},{"start":{},"end":{}}],"line":129},"19":{"loc":{"start":{"line":133,"column":4},"end":{"line":137,"column":5}},"type":"if","locations":[{"start":{"line":133,"column":4},"end":{"line":137,"column":5}},{"start":{},"end":{}}],"line":133},"20":{"loc":{"start":{"line":151,"column":4},"end":{"line":153,"column":5}},"type":"if","locations":[{"start":{"line":151,"column":4},"end":{"line":153,"column":5}},{"start":{},"end":{}}],"line":151},"21":{"loc":{"start":{"line":151,"column":8},"end":{"line":151,"column":55}},"type":"binary-expr","locations":[{"start":{"line":151,"column":8},"end":{"line":151,"column":12}},{"start":{"line":151,"column":16},"end":{"line":151,"column":35}},{"start":{"line":151,"column":39},"end":{"line":151,"column":55}}],"line":151},"22":{"loc":{"start":{"line":155,"column":4},"end":{"line":167,"column":5}},"type":"if","locations":[{"start":{"line":155,"column":4},"end":{"line":167,"column":5}},{"start":{},"end":{}}],"line":155},"23":{"loc":{"start":{"line":161,"column":8},"end":{"line":165,"column":9}},"type":"if","locations":[{"start":{"line":161,"column":8},"end":{"line":165,"column":9}},{"start":{},"end":{}}],"line":161},"24":{"loc":{"start":{"line":181,"column":4},"end":{"line":183,"column":5}},"type":"if","locations":[{"start":{"line":181,"column":4},"end":{"line":183,"column":5}},{"start":{},"end":{}}],"line":181},"25":{"loc":{"start":{"line":197,"column":4},"end":{"line":199,"column":5}},"type":"if","locations":[{"start":{"line":197,"column":4},"end":{"line":199,"column":5}},{"start":{},"end":{}}],"line":197},"26":{"loc":{"start":{"line":197,"column":8},"end":{"line":197,"column":66}},"type":"binary-expr","locations":[{"start":{"line":197,"column":8},"end":{"line":197,"column":35}},{"start":{"line":197,"column":39},"end":{"line":197,"column":66}}],"line":197},"27":{"loc":{"start":{"line":207,"column":4},"end":{"line":209,"column":5}},"type":"if","locations":[{"start":{"line":207,"column":4},"end":{"line":209,"column":5}},{"start":{},"end":{}}],"line":207}},"s":{"0":1,"1":1,"2":1,"3":3,"4":3,"5":3,"6":3,"7":1,"8":2,"9":1,"10":1,"11":1,"12":2,"13":2,"14":2,"15":2,"16":2,"17":2,"18":2,"19":0,"20":2,"21":1,"22":1,"23":1,"24":5,"25":5,"26":5,"27":5,"28":1,"29":4,"30":4,"31":4,"32":4,"33":4,"34":2,"35":2,"36":4,"37":1,"38":1,"39":4,"40":0,"41":0,"42":4,"43":0,"44":0,"45":4,"46":0,"47":0,"48":0,"49":0,"50":4,"51":4,"52":1,"53":3,"54":3,"55":3,"56":3,"57":1,"58":0,"59":1,"60":2,"61":1,"62":1,"63":1,"64":1,"65":4,"66":4,"67":4,"68":4,"69":3,"70":1,"71":2,"72":1,"73":1,"74":1,"75":1,"76":1,"77":4,"78":4,"79":4,"80":4,"81":1,"82":3,"83":3,"84":2,"85":4,"86":1,"87":1,"88":1,"89":1,"90":1,"91":3,"92":3,"93":3,"94":2,"95":1,"96":1,"97":1,"98":1,"99":4,"100":4,"101":4,"102":3,"103":1,"104":2,"105":2,"106":2,"107":1,"108":1,"109":1},"f":{"0":3,"1":2,"2":5,"3":4,"4":4,"5":3,"6":4},"b":{"0":[1,1],"1":[2,1],"2":[2,2],"3":[2,2],"4":[0,2],"5":[0,0],"6":[1,4],"7":[5,5],"8":[2,2],"9":[1,3],"10":[0,4],"11":[0,4],"12":[0,4],"13":[4,0],"14":[1,3],"15":[0,1],"16":[1,1],"17":[2,1],"18":[1,2],"19":[1,1],"20":[1,3],"21":[4,4,4],"22":[3,0],"23":[1,3],"24":[1,1],"25":[1,2],"26":[3,3],"27":[1,1]},"_coverageSchema":"1a1c01bbd47fc00a2c39e90264f33305004495a9","hash":"b0b71e8667516ad6c0d7069dd955bd719fc7a471"}
,"C:\\Users\\Maria Luiza\\Desktop\\portfolio\\portfolio\\backend\\src\\controllers\\consultaController.js": {"path":"C:\\Users\\Maria Luiza\\Desktop\\portfolio\\portfolio\\backend\\src\\controllers\\consultaController.js","statementMap":{"0":{"start":{"line":1,"column":28},"end":{"line":1,"column":70}},"1":{"start":{"line":2,"column":11},"end":{"line":2,"column":40}},"2":{"start":{"line":3,"column":34},"end":{"line":3,"column":63}},"3":{"start":{"line":5,"column":17},"end":{"line":5,"column":51}},"4":{"start":{"line":6,"column":15},"end":{"line":6,"column":47}},"5":{"start":{"line":7,"column":17},"end":{"line":7,"column":51}},"6":{"start":{"line":8,"column":17},"end":{"line":8,"column":51}},"7":{"start":{"line":9,"column":15},"end":{"line":9,"column":32}},"8":{"start":{"line":10,"column":15},"end":{"line":10,"column":34}},"9":{"start":{"line":13,"column":0},"end":{"line":167,"column":2}},"10":{"start":{"line":14,"column":2},"end":{"line":166,"column":3}},"11":{"start":{"line":15,"column":44},"end":{"line":15,"column":52}},"12":{"start":{"line":16,"column":27},"end":{"line":16,"column":35}},"13":{"start":{"line":18,"column":4},"end":{"line":20,"column":5}},"14":{"start":{"line":19,"column":6},"end":{"line":19,"column":87}},"15":{"start":{"line":22,"column":18},"end":{"line":22,"column":28}},"16":{"start":{"line":23,"column":33},"end":{"line":23,"column":60}},"17":{"start":{"line":26,"column":4},"end":{"line":31,"column":5}},"18":{"start":{"line":27,"column":6},"end":{"line":30,"column":9}},"19":{"start":{"line":37,"column":4},"end":{"line":64,"column":5}},"20":{"start":{"line":38,"column":6},"end":{"line":38,"column":35}},"21":{"start":{"line":39,"column":6},"end":{"line":39,"column":35}},"22":{"start":{"line":40,"column":6},"end":{"line":40,"column":57}},"23":{"start":{"line":41,"column":6},"end":{"line":42,"column":93}},"24":{"start":{"line":42,"column":8},"end":{"line":42,"column":93}},"25":{"start":{"line":43,"column":11},"end":{"line":64,"column":5}},"26":{"start":{"line":44,"column":6},"end":{"line":44,"column":33}},"27":{"start":{"line":45,"column":6},"end":{"line":45,"column":39}},"28":{"start":{"line":46,"column":6},"end":{"line":46,"column":59}},"29":{"start":{"line":47,"column":6},"end":{"line":48,"column":97}},"30":{"start":{"line":48,"column":8},"end":{"line":48,"column":97}},"31":{"start":{"line":49,"column":11},"end":{"line":64,"column":5}},"32":{"start":{"line":50,"column":23},"end":{"line":50,"column":63}},"33":{"start":{"line":51,"column":6},"end":{"line":54,"column":87}},"34":{"start":{"line":52,"column":8},"end":{"line":54,"column":87}},"35":{"start":{"line":55,"column":6},"end":{"line":55,"column":35}},"36":{"start":{"line":56,"column":6},"end":{"line":56,"column":39}},"37":{"start":{"line":57,"column":6},"end":{"line":57,"column":59}},"38":{"start":{"line":58,"column":6},"end":{"line":59,"column":97}},"39":{"start":{"line":59,"column":8},"end":{"line":59,"column":97}},"40":{"start":{"line":61,"column":6},"end":{"line":63,"column":81}},"41":{"start":{"line":66,"column":4},"end":{"line":66,"column":45}},"42":{"start":{"line":67,"column":4},"end":{"line":69,"column":5}},"43":{"start":{"line":68,"column":6},"end":{"line":68,"column":90}},"44":{"start":{"line":70,"column":28},"end":{"line":70,"column":63}},"45":{"start":{"line":72,"column":25},"end":{"line":72,"column":96}},"46":{"start":{"line":73,"column":4},"end":{"line":77,"column":5}},"47":{"start":{"line":74,"column":6},"end":{"line":76,"column":86}},"48":{"start":{"line":79,"column":33},"end":{"line":84,"column":5}},"49":{"start":{"line":85,"column":4},"end":{"line":87,"column":5}},"50":{"start":{"line":86,"column":6},"end":{"line":86,"column":89}},"51":{"start":{"line":89,"column":35},"end":{"line":94,"column":5}},"52":{"start":{"line":95,"column":4},"end":{"line":97,"column":5}},"53":{"start":{"line":96,"column":6},"end":{"line":96,"column":91}},"54":{"start":{"line":99,"column":26},"end":{"line":105,"column":5}},"55":{"start":{"line":107,"column":25},"end":{"line":107,"column":61}},"56":{"start":{"line":108,"column":4},"end":{"line":108,"column":47}},"57":{"start":{"line":109,"column":4},"end":{"line":109,"column":47}},"58":{"start":{"line":111,"column":4},"end":{"line":111,"column":51}},"59":{"start":{"line":112,"column":4},"end":{"line":158,"column":5}},"60":{"start":{"line":113,"column":6},"end":{"line":134,"column":7}},"61":{"start":{"line":115,"column":24},"end":{"line":115,"column":72}},"62":{"start":{"line":116,"column":30},"end":{"line":116,"column":70}},"63":{"start":{"line":117,"column":29},"end":{"line":126,"column":17}},"64":{"start":{"line":129,"column":8},"end":{"line":133,"column":11}},"65":{"start":{"line":135,"column":11},"end":{"line":158,"column":5}},"66":{"start":{"line":136,"column":6},"end":{"line":157,"column":7}},"67":{"start":{"line":138,"column":24},"end":{"line":138,"column":70}},"68":{"start":{"line":139,"column":30},"end":{"line":139,"column":70}},"69":{"start":{"line":140,"column":29},"end":{"line":149,"column":17}},"70":{"start":{"line":152,"column":8},"end":{"line":156,"column":11}},"71":{"start":{"line":160,"column":4},"end":{"line":163,"column":7}},"72":{"start":{"line":165,"column":4},"end":{"line":165,"column":90}},"73":{"start":{"line":170,"column":0},"end":{"line":208,"column":2}},"74":{"start":{"line":171,"column":2},"end":{"line":207,"column":3}},"75":{"start":{"line":172,"column":48},"end":{"line":172,"column":57}},"76":{"start":{"line":173,"column":44},"end":{"line":173,"column":52}},"77":{"start":{"line":175,"column":20},"end":{"line":175,"column":45}},"78":{"start":{"line":176,"column":20},"end":{"line":176,"column":46}},"79":{"start":{"line":178,"column":25},"end":{"line":178,"column":27}},"80":{"start":{"line":180,"column":4},"end":{"line":192,"column":5}},"81":{"start":{"line":181,"column":6},"end":{"line":181,"column":60}},"82":{"start":{"line":182,"column":11},"end":{"line":192,"column":5}},"83":{"start":{"line":183,"column":6},"end":{"line":183,"column":58}},"84":{"start":{"line":184,"column":11},"end":{"line":192,"column":5}},"85":{"start":{"line":185,"column":23},"end":{"line":185,"column":63}},"86":{"start":{"line":186,"column":6},"end":{"line":190,"column":7}},"87":{"start":{"line":187,"column":8},"end":{"line":189,"column":11}},"88":{"start":{"line":191,"column":6},"end":{"line":191,"column":60}},"89":{"start":{"line":194,"column":28},"end":{"line":194,"column":42}},"90":{"start":{"line":195,"column":4},"end":{"line":198,"column":5}},"91":{"start":{"line":196,"column":25},"end":{"line":196,"column":78}},"92":{"start":{"line":197,"column":6},"end":{"line":197,"column":64}},"93":{"start":{"line":200,"column":19},"end":{"line":203,"column":6}},"94":{"start":{"line":204,"column":4},"end":{"line":204,"column":33}},"95":{"start":{"line":206,"column":4},"end":{"line":206,"column":88}},"96":{"start":{"line":211,"column":0},"end":{"line":246,"column":2}},"97":{"start":{"line":212,"column":2},"end":{"line":245,"column":3}},"98":{"start":{"line":213,"column":19},"end":{"line":213,"column":29}},"99":{"start":{"line":214,"column":49},"end":{"line":214,"column":57}},"100":{"start":{"line":216,"column":4},"end":{"line":236,"column":5}},"101":{"start":{"line":217,"column":35},"end":{"line":217,"column":89}},"102":{"start":{"line":218,"column":6},"end":{"line":223,"column":7}},"103":{"start":{"line":219,"column":8},"end":{"line":222,"column":11}},"104":{"start":{"line":224,"column":37},"end":{"line":229,"column":7}},"105":{"start":{"line":230,"column":6},"end":{"line":235,"column":7}},"106":{"start":{"line":231,"column":8},"end":{"line":234,"column":11}},"107":{"start":{"line":238,"column":23},"end":{"line":238,"column":58}},"108":{"start":{"line":239,"column":4},"end":{"line":241,"column":5}},"109":{"start":{"line":240,"column":6},"end":{"line":240,"column":74}},"110":{"start":{"line":242,"column":4},"end":{"line":242,"column":92}},"111":{"start":{"line":244,"column":4},"end":{"line":244,"column":90}},"112":{"start":{"line":249,"column":0},"end":{"line":325,"column":2}},"113":{"start":{"line":250,"column":2},"end":{"line":324,"column":3}},"114":{"start":{"line":251,"column":31},"end":{"line":251,"column":41}},"115":{"start":{"line":252,"column":44},"end":{"line":252,"column":52}},"116":{"start":{"line":254,"column":21},"end":{"line":254,"column":56}},"117":{"start":{"line":255,"column":21},"end":{"line":255,"column":66}},"118":{"start":{"line":256,"column":19},"end":{"line":256,"column":60}},"119":{"start":{"line":258,"column":4},"end":{"line":260,"column":5}},"120":{"start":{"line":259,"column":6},"end":{"line":259,"column":75}},"121":{"start":{"line":262,"column":18},"end":{"line":262,"column":28}},"122":{"start":{"line":263,"column":29},"end":{"line":263,"column":74}},"123":{"start":{"line":264,"column":36},"end":{"line":264,"column":72}},"124":{"start":{"line":266,"column":4},"end":{"line":277,"column":5}},"125":{"start":{"line":267,"column":26},"end":{"line":267,"column":71}},"126":{"start":{"line":268,"column":6},"end":{"line":272,"column":7}},"127":{"start":{"line":269,"column":8},"end":{"line":271,"column":11}},"128":{"start":{"line":273,"column":11},"end":{"line":277,"column":5}},"129":{"start":{"line":274,"column":6},"end":{"line":276,"column":85}},"130":{"start":{"line":279,"column":27},"end":{"line":279,"column":92}},"131":{"start":{"line":280,"column":25},"end":{"line":280,"column":86}},"132":{"start":{"line":281,"column":29},"end":{"line":281,"column":34}},"133":{"start":{"line":282,"column":4},"end":{"line":287,"column":5}},"134":{"start":{"line":283,"column":23},"end":{"line":283,"column":63}},"135":{"start":{"line":284,"column":6},"end":{"line":286,"column":7}},"136":{"start":{"line":285,"column":8},"end":{"line":285,"column":34}},"137":{"start":{"line":289,"column":4},"end":{"line":293,"column":5}},"138":{"start":{"line":290,"column":6},"end":{"line":292,"column":97}},"139":{"start":{"line":295,"column":4},"end":{"line":299,"column":5}},"140":{"start":{"line":296,"column":6},"end":{"line":298,"column":92}},"141":{"start":{"line":301,"column":26},"end":{"line":301,"column":30}},"142":{"start":{"line":303,"column":4},"end":{"line":307,"column":5}},"143":{"start":{"line":304,"column":6},"end":{"line":304,"column":33}},"144":{"start":{"line":305,"column":11},"end":{"line":307,"column":5}},"145":{"start":{"line":306,"column":6},"end":{"line":306,"column":35}},"146":{"start":{"line":309,"column":30},"end":{"line":309,"column":78}},"147":{"start":{"line":311,"column":4},"end":{"line":319,"column":5}},"148":{"start":{"line":312,"column":22},"end":{"line":312,"column":60}},"149":{"start":{"line":313,"column":27},"end":{"line":313,"column":145}},"150":{"start":{"line":314,"column":6},"end":{"line":314,"column":85}},"151":{"start":{"line":315,"column":11},"end":{"line":319,"column":5}},"152":{"start":{"line":316,"column":22},"end":{"line":316,"column":69}},"153":{"start":{"line":317,"column":27},"end":{"line":317,"column":152}},"154":{"start":{"line":318,"column":6},"end":{"line":318,"column":87}},"155":{"start":{"line":321,"column":4},"end":{"line":321,"column":98}},"156":{"start":{"line":323,"column":4},"end":{"line":323,"column":90}},"157":{"start":{"line":328,"column":0},"end":{"line":374,"column":2}},"158":{"start":{"line":329,"column":2},"end":{"line":373,"column":3}},"159":{"start":{"line":330,"column":31},"end":{"line":330,"column":41}},"160":{"start":{"line":331,"column":44},"end":{"line":331,"column":52}},"161":{"start":{"line":333,"column":21},"end":{"line":333,"column":56}},"162":{"start":{"line":334,"column":4},"end":{"line":336,"column":5}},"163":{"start":{"line":335,"column":6},"end":{"line":335,"column":75}},"164":{"start":{"line":338,"column":35},"end":{"line":343,"column":5}},"165":{"start":{"line":344,"column":4},"end":{"line":348,"column":5}},"166":{"start":{"line":345,"column":6},"end":{"line":347,"column":100}},"167":{"start":{"line":350,"column":4},"end":{"line":365,"column":5}},"168":{"start":{"line":352,"column":6},"end":{"line":356,"column":7}},"169":{"start":{"line":353,"column":8},"end":{"line":355,"column":94}},"170":{"start":{"line":357,"column":11},"end":{"line":365,"column":5}},"171":{"start":{"line":359,"column":23},"end":{"line":359,"column":63}},"172":{"start":{"line":360,"column":6},"end":{"line":364,"column":7}},"173":{"start":{"line":361,"column":8},"end":{"line":363,"column":11}},"174":{"start":{"line":367,"column":30},"end":{"line":367,"column":76}},"175":{"start":{"line":368,"column":4},"end":{"line":368,"column":52}},"176":{"start":{"line":369,"column":4},"end":{"line":369,"column":52}},"177":{"start":{"line":370,"column":4},"end":{"line":370,"column":99}},"178":{"start":{"line":372,"column":4},"end":{"line":372,"column":90}},"179":{"start":{"line":377,"column":0},"end":{"line":464,"column":2}},"180":{"start":{"line":378,"column":2},"end":{"line":463,"column":3}},"181":{"start":{"line":379,"column":31},"end":{"line":379,"column":41}},"182":{"start":{"line":380,"column":44},"end":{"line":380,"column":52}},"183":{"start":{"line":382,"column":21},"end":{"line":382,"column":56}},"184":{"start":{"line":383,"column":4},"end":{"line":383,"column":88}},"185":{"start":{"line":383,"column":19},"end":{"line":383,"column":88}},"186":{"start":{"line":385,"column":18},"end":{"line":385,"column":28}},"187":{"start":{"line":386,"column":30},"end":{"line":386,"column":78}},"188":{"start":{"line":387,"column":30},"end":{"line":387,"column":78}},"189":{"start":{"line":388,"column":29},"end":{"line":388,"column":82}},"190":{"start":{"line":390,"column":4},"end":{"line":399,"column":5}},"191":{"start":{"line":394,"column":6},"end":{"line":394,"column":58}},"192":{"start":{"line":395,"column":6},"end":{"line":398,"column":9}},"193":{"start":{"line":401,"column":29},"end":{"line":401,"column":34}},"194":{"start":{"line":402,"column":20},"end":{"line":402,"column":33}},"195":{"start":{"line":403,"column":20},"end":{"line":403,"column":33}},"196":{"start":{"line":406,"column":4},"end":{"line":448,"column":5}},"197":{"start":{"line":411,"column":6},"end":{"line":423,"column":7}},"198":{"start":{"line":416,"column":8},"end":{"line":416,"column":34}},"199":{"start":{"line":417,"column":13},"end":{"line":423,"column":7}},"200":{"start":{"line":422,"column":8},"end":{"line":422,"column":34}},"201":{"start":{"line":426,"column":9},"end":{"line":448,"column":5}},"202":{"start":{"line":431,"column":6},"end":{"line":440,"column":7}},"203":{"start":{"line":436,"column":8},"end":{"line":436,"column":34}},"204":{"start":{"line":437,"column":13},"end":{"line":440,"column":7}},"205":{"start":{"line":439,"column":8},"end":{"line":439,"column":34}},"206":{"start":{"line":442,"column":6},"end":{"line":442,"column":50}},"207":{"start":{"line":443,"column":6},"end":{"line":443,"column":50}},"208":{"start":{"line":445,"column":6},"end":{"line":447,"column":9}},"209":{"start":{"line":450,"column":4},"end":{"line":454,"column":5}},"210":{"start":{"line":451,"column":6},"end":{"line":453,"column":83}},"211":{"start":{"line":457,"column":31},"end":{"line":457,"column":89}},"212":{"start":{"line":458,"column":4},"end":{"line":458,"column":53}},"213":{"start":{"line":459,"column":4},"end":{"line":459,"column":53}},"214":{"start":{"line":460,"column":4},"end":{"line":460,"column":100}},"215":{"start":{"line":462,"column":4},"end":{"line":462,"column":91}},"216":{"start":{"line":467,"column":0},"end":{"line":511,"column":2}},"217":{"start":{"line":468,"column":2},"end":{"line":510,"column":3}},"218":{"start":{"line":469,"column":31},"end":{"line":469,"column":41}},"219":{"start":{"line":470,"column":44},"end":{"line":470,"column":52}},"220":{"start":{"line":472,"column":21},"end":{"line":472,"column":56}},"221":{"start":{"line":473,"column":4},"end":{"line":473,"column":88}},"222":{"start":{"line":473,"column":19},"end":{"line":473,"column":88}},"223":{"start":{"line":475,"column":18},"end":{"line":475,"column":28}},"224":{"start":{"line":476,"column":29},"end":{"line":478,"column":5}},"225":{"start":{"line":480,"column":4},"end":{"line":485,"column":5}},"226":{"start":{"line":481,"column":6},"end":{"line":481,"column":58}},"227":{"start":{"line":482,"column":6},"end":{"line":484,"column":9}},"228":{"start":{"line":489,"column":6},"end":{"line":491,"column":46}},"229":{"start":{"line":493,"column":6},"end":{"line":495,"column":44}},"230":{"start":{"line":497,"column":4},"end":{"line":501,"column":5}},"231":{"start":{"line":498,"column":6},"end":{"line":500,"column":84}},"232":{"start":{"line":503,"column":30},"end":{"line":503,"column":65}},"233":{"start":{"line":504,"column":4},"end":{"line":507,"column":7}},"234":{"start":{"line":509,"column":4},"end":{"line":509,"column":92}},"235":{"start":{"line":514,"column":0},"end":{"line":678,"column":2}},"236":{"start":{"line":515,"column":2},"end":{"line":677,"column":3}},"237":{"start":{"line":516,"column":31},"end":{"line":516,"column":41}},"238":{"start":{"line":517,"column":44},"end":{"line":517,"column":52}},"239":{"start":{"line":518,"column":35},"end":{"line":518,"column":43}},"240":{"start":{"line":520,"column":4},"end":{"line":522,"column":5}},"241":{"start":{"line":521,"column":6},"end":{"line":521,"column":87}},"242":{"start":{"line":524,"column":18},"end":{"line":524,"column":28}},"243":{"start":{"line":525,"column":35},"end":{"line":525,"column":70}},"244":{"start":{"line":527,"column":4},"end":{"line":531,"column":5}},"245":{"start":{"line":528,"column":6},"end":{"line":530,"column":9}},"246":{"start":{"line":533,"column":21},"end":{"line":533,"column":56}},"247":{"start":{"line":534,"column":4},"end":{"line":534,"column":88}},"248":{"start":{"line":534,"column":19},"end":{"line":534,"column":88}},"249":{"start":{"line":536,"column":20},"end":{"line":536,"column":43}},"250":{"start":{"line":537,"column":29},"end":{"line":537,"column":74}},"251":{"start":{"line":539,"column":4},"end":{"line":543,"column":5}},"252":{"start":{"line":540,"column":6},"end":{"line":542,"column":9}},"253":{"start":{"line":546,"column":20},"end":{"line":546,"column":85}},"254":{"start":{"line":547,"column":23},"end":{"line":547,"column":84}},"255":{"start":{"line":548,"column":31},"end":{"line":548,"column":36}},"256":{"start":{"line":550,"column":4},"end":{"line":557,"column":5}},"257":{"start":{"line":551,"column":24},"end":{"line":553,"column":8}},"258":{"start":{"line":554,"column":6},"end":{"line":556,"column":7}},"259":{"start":{"line":555,"column":8},"end":{"line":555,"column":36}},"260":{"start":{"line":560,"column":4},"end":{"line":564,"column":5}},"261":{"start":{"line":561,"column":6},"end":{"line":563,"column":81}},"262":{"start":{"line":567,"column":4},"end":{"line":571,"column":5}},"263":{"start":{"line":568,"column":6},"end":{"line":570,"column":100}},"264":{"start":{"line":574,"column":25},"end":{"line":579,"column":5}},"265":{"start":{"line":580,"column":4},"end":{"line":584,"column":5}},"266":{"start":{"line":581,"column":6},"end":{"line":583,"column":89}},"267":{"start":{"line":587,"column":27},"end":{"line":592,"column":5}},"268":{"start":{"line":593,"column":4},"end":{"line":596,"column":85}},"269":{"start":{"line":594,"column":6},"end":{"line":596,"column":85}},"270":{"start":{"line":598,"column":29},"end":{"line":603,"column":5}},"271":{"start":{"line":604,"column":4},"end":{"line":607,"column":87}},"272":{"start":{"line":605,"column":6},"end":{"line":607,"column":87}},"273":{"start":{"line":611,"column":6},"end":{"line":613,"column":46}},"274":{"start":{"line":615,"column":24},"end":{"line":620,"column":5}},"275":{"start":{"line":622,"column":4},"end":{"line":670,"column":5}},"276":{"start":{"line":623,"column":21},"end":{"line":623,"column":62}},"277":{"start":{"line":624,"column":23},"end":{"line":624,"column":63}},"278":{"start":{"line":625,"column":6},"end":{"line":645,"column":7}},"279":{"start":{"line":627,"column":24},"end":{"line":627,"column":86}},"280":{"start":{"line":628,"column":29},"end":{"line":637,"column":17}},"281":{"start":{"line":640,"column":8},"end":{"line":644,"column":11}},"282":{"start":{"line":646,"column":11},"end":{"line":670,"column":5}},"283":{"start":{"line":647,"column":21},"end":{"line":647,"column":62}},"284":{"start":{"line":648,"column":23},"end":{"line":648,"column":68}},"285":{"start":{"line":649,"column":6},"end":{"line":669,"column":7}},"286":{"start":{"line":651,"column":24},"end":{"line":651,"column":84}},"287":{"start":{"line":652,"column":29},"end":{"line":661,"column":17}},"288":{"start":{"line":664,"column":8},"end":{"line":668,"column":11}},"289":{"start":{"line":672,"column":4},"end":{"line":674,"column":94}},"290":{"start":{"line":676,"column":4},"end":{"line":676,"column":93}},"291":{"start":{"line":681,"column":0},"end":{"line":730,"column":2}},"292":{"start":{"line":682,"column":2},"end":{"line":729,"column":3}},"293":{"start":{"line":683,"column":31},"end":{"line":683,"column":41}},"294":{"start":{"line":684,"column":44},"end":{"line":684,"column":52}},"295":{"start":{"line":686,"column":21},"end":{"line":686,"column":56}},"296":{"start":{"line":687,"column":4},"end":{"line":687,"column":88}},"297":{"start":{"line":687,"column":19},"end":{"line":687,"column":88}},"298":{"start":{"line":691,"column":6},"end":{"line":693,"column":46}},"299":{"start":{"line":695,"column":6},"end":{"line":697,"column":44}},"300":{"start":{"line":699,"column":4},"end":{"line":703,"column":5}},"301":{"start":{"line":700,"column":6},"end":{"line":702,"column":89}},"302":{"start":{"line":705,"column":21},"end":{"line":705,"column":52}},"303":{"start":{"line":706,"column":21},"end":{"line":706,"column":52}},"304":{"start":{"line":707,"column":20},"end":{"line":707,"column":43}},"305":{"start":{"line":709,"column":27},"end":{"line":715,"column":5}},"306":{"start":{"line":716,"column":4},"end":{"line":721,"column":5}},"307":{"start":{"line":717,"column":6},"end":{"line":717,"column":52}},"308":{"start":{"line":718,"column":6},"end":{"line":720,"column":9}},"309":{"start":{"line":723,"column":31},"end":{"line":723,"column":95}},"310":{"start":{"line":724,"column":4},"end":{"line":726,"column":95}},"311":{"start":{"line":728,"column":4},"end":{"line":728,"column":91}},"312":{"start":{"line":733,"column":0},"end":{"line":765,"column":2}},"313":{"start":{"line":734,"column":2},"end":{"line":764,"column":3}},"314":{"start":{"line":735,"column":31},"end":{"line":735,"column":41}},"315":{"start":{"line":736,"column":44},"end":{"line":736,"column":52}},"316":{"start":{"line":738,"column":21},"end":{"line":738,"column":56}},"317":{"start":{"line":739,"column":4},"end":{"line":739,"column":88}},"318":{"start":{"line":739,"column":19},"end":{"line":739,"column":88}},"319":{"start":{"line":743,"column":6},"end":{"line":745,"column":46}},"320":{"start":{"line":747,"column":6},"end":{"line":749,"column":44}},"321":{"start":{"line":751,"column":4},"end":{"line":755,"column":5}},"322":{"start":{"line":752,"column":6},"end":{"line":754,"column":84}},"323":{"start":{"line":757,"column":30},"end":{"line":757,"column":75}},"324":{"start":{"line":758,"column":4},"end":{"line":761,"column":7}},"325":{"start":{"line":763,"column":4},"end":{"line":763,"column":92}}},"fnMap":{"0":{"name":"(anonymous_0)","decl":{"start":{"line":13,"column":25},"end":{"line":13,"column":26}},"loc":{"start":{"line":13,"column":45},"end":{"line":167,"column":1}},"line":13},"1":{"name":"(anonymous_1)","decl":{"start":{"line":170,"column":26},"end":{"line":170,"column":27}},"loc":{"start":{"line":170,"column":46},"end":{"line":208,"column":1}},"line":170},"2":{"name":"(anonymous_2)","decl":{"start":{"line":211,"column":25},"end":{"line":211,"column":26}},"loc":{"start":{"line":211,"column":45},"end":{"line":246,"column":1}},"line":211},"3":{"name":"(anonymous_3)","decl":{"start":{"line":249,"column":27},"end":{"line":249,"column":28}},"loc":{"start":{"line":249,"column":47},"end":{"line":325,"column":1}},"line":249},"4":{"name":"(anonymous_4)","decl":{"start":{"line":328,"column":27},"end":{"line":328,"column":28}},"loc":{"start":{"line":328,"column":47},"end":{"line":374,"column":1}},"line":328},"5":{"name":"(anonymous_5)","decl":{"start":{"line":377,"column":28},"end":{"line":377,"column":29}},"loc":{"start":{"line":377,"column":48},"end":{"line":464,"column":1}},"line":377},"6":{"name":"(anonymous_6)","decl":{"start":{"line":467,"column":27},"end":{"line":467,"column":28}},"loc":{"start":{"line":467,"column":47},"end":{"line":511,"column":1}},"line":467},"7":{"name":"(anonymous_7)","decl":{"start":{"line":514,"column":30},"end":{"line":514,"column":31}},"loc":{"start":{"line":514,"column":50},"end":{"line":678,"column":1}},"line":514},"8":{"name":"(anonymous_8)","decl":{"start":{"line":681,"column":28},"end":{"line":681,"column":29}},"loc":{"start":{"line":681,"column":48},"end":{"line":730,"column":1}},"line":681},"9":{"name":"(anonymous_9)","decl":{"start":{"line":733,"column":29},"end":{"line":733,"column":30}},"loc":{"start":{"line":733,"column":49},"end":{"line":765,"column":1}},"line":733}},"branchMap":{"0":{"loc":{"start":{"line":18,"column":4},"end":{"line":20,"column":5}},"type":"if","locations":[{"start":{"line":18,"column":4},"end":{"line":20,"column":5}},{"start":{},"end":{}}],"line":18},"1":{"loc":{"start":{"line":18,"column":8},"end":{"line":18,"column":22}},"type":"binary-expr","locations":[{"start":{"line":18,"column":8},"end":{"line":18,"column":13}},{"start":{"line":18,"column":17},"end":{"line":18,"column":22}}],"line":18},"2":{"loc":{"start":{"line":26,"column":4},"end":{"line":31,"column":5}},"type":"if","locations":[{"start":{"line":26,"column":4},"end":{"line":31,"column":5}},{"start":{},"end":{}}],"line":26},"3":{"loc":{"start":{"line":37,"column":4},"end":{"line":64,"column":5}},"type":"if","locations":[{"start":{"line":37,"column":4},"end":{"line":64,"column":5}},{"start":{"line":43,"column":11},"end":{"line":64,"column":5}}],"line":37},"4":{"loc":{"start":{"line":41,"column":6},"end":{"line":42,"column":93}},"type":"if","locations":[{"start":{"line":41,"column":6},"end":{"line":42,"column":93}},{"start":{},"end":{}}],"line":41},"5":{"loc":{"start":{"line":43,"column":11},"end":{"line":64,"column":5}},"type":"if","locations":[{"start":{"line":43,"column":11},"end":{"line":64,"column":5}},{"start":{"line":49,"column":11},"end":{"line":64,"column":5}}],"line":43},"6":{"loc":{"start":{"line":47,"column":6},"end":{"line":48,"column":97}},"type":"if","locations":[{"start":{"line":47,"column":6},"end":{"line":48,"column":97}},{"start":{},"end":{}}],"line":47},"7":{"loc":{"start":{"line":49,"column":11},"end":{"line":64,"column":5}},"type":"if","locations":[{"start":{"line":49,"column":11},"end":{"line":64,"column":5}},{"start":{"line":60,"column":11},"end":{"line":64,"column":5}}],"line":49},"8":{"loc":{"start":{"line":51,"column":6},"end":{"line":54,"column":87}},"type":"if","locations":[{"start":{"line":51,"column":6},"end":{"line":54,"column":87}},{"start":{},"end":{}}],"line":51},"9":{"loc":{"start":{"line":51,"column":10},"end":{"line":51,"column":41}},"type":"binary-expr","locations":[{"start":{"line":51,"column":10},"end":{"line":51,"column":19}},{"start":{"line":51,"column":23},"end":{"line":51,"column":41}}],"line":51},"10":{"loc":{"start":{"line":58,"column":6},"end":{"line":59,"column":97}},"type":"if","locations":[{"start":{"line":58,"column":6},"end":{"line":59,"column":97}},{"start":{},"end":{}}],"line":58},"11":{"loc":{"start":{"line":67,"column":4},"end":{"line":69,"column":5}},"type":"if","locations":[{"start":{"line":67,"column":4},"end":{"line":69,"column":5}},{"start":{},"end":{}}],"line":67},"12":{"loc":{"start":{"line":73,"column":4},"end":{"line":77,"column":5}},"type":"if","locations":[{"start":{"line":73,"column":4},"end":{"line":77,"column":5}},{"start":{},"end":{}}],"line":73},"13":{"loc":{"start":{"line":85,"column":4},"end":{"line":87,"column":5}},"type":"if","locations":[{"start":{"line":85,"column":4},"end":{"line":87,"column":5}},{"start":{},"end":{}}],"line":85},"14":{"loc":{"start":{"line":95,"column":4},"end":{"line":97,"column":5}},"type":"if","locations":[{"start":{"line":95,"column":4},"end":{"line":97,"column":5}},{"start":{},"end":{}}],"line":95},"15":{"loc":{"start":{"line":112,"column":4},"end":{"line":158,"column":5}},"type":"if","locations":[{"start":{"line":112,"column":4},"end":{"line":158,"column":5}},{"start":{"line":135,"column":11},"end":{"line":158,"column":5}}],"line":112},"16":{"loc":{"start":{"line":113,"column":6},"end":{"line":134,"column":7}},"type":"if","locations":[{"start":{"line":113,"column":6},"end":{"line":134,"column":7}},{"start":{},"end":{}}],"line":113},"17":{"loc":{"start":{"line":113,"column":10},"end":{"line":113,"column":28}},"type":"binary-expr","locations":[{"start":{"line":113,"column":10},"end":{"line":113,"column":16}},{"start":{"line":113,"column":20},"end":{"line":113,"column":28}}],"line":113},"18":{"loc":{"start":{"line":135,"column":11},"end":{"line":158,"column":5}},"type":"if","locations":[{"start":{"line":135,"column":11},"end":{"line":158,"column":5}},{"start":{},"end":{}}],"line":135},"19":{"loc":{"start":{"line":136,"column":6},"end":{"line":157,"column":7}},"type":"if","locations":[{"start":{"line":136,"column":6},"end":{"line":157,"column":7}},{"start":{},"end":{}}],"line":136},"20":{"loc":{"start":{"line":136,"column":10},"end":{"line":136,"column":28}},"type":"binary-expr","locations":[{"start":{"line":136,"column":10},"end":{"line":136,"column":16}},{"start":{"line":136,"column":20},"end":{"line":136,"column":28}}],"line":136},"21":{"loc":{"start":{"line":175,"column":29},"end":{"line":175,"column":40}},"type":"binary-expr","locations":[{"start":{"line":175,"column":29},"end":{"line":175,"column":33}},{"start":{"line":175,"column":37},"end":{"line":175,"column":40}}],"line":175},"22":{"loc":{"start":{"line":176,"column":29},"end":{"line":176,"column":41}},"type":"binary-expr","locations":[{"start":{"line":176,"column":29},"end":{"line":176,"column":33}},{"start":{"line":176,"column":37},"end":{"line":176,"column":41}}],"line":176},"23":{"loc":{"start":{"line":180,"column":4},"end":{"line":192,"column":5}},"type":"if","locations":[{"start":{"line":180,"column":4},"end":{"line":192,"column":5}},{"start":{"line":182,"column":11},"end":{"line":192,"column":5}}],"line":180},"24":{"loc":{"start":{"line":182,"column":11},"end":{"line":192,"column":5}},"type":"if","locations":[{"start":{"line":182,"column":11},"end":{"line":192,"column":5}},{"start":{"line":184,"column":11},"end":{"line":192,"column":5}}],"line":182},"25":{"loc":{"start":{"line":184,"column":11},"end":{"line":192,"column":5}},"type":"if","locations":[{"start":{"line":184,"column":11},"end":{"line":192,"column":5}},{"start":{},"end":{}}],"line":184},"26":{"loc":{"start":{"line":186,"column":6},"end":{"line":190,"column":7}},"type":"if","locations":[{"start":{"line":186,"column":6},"end":{"line":190,"column":7}},{"start":{},"end":{}}],"line":186},"27":{"loc":{"start":{"line":186,"column":10},"end":{"line":186,"column":41}},"type":"binary-expr","locations":[{"start":{"line":186,"column":10},"end":{"line":186,"column":19}},{"start":{"line":186,"column":23},"end":{"line":186,"column":41}}],"line":186},"28":{"loc":{"start":{"line":195,"column":4},"end":{"line":198,"column":5}},"type":"if","locations":[{"start":{"line":195,"column":4},"end":{"line":198,"column":5}},{"start":{},"end":{}}],"line":195},"29":{"loc":{"start":{"line":196,"column":25},"end":{"line":196,"column":78}},"type":"cond-expr","locations":[{"start":{"line":196,"column":49},"end":{"line":196,"column":69}},{"start":{"line":196,"column":72},"end":{"line":196,"column":78}}],"line":196},"30":{"loc":{"start":{"line":216,"column":4},"end":{"line":236,"column":5}},"type":"if","locations":[{"start":{"line":216,"column":4},"end":{"line":236,"column":5}},{"start":{},"end":{}}],"line":216},"31":{"loc":{"start":{"line":216,"column":8},"end":{"line":216,"column":46}},"type":"binary-expr","locations":[{"start":{"line":216,"column":8},"end":{"line":216,"column":16}},{"start":{"line":216,"column":20},"end":{"line":216,"column":30}},{"start":{"line":216,"column":34},"end":{"line":216,"column":38}},{"start":{"line":216,"column":42},"end":{"line":216,"column":46}}],"line":216},"32":{"loc":{"start":{"line":218,"column":6},"end":{"line":223,"column":7}},"type":"if","locations":[{"start":{"line":218,"column":6},"end":{"line":223,"column":7}},{"start":{},"end":{}}],"line":218},"33":{"loc":{"start":{"line":230,"column":6},"end":{"line":235,"column":7}},"type":"if","locations":[{"start":{"line":230,"column":6},"end":{"line":235,"column":7}},{"start":{},"end":{}}],"line":230},"34":{"loc":{"start":{"line":239,"column":4},"end":{"line":241,"column":5}},"type":"if","locations":[{"start":{"line":239,"column":4},"end":{"line":241,"column":5}},{"start":{},"end":{}}],"line":239},"35":{"loc":{"start":{"line":258,"column":4},"end":{"line":260,"column":5}},"type":"if","locations":[{"start":{"line":258,"column":4},"end":{"line":260,"column":5}},{"start":{},"end":{}}],"line":258},"36":{"loc":{"start":{"line":266,"column":4},"end":{"line":277,"column":5}},"type":"if","locations":[{"start":{"line":266,"column":4},"end":{"line":277,"column":5}},{"start":{"line":273,"column":11},"end":{"line":277,"column":5}}],"line":266},"37":{"loc":{"start":{"line":268,"column":6},"end":{"line":272,"column":7}},"type":"if","locations":[{"start":{"line":268,"column":6},"end":{"line":272,"column":7}},{"start":{},"end":{}}],"line":268},"38":{"loc":{"start":{"line":273,"column":11},"end":{"line":277,"column":5}},"type":"if","locations":[{"start":{"line":273,"column":11},"end":{"line":277,"column":5}},{"start":{},"end":{}}],"line":273},"39":{"loc":{"start":{"line":279,"column":27},"end":{"line":279,"column":92}},"type":"binary-expr","locations":[{"start":{"line":279,"column":27},"end":{"line":279,"column":48}},{"start":{"line":279,"column":52},"end":{"line":279,"column":92}}],"line":279},"40":{"loc":{"start":{"line":280,"column":25},"end":{"line":280,"column":86}},"type":"binary-expr","locations":[{"start":{"line":280,"column":25},"end":{"line":280,"column":44}},{"start":{"line":280,"column":48},"end":{"line":280,"column":86}}],"line":280},"41":{"loc":{"start":{"line":282,"column":4},"end":{"line":287,"column":5}},"type":"if","locations":[{"start":{"line":282,"column":4},"end":{"line":287,"column":5}},{"start":{},"end":{}}],"line":282},"42":{"loc":{"start":{"line":284,"column":6},"end":{"line":286,"column":7}},"type":"if","locations":[{"start":{"line":284,"column":6},"end":{"line":286,"column":7}},{"start":{},"end":{}}],"line":284},"43":{"loc":{"start":{"line":284,"column":10},"end":{"line":284,"column":62}},"type":"binary-expr","locations":[{"start":{"line":284,"column":10},"end":{"line":284,"column":18}},{"start":{"line":284,"column":22},"end":{"line":284,"column":62}}],"line":284},"44":{"loc":{"start":{"line":289,"column":4},"end":{"line":293,"column":5}},"type":"if","locations":[{"start":{"line":289,"column":4},"end":{"line":293,"column":5}},{"start":{},"end":{}}],"line":289},"45":{"loc":{"start":{"line":289,"column":8},"end":{"line":289,"column":63}},"type":"binary-expr","locations":[{"start":{"line":289,"column":8},"end":{"line":289,"column":23}},{"start":{"line":289,"column":27},"end":{"line":289,"column":40}},{"start":{"line":289,"column":44},"end":{"line":289,"column":63}}],"line":289},"46":{"loc":{"start":{"line":295,"column":4},"end":{"line":299,"column":5}},"type":"if","locations":[{"start":{"line":295,"column":4},"end":{"line":299,"column":5}},{"start":{},"end":{}}],"line":295},"47":{"loc":{"start":{"line":303,"column":4},"end":{"line":307,"column":5}},"type":"if","locations":[{"start":{"line":303,"column":4},"end":{"line":307,"column":5}},{"start":{"line":305,"column":11},"end":{"line":307,"column":5}}],"line":303},"48":{"loc":{"start":{"line":305,"column":11},"end":{"line":307,"column":5}},"type":"if","locations":[{"start":{"line":305,"column":11},"end":{"line":307,"column":5}},{"start":{},"end":{}}],"line":305},"49":{"loc":{"start":{"line":305,"column":15},"end":{"line":305,"column":49}},"type":"binary-expr","locations":[{"start":{"line":305,"column":15},"end":{"line":305,"column":27}},{"start":{"line":305,"column":31},"end":{"line":305,"column":49}}],"line":305},"50":{"loc":{"start":{"line":311,"column":4},"end":{"line":319,"column":5}},"type":"if","locations":[{"start":{"line":311,"column":4},"end":{"line":319,"column":5}},{"start":{"line":315,"column":11},"end":{"line":319,"column":5}}],"line":311},"51":{"loc":{"start":{"line":311,"column":8},"end":{"line":311,"column":58}},"type":"binary-expr","locations":[{"start":{"line":311,"column":8},"end":{"line":311,"column":36}},{"start":{"line":311,"column":40},"end":{"line":311,"column":46}},{"start":{"line":311,"column":50},"end":{"line":311,"column":58}}],"line":311},"52":{"loc":{"start":{"line":315,"column":11},"end":{"line":319,"column":5}},"type":"if","locations":[{"start":{"line":315,"column":11},"end":{"line":319,"column":5}},{"start":{},"end":{}}],"line":315},"53":{"loc":{"start":{"line":315,"column":15},"end":{"line":315,"column":67}},"type":"binary-expr","locations":[{"start":{"line":315,"column":15},"end":{"line":315,"column":45}},{"start":{"line":315,"column":49},"end":{"line":315,"column":55}},{"start":{"line":315,"column":59},"end":{"line":315,"column":67}}],"line":315},"54":{"loc":{"start":{"line":334,"column":4},"end":{"line":336,"column":5}},"type":"if","locations":[{"start":{"line":334,"column":4},"end":{"line":336,"column":5}},{"start":{},"end":{}}],"line":334},"55":{"loc":{"start":{"line":344,"column":4},"end":{"line":348,"column":5}},"type":"if","locations":[{"start":{"line":344,"column":4},"end":{"line":348,"column":5}},{"start":{},"end":{}}],"line":344},"56":{"loc":{"start":{"line":350,"column":4},"end":{"line":365,"column":5}},"type":"if","locations":[{"start":{"line":350,"column":4},"end":{"line":365,"column":5}},{"start":{"line":357,"column":11},"end":{"line":365,"column":5}}],"line":350},"57":{"loc":{"start":{"line":352,"column":6},"end":{"line":356,"column":7}},"type":"if","locations":[{"start":{"line":352,"column":6},"end":{"line":356,"column":7}},{"start":{},"end":{}}],"line":352},"58":{"loc":{"start":{"line":357,"column":11},"end":{"line":365,"column":5}},"type":"if","locations":[{"start":{"line":357,"column":11},"end":{"line":365,"column":5}},{"start":{},"end":{}}],"line":357},"59":{"loc":{"start":{"line":360,"column":6},"end":{"line":364,"column":7}},"type":"if","locations":[{"start":{"line":360,"column":6},"end":{"line":364,"column":7}},{"start":{},"end":{}}],"line":360},"60":{"loc":{"start":{"line":360,"column":10},"end":{"line":360,"column":63}},"type":"binary-expr","locations":[{"start":{"line":360,"column":10},"end":{"line":360,"column":19}},{"start":{"line":360,"column":23},"end":{"line":360,"column":63}}],"line":360},"61":{"loc":{"start":{"line":383,"column":4},"end":{"line":383,"column":88}},"type":"if","locations":[{"start":{"line":383,"column":4},"end":{"line":383,"column":88}},{"start":{},"end":{}}],"line":383},"62":{"loc":{"start":{"line":386,"column":30},"end":{"line":386,"column":78}},"type":"binary-expr","locations":[{"start":{"line":386,"column":30},"end":{"line":386,"column":61}},{"start":{"line":386,"column":65},"end":{"line":386,"column":78}}],"line":386},"63":{"loc":{"start":{"line":387,"column":30},"end":{"line":387,"column":78}},"type":"binary-expr","locations":[{"start":{"line":387,"column":30},"end":{"line":387,"column":61}},{"start":{"line":387,"column":65},"end":{"line":387,"column":78}}],"line":387},"64":{"loc":{"start":{"line":390,"column":4},"end":{"line":399,"column":5}},"type":"if","locations":[{"start":{"line":390,"column":4},"end":{"line":399,"column":5}},{"start":{},"end":{}}],"line":390},"65":{"loc":{"start":{"line":391,"column":6},"end":{"line":392,"column":88}},"type":"binary-expr","locations":[{"start":{"line":391,"column":6},"end":{"line":391,"column":30}},{"start":{"line":392,"column":7},"end":{"line":392,"column":45}},{"start":{"line":392,"column":49},"end":{"line":392,"column":87}}],"line":391},"66":{"loc":{"start":{"line":406,"column":4},"end":{"line":448,"column":5}},"type":"if","locations":[{"start":{"line":406,"column":4},"end":{"line":448,"column":5}},{"start":{"line":426,"column":9},"end":{"line":448,"column":5}}],"line":406},"67":{"loc":{"start":{"line":407,"column":6},"end":{"line":408,"column":62}},"type":"binary-expr","locations":[{"start":{"line":407,"column":6},"end":{"line":407,"column":60}},{"start":{"line":408,"column":6},"end":{"line":408,"column":62}}],"line":407},"68":{"loc":{"start":{"line":411,"column":6},"end":{"line":423,"column":7}},"type":"if","locations":[{"start":{"line":411,"column":6},"end":{"line":423,"column":7}},{"start":{"line":417,"column":13},"end":{"line":423,"column":7}}],"line":411},"69":{"loc":{"start":{"line":412,"column":8},"end":{"line":413,"column":54}},"type":"binary-expr","locations":[{"start":{"line":412,"column":8},"end":{"line":412,"column":62}},{"start":{"line":413,"column":9},"end":{"line":413,"column":28}},{"start":{"line":413,"column":32},"end":{"line":413,"column":53}}],"line":412},"70":{"loc":{"start":{"line":417,"column":13},"end":{"line":423,"column":7}},"type":"if","locations":[{"start":{"line":417,"column":13},"end":{"line":423,"column":7}},{"start":{},"end":{}}],"line":417},"71":{"loc":{"start":{"line":418,"column":8},"end":{"line":420,"column":48}},"type":"binary-expr","locations":[{"start":{"line":418,"column":8},"end":{"line":418,"column":64}},{"start":{"line":419,"column":8},"end":{"line":419,"column":29}},{"start":{"line":420,"column":8},"end":{"line":420,"column":48}}],"line":418},"72":{"loc":{"start":{"line":426,"column":9},"end":{"line":448,"column":5}},"type":"if","locations":[{"start":{"line":426,"column":9},"end":{"line":448,"column":5}},{"start":{"line":444,"column":11},"end":{"line":448,"column":5}}],"line":426},"73":{"loc":{"start":{"line":427,"column":6},"end":{"line":428,"column":63}},"type":"binary-expr","locations":[{"start":{"line":427,"column":6},"end":{"line":427,"column":61}},{"start":{"line":428,"column":6},"end":{"line":428,"column":63}}],"line":427},"74":{"loc":{"start":{"line":431,"column":6},"end":{"line":440,"column":7}},"type":"if","locations":[{"start":{"line":431,"column":6},"end":{"line":440,"column":7}},{"start":{"line":437,"column":13},"end":{"line":440,"column":7}}],"line":431},"75":{"loc":{"start":{"line":432,"column":8},"end":{"line":434,"column":48}},"type":"binary-expr","locations":[{"start":{"line":432,"column":8},"end":{"line":432,"column":63}},{"start":{"line":433,"column":8},"end":{"line":433,"column":29}},{"start":{"line":434,"column":8},"end":{"line":434,"column":48}}],"line":432},"76":{"loc":{"start":{"line":437,"column":13},"end":{"line":440,"column":7}},"type":"if","locations":[{"start":{"line":437,"column":13},"end":{"line":440,"column":7}},{"start":{},"end":{}}],"line":437},"77":{"loc":{"start":{"line":437,"column":17},"end":{"line":437,"column":97}},"type":"binary-expr","locations":[{"start":{"line":437,"column":17},"end":{"line":437,"column":74}},{"start":{"line":437,"column":78},"end":{"line":437,"column":97}}],"line":437},"78":{"loc":{"start":{"line":450,"column":4},"end":{"line":454,"column":5}},"type":"if","locations":[{"start":{"line":450,"column":4},"end":{"line":454,"column":5}},{"start":{},"end":{}}],"line":450},"79":{"loc":{"start":{"line":473,"column":4},"end":{"line":473,"column":88}},"type":"if","locations":[{"start":{"line":473,"column":4},"end":{"line":473,"column":88}},{"start":{},"end":{}}],"line":473},"80":{"loc":{"start":{"line":480,"column":4},"end":{"line":485,"column":5}},"type":"if","locations":[{"start":{"line":480,"column":4},"end":{"line":485,"column":5}},{"start":{},"end":{}}],"line":480},"81":{"loc":{"start":{"line":489,"column":6},"end":{"line":491,"column":46}},"type":"binary-expr","locations":[{"start":{"line":489,"column":6},"end":{"line":489,"column":27}},{"start":{"line":490,"column":6},"end":{"line":490,"column":61}},{"start":{"line":491,"column":6},"end":{"line":491,"column":46}}],"line":489},"82":{"loc":{"start":{"line":493,"column":6},"end":{"line":495,"column":44}},"type":"binary-expr","locations":[{"start":{"line":493,"column":6},"end":{"line":493,"column":25}},{"start":{"line":494,"column":6},"end":{"line":494,"column":63}},{"start":{"line":495,"column":6},"end":{"line":495,"column":44}}],"line":493},"83":{"loc":{"start":{"line":497,"column":4},"end":{"line":501,"column":5}},"type":"if","locations":[{"start":{"line":497,"column":4},"end":{"line":501,"column":5}},{"start":{},"end":{}}],"line":497},"84":{"loc":{"start":{"line":497,"column":8},"end":{"line":497,"column":52}},"type":"binary-expr","locations":[{"start":{"line":497,"column":8},"end":{"line":497,"column":29}},{"start":{"line":497,"column":33},"end":{"line":497,"column":52}}],"line":497},"85":{"loc":{"start":{"line":520,"column":4},"end":{"line":522,"column":5}},"type":"if","locations":[{"start":{"line":520,"column":4},"end":{"line":522,"column":5}},{"start":{},"end":{}}],"line":520},"86":{"loc":{"start":{"line":520,"column":8},"end":{"line":520,"column":30}},"type":"binary-expr","locations":[{"start":{"line":520,"column":8},"end":{"line":520,"column":17}},{"start":{"line":520,"column":21},"end":{"line":520,"column":30}}],"line":520},"87":{"loc":{"start":{"line":527,"column":4},"end":{"line":531,"column":5}},"type":"if","locations":[{"start":{"line":527,"column":4},"end":{"line":531,"column":5}},{"start":{},"end":{}}],"line":527},"88":{"loc":{"start":{"line":534,"column":4},"end":{"line":534,"column":88}},"type":"if","locations":[{"start":{"line":534,"column":4},"end":{"line":534,"column":88}},{"start":{},"end":{}}],"line":534},"89":{"loc":{"start":{"line":539,"column":4},"end":{"line":543,"column":5}},"type":"if","locations":[{"start":{"line":539,"column":4},"end":{"line":543,"column":5}},{"start":{},"end":{}}],"line":539},"90":{"loc":{"start":{"line":546,"column":20},"end":{"line":546,"column":85}},"type":"binary-expr","locations":[{"start":{"line":546,"column":20},"end":{"line":546,"column":41}},{"start":{"line":546,"column":45},"end":{"line":546,"column":85}}],"line":546},"91":{"loc":{"start":{"line":547,"column":23},"end":{"line":547,"column":84}},"type":"binary-expr","locations":[{"start":{"line":547,"column":23},"end":{"line":547,"column":42}},{"start":{"line":547,"column":46},"end":{"line":547,"column":84}}],"line":547},"92":{"loc":{"start":{"line":550,"column":4},"end":{"line":557,"colum
[...]
locations":[{"start":{"line":71,"column":68},"end":{"line":71,"column":70}}],"line":71},"3":{"loc":{"start":{"line":76,"column":2},"end":{"line":92,"column":3}},"type":"if","locations":[{"start":{"line":76,"column":2},"end":{"line":92,"column":3}},{"start":{},"end":{}}],"line":76},"4":{"loc":{"start":{"line":80,"column":6},"end":{"line":90,"column":7}},"type":"if","locations":[{"start":{"line":80,"column":6},"end":{"line":90,"column":7}},{"start":{},"end":{}}],"line":80},"5":{"loc":{"start":{"line":82,"column":8},"end":{"line":89,"column":9}},"type":"if","locations":[{"start":{"line":82,"column":8},"end":{"line":89,"column":9}},{"start":{},"end":{}}],"line":82},"6":{"loc":{"start":{"line":85,"column":10},"end":{"line":88,"column":11}},"type":"if","locations":[{"start":{"line":85,"column":10},"end":{"line":88,"column":11}},{"start":{},"end":{}}],"line":85},"7":{"loc":{"start":{"line":87,"column":24},"end":{"line":87,"column":64}},"type":"cond-expr","locations":[{"start":{"line":87,"column":44},"end":{"line":87,"column":56}},{"start":{"line":87,"column":59},"end":{"line":87,"column":64}}],"line":87},"8":{"loc":{"start":{"line":94,"column":22},"end":{"line":94,"column":90}},"type":"cond-expr","locations":[{"start":{"line":94,"column":48},"end":{"line":94,"column":85}},{"start":{"line":94,"column":88},"end":{"line":94,"column":90}}],"line":94},"9":{"loc":{"start":{"line":137,"column":2},"end":{"line":139,"column":3}},"type":"if","locations":[{"start":{"line":137,"column":2},"end":{"line":139,"column":3}},{"start":{},"end":{}}],"line":137},"10":{"loc":{"start":{"line":155,"column":4},"end":{"line":168,"column":5}},"type":"if","locations":[{"start":{"line":155,"column":4},"end":{"line":168,"column":5}},{"start":{},"end":{}}],"line":155},"11":{"loc":{"start":{"line":156,"column":6},"end":{"line":159,"column":32}},"type":"binary-expr","locations":[{"start":{"line":156,"column":6},"end":{"line":156,"column":38}},{"start":{"line":157,"column":6},"end":{"line":157,"column":18}},{"start":{"line":158,"column":6},"end":{"line":158,"column":27}},{"start":{"line":159,"column":6},"end":{"line":159,"column":32}}],"line":156},"12":{"loc":{"start":{"line":163,"column":8},"end":{"line":165,"column":15}},"type":"cond-expr","locations":[{"start":{"line":164,"column":12},"end":{"line":164,"column":22}},{"start":{"line":165,"column":12},"end":{"line":165,"column":15}}],"line":163},"13":{"loc":{"start":{"line":163,"column":8},"end":{"line":163,"column":83}},"type":"binary-expr","locations":[{"start":{"line":163,"column":8},"end":{"line":163,"column":32}},{"start":{"line":163,"column":36},"end":{"line":163,"column":55}},{"start":{"line":163,"column":59},"end":{"line":163,"column":83}}],"line":163},"14":{"loc":{"start":{"line":172,"column":2},"end":{"line":177,"column":3}},"type":"if","locations":[{"start":{"line":172,"column":2},"end":{"line":177,"column":3}},{"start":{},"end":{}}],"line":172},"15":{"loc":{"start":{"line":180,"column":2},"end":{"line":182,"column":3}},"type":"if","locations":[{"start":{"line":180,"column":2},"end":{"line":182,"column":3}},{"start":{},"end":{}}],"line":180},"16":{"loc":{"start":{"line":192,"column":2},"end":{"line":194,"column":3}},"type":"if","locations":[{"start":{"line":192,"column":2},"end":{"line":194,"column":3}},{"start":{},"end":{}}],"line":192}},"s":{"0":3,"1":3,"2":3,"3":3,"4":3,"5":3,"6":1,"7":1,"8":1,"9":1,"10":1,"11":1,"12":1,"13":1,"14":1,"15":3,"16":3,"17":3,"18":2,"19":2,"20":2,"21":2,"22":2,"23":2,"24":2,"25":2,"26":2,"27":2,"28":2,"29":2,"30":2,"31":2,"32":2,"33":2,"34":2,"35":2,"36":2,"37":2,"38":2,"39":2,"40":2,"41":2,"42":2,"43":2,"44":0,"45":2,"46":2,"47":3,"48":1,"49":1,"50":1,"51":1,"52":1,"53":1,"54":1,"55":3,"56":2,"57":2,"58":2,"59":2,"60":2,"61":1,"62":1,"63":1,"64":1,"65":2,"66":0,"67":0,"68":0,"69":0,"70":2,"71":1,"72":1,"73":1,"74":1,"75":1,"76":1,"77":1,"78":1,"79":1,"80":1,"81":1,"82":3,"83":0,"84":0,"85":3,"86":1,"87":1,"88":3},"f":{"0":1,"1":2,"2":2,"3":0,"4":1,"5":2,"6":0,"7":1},"b":{"0":[0],"1":[0],"2":[0],"3":[2,0],"4":[2,0],"5":[2,0],"6":[2,0],"7":[0,2],"8":[2,0],"9":[1,0],"10":[1,0],"11":[1,1,1,1],"12":[1,0],"13":[1,0,0],"14":[0,2],"15":[1,1],"16":[1,0]},"_coverageSchema":"1a1c01bbd47fc00a2c39e90264f33305004495a9","hash":"43ff2c93f43340ab0764043baef047848b1ab5a6"}
,"C:\\Users\\Maria Luiza\\Desktop\\portfolio\\portfolio\\backend\\src\\services\\notificationService.js": {"path":"C:\\Users\\Maria Luiza\\Desktop\\portfolio\\portfolio\\backend\\src\\services\\notificationService.js","statementMap":{"0":{"start":{"line":1,"column":19},"end":{"line":1,"column":40}},"1":{"start":{"line":3,"column":20},"end":{"line":11,"column":2}},"2":{"start":{"line":14,"column":2},"end":{"line":24,"column":3}},"3":{"start":{"line":15,"column":17},"end":{"line":20,"column":6}},"4":{"start":{"line":21,"column":4},"end":{"line":21,"column":16}},"5":{"start":{"line":23,"column":4},"end":{"line":23,"column":16}},"6":{"start":{"line":27,"column":0},"end":{"line":27,"column":33}}},"fnMap":{"0":{"name":"enviarEmail","decl":{"start":{"line":13,"column":15},"end":{"line":13,"column":26}},"loc":{"start":{"line":13,"column":60},"end":{"line":25,"column":1}},"line":13}},"branchMap":{"0":{"loc":{"start":{"line":4,"column":8},"end":{"line":4,"column":56}},"type":"binary-expr","locations":[{"start":{"line":4,"column":8},"end":{"line":4,"column":30}},{"start":{"line":4,"column":34},"end":{"line":4,"column":56}}],"line":4}},"s":{"0":3,"1":3,"2":2,"3":2,"4":1,"5":1,"6":3},"f":{"0":2},"b":{"0":[3,2]},"_coverageSchema":"1a1c01bbd47fc00a2c39e90264f33305004495a9","hash":"231ea776d0f1f6ce921d7d9bb99bd3194ded8610"}
,"C:\\Users\\Maria Luiza\\Desktop\\portfolio\\portfolio\\backend\\src\\utils\\agendaHelper.js": {"path":"C:\\Users\\Maria Luiza\\Desktop\\portfolio\\portfolio\\backend\\src\\utils\\agendaHelper.js","statementMap":{"0":{"start":{"line":6,"column":31},"end":{"line":47,"column":1}},"1":{"start":{"line":7,"column":2},"end":{"line":9,"column":3}},"2":{"start":{"line":8,"column":4},"end":{"line":8,"column":17}},"3":{"start":{"line":12,"column":22},"end":{"line":18,"column":3}},"4":{"start":{"line":13,"column":5},"end":{"line":13,"column":62}},"5":{"start":{"line":13,"column":50},"end":{"line":13,"column":62}},"6":{"start":{"line":15,"column":20},"end":{"line":15,"column":50}},"7":{"start":{"line":16,"column":5},"end":{"line":16,"column":43}},"8":{"start":{"line":16,"column":31},"end":{"line":16,"column":43}},"9":{"start":{"line":17,"column":5},"end":{"line":17,"column":23}},"10":{"start":{"line":20,"column":25},"end":{"line":28,"column":47}},"11":{"start":{"line":21,"column":19},"end":{"line":25,"column":6}},"12":{"start":{"line":27,"column":21},"end":{"line":27,"column":100}},"13":{"start":{"line":28,"column":21},"end":{"line":28,"column":46}},"14":{"start":{"line":30,"column":2},"end":{"line":30,"column":46}},"15":{"start":{"line":30,"column":33},"end":{"line":30,"column":46}},"16":{"start":{"line":33,"column":2},"end":{"line":44,"column":3}},"17":{"start":{"line":33,"column":15},"end":{"line":33,"column":16}},"18":{"start":{"line":34,"column":22},"end":{"line":34,"column":39}},"19":{"start":{"line":35,"column":24},"end":{"line":35,"column":45}},"20":{"start":{"line":41,"column":4},"end":{"line":43,"column":5}},"21":{"start":{"line":42,"column":6},"end":{"line":42,"column":18}},"22":{"start":{"line":46,"column":2},"end":{"line":46,"column":15}},"23":{"start":{"line":49,"column":0},"end":{"line":49,"column":44}}},"fnMap":{"0":{"name":"(anonymous_0)","decl":{"start":{"line":6,"column":31},"end":{"line":6,"column":32}},"loc":{"start":{"line":6,"column":47},"end":{"line":47,"column":1}},"line":6},"1":{"name":"(anonymous_1)","decl":{"start":{"line":12,"column":22},"end":{"line":12,"column":23}},"loc":{"start":{"line":12,"column":35},"end":{"line":18,"column":3}},"line":12},"2":{"name":"(anonymous_2)","decl":{"start":{"line":21,"column":10},"end":{"line":21,"column":11}},"loc":{"start":{"line":21,"column":19},"end":{"line":25,"column":6}},"line":21},"3":{"name":"(anonymous_3)","decl":{"start":{"line":27,"column":13},"end":{"line":27,"column":14}},"loc":{"start":{"line":27,"column":21},"end":{"line":27,"column":100}},"line":27},"4":{"name":"(anonymous_4)","decl":{"start":{"line":28,"column":11},"end":{"line":28,"column":12}},"loc":{"start":{"line":28,"column":21},"end":{"line":28,"column":46}},"line":28}},"branchMap":{"0":{"loc":{"start":{"line":7,"column":2},"end":{"line":9,"column":3}},"type":"if","locations":[{"start":{"line":7,"column":2},"end":{"line":9,"column":3}},{"start":{},"end":{}}],"line":7},"1":{"loc":{"start":{"line":7,"column":6},"end":{"line":7,"column":42}},"type":"binary-expr","locations":[{"start":{"line":7,"column":6},"end":{"line":7,"column":17}},{"start":{"line":7,"column":21},"end":{"line":7,"column":42}}],"line":7},"2":{"loc":{"start":{"line":13,"column":5},"end":{"line":13,"column":62}},"type":"if","locations":[{"start":{"line":13,"column":5},"end":{"line":13,"column":62}},{"start":{},"end":{}}],"line":13},"3":{"loc":{"start":{"line":13,"column":9},"end":{"line":13,"column":48}},"type":"binary-expr","locations":[{"start":{"line":13,"column":9},"end":{"line":13,"column":17}},{"start":{"line":13,"column":21},"end":{"line":13,"column":48}}],"line":13},"4":{"loc":{"start":{"line":16,"column":5},"end":{"line":16,"column":43}},"type":"if","locations":[{"start":{"line":16,"column":5},"end":{"line":16,"column":43}},{"start":{},"end":{}}],"line":16},"5":{"loc":{"start":{"line":16,"column":9},"end":{"line":16,"column":29}},"type":"binary-expr","locations":[{"start":{"line":16,"column":9},"end":{"line":16,"column":17}},{"start":{"line":16,"column":21},"end":{"line":16,"column":29}}],"line":16},"6":{"loc":{"start":{"line":27,"column":21},"end":{"line":27,"column":100}},"type":"binary-expr","locations":[{"start":{"line":27,"column":21},"end":{"line":27,"column":44}},{"start":{"line":27,"column":48},"end":{"line":27,"column":68}},{"start":{"line":27,"column":72},"end":{"line":27,"column":100}}],"line":27},"7":{"loc":{"start":{"line":30,"column":2},"end":{"line":30,"column":46}},"type":"if","locations":[{"start":{"line":30,"column":2},"end":{"line":30,"column":46}},{"start":{},"end":{}}],"line":30},"8":{"loc":{"start":{"line":41,"column":4},"end":{"line":43,"column":5}},"type":"if","locations":[{"start":{"line":41,"column":4},"end":{"line":43,"column":5}},{"start":{},"end":{}}],"line":41}},"s":{"0":2,"1":7,"2":1,"3":6,"4":24,"5":2,"6":22,"7":22,"8":0,"9":22,"10":6,"11":12,"12":12,"13":5,"14":6,"15":1,"16":5,"17":5,"18":5,"19":5,"20":5,"21":2,"22":3,"23":2},"f":{"0":7,"1":24,"2":12,"3":12,"4":5},"b":{"0":[1,6],"1":[7,7],"2":[2,22],"3":[24,22],"4":[0,22],"5":[22,22],"6":[12,11,11],"7":[1,5],"8":[2,3]},"_coverageSchema":"1a1c01bbd47fc00a2c39e90264f33305004495a9","hash":"928e68ddea1c1633b8e31a9eddcbd0dae25cbbd0"}
,"C:\\Users\\Maria Luiza\\Desktop\\portfolio\\portfolio\\backend\\src\\utils\\dateUtils.js": {"path":"C:\\Users\\Maria Luiza\\Desktop\\portfolio\\portfolio\\backend\\src\\utils\\dateUtils.js","statementMap":{"0":{"start":{"line":1,"column":29},"end":{"line":1,"column":51}},"1":{"start":{"line":4,"column":13},"end":{"line":4,"column":14}},"2":{"start":{"line":5,"column":18},"end":{"line":5,"column":39}},"3":{"start":{"line":6,"column":15},"end":{"line":6,"column":25}},"4":{"start":{"line":8,"column":2},"end":{"line":14,"column":3}},"5":{"start":{"line":9,"column":24},"end":{"line":9,"column":42}},"6":{"start":{"line":10,"column":4},"end":{"line":12,"column":5}},"7":{"start":{"line":11,"column":6},"end":{"line":11,"column":13}},"8":{"start":{"line":13,"column":4},"end":{"line":13,"column":47}},"9":{"start":{"line":15,"column":2},"end":{"line":15,"column":14}},"10":{"start":{"line":19,"column":2},"end":{"line":19,"column":25}},"11":{"start":{"line":19,"column":13},"end":{"line":19,"column":25}},"12":{"start":{"line":20,"column":19},"end":{"line":20,"column":38}},"13":{"start":{"line":22,"column":2},"end":{"line":22,"column":65}},"14":{"start":{"line":26,"column":2},"end":{"line":26,"column":25}},"15":{"start":{"line":26,"column":13},"end":{"line":26,"column":25}},"16":{"start":{"line":29,"column":2},"end":{"line":29,"column":57}},"17":{"start":{"line":33,"column":2},"end":{"line":33,"column":63}},"18":{"start":{"line":33,"column":53},"end":{"line":33,"column":63}},"19":{"start":{"line":35,"column":17},"end":{"line":35,"column":38}},"20":{"start":{"line":36,"column":2},"end":{"line":36,"column":45}},"21":{"start":{"line":36,"column":27},"end":{"line":36,"column":45}},"22":{"start":{"line":38,"column":26},"end":{"line":38,"column":32}},"23":{"start":{"line":40,"column":2},"end":{"line":40,"column":32}},"24":{"start":{"line":43,"column":0},"end":{"line":48,"column":2}}},"fnMap":{"0":{"name":"getDiasUteis","decl":{"start":{"line":3,"column":9},"end":{"line":3,"column":21}},"loc":{"start":{"line":3,"column":35},"end":{"line":16,"column":1}},"line":3},"1":{"name":"formatarData","decl":{"start":{"line":18,"column":9},"end":{"line":18,"column":21}},"loc":{"start":{"line":18,"column":28},"end":{"line":23,"column":1}},"line":18},"2":{"name":"formatarApenasData","decl":{"start":{"line":25,"column":9},"end":{"line":25,"column":27}},"loc":{"start":{"line":25,"column":34},"end":{"line":30,"column":1}},"line":25},"3":{"name":"formatarDataParaEmail","decl":{"start":{"line":32,"column":9},"end":{"line":32,"column":30}},"loc":{"start":{"line":32,"column":43},"end":{"line":41,"column":1}},"line":32}},"branchMap":{"0":{"loc":{"start":{"line":10,"column":4},"end":{"line":12,"column":5}},"type":"if","locations":[{"start":{"line":10,"column":4},"end":{"line":12,"column":5}},{"start":{},"end":{}}],"line":10},"1":{"loc":{"start":{"line":10,"column":8},"end":{"line":10,"column":46}},"type":"binary-expr","locations":[{"start":{"line":10,"column":8},"end":{"line":10,"column":25}},{"start":{"line":10,"column":29},"end":{"line":10,"column":46}}],"line":10},"2":{"loc":{"start":{"line":19,"column":2},"end":{"line":19,"column":25}},"type":"if","locations":[{"start":{"line":19,"column":2},"end":{"line":19,"column":25}},{"start":{},"end":{}}],"line":19},"3":{"loc":{"start":{"line":26,"column":2},"end":{"line":26,"column":25}},"type":"if","locations":[{"start":{"line":26,"column":2},"end":{"line":26,"column":25}},{"start":{},"end":{}}],"line":26},"4":{"loc":{"start":{"line":33,"column":2},"end":{"line":33,"column":63}},"type":"if","locations":[{"start":{"line":33,"column":2},"end":{"line":33,"column":63}},{"start":{},"end":{}}],"line":33},"5":{"loc":{"start":{"line":33,"column":6},"end":{"line":33,"column":51}},"type":"binary-expr","locations":[{"start":{"line":33,"column":6},"end":{"line":33,"column":17}},{"start":{"line":33,"column":21},"end":{"line":33,"column":51}}],"line":33},"6":{"loc":{"start":{"line":36,"column":2},"end":{"line":36,"column":45}},"type":"if","locations":[{"start":{"line":36,"column":2},"end":{"line":36,"column":45}},{"start":{},"end":{}}],"line":36}},"s":{"0":19,"1":3,"2":3,"3":3,"4":3,"5":11,"6":11,"7":9,"8":11,"9":3,"10":21,"11":18,"12":3,"13":3,"14":14,"15":11,"16":3,"17":5,"18":2,"19":3,"20":3,"21":1,"22":2,"23":2,"24":19},"f":{"0":3,"1":21,"2":14,"3":5},"b":{"0":[9,2],"1":[11,10],"2":[18,3],"3":[11,3],"4":[2,3],"5":[5,4],"6":[1,2]},"_coverageSchema":"1a1c01bbd47fc00a2c39e90264f33305004495a9","hash":"033b70124dd1736fad1f3969d8416166a8ebcd00"}
,"C:\\Users\\Maria Luiza\\Desktop\\portfolio\\portfolio\\backend\\src\\utils\\queryUtils.js": {"path":"C:\\Users\\Maria Luiza\\Desktop\\portfolio\\portfolio\\backend\\src\\utils\\queryUtils.js","statementMap":{"0":{"start":{"line":2,"column":18},"end":{"line":2,"column":98}},"1":{"start":{"line":3,"column":20},"end":{"line":3,"column":22}},"2":{"start":{"line":4,"column":15},"end":{"line":4,"column":17}},"3":{"start":{"line":5,"column":19},"end":{"line":5,"column":29}},"4":{"start":{"line":7,"column":20},"end":{"line":14,"column":3}},"5":{"start":{"line":15,"column":23},"end":{"line":15,"column":69}},"6":{"start":{"line":17,"column":2},"end":{"line":45,"column":3}},"7":{"start":{"line":18,"column":18},"end":{"line":18,"column":77}},"8":{"start":{"line":19,"column":4},"end":{"line":44,"column":5}},"9":{"start":{"line":20,"column":18},"end":{"line":20,"column":26}},"10":{"start":{"line":21,"column":17},"end":{"line":21,"column":25}},"11":{"start":{"line":22,"column":18},"end":{"line":22,"column":26}},"12":{"start":{"line":24,"column":6},"end":{"line":24,"column":92}},"13":{"start":{"line":24,"column":39},"end":{"line":24,"column":92}},"14":{"start":{"line":25,"column":20},"end":{"line":25,"column":33}},"15":{"start":{"line":26,"column":6},"end":{"line":26,"column":72}},"16":{"start":{"line":26,"column":18},"end":{"line":26,"column":72}},"17":{"start":{"line":30,"column":8},"end":{"line":30,"column":89}},"18":{"start":{"line":32,"column":6},"end":{"line":38,"column":7}},"19":{"start":{"line":33,"column":8},"end":{"line":33,"column":63}},"20":{"start":{"line":34,"column":8},"end":{"line":34,"column":34}},"21":{"start":{"line":36,"column":8},"end":{"line":36,"column":63}},"22":{"start":{"line":37,"column":8},"end":{"line":37,"column":27}},"23":{"start":{"line":39,"column":6},"end":{"line":39,"column":19}},"24":{"start":{"line":41,"column":6},"end":{"line":43,"column":8}},"25":{"start":{"line":46,"column":2},"end":{"line":46,"column":55}},"26":{"start":{"line":48,"column":0},"end":{"line":48,"column":33}}},"fnMap":{"0":{"name":"parseFilter","decl":{"start":{"line":1,"column":9},"end":{"line":1,"column":20}},"loc":{"start":{"line":1,"column":58},"end":{"line":47,"column":1}},"line":1}},"branchMap":{"0":{"loc":{"start":{"line":1,"column":42},"end":{"line":1,"column":56}},"type":"default-arg","locations":[{"start":{"line":1,"column":55},"end":{"line":1,"column":56}}],"line":1},"1":{"loc":{"start":{"line":2,"column":18},"end":{"line":2,"column":98}},"type":"cond-expr","locations":[{"start":{"line":2,"column":55},"end":{"line":2,"column":74}},{"start":{"line":2,"column":77},"end":{"line":2,"column":98}}],"line":2},"2":{"loc":{"start":{"line":19,"column":4},"end":{"line":44,"column":5}},"type":"if","locations":[{"start":{"line":19,"column":4},"end":{"line":44,"column":5}},{"start":{"line":40,"column":11},"end":{"line":44,"column":5}}],"line":19},"3":{"loc":{"start":{"line":19,"column":8},"end":{"line":19,"column":35}},"type":"binary-expr","locations":[{"start":{"line":19,"column":8},"end":{"line":19,"column":13}},{"start":{"line":19,"column":17},"end":{"line":19,"column":35}}],"line":19},"4":{"loc":{"start":{"line":24,"column":6},"end":{"line":24,"column":92}},"type":"if","locations":[{"start":{"line":24,"column":6},"end":{"line":24,"column":92}},{"start":{},"end":{}}],"line":24},"5":{"loc":{"start":{"line":26,"column":6},"end":{"line":26,"column":72}},"type":"if","locations":[{"start":{"line":26,"column":6},"end":{"line":26,"column":72}},{"start":{},"end":{}}],"line":26},"6":{"loc":{"start":{"line":30,"column":8},"end":{"line":30,"column":89}},"type":"cond-expr","locations":[{"start":{"line":30,"column":29},"end":{"line":30,"column":40}},{"start":{"line":30,"column":43},"end":{"line":30,"column":89}}],"line":30},"7":{"loc":{"start":{"line":30,"column":43},"end":{"line":30,"column":89}},"type":"cond-expr","locations":[{"start":{"line":30,"column":68},"end":{"line":30,"column":83}},{"start":{"line":30,"column":86},"end":{"line":30,"column":89}}],"line":30},"8":{"loc":{"start":{"line":32,"column":6},"end":{"line":38,"column":7}},"type":"if","locations":[{"start":{"line":32,"column":6},"end":{"line":38,"column":7}},{"start":{"line":35,"column":13},"end":{"line":38,"column":7}}],"line":32}},"s":{"0":7,"1":7,"2":7,"3":7,"4":7,"5":7,"6":7,"7":8,"8":8,"9":6,"10":6,"11":6,"12":6,"13":1,"14":5,"15":5,"16":0,"17":5,"18":5,"19":1,"20":1,"21":4,"22":4,"23":5,"24":2,"25":4,"26":2},"f":{"0":7},"b":{"0":[6],"1":[1,6],"2":[6,2],"3":[8,6],"4":[1,5],"5":[0,5],"6":[1,4],"7":[1,3],"8":[1,4]},"_coverageSchema":"1a1c01bbd47fc00a2c39e90264f33305004495a9","hash":"22928ccc2dadf8dd2d52ca0ad4d3cc586cb7be04"}
}
