TN:
SF:src\controllers\administradorController.js
FN:4,(anonymous_0)
FN:16,(anonymous_1)
FN:34,(anonymous_2)
FN:47,(anonymous_3)
FN:61,getStartDateDiasUteis
FN:75,(anonymous_5)
FNF:6
FNH:6
FNDA:2,(anonymous_0)
FNDA:4,(anonymous_1)
FNDA:3,(anonymous_2)
FNDA:3,(anonymous_3)
FNDA:1,getStartDateDiasUteis
FNDA:2,(anonymous_5)
DA:1,1
DA:2,1
DA:4,1
DA:5,2
DA:6,2
DA:7,1
DA:12,1
DA:16,1
DA:17,4
DA:18,4
DA:19,4
DA:20,4
DA:22,4
DA:23,4
DA:24,2
DA:27,4
DA:28,3
DA:30,1
DA:34,1
DA:35,3
DA:36,3
DA:37,3
DA:38,2
DA:39,1
DA:41,1
DA:43,1
DA:47,1
DA:48,3
DA:49,3
DA:50,3
DA:51,2
DA:52,1
DA:54,1
DA:56,1
DA:62,1
DA:63,1
DA:64,1
DA:65,7
DA:66,7
DA:67,7
DA:69,5
DA:72,1
DA:75,1
DA:76,2
DA:77,2
DA:79,1
DA:80,1
DA:82,1
DA:87,1
LF:49
LH:49
BRDA:19,0,0,4
BRDA:19,0,1,3
BRDA:20,1,0,4
BRDA:20,1,1,3
BRDA:23,2,0,2
BRDA:23,2,1,2
BRDA:24,3,0,1
BRDA:24,3,1,1
BRDA:38,4,0,1
BRDA:38,4,1,1
BRDA:51,5,0,1
BRDA:51,5,1,1
BRDA:67,6,0,5
BRDA:67,6,1,2
BRDA:67,7,0,7
BRDA:67,7,1,6
BRF:16
BRH:16
end_of_record
TN:
SF:src\controllers\authController.js
FN:11,(anonymous_0)
FN:79,(anonymous_1)
FN:129,(anonymous_2)
FNF:3
FNH:3
FNDA:5,(anonymous_0)
FNDA:2,(anonymous_1)
FNDA:2,(anonymous_2)
DA:1,1
DA:2,1
DA:3,1
DA:4,1
DA:5,1
DA:6,1
DA:8,1
DA:11,1
DA:12,5
DA:13,5
DA:14,5
DA:15,0
DA:18,5
DA:19,3
DA:20,3
DA:21,3
DA:23,3
DA:24,1
DA:27,2
DA:28,2
DA:29,2
DA:30,1
DA:31,1
DA:37,3
DA:44,3
DA:45,3
DA:46,0
DA:51,3
DA:52,3
DA:53,0
DA:58,3
DA:59,3
DA:60,3
DA:61,1
DA:66,2
DA:67,2
DA:69,2
DA:71,0
DA:79,1
DA:80,2
DA:81,2
DA:83,2
DA:90,2
DA:91,2
DA:93,2
DA:94,2
DA:96,1
DA:101,1
DA:103,1
DA:104,1
DA:105,1
DA:107,1
DA:112,1
DA:113,1
DA:114,1
DA:115,1
DA:117,1
DA:119,1
DA:124,0
DA:129,1
DA:130,2
DA:131,2
DA:133,2
DA:135,2
DA:140,2
DA:141,1
DA:143,1
DA:144,1
DA:145,1
DA:147,1
DA:153,1
DA:154,1
DA:159,1
DA:161,1
DA:163,0
LF:75
LH:69
BRDA:14,0,0,0
BRDA:14,0,1,5
BRDA:14,1,0,5
BRDA:14,1,1,5
BRDA:14,1,2,5
BRDA:18,2,0,3
BRDA:18,2,1,2
BRDA:20,3,0,3
BRDA:20,3,1,0
BRDA:23,4,0,1
BRDA:23,4,1,2
BRDA:27,5,0,2
BRDA:27,5,1,0
BRDA:27,6,0,2
BRDA:27,6,1,2
BRDA:29,7,0,1
BRDA:29,7,1,1
BRDA:45,8,0,0
BRDA:45,8,1,3
BRDA:52,9,0,0
BRDA:52,9,1,3
BRDA:60,10,0,1
BRDA:60,10,1,2
BRDA:91,11,0,0
BRDA:91,11,1,2
BRDA:94,12,0,1
BRDA:94,12,1,1
BRDA:112,13,0,1
BRDA:112,13,1,0
BRDA:140,14,0,1
BRDA:140,14,1,1
BRF:31
BRH:24
end_of_record
TN:
SF:src\controllers\auxiliarController.js
FN:4,(anonymous_0)
FN:28,(anonymous_1)
FN:48,(anonymous_2)
FN:123,(anonymous_3)
FN:146,(anonymous_4)
FN:176,(anonymous_5)
FN:191,(anonymous_6)
FNF:7
FNH:7
FNDA:3,(anonymous_0)
FNDA:2,(anonymous_1)
FNDA:5,(anonymous_2)
FNDA:4,(anonymous_3)
FNDA:4,(anonymous_4)
FNDA:3,(anonymous_5)
FNDA:4,(anonymous_6)
DA:1,1
DA:2,1
DA:4,1
DA:5,3
DA:6,3
DA:8,3
DA:13,3
DA:14,1
DA:19,2
DA:20,1
DA:24,1
DA:28,1
DA:29,2
DA:30,2
DA:31,2
DA:33,2
DA:34,2
DA:36,2
DA:37,2
DA:38,0
DA:41,2
DA:42,1
DA:44,1
DA:48,1
DA:49,5
DA:50,5
DA:51,5
DA:53,5
DA:54,1
DA:59,4
DA:61,4
DA:62,4
DA:63,4
DA:65,4
DA:66,2
DA:67,2
DA:69,4
DA:70,1
DA:71,1
DA:73,4
DA:74,0
DA:75,0
DA:77,4
DA:78,0
DA:79,0
DA:82,4
DA:83,0
DA:84,0
DA:85,0
DA:86,0
DA:89,4
DA:91,4
DA:92,1
DA:97,3
DA:98,3
DA:100,3
DA:107,3
DA:109,1
DA:110,0
DA:113,1
DA:115,2
DA:116,1
DA:118,1
DA:119,1
DA:123,1
DA:124,4
DA:125,4
DA:126,4
DA:128,4
DA:129,3
DA:130,1
DA:133,2
DA:134,1
DA:139,1
DA:140,1
DA:142,1
DA:146,1
DA:147,4
DA:148,4
DA:149,4
DA:151,4
DA:152,1
DA:155,3
DA:156,3
DA:160,2
DA:161,4
DA:162,1
DA:169,1
DA:170,1
DA:172,1
DA:176,1
DA:177,3
DA:178,3
DA:179,3
DA:181,2
DA:182,1
DA:185,1
DA:187,1
DA:191,1
DA:192,4
DA:193,4
DA:195,4
DA:197,3
DA:198,1
DA:200,2
DA:202,2
DA:207,2
DA:208,1
DA:211,1
DA:213,1
LF:110
LH:100
BRDA:19,0,0,1
BRDA:19,0,1,1
BRDA:19,1,0,2
BRDA:19,1,1,1
BRDA:33,2,0,2
BRDA:33,2,1,2
BRDA:34,3,0,2
BRDA:34,3,1,2
BRDA:37,4,0,0
BRDA:37,4,1,2
BRDA:38,5,0,0
BRDA:38,5,1,0
BRDA:53,6,0,1
BRDA:53,6,1,4
BRDA:53,7,0,5
BRDA:53,7,1,5
BRDA:65,8,0,2
BRDA:65,8,1,2
BRDA:69,9,0,1
BRDA:69,9,1,3
BRDA:73,10,0,0
BRDA:73,10,1,4
BRDA:77,11,0,0
BRDA:77,11,1,4
BRDA:82,12,0,0
BRDA:82,12,1,4
BRDA:82,13,0,4
BRDA:82,13,1,0
BRDA:91,14,0,1
BRDA:91,14,1,3
BRDA:109,15,0,0
BRDA:109,15,1,1
BRDA:115,16,0,1
BRDA:115,16,1,1
BRDA:115,17,0,2
BRDA:115,17,1,1
BRDA:129,18,0,1
BRDA:129,18,1,2
BRDA:133,19,0,1
BRDA:133,19,1,1
BRDA:151,20,0,1
BRDA:151,20,1,3
BRDA:151,21,0,4
BRDA:151,21,1,4
BRDA:151,21,2,4
BRDA:155,22,0,3
BRDA:155,22,1,0
BRDA:161,23,0,1
BRDA:161,23,1,3
BRDA:181,24,0,1
BRDA:181,24,1,1
BRDA:197,25,0,1
BRDA:197,25,1,2
BRDA:197,26,0,3
BRDA:197,26,1,3
BRDA:207,27,0,1
BRDA:207,27,1,1
BRF:57
BRH:48
end_of_record
TN:
SF:src\controllers\consultaController.js
FN:13,(anonymous_0)
FN:170,(anonymous_1)
FN:211,(anonymous_2)
FN:249,(anonymous_3)
FN:328,(anonymous_4)
FN:377,(anonymous_5)
FN:467,(anonymous_6)
FN:514,(anonymous_7)
FN:681,(anonymous_8)
FN:733,(anonymous_9)
FNF:10
FNH:10
FNDA:5,(anonymous_0)
FNDA:2,(anonymous_1)
FNDA:2,(anonymous_2)
FNDA:3,(anonymous_3)
FNDA:2,(anonymous_4)
FNDA:2,(anonymous_5)
FNDA:1,(anonymous_6)
FNDA:1,(anonymous_7)
FNDA:1,(anonymous_8)
FNDA:1,(anonymous_9)
DA:1,1
DA:2,1
DA:3,1
DA:5,1
DA:6,1
DA:7,1
DA:8,1
DA:9,1
DA:10,1
DA:13,1
DA:14,5
DA:15,5
DA:16,5
DA:18,5
DA:19,0
DA:22,5
DA:23,5
DA:26,5
DA:27,1
DA:37,4
DA:38,1
DA:39,1
DA:40,1
DA:41,1
DA:42,0
DA:43,3
DA:44,0
DA:45,0
DA:46,0
DA:47,0
DA:48,0
DA:49,3
DA:50,2
DA:51,2
DA:52,1
DA:55,1
DA:56,1
DA:57,1
DA:58,1
DA:59,0
DA:61,1
DA:66,2
DA:67,2
DA:68,0
DA:70,2
DA:72,2
DA:73,2
DA:74,0
DA:79,2
DA:85,2
DA:86,0
DA:89,2
DA:95,2
DA:96,0
DA:99,2
DA:107,2
DA:108,2
DA:109,2
DA:111,2
DA:112,2
DA:113,1
DA:115,1
DA:116,1
DA:117,1
DA:129,1
DA:135,1
DA:136,0
DA:138,0
DA:139,0
DA:140,0
DA:152,0
DA:160,2
DA:165,0
DA:170,1
DA:171,2
DA:172,2
DA:173,2
DA:175,2
DA:176,2
DA:178,2
DA:180,2
DA:181,1
DA:182,1
DA:183,0
DA:184,1
DA:185,1
DA:186,1
DA:187,1
DA:191,0
DA:194,1
DA:195,1
DA:196,0
DA:197,0
DA:200,1
DA:204,1
DA:206,0
DA:211,1
DA:212,2
DA:213,2
DA:214,2
DA:216,2
DA:217,2
DA:218,2
DA:219,1
DA:224,1
DA:230,1
DA:231,0
DA:238,1
DA:239,1
DA:240,0
DA:242,1
DA:244,0
DA:249,1
DA:250,3
DA:251,3
DA:252,3
DA:254,3
DA:255,3
DA:256,3
DA:258,3
DA:259,0
DA:262,3
DA:263,3
DA:264,3
DA:266,3
DA:267,3
DA:268,3
DA:269,0
DA:273,0
DA:274,0
DA:279,3
DA:280,3
DA:281,3
DA:282,3
DA:283,2
DA:284,2
DA:285,1
DA:289,3
DA:290,1
DA:295,2
DA:296,0
DA:301,2
DA:303,2
DA:304,1
DA:305,1
DA:306,1
DA:309,2
DA:311,2
DA:312,1
DA:313,1
DA:314,1
DA:315,1
DA:316,1
DA:317,1
DA:318,1
DA:321,2
DA:323,0
DA:328,1
DA:329,2
DA:330,2
DA:331,2
DA:333,2
DA:334,2
DA:335,0
DA:338,2
DA:344,2
DA:345,1
DA:350,1
DA:352,0
DA:353,0
DA:357,1
DA:359,1
DA:360,1
DA:361,0
DA:367,1
DA:368,1
DA:369,1
DA:370,1
DA:372,0
DA:377,1
DA:378,2
DA:379,2
DA:380,2
DA:382,2
DA:383,2
DA:385,2
DA:386,2
DA:387,2
DA:388,2
DA:390,2
DA:394,1
DA:395,1
DA:401,1
DA:402,1
DA:403,1
DA:406,1
DA:411,1
DA:416,1
DA:417,0
DA:422,0
DA:426,0
DA:431,0
DA:436,0
DA:437,0
DA:439,0
DA:442,0
DA:443,0
DA:445,0
DA:450,1
DA:451,0
DA:457,1
DA:458,1
DA:459,1
DA:460,1
DA:462,0
DA:467,1
DA:468,1
DA:469,1
DA:470,1
DA:472,1
DA:473,1
DA:475,1
DA:476,1
DA:480,1
DA:481,1
DA:482,1
DA:489,0
DA:493,0
DA:497,0
DA:498,0
DA:503,0
DA:504,0
DA:509,0
DA:514,1
DA:515,1
DA:516,1
DA:517,1
DA:518,1
DA:520,1
DA:521,0
DA:524,1
DA:525,1
DA:527,1
DA:528,0
DA:533,1
DA:534,1
DA:536,1
DA:537,1
DA:539,1
DA:540,0
DA:546,1
DA:547,1
DA:548,1
DA:550,1
DA:551,1
DA:554,1
DA:555,1
DA:560,1
DA:561,0
DA:567,1
DA:568,0
DA:574,1
DA:580,1
DA:581,0
DA:587,1
DA:593,1
DA:594,0
DA:598,1
DA:604,1
DA:605,0
DA:611,1
DA:615,1
DA:622,1
DA:623,0
DA:624,0
DA:625,0
DA:627,0
DA:628,0
DA:640,0
DA:646,1
DA:647,1
DA:648,1
DA:649,1
DA:651,1
DA:652,1
DA:664,1
DA:672,1
DA:676,0
DA:681,1
DA:682,1
DA:683,1
DA:684,1
DA:686,1
DA:687,1
DA:691,1
DA:695,1
DA:699,1
DA:700,0
DA:705,1
DA:706,1
DA:707,1
DA:709,1
DA:716,1
DA:717,1
DA:718,1
DA:723,0
DA:724,0
DA:728,0
DA:733,1
DA:734,1
DA:735,1
DA:736,1
DA:738,1
DA:739,1
DA:743,1
DA:747,1
DA:751,1
DA:752,0
DA:757,1
DA:758,1
DA:763,0
LF:321
LH:244
BRDA:18,0,0,0
BRDA:18,0,1,5
BRDA:18,1,0,5
BRDA:18,1,1,5
BRDA:26,2,0,1
BRDA:26,2,1,4
BRDA:37,3,0,1
BRDA:37,3,1,3
BRDA:41,4,0,0
BRDA:41,4,1,1
BRDA:43,5,0,0
BRDA:43,5,1,3
BRDA:47,6,0,0
BRDA:47,6,1,0
BRDA:49,7,0,2
BRDA:49,7,1,1
BRDA:51,8,0,1
BRDA:51,8,1,1
BRDA:51,9,0,2
BRDA:51,9,1,2
BRDA:58,10,0,0
BRDA:58,10,1,1
BRDA:67,11,0,0
BRDA:67,11,1,2
BRDA:73,12,0,0
BRDA:73,12,1,2
BRDA:85,13,0,0
BRDA:85,13,1,2
BRDA:95,14,0,0
BRDA:95,14,1,2
BRDA:112,15,0,1
BRDA:112,15,1,1
BRDA:113,16,0,1
BRDA:113,16,1,0
BRDA:113,17,0,1
BRDA:113,17,1,1
BRDA:135,18,0,0
BRDA:135,18,1,1
BRDA:136,19,0,0
BRDA:136,19,1,0
BRDA:136,20,0,0
BRDA:136,20,1,0
BRDA:175,21,0,2
BRDA:175,21,1,2
BRDA:176,22,0,2
BRDA:176,22,1,2
BRDA:180,23,0,1
BRDA:180,23,1,1
BRDA:182,24,0,0
BRDA:182,24,1,1
BRDA:184,25,0,1
BRDA:184,25,1,0
BRDA:186,26,0,1
BRDA:186,26,1,0
BRDA:186,27,0,1
BRDA:186,27,1,1
BRDA:195,28,0,0
BRDA:195,28,1,1
BRDA:196,29,0,0
BRDA:196,29,1,0
BRDA:216,30,0,2
BRDA:216,30,1,0
BRDA:216,31,0,2
BRDA:216,31,1,2
BRDA:216,31,2,2
BRDA:216,31,3,2
BRDA:218,32,0,1
BRDA:218,32,1,1
BRDA:230,33,0,0
BRDA:230,33,1,1
BRDA:239,34,0,0
BRDA:239,34,1,1
BRDA:258,35,0,0
BRDA:258,35,1,3
BRDA:266,36,0,3
BRDA:266,36,1,0
BRDA:268,37,0,0
BRDA:268,37,1,3
BRDA:273,38,0,0
BRDA:273,38,1,0
BRDA:279,39,0,3
BRDA:279,39,1,1
BRDA:280,40,0,3
BRDA:280,40,1,0
BRDA:282,41,0,2
BRDA:282,41,1,1
BRDA:284,42,0,1
BRDA:284,42,1,1
BRDA:284,43,0,2
BRDA:284,43,1,2
BRDA:289,44,0,1
BRDA:289,44,1,2
BRDA:289,45,0,3
BRDA:289,45,1,2
BRDA:289,45,2,2
BRDA:295,46,0,0
BRDA:295,46,1,2
BRDA:303,47,0,1
BRDA:303,47,1,1
BRDA:305,48,0,1
BRDA:305,48,1,0
BRDA:305,49,0,1
BRDA:305,49,1,1
BRDA:311,50,0,1
BRDA:311,50,1,1
BRDA:311,51,0,2
BRDA:311,51,1,1
BRDA:311,51,2,1
BRDA:315,52,0,1
BRDA:315,52,1,0
BRDA:315,53,0,1
BRDA:315,53,1,1
BRDA:315,53,2,1
BRDA:334,54,0,0
BRDA:334,54,1,2
BRDA:344,55,0,1
BRDA:344,55,1,1
BRDA:350,56,0,0
BRDA:350,56,1,1
BRDA:352,57,0,0
BRDA:352,57,1,0
BRDA:357,58,0,1
BRDA:357,58,1,0
BRDA:360,59,0,0
BRDA:360,59,1,1
BRDA:360,60,0,1
BRDA:360,60,1,1
BRDA:383,61,0,0
BRDA:383,61,1,2
BRDA:386,62,0,2
BRDA:386,62,1,2
BRDA:387,63,0,2
BRDA:387,63,1,2
BRDA:390,64,0,1
BRDA:390,64,1,1
BRDA:391,65,0,2
BRDA:391,65,1,1
BRDA:391,65,2,0
BRDA:406,66,0,1
BRDA:406,66,1,0
BRDA:407,67,0,1
BRDA:407,67,1,0
BRDA:411,68,0,1
BRDA:411,68,1,0
BRDA:412,69,0,1
BRDA:412,69,1,1
BRDA:412,69,2,0
BRDA:417,70,0,0
BRDA:417,70,1,0
BRDA:418,71,0,0
BRDA:418,71,1,0
BRDA:418,71,2,0
BRDA:426,72,0,0
BRDA:426,72,1,0
BRDA:427,73,0,0
BRDA:427,73,1,0
BRDA:431,74,0,0
BRDA:431,74,1,0
BRDA:432,75,0,0
BRDA:432,75,1,0
BRDA:432,75,2,0
BRDA:437,76,0,0
BRDA:437,76,1,0
BRDA:437,77,0,0
BRDA:437,77,1,0
BRDA:450,78,0,0
BRDA:450,78,1,1
BRDA:473,79,0,0
BRDA:473,79,1,1
BRDA:480,80,0,1
BRDA:480,80,1,0
BRDA:489,81,0,0
BRDA:489,81,1,0
BRDA:489,81,2,0
BRDA:493,82,0,0
BRDA:493,82,1,0
BRDA:493,82,2,0
BRDA:497,83,0,0
BRDA:497,83,1,0
BRDA:497,84,0,0
BRDA:497,84,1,0
BRDA:520,85,0,0
BRDA:520,85,1,1
BRDA:520,86,0,1
BRDA:520,86,1,1
BRDA:527,87,0,0
BRDA:527,87,1,1
BRDA:534,88,0,0
BRDA:534,88,1,1
BRDA:539,89,0,0
BRDA:539,89,1,1
BRDA:546,90,0,1
BRDA:546,90,1,0
BRDA:547,91,0,1
BRDA:547,91,1,0
BRDA:550,92,0,1
BRDA:550,92,1,0
BRDA:554,93,0,1
BRDA:554,93,1,0
BRDA:554,94,0,1
BRDA:554,94,1,1
BRDA:560,95,0,0
BRDA:560,95,1,1
BRDA:560,96,0,1
BRDA:560,96,1,1
BRDA:560,96,2,1
BRDA:567,97,0,0
BRDA:567,97,1,1
BRDA:580,98,0,0
BRDA:580,98,1,1
BRDA:593,99,0,0
BRDA:593,99,1,1
BRDA:604,100,0,0
BRDA:604,100,1,1
BRDA:611,101,0,0
BRDA:611,101,1,1
BRDA:622,102,0,0
BRDA:622,102,1,1
BRDA:625,103,0,0
BRDA:625,103,1,0
BRDA:625,104,0,0
BRDA:625,104,1,0
BRDA:646,105,0,1
BRDA:646,105,1,0
BRDA:646,106,0,1
BRDA:646,106,1,1
BRDA:649,107,0,1
BRDA:649,107,1,0
BRDA:649,108,0,1
BRDA:649,108,1,1
BRDA:687,109,0,0
BRDA:687,109,1,1
BRDA:691,110,0,1
BRDA:691,110,1,0
BRDA:691,110,2,0
BRDA:695,111,0,1
BRDA:695,111,1,1
BRDA:695,111,2,1
BRDA:699,112,0,0
BRDA:699,112,1,1
BRDA:699,113,0,1
BRDA:699,113,1,1
BRDA:716,114,0,1
BRDA:716,114,1,0
BRDA:739,115,0,0
BRDA:739,115,1,1
BRDA:743,116,0,1
BRDA:743,116,1,0
BRDA:743,116,2,0
BRDA:747,117,0,1
BRDA:747,117,1,1
BRDA:747,117,2,1
BRDA:751,118,0,0
BRDA:751,118,1,1
BRDA:751,119,0,1
BRDA:751,119,1,1
BRF:256
BRH:149
end_of_record
TN:
SF:src\controllers\medicoController.js
FN:11,isCrmValido
FN:19,(anonymous_1)
FN:44,(anonymous_2)
FN:66,(anonymous_3)
FN:94,(anonymous_4)
FN:113,(anonymous_5)
FN:141,(anonymous_6)
FN:174,(anonymous_7)
FN:201,(anonymous_8)
FN:218,(anonymous_9)
FN:246,(anonymous_10)
FN:313,(anonymous_11)
FN:325,(anonymous_12)
FN:339,(anonymous_13)
FN:367,(anonymous_14)
FNF:15
FNH:15
FNDA:7,isCrmValido
FNDA:2,(anonymous_1)
FNDA:3,(anonymous_2)
FNDA:4,(anonymous_3)
FNDA:3,(anonymous_4)
FNDA:4,(anonymous_5)
FNDA:5,(anonymous_6)
FNDA:2,(anonymous_7)
FNDA:3,(anonymous_8)
FNDA:2,(anonymous_9)
FNDA:7,(anonymous_10)
FNDA:2,(anonymous_11)
FNDA:2,(anonymous_12)
FNDA:3,(anonymous_13)
FNDA:3,(anonymous_14)
DA:1,1
DA:2,1
DA:3,1
DA:4,1
DA:6,1
DA:7,1
DA:8,1
DA:12,7
DA:14,7
DA:15,7
DA:19,1
DA:20,2
DA:21,2
DA:22,2
DA:24,2
DA:25,2
DA:27,2
DA:28,2
DA:34,1
DA:36,1
DA:44,1
DA:45,3
DA:46,3
DA:47,1
DA:52,2
DA:53,1
DA:58,1
DA:66,1
DA:67,4
DA:68,4
DA:69,1
DA:74,3
DA:75,3
DA:77,2
DA:78,1
DA:81,1
DA:86,1
DA:94,1
DA:95,3
DA:96,3
DA:97,3
DA:99,2
DA:100,1
DA:103,1
DA:105,1
DA:113,1
DA:114,4
DA:115,4
DA:117,4
DA:119,3
DA:120,1
DA:122,2
DA:123,1
DA:128,1
DA:129,1
DA:130,1
DA:136,1
DA:141,1
DA:142,5
DA:143,5
DA:144,5
DA:145,4
DA:146,1
DA:149,3
DA:150,3
DA:151,1
DA:156,2
DA:157,2
DA:158,1
DA:163,1
DA:164,1
DA:166,1
DA:170,1
DA:174,1
DA:175,2
DA:176,2
DA:177,2
DA:179,2
DA:180,2
DA:182,2
DA:191,1
DA:193,1
DA:201,1
DA:202,3
DA:203,3
DA:205,3
DA:206,2
DA:207,1
DA:210,1
DA:211,1
DA:213,1
DA:218,1
DA:219,2
DA:220,2
DA:221,2
DA:222,2
DA:224,2
DA:226,2
DA:228,2
DA:229,2
DA:230,0
DA:231,0
DA:234,2
DA:239,1
DA:241,1
DA:246,1
DA:247,7
DA:248,7
DA:249,7
DA:251,7
DA:252,1
DA:257,6
DA:258,6
DA:268,6
DA:270,6
DA:271,5
DA:272,1
DA:276,4
DA:277,1
DA:281,3
DA:282,1
DA:287,2
DA:288,2
DA:290,2
DA:294,3
DA:295,2
DA:296,1
DA:302,2
DA:304,1
DA:306,1
DA:313,1
DA:314,2
DA:315,2
DA:316,2
DA:318,1
DA:320,1
DA:325,1
DA:326,2
DA:327,2
DA:328,2
DA:330,1
DA:332,1
DA:339,1
DA:340,3
DA:341,3
DA:342,3
DA:343,1
DA:346,2
DA:347,2
DA:348,2
DA:349,2
DA:350,2
DA:358,1
DA:360,1
DA:367,1
DA:368,3
DA:369,3
DA:370,3
DA:371,3
DA:372,3
DA:374,3
DA:380,3
DA:381,3
DA:382,3
DA:384,3
DA:385,3
DA:387,3
DA:388,1
DA:389,1
DA:392,0
DA:393,0
DA:394,0
DA:397,1
DA:401,2
DA:402,2
DA:405,2
DA:423,2
DA:424,1
DA:426,1
DA:430,1
LF:180
LH:175
BRDA:12,0,0,0
BRDA:12,0,1,7
BRDA:24,1,0,2
BRDA:24,1,1,2
BRDA:25,2,0,2
BRDA:25,2,1,2
BRDA:46,3,0,1
BRDA:46,3,1,2
BRDA:68,4,0,1
BRDA:68,4,1,3
BRDA:77,5,0,1
BRDA:77,5,1,1
BRDA:99,6,0,1
BRDA:99,6,1,1
BRDA:119,7,0,1
BRDA:119,7,1,2
BRDA:122,8,0,1
BRDA:122,8,1,1
BRDA:145,9,0,1
BRDA:145,9,1,3
BRDA:150,10,0,1
BRDA:150,10,1,2
BRDA:157,11,0,1
BRDA:157,11,1,1
BRDA:179,12,0,2
BRDA:179,12,1,2
BRDA:180,13,0,2
BRDA:180,13,1,2
BRDA:206,14,0,1
BRDA:206,14,1,1
BRDA:221,15,0,2
BRDA:221,15,1,2
BRDA:222,16,0,2
BRDA:222,16,1,2
BRDA:229,17,0,0
BRDA:229,17,1,2
BRDA:230,18,0,0
BRDA:230,18,1,0
BRDA:251,19,0,1
BRDA:251,19,1,6
BRDA:271,20,0,1
BRDA:271,20,1,4
BRDA:271,21,0,5
BRDA:271,21,1,5
BRDA:276,22,0,1
BRDA:276,22,1,3
BRDA:276,23,0,4
BRDA:276,23,1,3
BRDA:281,24,0,1
BRDA:281,24,1,2
BRDA:287,25,0,2
BRDA:287,25,1,0
BRDA:295,26,0,1
BRDA:295,26,1,1
BRDA:342,27,0,1
BRDA:342,27,1,2
BRDA:346,28,0,2
BRDA:346,28,1,2
BRDA:347,29,0,2
BRDA:347,29,1,2
BRDA:370,30,0,3
BRDA:370,31,0,3
BRDA:370,32,0,3
BRDA:380,33,0,3
BRDA:380,33,1,0
BRDA:381,34,0,3
BRDA:381,34,1,0
BRDA:382,35,0,0
BRDA:382,35,1,3
BRDA:387,36,0,1
BRDA:387,36,1,2
BRDA:392,37,0,0
BRDA:392,37,1,0
BRF:73
BRH:63
end_of_record
TN:
SF:src\controllers\pacienteController.js
FN:7,(anonymous_0)
FN:39,(anonymous_1)
FN:65,(anonymous_2)
FN:84,(anonymous_3)
FN:109,(anonymous_4)
FN:123,(anonymous_5)
FN:139,(anonymous_6)
FNF:7
FNH:4
FNDA:7,(anonymous_0)
FNDA:6,(anonymous_1)
FNDA:0,(anonymous_2)
FNDA:2,(anonymous_3)
FNDA:0,(anonymous_4)
FNDA:0,(anonymous_5)
FNDA:1,(anonymous_6)
DA:1,1
DA:2,1
DA:3,1
DA:4,1
DA:5,1
DA:7,1
DA:9,7
DA:10,1
DA:13,6
DA:16,6
DA:17,3
DA:18,3
DA:19,3
DA:20,3
DA:22,3
DA:23,2
DA:27,1
DA:28,1
DA:29,1
DA:30,1
DA:32,2
DA:35,4
DA:39,1
DA:40,6
DA:41,6
DA:43,6
DA:44,3
DA:46,3
DA:47,1
DA:48,2
DA:49,1
DA:50,1
DA:51,1
DA:55,3
DA:60,3
DA:65,1
DA:66,0
DA:67,0
DA:68,0
DA:69,0
DA:71,0
DA:72,0
DA:73,0
DA:76,0
DA:77,0
DA:79,0
DA:84,1
DA:85,2
DA:86,2
DA:87,2
DA:89,2
DA:90,1
DA:95,1
DA:97,1
DA:99,1
DA:100,0
DA:102,1
DA:104,0
DA:109,1
DA:110,0
DA:111,0
DA:112,0
DA:113,0
DA:114,0
DA:116,0
DA:118,0
DA:123,1
DA:124,0
DA:125,0
DA:127,0
DA:128,0
DA:129,0
DA:132,0
DA:134,0
DA:139,1
DA:140,1
DA:141,1
DA:142,1
DA:143,1
DA:145,0
LF:80
LH:53
BRDA:9,0,0,1
BRDA:9,0,1,6
BRDA:9,1,0,7
BRDA:9,1,1,7
BRDA:16,2,0,3
BRDA:16,2,1,3
BRDA:22,3,0,2
BRDA:22,3,1,1
BRDA:41,4,0,6
BRDA:41,4,1,0
BRDA:46,5,0,1
BRDA:46,5,1,2
BRDA:48,6,0,1
BRDA:48,6,1,1
BRDA:50,7,0,1
BRDA:50,7,1,0
BRDA:50,8,0,1
BRDA:50,8,1,1
BRDA:68,9,0,0
BRDA:68,9,1,0
BRDA:69,10,0,0
BRDA:69,10,1,0
BRDA:72,11,0,0
BRDA:72,11,1,0
BRDA:73,12,0,0
BRDA:73,12,1,0
BRDA:89,13,0,1
BRDA:89,13,1,1
BRDA:99,14,0,0
BRDA:99,14,1,1
BRDA:113,15,0,0
BRDA:113,15,1,0
BRDA:128,16,0,0
BRDA:128,16,1,0
BRF:34
BRH:19
end_of_record
TN:
SF:src\middleware\authMiddleware.js
FN:4,(anonymous_0)
FNF:1
FNH:1
FNDA:3,(anonymous_0)
DA:1,1
DA:2,1
DA:4,1
DA:5,3
DA:6,3
DA:7,1
DA:10,2
DA:11,2
DA:12,2
DA:13,1
DA:14,1
DA:16,1
LF:12
LH:12
BRDA:6,0,0,1
BRDA:6,0,1,2
BRF:2
BRH:2
end_of_record
TN:
SF:src\middleware\authorizationMiddleware.js
FN:3,(anonymous_0)
FN:11,(anonymous_1)
FN:19,(anonymous_2)
FN:27,(anonymous_3)
FN:35,(anonymous_4)
FN:47,(anonymous_5)
FN:56,(anonymous_6)
FN:65,(anonymous_7)
FN:93,(anonymous_8)
FN:115,(anonymous_9)
FNF:10
FNH:7
FNDA:2,(anonymous_0)
FNDA:1,(anonymous_1)
FNDA:0,(anonymous_2)
FNDA:1,(anonymous_3)
FNDA:3,(anonymous_4)
FNDA:0,(anonymous_5)
FNDA:3,(anonymous_6)
FNDA:4,(anonymous_7)
FNDA:3,(anonymous_8)
FNDA:0,(anonymous_9)
DA:1,1
DA:3,1
DA:4,2
DA:5,1
DA:7,1
DA:11,1
DA:12,1
DA:13,1
DA:15,0
DA:19,1
DA:20,0
DA:21,0
DA:23,0
DA:27,1
DA:28,1
DA:29,1
DA:31,0
DA:35,1
DA:36,3
DA:37,3
DA:38,3
DA:39,1
DA:41,2
DA:42,1
DA:44,1
DA:47,1
DA:48,0
DA:49,0
DA:50,0
DA:52,0
DA:56,1
DA:57,3
DA:58,3
DA:59,2
DA:61,1
DA:65,1
DA:66,4
DA:67,4
DA:68,4
DA:70,4
DA:71,4
DA:72,1
DA:74,3
DA:76,3
DA:77,1
DA:80,2
DA:81,2
DA:82,2
DA:83,1
DA:87,1
DA:89,0
DA:93,1
DA:94,3
DA:95,3
DA:96,3
DA:98,3
DA:99,1
DA:102,2
DA:103,2
DA:104,2
DA:105,1
DA:109,1
DA:111,0
DA:115,1
DA:116,0
DA:117,0
DA:118,0
DA:120,0
LF:68
LH:53
BRDA:4,0,0,1
BRDA:4,0,1,1
BRDA:4,1,0,2
BRDA:4,1,1,2
BRDA:12,2,0,1
BRDA:12,2,1,0
BRDA:12,3,0,1
BRDA:12,3,1,1
BRDA:20,4,0,0
BRDA:20,4,1,0
BRDA:20,5,0,0
BRDA:20,5,1,0
BRDA:28,6,0,1
BRDA:28,6,1,0
BRDA:28,7,0,1
BRDA:28,7,1,1
BRDA:38,8,0,1
BRDA:38,8,1,2
BRDA:41,9,0,1
BRDA:41,9,1,1
BRDA:41,10,0,2
BRDA:41,10,1,2
BRDA:49,11,0,0
BRDA:49,11,1,0
BRDA:49,12,0,0
BRDA:49,12,1,0
BRDA:58,13,0,2
BRDA:58,13,1,1
BRDA:58,14,0,3
BRDA:58,14,1,2
BRDA:71,15,0,1
BRDA:71,15,1,3
BRDA:76,16,0,1
BRDA:76,16,1,2
BRDA:76,17,0,3
BRDA:76,17,1,1
BRDA:80,18,0,2
BRDA:80,18,1,0
BRDA:82,19,0,1
BRDA:82,19,1,1
BRDA:82,20,0,2
BRDA:82,20,1,2
BRDA:98,21,0,1
BRDA:98,21,1,2
BRDA:98,22,0,3
BRDA:98,22,1,1
BRDA:102,23,0,2
BRDA:102,23,1,0
BRDA:104,24,0,1
BRDA:104,24,1,1
BRDA:104,25,0,2
BRDA:104,25,1,2
BRDA:117,26,0,0
BRDA:117,26,1,0
BRDA:117,27,0,0
BRDA:117,27,1,0
BRDA:117,27,2,0
BRF:57
BRH:40
end_of_record
TN:
SF:src\middleware\checkAuthMiddleware.js
FN:5,(anonymous_0)
FNF:1
FNH:1
FNDA:4,(anonymous_0)
DA:1,1
DA:2,1
DA:5,1
DA:6,4
DA:9,4
DA:10,2
DA:13,2
DA:14,2
DA:15,2
DA:16,1
DA:17,1
DA:21,1
LF:12
LH:12
BRDA:9,0,0,2
BRDA:9,0,1,2
BRDA:9,1,0,4
BRDA:9,1,1,3
BRF:4
BRH:4
end_of_record
TN:
SF:src\models\administradorModel.js
FN:8,(anonymous_0)
FN:35,(anonymous_1)
FN:42,(anonymous_2)
FN:69,(anonymous_3)
FN:80,(anonymous_4)
FN:98,(anonymous_5)
FNF:6
FNH:6
FNDA:1,(anonymous_0)
FNDA:5,(anonymous_1)
FNDA:5,(anonymous_2)
FNDA:3,(anonymous_3)
FNDA:1,(anonymous_4)
FNDA:1,(anonymous_5)
DA:1,2
DA:2,2
DA:3,2
DA:5,2
DA:8,2
DA:9,1
DA:12,1
DA:13,1
DA:15,1
DA:20,1
DA:21,1
DA:22,1
DA:23,1
DA:27,2
DA:33,2
DA:35,2
DA:36,5
DA:37,5
DA:38,5
DA:40,5
DA:41,4
DA:42,4
DA:43,5
DA:44,5
DA:45,5
DA:46,5
DA:47,4
DA:48,4
DA:49,4
DA:50,4
DA:51,4
DA:58,5
DA:59,5
DA:60,5
DA:61,5
DA:63,5
DA:64,5
DA:65,5
DA:66,5
DA:67,5
DA:69,5
DA:75,5
DA:80,2
DA:81,1
DA:83,1
DA:84,1
DA:86,1
DA:91,1
DA:92,1
DA:93,1
DA:94,1
DA:98,2
DA:99,1
DA:100,1
DA:103,2
LF:55
LH:55
BRDA:35,0,0,0
BRDA:35,1,0,0
BRDA:35,2,0,0
BRDA:40,3,0,4
BRDA:40,3,1,1
BRDA:44,4,0,5
BRDA:44,4,1,0
BRDA:46,5,0,4
BRDA:46,5,1,1
BRDA:49,6,0,4
BRDA:49,6,1,0
BRDA:51,7,0,2
BRDA:51,7,1,2
BRDA:58,8,0,3
BRDA:58,8,1,2
BRF:15
BRH:10
end_of_record
TN:
SF:src\models\auxiliarModel.js
FN:9,(anonymous_0)
FN:46,(anonymous_1)
FN:58,(anonymous_2)
FN:93,(anonymous_3)
FN:110,(anonymous_4)
FN:131,(anonymous_5)
FN:144,(anonymous_6)
FN:150,(anonymous_7)
FNF:8
FNH:5
FNDA:1,(anonymous_0)
FNDA:2,(anonymous_1)
FNDA:1,(anonymous_2)
FNDA:0,(anonymous_3)
FNDA:2,(anonymous_4)
FNDA:0,(anonymous_5)
FNDA:0,(anonymous_6)
FNDA:1,(anonymous_7)
DA:1,5
DA:2,5
DA:3,5
DA:4,5
DA:6,5
DA:9,5
DA:10,1
DA:12,1
DA:13,1
DA:15,1
DA:20,1
DA:21,1
DA:22,1
DA:23,1
DA:24,1
DA:28,5
DA:36,5
DA:41,5
DA:46,5
DA:47,2
DA:48,2
DA:49,2
DA:50,2
DA:51,2
DA:53,2
DA:54,2
DA:56,2
DA:57,1
DA:58,1
DA:59,1
DA:60,1
DA:61,1
DA:62,1
DA:63,1
DA:64,1
DA:65,1
DA:66,1
DA:67,1
DA:74,2
DA:75,2
DA:76,2
DA:77,2
DA:79,2
DA:80,2
DA:82,2
DA:91,2
DA:93,2
DA:100,2
DA:102,2
DA:110,5
DA:111,2
DA:112,2
DA:114,2
DA:115,1
DA:118,1
DA:120,1
DA:121,0
DA:124,1
DA:125,1
DA:127,1
DA:131,5
DA:132,0
DA:133,0
DA:137,0
DA:138,0
DA:139,0
DA:140,0
DA:144,5
DA:145,0
DA:146,0
DA:150,5
DA:152,1
DA:153,1
DA:156,5
LF:74
LH:65
BRDA:46,0,0,0
BRDA:46,1,0,0
BRDA:46,2,0,0
BRDA:46,3,0,1
BRDA:50,4,0,2
BRDA:50,4,1,1
BRDA:51,5,0,2
BRDA:51,5,1,1
BRDA:53,6,0,2
BRDA:53,6,1,0
BRDA:54,7,0,1
BRDA:54,7,1,1
BRDA:56,8,0,1
BRDA:56,8,1,1
BRDA:60,9,0,1
BRDA:60,9,1,0
BRDA:62,10,0,1
BRDA:62,10,1,0
BRDA:65,11,0,1
BRDA:65,11,1,0
BRDA:67,12,0,0
BRDA:67,12,1,1
BRDA:74,13,0,1
BRDA:74,13,1,1
BRDA:114,14,0,1
BRDA:114,14,1,1
BRDA:120,15,0,0
BRDA:120,15,1,1
BRF:28
BRH:19
end_of_record
TN:
SF:src\models\consultaModel.js
FN:7,formatarConsulta
FN:21,(anonymous_1)
FN:56,(anonymous_2)
FN:63,(anonymous_3)
FN:108,(anonymous_4)
FN:119,(anonymous_5)
FN:177,(anonymous_6)
FN:209,(anonymous_7)
FN:249,(anonymous_8)
FN:258,(anonymous_9)
FN:274,(anonymous_10)
FN:290,(anonymous_11)
FN:309,(anonymous_12)
FN:326,(anonymous_13)
FN:344,(anonymous_14)
FN:353,(anonymous_15)
FN:369,(anonymous_16)
FNF:17
FNH:15
FNDA:2,formatarConsulta
FNDA:1,(anonymous_1)
FNDA:2,(anonymous_2)
FNDA:1,(anonymous_3)
FNDA:0,(anonymous_4)
FNDA:2,(anonymous_5)
FNDA:3,(anonymous_6)
FNDA:2,(anonymous_7)
FNDA:1,(anonymous_8)
FNDA:0,(anonymous_9)
FNDA:1,(anonymous_10)
FNDA:1,(anonymous_11)
FNDA:1,(anonymous_12)
FNDA:1,(anonymous_13)
FNDA:1,(anonymous_14)
FNDA:1,(anonymous_15)
FNDA:1,(anonymous_16)
DA:1,2
DA:2,2
DA:4,2
DA:5,2
DA:8,2
DA:10,2
DA:11,2
DA:12,2
DA:13,2
DA:15,2
DA:17,2
DA:21,2
DA:23,1
DA:24,1
DA:28,1
DA:29,1
DA:30,1
DA:31,1
DA:35,2
DA:47,2
DA:49,2
DA:56,2
DA:57,2
DA:58,2
DA:59,2
DA:61,2
DA:62,1
DA:63,1
DA:64,1
DA:65,1
DA:66,1
DA:67,1
DA:68,1
DA:69,1
DA:70,1
DA:71,1
DA:72,1
DA:79,2
DA:81,2
DA:82,2
DA:83,2
DA:84,2
DA:86,2
DA:92,2
DA:93,2
DA:94,2
DA:96,2
DA:97,2
DA:98,2
DA:105,2
DA:106,2
DA:108,2
DA:115,2
DA:119,2
DA:120,2
DA:121,2
DA:122,2
DA:125,2
DA:126,2
DA:128,2
DA:133,2
DA:134,2
DA:135,2
DA:139,2
DA:140,1
DA:143,1
DA:144,1
DA:146,1
DA:148,1
DA:151,1
DA:152,1
DA:153,1
DA:154,1
DA:157,1
DA:177,2
DA:178,3
DA:183,3
DA:197,3
DA:199,3
DA:200,1
DA:201,1
DA:204,3
DA:205,3
DA:209,2
DA:216,2
DA:222,2
DA:236,2
DA:239,2
DA:240,0
DA:241,0
DA:244,2
DA:245,2
DA:249,2
DA:250,1
DA:251,1
DA:252,1
DA:253,1
DA:254,1
DA:258,2
DA:259,0
DA:264,0
DA:265,0
DA:266,0
DA:267,0
DA:270,0
DA:274,2
DA:275,1
DA:276,1
DA:280,1
DA:281,1
DA:283,1
DA:284,1
DA:285,1
DA:286,1
DA:290,2
DA:291,1
DA:302,1
DA:303,1
DA:304,1
DA:305,1
DA:309,2
DA:310,1
DA:319,1
DA:320,1
DA:321,1
DA:322,1
DA:326,2
DA:327,1
DA:336,1
DA:337,1
DA:338,1
DA:339,1
DA:340,1
DA:344,2
DA:345,1
DA:349,1
DA:353,2
DA:354,1
DA:365,1
DA:369,2
DA:370,1
DA:379,1
DA:382,2
LF:143
LH:135
BRDA:8,0,0,0
BRDA:8,0,1,2
BRDA:56,1,0,0
BRDA:56,2,0,0
BRDA:56,3,0,1
BRDA:56,4,0,1
BRDA:61,5,0,1
BRDA:61,5,1,1
BRDA:65,6,0,1
BRDA:65,6,1,0
BRDA:67,7,0,1
BRDA:67,7,1,0
BRDA:70,8,0,1
BRDA:70,8,1,0
BRDA:72,9,0,0
BRDA:72,9,1,1
BRDA:79,10,0,1
BRDA:79,10,1,1
BRDA:81,11,0,2
BRDA:81,11,1,1
BRDA:82,12,0,2
BRDA:82,12,1,1
BRDA:83,13,0,2
BRDA:83,13,1,0
BRDA:84,14,0,1
BRDA:84,14,1,1
BRDA:126,15,0,2
BRDA:126,15,1,0
BRDA:126,16,0,2
BRDA:126,16,1,2
BRDA:133,17,0,0
BRDA:133,17,1,2
BRDA:139,18,0,1
BRDA:139,18,1,1
BRDA:151,19,0,1
BRDA:151,19,1,0
BRDA:177,20,0,2
BRDA:199,21,0,1
BRDA:199,21,1,2
BRDA:214,22,0,2
BRDA:239,23,0,0
BRDA:239,23,1,2
BRDA:264,24,0,0
BRDA:264,24,1,0
BRDA:280,25,0,1
BRDA:280,25,1,0
BRF:46
BRH:31
end_of_record
TN:
SF:src\models\horarioTrabalhoModel.js
FN:5,(anonymous_0)
FN:15,(anonymous_1)
FN:33,(anonymous_2)
FNF:3
FNH:3
FNDA:2,(anonymous_0)
FNDA:3,(anonymous_1)
FNDA:1,(anonymous_2)
DA:1,2
DA:3,2
DA:5,2
DA:7,2
DA:8,2
DA:9,2
DA:12,2
DA:15,2
DA:16,3
DA:17,3
DA:22,2
DA:24,1
DA:26,1
DA:27,1
DA:29,2
DA:33,2
DA:34,1
DA:38,1
DA:41,2
LF:19
LH:19
BRF:0
BRH:0
end_of_record
TN:
SF:src\models\medicoModel.js
FN:8,(anonymous_0)
FN:77,(anonymous_1)
FN:85,(anonymous_2)
FN:92,(anonymous_3)
FN:170,(anonymous_4)
FN:185,(anonymous_5)
FN:242,(anonymous_6)
FN:248,(anonymous_7)
FN:260,(anonymous_8)
FN:272,(anonymous_9)
FN:292,(anonymous_10)
FN:307,(anonymous_11)
FN:369,(anonymous_12)
FN:381,(anonymous_13)
FN:391,(anonymous_14)
FN:410,(anonymous_15)
FN:416,(anonymous_16)
FNF:17
FNH:14
FNDA:1,(anonymous_0)
FNDA:6,(anonymous_1)
FNDA:4,(anonymous_2)
FNDA:5,(anonymous_3)
FNDA:0,(anonymous_4)
FNDA:2,(anonymous_5)
FNDA:0,(anonymous_6)
FNDA:1,(anonymous_7)
FNDA:1,(anonymous_8)
FNDA:2,(anonymous_9)
FNDA:2,(anonymous_10)
FNDA:1,(anonymous_11)
FNDA:0,(anonymous_12)
FNDA:1,(anonymous_13)
FNDA:2,(anonymous_14)
FNDA:1,(anonymous_15)
FNDA:1,(anonymous_16)
DA:1,5
DA:2,5
DA:3,5
DA:5,5
DA:8,5
DA:9,1
DA:11,1
DA:13,1
DA:14,1
DA:16,1
DA:21,1
DA:23,1
DA:24,1
DA:25,1
DA:29,5
DA:43,5
DA:50,5
DA:56,5
DA:66,5
DA:77,5
DA:78,6
DA:79,6
DA:80,6
DA:82,6
DA:83,4
DA:85,4
DA:86,4
DA:87,4
DA:88,4
DA:90,4
DA:92,4
DA:93,5
DA:95,5
DA:96,5
DA:98,5
DA:99,4
DA:100,4
DA:102,4
DA:106,4
DA:107,1
DA:108,1
DA:109,3
DA:110,1
DA:112,2
DA:113,2
DA:116,4
DA:117,4
DA:118,3
DA:121,0
DA:124,1
DA:127,0
DA:131,4
DA:132,3
DA:133,3
DA:138,6
DA:140,6
DA:141,6
DA:142,6
DA:144,6
DA:145,6
DA:146,6
DA:147,6
DA:149,6
DA:150,6
DA:151,1
DA:153,5
DA:157,6
DA:158,6
DA:160,6
DA:168,6
DA:170,6
DA:175,6
DA:177,6
DA:185,5
DA:186,2
DA:188,2
DA:189,2
DA:190,2
DA:192,2
DA:194,1
DA:200,1
DA:205,1
DA:206,1
DA:207,1
DA:212,2
DA:213,1
DA:214,1
DA:215,1
DA:216,1
DA:220,2
DA:221,0
DA:225,2
DA:226,2
DA:228,2
DA:230,2
DA:232,2
DA:233,2
DA:234,2
DA:235,2
DA:238,2
DA:242,5
DA:243,0
DA:244,0
DA:248,5
DA:249,1
DA:253,1
DA:254,1
DA:255,1
DA:256,1
DA:260,5
DA:261,1
DA:265,1
DA:266,1
DA:267,1
DA:268,1
DA:272,5
DA:273,2
DA:274,2
DA:278,2
DA:279,1
DA:283,1
DA:284,1
DA:285,1
DA:286,1
DA:288,1
DA:292,5
DA:300,2
DA:302,2
DA:303,2
DA:305,2
DA:306,1
DA:307,1
DA:308,1
DA:309,1
DA:310,1
DA:313,1
DA:314,1
DA:315,1
DA:317,1
DA:318,1
DA:319,1
DA:322,1
DA:324,1
DA:325,0
DA:328,1
DA:330,1
DA:335,1
DA:336,1
DA:338,2
DA:341,2
DA:347,2
DA:348,2
DA:350,2
DA:351,2
DA:352,2
DA:355,2
DA:367,2
DA:369,2
DA:370,0
DA:371,0
DA:373,0
DA:376,2
DA:377,2
DA:381,5
DA:382,1
DA:387,1
DA:391,5
DA:392,2
DA:393,2
DA:395,2
DA:397,2
DA:406,2
DA:410,5
DA:411,1
DA:412,1
DA:416,5
DA:417,1
DA:421,1
DA:424,5
LF:179
LH:170
BRDA:11,0,0,0
BRDA:11,0,1,1
BRDA:77,1,0,0
BRDA:77,2,0,0
BRDA:77,3,0,0
BRDA:77,4,0,4
BRDA:82,5,0,4
BRDA:82,5,1,2
BRDA:95,6,0,5
BRDA:95,6,1,0
BRDA:98,7,0,4
BRDA:98,7,1,1
BRDA:102,8,0,4
BRDA:102,8,1,0
BRDA:106,9,0,1
BRDA:106,9,1,3
BRDA:106,10,0,4
BRDA:106,10,1,1
BRDA:109,11,0,1
BRDA:109,11,1,2
BRDA:113,12,0,0
BRDA:113,12,1,2
BRDA:117,13,0,3
BRDA:117,13,1,1
BRDA:131,14,0,3
BRDA:131,14,1,1
BRDA:131,15,0,4
BRDA:131,15,1,3
BRDA:138,16,0,3
BRDA:138,16,1,3
BRDA:144,17,0,6
BRDA:144,17,1,5
BRDA:145,18,0,6
BRDA:145,18,1,5
BRDA:146,19,0,6
BRDA:146,19,1,0
BRDA:147,20,0,5
BRDA:147,20,1,1
BRDA:150,21,0,1
BRDA:150,21,1,5
BRDA:194,22,0,1
BRDA:194,22,1,0
BRDA:195,23,0,1
BRDA:195,23,1,1
BRDA:195,23,2,1
BRDA:195,23,3,1
BRDA:205,24,0,0
BRDA:205,24,1,1
BRDA:212,25,0,1
BRDA:212,25,1,1
BRDA:220,26,0,0
BRDA:220,26,1,2
BRDA:232,27,0,2
BRDA:232,27,1,0
BRDA:278,28,0,1
BRDA:278,28,1,1
BRDA:294,29,0,1
BRDA:295,30,0,1
BRDA:298,31,0,1
BRDA:305,32,0,1
BRDA:305,32,1,1
BRDA:309,33,0,1
BRDA:309,33,1,0
BRDA:313,34,0,1
BRDA:313,34,1,0
BRDA:317,35,0,1
BRDA:317,35,1,0
BRDA:322,36,0,1
BRDA:322,36,1,0
BRDA:324,37,0,0
BRDA:324,37,1,1
BRDA:350,38,0,2
BRDA:350,38,1,2
BRDA:351,39,0,2
BRDA:351,39,1,2
BRDA:352,40,0,2
BRDA:352,40,1,0
BRDA:370,41,0,0
BRDA:370,41,1,0
BRF:79
BRH:59
end_of_record
TN:
SF:src\models\pacienteModel.js
FN:9,(anonymous_0)
FN:71,(anonymous_1)
FN:78,(anonymous_2)
FN:117,(anonymous_3)
FN:134,(anonymous_4)
FN:147,(anonymous_5)
FN:203,(anonymous_6)
FN:209,(anonymous_7)
FNF:8
FNH:6
FNDA:1,(anonymous_0)
FNDA:2,(anonymous_1)
FNDA:2,(anonymous_2)
FNDA:0,(anonymous_3)
FNDA:1,(anonymous_4)
FNDA:2,(anonymous_5)
FNDA:0,(anonymous_6)
FNDA:1,(anonymous_7)
DA:1,3
DA:2,3
DA:3,3
DA:4,3
DA:6,3
DA:9,3
DA:23,1
DA:25,1
DA:26,1
DA:28,1
DA:46,1
DA:47,1
DA:48,1
DA:49,1
DA:50,1
DA:54,3
DA:66,3
DA:71,3
DA:72,2
DA:73,2
DA:74,2
DA:76,2
DA:77,2
DA:78,2
DA:79,2
DA:80,2
DA:81,2
DA:82,2
DA:83,2
DA:84,2
DA:85,2
DA:86,2
DA:87,2
DA:94,2
DA:95,2
DA:96,2
DA:97,2
DA:99,2
DA:100,2
DA:101,2
DA:103,2
DA:105,2
DA:115,2
DA:117,2
DA:124,2
DA:126,2
DA:134,3
DA:135,1
DA:137,1
DA:138,1
DA:140,1
DA:141,1
DA:142,1
DA:143,1
DA:147,3
DA:148,2
DA:149,2
DA:150,2
DA:151,2
DA:154,2
DA:155,1
DA:163,1
DA:166,1
DA:167,1
DA:172,2
DA:173,0
DA:174,0
DA:175,0
DA:176,0
DA:180,2
DA:181,1
DA:185,1
DA:186,1
DA:188,1
DA:190,1
DA:192,1
DA:193,1
DA:196,1
DA:197,1
DA:198,1
DA:199,1
DA:203,3
DA:204,0
DA:205,0
DA:209,3
DA:210,1
DA:217,1
DA:220,3
LF:88
LH:82
BRDA:71,0,0,0
BRDA:71,1,0,0
BRDA:71,2,0,0
BRDA:76,3,0,2
BRDA:76,3,1,0
BRDA:80,4,0,2
BRDA:80,4,1,0
BRDA:82,5,0,2
BRDA:82,5,1,0
BRDA:85,6,0,2
BRDA:85,6,1,0
BRDA:87,7,0,0
BRDA:87,7,1,2
BRDA:94,8,0,2
BRDA:94,8,1,0
BRDA:137,9,0,1
BRDA:137,9,1,0
BRDA:155,10,0,1
BRDA:155,10,1,0
BRDA:156,11,0,1
BRDA:156,11,1,1
BRDA:156,11,2,1
BRDA:156,11,3,1
BRDA:163,12,0,1
BRDA:163,12,1,0
BRDA:163,13,0,1
BRDA:163,13,1,0
BRDA:163,13,2,0
BRDA:172,14,0,0
BRDA:172,14,1,2
BRDA:180,15,0,1
BRDA:180,15,1,1
BRDA:192,16,0,1
BRDA:192,16,1,0
BRF:34
BRH:18
end_of_record
TN:
SF:src\services\notificationService.js
FN:13,enviarEmail
FNF:1
FNH:1
FNDA:2,enviarEmail
DA:1,3
DA:3,3
DA:14,2
DA:15,2
DA:21,1
DA:23,1
DA:27,3
LF:7
LH:7
BRDA:4,0,0,3
BRDA:4,0,1,2
BRF:2
BRH:2
end_of_record
TN:
SF:src\utils\agendaHelper.js
FN:6,(anonymous_0)
FN:12,(anonymous_1)
FN:21,(anonymous_2)
FN:27,(anonymous_3)
FN:28,(anonymous_4)
FNF:5
FNH:5
FNDA:7,(anonymous_0)
FNDA:24,(anonymous_1)
FNDA:12,(anonymous_2)
FNDA:12,(anonymous_3)
FNDA:5,(anonymous_4)
DA:6,2
DA:7,7
DA:8,1
DA:12,6
DA:13,24
DA:15,22
DA:16,22
DA:17,22
DA:20,6
DA:21,12
DA:27,12
DA:28,5
DA:30,6
DA:33,5
DA:34,5
DA:35,5
DA:41,5
DA:42,2
DA:46,3
DA:49,2
LF:20
LH:20
BRDA:7,0,0,1
BRDA:7,0,1,6
BRDA:7,1,0,7
BRDA:7,1,1,7
BRDA:13,2,0,2
BRDA:13,2,1,22
BRDA:13,3,0,24
BRDA:13,3,1,22
BRDA:16,4,0,0
BRDA:16,4,1,22
BRDA:16,5,0,22
BRDA:16,5,1,22
BRDA:27,6,0,12
BRDA:27,6,1,11
BRDA:27,6,2,11
BRDA:30,7,0,1
BRDA:30,7,1,5
BRDA:41,8,0,2
BRDA:41,8,1,3
BRF:19
BRH:18
end_of_record
TN:
SF:src\utils\dateUtils.js
FN:3,getDiasUteis
FN:18,formatarData
FN:25,formatarApenasData
FN:32,formatarDataParaEmail
FNF:4
FNH:4
FNDA:3,getDiasUteis
FNDA:21,formatarData
FNDA:14,formatarApenasData
FNDA:5,formatarDataParaEmail
DA:1,19
DA:4,3
DA:5,3
DA:6,3
DA:8,3
DA:9,11
DA:10,11
DA:11,9
DA:13,11
DA:15,3
DA:19,21
DA:20,3
DA:22,3
DA:26,14
DA:29,3
DA:33,5
DA:35,3
DA:36,3
DA:38,2
DA:40,2
DA:43,19
LF:21
LH:21
BRDA:10,0,0,9
BRDA:10,0,1,2
BRDA:10,1,0,11
BRDA:10,1,1,10
BRDA:19,2,0,18
BRDA:19,2,1,3
BRDA:26,3,0,11
BRDA:26,3,1,3
BRDA:33,4,0,2
BRDA:33,4,1,3
BRDA:33,5,0,5
BRDA:33,5,1,4
BRDA:36,6,0,1
BRDA:36,6,1,2
BRF:14
BRH:14
end_of_record
TN:
SF:src\utils\queryUtils.js
FN:1,parseFilter
FNF:1
FNH:1
FNDA:7,parseFilter
DA:2,7
DA:3,7
DA:4,7
DA:5,7
DA:7,7
DA:15,7
DA:17,7
DA:18,8
DA:19,8
DA:20,6
DA:21,6
DA:22,6
DA:24,6
DA:25,5
DA:26,5
DA:30,5
DA:32,5
DA:33,1
DA:34,1
DA:36,4
DA:37,4
DA:39,5
DA:41,2
DA:46,4
DA:48,2
LF:25
LH:25
BRDA:1,0,0,6
BRDA:2,1,0,1
BRDA:2,1,1,6
BRDA:19,2,0,6
BRDA:19,2,1,2
BRDA:19,3,0,8
BRDA:19,3,1,6
BRDA:24,4,0,1
BRDA:24,4,1,5
BRDA:26,5,0,0
BRDA:26,5,1,5
BRDA:30,6,0,1
BRDA:30,6,1,4
BRDA:30,7,0,1
BRDA:30,7,1,3
BRDA:32,8,0,1
BRDA:32,8,1,4
BRF:17
BRH:16
end_of_record
